
*** Running vivado
    with args -log design_1_clock_gen_0_0.vds -m64 -product Vivado -mode batch -messageDb vivado.pb -notrace -source design_1_clock_gen_0_0.tcl


****** Vivado v2017.4 (64-bit)
  **** SW Build 2086221 on Fri Dec 15 20:55:39 MST 2017
  **** IP Build 2085800 on Fri Dec 15 22:25:07 MST 2017
    ** Copyright 1986-2017 Xilinx, Inc. All Rights Reserved.

source design_1_clock_gen_0_0.tcl -notrace
Command: synth_design -top design_1_clock_gen_0_0 -part xc7a200tsbg484-1 -mode out_of_context
Starting synth_design
Attempting to get a license for feature 'Synthesis' and/or device 'xc7a200t'
INFO: [Common 17-349] Got license for feature 'Synthesis' and/or device 'xc7a200t'
INFO: Launching helper process for spawning children vivado processes
INFO: Helper process launched with PID 11396 
---------------------------------------------------------------------------------
Starting RTL Elaboration : Time (s): cpu = 00:00:07 ; elapsed = 00:00:08 . Memory (MB): peak = 432.141 ; gain = 101.582
---------------------------------------------------------------------------------
INFO: [Synth 8-638] synthesizing module 'design_1_clock_gen_0_0' [d:/AlienWare/Course/ECE532/MileStone2/MicroBlazeServer_UDP/MicroBlazeServer.srcs/sources_1/bd/design_1/ip/design_1_clock_gen_0_0/synth/design_1_clock_gen_0_0.v:57]
INFO: [Synth 8-638] synthesizing module 'clock_gen_v1_0' [d:/AlienWare/Course/ECE532/MileStone2/MicroBlazeServer_UDP/MicroBlazeServer.srcs/sources_1/bd/design_1/ipshared/1790/hdl/clock_gen_v1_0.v:4]
	Parameter C_S00_AXI_DATA_WIDTH bound to: 32 - type: integer 
	Parameter C_S00_AXI_ADDR_WIDTH bound to: 4 - type: integer 
INFO: [Synth 8-638] synthesizing module 'clock_gen_v1_0_S00_AXI' [d:/AlienWare/Course/ECE532/MileStone2/MicroBlazeServer_UDP/MicroBlazeServer.srcs/sources_1/bd/design_1/ipshared/1790/hdl/clock_gen_v1_0_S00_AXI.v:4]
	Parameter C_S_AXI_DATA_WIDTH bound to: 32 - type: integer 
	Parameter C_S_AXI_ADDR_WIDTH bound to: 4 - type: integer 
	Parameter ADDR_LSB bound to: 2 - type: integer 
	Parameter OPT_MEM_ADDR_BITS bound to: 1 - type: integer 
INFO: [Synth 8-226] default block is never used [d:/AlienWare/Course/ECE532/MileStone2/MicroBlazeServer_UDP/MicroBlazeServer.srcs/sources_1/bd/design_1/ipshared/1790/hdl/clock_gen_v1_0_S00_AXI.v:253]
INFO: [Synth 8-226] default block is never used [d:/AlienWare/Course/ECE532/MileStone2/MicroBlazeServer_UDP/MicroBlazeServer.srcs/sources_1/bd/design_1/ipshared/1790/hdl/clock_gen_v1_0_S00_AXI.v:394]
WARNING: [Synth 8-6014] Unused sequential element buf1_reg was removed.  [d:/AlienWare/Course/ECE532/MileStone2/MicroBlazeServer_UDP/MicroBlazeServer.srcs/sources_1/bd/design_1/ipshared/1790/hdl/clock_gen_v1_0_S00_AXI.v:622]
WARNING: [Synth 8-6014] Unused sequential element buf2_reg was removed.  [d:/AlienWare/Course/ECE532/MileStone2/MicroBlazeServer_UDP/MicroBlazeServer.srcs/sources_1/bd/design_1/ipshared/1790/hdl/clock_gen_v1_0_S00_AXI.v:638]
WARNING: [Synth 8-6014] Unused sequential element buf3_reg was removed.  [d:/AlienWare/Course/ECE532/MileStone2/MicroBlazeServer_UDP/MicroBlazeServer.srcs/sources_1/bd/design_1/ipshared/1790/hdl/clock_gen_v1_0_S00_AXI.v:654]
WARNING: [Synth 8-6014] Unused sequential element buf4_reg was removed.  [d:/AlienWare/Course/ECE532/MileStone2/MicroBlazeServer_UDP/MicroBlazeServer.srcs/sources_1/bd/design_1/ipshared/1790/hdl/clock_gen_v1_0_S00_AXI.v:669]
WARNING: [Synth 8-6014] Unused sequential element buf5_reg was removed.  [d:/AlienWare/Course/ECE532/MileStone2/MicroBlazeServer_UDP/MicroBlazeServer.srcs/sources_1/bd/design_1/ipshared/1790/hdl/clock_gen_v1_0_S00_AXI.v:685]
WARNING: [Synth 8-6014] Unused sequential element buf6_reg was removed.  [d:/AlienWare/Course/ECE532/MileStone2/MicroBlazeServer_UDP/MicroBlazeServer.srcs/sources_1/bd/design_1/ipshared/1790/hdl/clock_gen_v1_0_S00_AXI.v:700]
WARNING: [Synth 8-6014] Unused sequential element buf7_reg was removed.  [d:/AlienWare/Course/ECE532/MileStone2/MicroBlazeServer_UDP/MicroBlazeServer.srcs/sources_1/bd/design_1/ipshared/1790/hdl/clock_gen_v1_0_S00_AXI.v:716]
WARNING: [Synth 8-6014] Unused sequential element buf8_reg was removed.  [d:/AlienWare/Course/ECE532/MileStone2/MicroBlazeServer_UDP/MicroBlazeServer.srcs/sources_1/bd/design_1/ipshared/1790/hdl/clock_gen_v1_0_S00_AXI.v:732]
WARNING: [Synth 8-6014] Unused sequential element buf9_reg was removed.  [d:/AlienWare/Course/ECE532/MileStone2/MicroBlazeServer_UDP/MicroBlazeServer.srcs/sources_1/bd/design_1/ipshared/1790/hdl/clock_gen_v1_0_S00_AXI.v:748]
WARNING: [Synth 8-6014] Unused sequential element buf10_reg was removed.  [d:/AlienWare/Course/ECE532/MileStone2/MicroBlazeServer_UDP/MicroBlazeServer.srcs/sources_1/bd/design_1/ipshared/1790/hdl/clock_gen_v1_0_S00_AXI.v:764]
WARNING: [Synth 8-3848] Net in_sample in module/entity clock_gen_v1_0_S00_AXI does not have driver. [d:/AlienWare/Course/ECE532/MileStone2/MicroBlazeServer_UDP/MicroBlazeServer.srcs/sources_1/bd/design_1/ipshared/1790/hdl/clock_gen_v1_0_S00_AXI.v:38]
WARNING: [Synth 8-3848] Net sample_tr in module/entity clock_gen_v1_0_S00_AXI does not have driver. [d:/AlienWare/Course/ECE532/MileStone2/MicroBlazeServer_UDP/MicroBlazeServer.srcs/sources_1/bd/design_1/ipshared/1790/hdl/clock_gen_v1_0_S00_AXI.v:39]
INFO: [Synth 8-256] done synthesizing module 'clock_gen_v1_0_S00_AXI' (1#1) [d:/AlienWare/Course/ECE532/MileStone2/MicroBlazeServer_UDP/MicroBlazeServer.srcs/sources_1/bd/design_1/ipshared/1790/hdl/clock_gen_v1_0_S00_AXI.v:4]
INFO: [Synth 8-256] done synthesizing module 'clock_gen_v1_0' (2#1) [d:/AlienWare/Course/ECE532/MileStone2/MicroBlazeServer_UDP/MicroBlazeServer.srcs/sources_1/bd/design_1/ipshared/1790/hdl/clock_gen_v1_0.v:4]
INFO: [Synth 8-256] done synthesizing module 'design_1_clock_gen_0_0' (3#1) [d:/AlienWare/Course/ECE532/MileStone2/MicroBlazeServer_UDP/MicroBlazeServer.srcs/sources_1/bd/design_1/ip/design_1_clock_gen_0_0/synth/design_1_clock_gen_0_0.v:57]
WARNING: [Synth 8-3331] design clock_gen_v1_0_S00_AXI has unconnected port in_sample
WARNING: [Synth 8-3331] design clock_gen_v1_0_S00_AXI has unconnected port sample_tr
WARNING: [Synth 8-3331] design clock_gen_v1_0_S00_AXI has unconnected port clk_in_sys
WARNING: [Synth 8-3331] design clock_gen_v1_0_S00_AXI has unconnected port S_AXI_AWPROT[2]
WARNING: [Synth 8-3331] design clock_gen_v1_0_S00_AXI has unconnected port S_AXI_AWPROT[1]
WARNING: [Synth 8-3331] design clock_gen_v1_0_S00_AXI has unconnected port S_AXI_AWPROT[0]
WARNING: [Synth 8-3331] design clock_gen_v1_0_S00_AXI has unconnected port S_AXI_ARPROT[2]
WARNING: [Synth 8-3331] design clock_gen_v1_0_S00_AXI has unconnected port S_AXI_ARPROT[1]
WARNING: [Synth 8-3331] design clock_gen_v1_0_S00_AXI has unconnected port S_AXI_ARPROT[0]
---------------------------------------------------------------------------------
Finished RTL Elaboration : Time (s): cpu = 00:00:08 ; elapsed = 00:00:09 . Memory (MB): peak = 484.969 ; gain = 154.410
---------------------------------------------------------------------------------

Report Check Netlist: 
+------+------------------+-------+---------+-------+------------------+
|      |Item              |Errors |Warnings |Status |Description       |
+------+------------------+-------+---------+-------+------------------+
|1     |multi_driven_nets |      0|        0|Passed |Multi driven nets |
+------+------------------+-------+---------+-------+------------------+
---------------------------------------------------------------------------------
Finished RTL Optimization Phase 1 : Time (s): cpu = 00:00:08 ; elapsed = 00:00:09 . Memory (MB): peak = 484.969 ; gain = 154.410
---------------------------------------------------------------------------------
INFO: [Device 21-403] Loading part xc7a200tsbg484-1
INFO: [Project 1-570] Preparing netlist for logic optimization

Processing XDC Constraints
Initializing timing engine
Completed Processing XDC Constraints

INFO: [Project 1-111] Unisim Transformation Summary:
No Unisim elements were transformed.

Constraint Validation Runtime : Time (s): cpu = 00:00:00 ; elapsed = 00:00:00.028 . Memory (MB): peak = 859.238 ; gain = 0.000
---------------------------------------------------------------------------------
Finished Constraint Validation : Time (s): cpu = 00:00:23 ; elapsed = 00:00:25 . Memory (MB): peak = 859.238 ; gain = 528.680
---------------------------------------------------------------------------------
---------------------------------------------------------------------------------
Start Loading Part and Timing Information
---------------------------------------------------------------------------------
Loading part: xc7a200tsbg484-1
---------------------------------------------------------------------------------
Finished Loading Part and Timing Information : Time (s): cpu = 00:00:23 ; elapsed = 00:00:25 . Memory (MB): peak = 859.238 ; gain = 528.680
---------------------------------------------------------------------------------
---------------------------------------------------------------------------------
Start Applying 'set_property' XDC Constraints
---------------------------------------------------------------------------------
---------------------------------------------------------------------------------
Finished applying 'set_property' XDC Constraints : Time (s): cpu = 00:00:23 ; elapsed = 00:00:25 . Memory (MB): peak = 859.238 ; gain = 528.680
---------------------------------------------------------------------------------
WARNING: [Synth 8-6014] Unused sequential element counter_1_ns_reg was removed.  [d:/AlienWare/Course/ECE532/MileStone2/MicroBlazeServer_UDP/MicroBlazeServer.srcs/sources_1/bd/design_1/ipshared/1790/hdl/clock_gen_v1_0_S00_AXI.v:596]
---------------------------------------------------------------------------------
Finished RTL Optimization Phase 2 : Time (s): cpu = 00:00:24 ; elapsed = 00:00:25 . Memory (MB): peak = 859.238 ; gain = 528.680
---------------------------------------------------------------------------------

Report RTL Partitions: 
+-+--------------+------------+----------+
| |RTL Partition |Replication |Instances |
+-+--------------+------------+----------+
+-+--------------+------------+----------+
---------------------------------------------------------------------------------
Start RTL Component Statistics 
---------------------------------------------------------------------------------
Detailed RTL Component Info : 
+---Adders : 
	   2 Input     32 Bit       Adders := 2     
	   3 Input     32 Bit       Adders := 9     
	   2 Input     12 Bit       Adders := 1     
+---Registers : 
	               32 Bit    Registers := 6     
	                4 Bit    Registers := 2     
	                2 Bit    Registers := 2     
	                1 Bit    Registers := 16    
+---Multipliers : 
	                 8x32  Multipliers := 2     
	                 4x32  Multipliers := 3     
	                 3x32  Multipliers := 1     
	                 5x32  Multipliers := 2     
	                 6x32  Multipliers := 2     
	                 7x32  Multipliers := 2     
+---Muxes : 
	   2 Input     32 Bit        Muxes := 4     
	   4 Input     32 Bit        Muxes := 5     
	   2 Input     12 Bit        Muxes := 2     
	   2 Input      1 Bit        Muxes := 7     
---------------------------------------------------------------------------------
Finished RTL Component Statistics 
---------------------------------------------------------------------------------
---------------------------------------------------------------------------------
Start RTL Hierarchical Component Statistics 
---------------------------------------------------------------------------------
Hierarchical RTL Component report 
Module clock_gen_v1_0_S00_AXI 
Detailed RTL Component Info : 
+---Adders : 
	   2 Input     32 Bit       Adders := 2     
	   3 Input     32 Bit       Adders := 9     
	   2 Input     12 Bit       Adders := 1     
+---Registers : 
	               32 Bit    Registers := 6     
	                4 Bit    Registers := 2     
	                2 Bit    Registers := 2     
	                1 Bit    Registers := 16    
+---Multipliers : 
	                 8x32  Multipliers := 2     
	                 4x32  Multipliers := 3     
	                 3x32  Multipliers := 1     
	                 5x32  Multipliers := 2     
	                 6x32  Multipliers := 2     
	                 7x32  Multipliers := 2     
+---Muxes : 
	   2 Input     32 Bit        Muxes := 4     
	   4 Input     32 Bit        Muxes := 5     
	   2 Input     12 Bit        Muxes := 2     
	   2 Input      1 Bit        Muxes := 7     
---------------------------------------------------------------------------------
Finished RTL Hierarchical Component Statistics
---------------------------------------------------------------------------------
---------------------------------------------------------------------------------
Start Part Resource Summary
---------------------------------------------------------------------------------
Part Resources:
DSPs: 740 (col length:100)
BRAMs: 730 (col length: RAMB18 100 RAMB36 50)
---------------------------------------------------------------------------------
Finished Part Resource Summary
---------------------------------------------------------------------------------
---------------------------------------------------------------------------------
Start Cross Boundary and Area Optimization
---------------------------------------------------------------------------------
WARNING: [Synth 8-6014] Unused sequential element counter_1_ns_reg was removed.  [d:/AlienWare/Course/ECE532/MileStone2/MicroBlazeServer_UDP/MicroBlazeServer.srcs/sources_1/bd/design_1/ipshared/1790/hdl/clock_gen_v1_0_S00_AXI.v:596]
WARNING: [Synth 8-3331] design clock_gen_v1_0_S00_AXI has unconnected port in_sample
WARNING: [Synth 8-3331] design clock_gen_v1_0_S00_AXI has unconnected port sample_tr
WARNING: [Synth 8-3331] design clock_gen_v1_0_S00_AXI has unconnected port clk_in_sys
WARNING: [Synth 8-3331] design clock_gen_v1_0_S00_AXI has unconnected port S_AXI_AWPROT[2]
WARNING: [Synth 8-3331] design clock_gen_v1_0_S00_AXI has unconnected port S_AXI_AWPROT[1]
WARNING: [Synth 8-3331] design clock_gen_v1_0_S00_AXI has unconnected port S_AXI_AWPROT[0]
WARNING: [Synth 8-3331] design clock_gen_v1_0_S00_AXI has unconnected port S_AXI_ARPROT[2]
WARNING: [Synth 8-3331] design clock_gen_v1_0_S00_AXI has unconnected port S_AXI_ARPROT[1]
WARNING: [Synth 8-3331] design clock_gen_v1_0_S00_AXI has unconnected port S_AXI_ARPROT[0]
WARNING: [Synth 8-3331] design design_1_clock_gen_0_0 has unconnected port in_sample
WARNING: [Synth 8-3331] design design_1_clock_gen_0_0 has unconnected port sample_tr
INFO: [Synth 8-3333] propagating constant 0 across sequential element (\inst/clock_gen_v1_0_S00_AXI_inst /null_reg)
INFO: [Synth 8-3333] propagating constant 1 across sequential element (\inst/clock_gen_v1_0_S00_AXI_inst /enable_reg)
INFO: [Synth 8-3886] merging instance 'inst/clock_gen_v1_0_S00_AXI_inst/axi_rresp_reg[0]' (FDRE) to 'inst/clock_gen_v1_0_S00_AXI_inst/axi_rresp_reg[1]'
INFO: [Synth 8-3333] propagating constant 0 across sequential element (\inst/clock_gen_v1_0_S00_AXI_inst /\axi_rresp_reg[1] )
INFO: [Synth 8-3886] merging instance 'inst/clock_gen_v1_0_S00_AXI_inst/axi_bresp_reg[0]' (FDRE) to 'inst/clock_gen_v1_0_S00_AXI_inst/axi_bresp_reg[1]'
INFO: [Synth 8-3333] propagating constant 0 across sequential element (\inst/clock_gen_v1_0_S00_AXI_inst /\axi_bresp_reg[1] )
WARNING: [Synth 8-3332] Sequential element (enable_reg) is unused and will be removed from module clock_gen_v1_0_S00_AXI.
WARNING: [Synth 8-3332] Sequential element (null_reg) is unused and will be removed from module clock_gen_v1_0_S00_AXI.
WARNING: [Synth 8-3332] Sequential element (axi_awaddr_reg[1]) is unused and will be removed from module clock_gen_v1_0_S00_AXI.
WARNING: [Synth 8-3332] Sequential element (axi_awaddr_reg[0]) is unused and will be removed from module clock_gen_v1_0_S00_AXI.
WARNING: [Synth 8-3332] Sequential element (axi_bresp_reg[1]) is unused and will be removed from module clock_gen_v1_0_S00_AXI.
WARNING: [Synth 8-3332] Sequential element (axi_araddr_reg[1]) is unused and will be removed from module clock_gen_v1_0_S00_AXI.
WARNING: [Synth 8-3332] Sequential element (axi_araddr_reg[0]) is unused and will be removed from module clock_gen_v1_0_S00_AXI.
WARNING: [Synth 8-3332] Sequential element (axi_rresp_reg[1]) is unused and will be removed from module clock_gen_v1_0_S00_AXI.
---------------------------------------------------------------------------------
Finished Cross Boundary and Area Optimization : Time (s): cpu = 00:00:30 ; elapsed = 00:00:32 . Memory (MB): peak = 859.238 ; gain = 528.680
---------------------------------------------------------------------------------

Report RTL Partitions: 
+-+--------------+------------+----------+
| |RTL Partition |Replication |Instances |
+-+--------------+------------+----------+
+-+--------------+------------+----------+
---------------------------------------------------------------------------------
Start Applying XDC Timing Constraints
---------------------------------------------------------------------------------
---------------------------------------------------------------------------------
Finished Applying XDC Timing Constraints : Time (s): cpu = 00:00:42 ; elapsed = 00:00:43 . Memory (MB): peak = 887.125 ; gain = 556.566
---------------------------------------------------------------------------------
---------------------------------------------------------------------------------
Start Timing Optimization
---------------------------------------------------------------------------------
---------------------------------------------------------------------------------
Finished Timing Optimization : Time (s): cpu = 00:00:42 ; elapsed = 00:00:44 . Memory (MB): peak = 888.938 ; gain = 558.379
---------------------------------------------------------------------------------

Report RTL Partitions: 
+-+--------------+------------+----------+
| |RTL Partition |Replication |Instances |
+-+--------------+------------+----------+
+-+--------------+------------+----------+
---------------------------------------------------------------------------------
Start Technology Mapping
---------------------------------------------------------------------------------
---------------------------------------------------------------------------------
Finished Technology Mapping : Time (s): cpu = 00:00:42 ; elapsed = 00:00:44 . Memory (MB): peak = 918.195 ; gain = 587.637
---------------------------------------------------------------------------------

Report RTL Partitions: 
+-+--------------+------------+----------+
| |RTL Partition |Replication |Instances |
+-+--------------+------------+----------+
+-+--------------+------------+----------+
---------------------------------------------------------------------------------
Start IO Insertion
---------------------------------------------------------------------------------
---------------------------------------------------------------------------------
Start Flattening Before IO Insertion
---------------------------------------------------------------------------------
---------------------------------------------------------------------------------
Finished Flattening Before IO Insertion
---------------------------------------------------------------------------------
---------------------------------------------------------------------------------
Start Final Netlist Cleanup
---------------------------------------------------------------------------------
---------------------------------------------------------------------------------
Finished Final Netlist Cleanup
---------------------------------------------------------------------------------
---------------------------------------------------------------------------------
Finished IO Insertion : Time (s): cpu = 00:00:43 ; elapsed = 00:00:45 . Memory (MB): peak = 918.195 ; gain = 587.637
---------------------------------------------------------------------------------

Report Check Netlist: 
+------+------------------+-------+---------+-------+------------------+
|      |Item              |Errors |Warnings |Status |Description       |
+------+------------------+-------+---------+-------+------------------+
|1     |multi_driven_nets |      0|        0|Passed |Multi driven nets |
+------+------------------+-------+---------+-------+------------------+
---------------------------------------------------------------------------------
Start Renaming Generated Instances
---------------------------------------------------------------------------------
---------------------------------------------------------------------------------
Finished Renaming Generated Instances : Time (s): cpu = 00:00:43 ; elapsed = 00:00:45 . Memory (MB): peak = 918.195 ; gain = 587.637
---------------------------------------------------------------------------------

Report RTL Partitions: 
+-+--------------+------------+----------+
| |RTL Partition |Replication |Instances |
+-+--------------+------------+----------+
+-+--------------+------------+----------+
---------------------------------------------------------------------------------
Start Rebuilding User Hierarchy
---------------------------------------------------------------------------------
---------------------------------------------------------------------------------
Finished Rebuilding User Hierarchy : Time (s): cpu = 00:00:44 ; elapsed = 00:00:45 . Memory (MB): peak = 918.195 ; gain = 587.637
---------------------------------------------------------------------------------
---------------------------------------------------------------------------------
Start Renaming Generated Ports
---------------------------------------------------------------------------------
---------------------------------------------------------------------------------
Finished Renaming Generated Ports : Time (s): cpu = 00:00:44 ; elapsed = 00:00:45 . Memory (MB): peak = 918.195 ; gain = 587.637
---------------------------------------------------------------------------------
---------------------------------------------------------------------------------
Start Handling Custom Attributes
---------------------------------------------------------------------------------
---------------------------------------------------------------------------------
Finished Handling Custom Attributes : Time (s): cpu = 00:00:44 ; elapsed = 00:00:45 . Memory (MB): peak = 918.195 ; gain = 587.637
---------------------------------------------------------------------------------
---------------------------------------------------------------------------------
Start Renaming Generated Nets
---------------------------------------------------------------------------------
---------------------------------------------------------------------------------
Finished Renaming Generated Nets : Time (s): cpu = 00:00:44 ; elapsed = 00:00:45 . Memory (MB): peak = 918.195 ; gain = 587.637
---------------------------------------------------------------------------------
---------------------------------------------------------------------------------
Start Writing Synthesis Report
---------------------------------------------------------------------------------

Report BlackBoxes: 
+-+--------------+----------+
| |BlackBox name |Instances |
+-+--------------+----------+
+-+--------------+----------+

Report Cell Usage: 
+------+-------+------+
|      |Cell   |Count |
+------+-------+------+
|1     |CARRY4 |   281|
|2     |LUT1   |    76|
|3     |LUT2   |   582|
|4     |LUT3   |   131|
|5     |LUT4   |   856|
|6     |LUT5   |     9|
|7     |LUT6   |   122|
|8     |FDCE   |    51|
|9     |FDPE   |     4|
|10    |FDRE   |   169|
|11    |FDSE   |     1|
+------+-------+------+

Report Instance Areas: 
+------+--------------------------------+-----------------------+------+
|      |Instance                        |Module                 |Cells |
+------+--------------------------------+-----------------------+------+
|1     |top                             |                       |  2282|
|2     |  inst                          |clock_gen_v1_0         |  2054|
|3     |    clock_gen_v1_0_S00_AXI_inst |clock_gen_v1_0_S00_AXI |  2049|
+------+--------------------------------+-----------------------+------+
---------------------------------------------------------------------------------
Finished Writing Synthesis Report : Time (s): cpu = 00:00:44 ; elapsed = 00:00:46 . Memory (MB): peak = 918.195 ; gain = 587.637
---------------------------------------------------------------------------------
Synthesis finished with 0 errors, 0 critical warnings and 21 warnings.
Synthesis Optimization Runtime : Time (s): cpu = 00:00:27 ; elapsed = 00:00:37 . Memory (MB): peak = 918.195 ; gain = 213.367
Synthesis Optimization Complete : Time (s): cpu = 00:00:44 ; elapsed = 00:00:46 . Memory (MB): peak = 918.195 ; gain = 587.637
INFO: [Project 1-571] Translating synthesized netlist
INFO: [Netlist 29-17] Analyzing 281 Unisim elements for replacement
INFO: [Netlist 29-28] Unisim Transformation completed in 0 CPU seconds
WARNING: [Netlist 29-101] Netlist 'design_1_clock_gen_0_0' is not ideal for floorplanning, since the cellview 'clock_gen_v1_0_S00_AXI' contains a large number of primitives.  Please consider enabling hierarchy in synthesis if you want to do floorplanning.
INFO: [Project 1-570] Preparing netlist for logic optimization
INFO: [Opt 31-138] Pushed 0 inverter(s) to 0 load pin(s).
INFO: [Project 1-111] Unisim Transformation Summary:
No Unisim elements were transformed.

INFO: [Common 17-83] Releasing license: Synthesis
25 Infos, 43 Warnings, 0 Critical Warnings and 0 Errors encountered.
synth_design completed successfully
synth_design: Time (s): cpu = 00:00:46 ; elapsed = 00:00:49 . Memory (MB): peak = 918.195 ; gain = 599.109
INFO: [Common 17-1381] The checkpoint 'D:/AlienWare/Course/ECE532/MileStone2/MicroBlazeServer_UDP/MicroBlazeServer.runs/design_1_clock_gen_0_0_synth_1/design_1_clock_gen_0_0.dcp' has been generated.
