
*** Running vivado
    with args -log design_1_xbar_0.vds -m64 -product Vivado -mode batch -messageDb vivado.pb -notrace -source design_1_xbar_0.tcl


****** Vivado v2017.1 (64-bit)
  **** SW Build 1846317 on Fri Apr 14 18:55:03 MDT 2017
  **** IP Build 1846188 on Fri Apr 14 20:52:08 MDT 2017
    ** Copyright 1986-2017 Xilinx, Inc. All Rights Reserved.

source design_1_xbar_0.tcl -notrace
Starting RTL Elaboration : Time (s): cpu = 00:00:09 ; elapsed = 00:00:09 . Memory (MB): peak = 386.473 ; gain = 86.297
INFO: [Synth 8-638] synthesizing module 'design_1_xbar_0' [c:/Users/Jaimin/XilinxProjects/MicroBlazeServer/MicroBlazeServer.srcs/sources_1/bd/design_1/ip/design_1_xbar_0/synth/design_1_xbar_0.v:59]
INFO: [Synth 8-638] synthesizing module 'axi_crossbar_v2_1_13_axi_crossbar' [c:/Users/Jaimin/XilinxProjects/MicroBlazeServer/MicroBlazeServer.srcs/sources_1/bd/design_1/ipshared/78eb/hdl/axi_crossbar_v2_1_vl_rfs.v:4882]
INFO: [Synth 8-638] synthesizing module 'axi_crossbar_v2_1_13_crossbar_sasd' [c:/Users/Jaimin/XilinxProjects/MicroBlazeServer/MicroBlazeServer.srcs/sources_1/bd/design_1/ipshared/78eb/hdl/axi_crossbar_v2_1_vl_rfs.v:1240]
INFO: [Synth 8-638] synthesizing module 'axi_crossbar_v2_1_13_addr_decoder' [c:/Users/Jaimin/XilinxProjects/MicroBlazeServer/MicroBlazeServer.srcs/sources_1/bd/design_1/ipshared/78eb/hdl/axi_crossbar_v2_1_vl_rfs.v:794]
INFO: [Synth 8-638] synthesizing module 'generic_baseblocks_v2_1_0_comparator_static' [c:/Users/Jaimin/XilinxProjects/MicroBlazeServer/MicroBlazeServer.srcs/sources_1/bd/design_1/ipshared/f9c1/hdl/generic_baseblocks_v2_1_vl_rfs.v:2133]
INFO: [Synth 8-638] synthesizing module 'generic_baseblocks_v2_1_0_carry_and' [c:/Users/Jaimin/XilinxProjects/MicroBlazeServer/MicroBlazeServer.srcs/sources_1/bd/design_1/ipshared/f9c1/hdl/generic_baseblocks_v2_1_vl_rfs.v:62]
INFO: [Synth 8-256] done synthesizing module 'generic_baseblocks_v2_1_0_carry_and' (1#1) [c:/Users/Jaimin/XilinxProjects/MicroBlazeServer/MicroBlazeServer.srcs/sources_1/bd/design_1/ipshared/f9c1/hdl/generic_baseblocks_v2_1_vl_rfs.v:62]
INFO: [Synth 8-256] done synthesizing module 'generic_baseblocks_v2_1_0_comparator_static' (2#1) [c:/Users/Jaimin/XilinxProjects/MicroBlazeServer/MicroBlazeServer.srcs/sources_1/bd/design_1/ipshared/f9c1/hdl/generic_baseblocks_v2_1_vl_rfs.v:2133]
INFO: [Synth 8-638] synthesizing module 'generic_baseblocks_v2_1_0_comparator_static__parameterized0' [c:/Users/Jaimin/XilinxProjects/MicroBlazeServer/MicroBlazeServer.srcs/sources_1/bd/design_1/ipshared/f9c1/hdl/generic_baseblocks_v2_1_vl_rfs.v:2133]
INFO: [Synth 8-256] done synthesizing module 'generic_baseblocks_v2_1_0_comparator_static__parameterized0' (2#1) [c:/Users/Jaimin/XilinxProjects/MicroBlazeServer/MicroBlazeServer.srcs/sources_1/bd/design_1/ipshared/f9c1/hdl/generic_baseblocks_v2_1_vl_rfs.v:2133]
INFO: [Synth 8-638] synthesizing module 'generic_baseblocks_v2_1_0_comparator_static__parameterized1' [c:/Users/Jaimin/XilinxProjects/MicroBlazeServer/MicroBlazeServer.srcs/sources_1/bd/design_1/ipshared/f9c1/hdl/generic_baseblocks_v2_1_vl_rfs.v:2133]
INFO: [Synth 8-256] done synthesizing module 'generic_baseblocks_v2_1_0_comparator_static__parameterized1' (2#1) [c:/Users/Jaimin/XilinxProjects/MicroBlazeServer/MicroBlazeServer.srcs/sources_1/bd/design_1/ipshared/f9c1/hdl/generic_baseblocks_v2_1_vl_rfs.v:2133]
INFO: [Synth 8-638] synthesizing module 'generic_baseblocks_v2_1_0_comparator_static__parameterized2' [c:/Users/Jaimin/XilinxProjects/MicroBlazeServer/MicroBlazeServer.srcs/sources_1/bd/design_1/ipshared/f9c1/hdl/generic_baseblocks_v2_1_vl_rfs.v:2133]
INFO: [Synth 8-256] done synthesizing module 'generic_baseblocks_v2_1_0_comparator_static__parameterized2' (2#1) [c:/Users/Jaimin/XilinxProjects/MicroBlazeServer/MicroBlazeServer.srcs/sources_1/bd/design_1/ipshared/f9c1/hdl/generic_baseblocks_v2_1_vl_rfs.v:2133]
INFO: [Synth 8-638] synthesizing module 'generic_baseblocks_v2_1_0_comparator_static__parameterized3' [c:/Users/Jaimin/XilinxProjects/MicroBlazeServer/MicroBlazeServer.srcs/sources_1/bd/design_1/ipshared/f9c1/hdl/generic_baseblocks_v2_1_vl_rfs.v:2133]
INFO: [Synth 8-256] done synthesizing module 'generic_baseblocks_v2_1_0_comparator_static__parameterized3' (2#1) [c:/Users/Jaimin/XilinxProjects/MicroBlazeServer/MicroBlazeServer.srcs/sources_1/bd/design_1/ipshared/f9c1/hdl/generic_baseblocks_v2_1_vl_rfs.v:2133]
INFO: [Synth 8-256] done synthesizing module 'axi_crossbar_v2_1_13_addr_decoder' (3#1) [c:/Users/Jaimin/XilinxProjects/MicroBlazeServer/MicroBlazeServer.srcs/sources_1/bd/design_1/ipshared/78eb/hdl/axi_crossbar_v2_1_vl_rfs.v:794]
INFO: [Synth 8-638] synthesizing module 'axi_crossbar_v2_1_13_decerr_slave' [c:/Users/Jaimin/XilinxProjects/MicroBlazeServer/MicroBlazeServer.srcs/sources_1/bd/design_1/ipshared/78eb/hdl/axi_crossbar_v2_1_vl_rfs.v:3500]
INFO: [Synth 8-256] done synthesizing module 'axi_crossbar_v2_1_13_decerr_slave' (4#1) [c:/Users/Jaimin/XilinxProjects/MicroBlazeServer/MicroBlazeServer.srcs/sources_1/bd/design_1/ipshared/78eb/hdl/axi_crossbar_v2_1_vl_rfs.v:3500]
INFO: [Synth 8-638] synthesizing module 'axi_crossbar_v2_1_13_addr_arbiter_sasd' [c:/Users/Jaimin/XilinxProjects/MicroBlazeServer/MicroBlazeServer.srcs/sources_1/bd/design_1/ipshared/78eb/hdl/axi_crossbar_v2_1_vl_rfs.v:65]
INFO: [Synth 8-256] done synthesizing module 'axi_crossbar_v2_1_13_addr_arbiter_sasd' (5#1) [c:/Users/Jaimin/XilinxProjects/MicroBlazeServer/MicroBlazeServer.srcs/sources_1/bd/design_1/ipshared/78eb/hdl/axi_crossbar_v2_1_vl_rfs.v:65]
INFO: [Synth 8-638] synthesizing module 'axi_crossbar_v2_1_13_splitter' [c:/Users/Jaimin/XilinxProjects/MicroBlazeServer/MicroBlazeServer.srcs/sources_1/bd/design_1/ipshared/78eb/hdl/axi_crossbar_v2_1_vl_rfs.v:4459]
INFO: [Synth 8-256] done synthesizing module 'axi_crossbar_v2_1_13_splitter' (6#1) [c:/Users/Jaimin/XilinxProjects/MicroBlazeServer/MicroBlazeServer.srcs/sources_1/bd/design_1/ipshared/78eb/hdl/axi_crossbar_v2_1_vl_rfs.v:4459]
INFO: [Synth 8-638] synthesizing module 'axi_crossbar_v2_1_13_splitter__parameterized0' [c:/Users/Jaimin/XilinxProjects/MicroBlazeServer/MicroBlazeServer.srcs/sources_1/bd/design_1/ipshared/78eb/hdl/axi_crossbar_v2_1_vl_rfs.v:4459]
INFO: [Synth 8-256] done synthesizing module 'axi_crossbar_v2_1_13_splitter__parameterized0' (6#1) [c:/Users/Jaimin/XilinxProjects/MicroBlazeServer/MicroBlazeServer.srcs/sources_1/bd/design_1/ipshared/78eb/hdl/axi_crossbar_v2_1_vl_rfs.v:4459]
INFO: [Synth 8-638] synthesizing module 'generic_baseblocks_v2_1_0_mux_enc' [c:/Users/Jaimin/XilinxProjects/MicroBlazeServer/MicroBlazeServer.srcs/sources_1/bd/design_1/ipshared/f9c1/hdl/generic_baseblocks_v2_1_vl_rfs.v:2452]
INFO: [Synth 8-256] done synthesizing module 'generic_baseblocks_v2_1_0_mux_enc' (7#1) [c:/Users/Jaimin/XilinxProjects/MicroBlazeServer/MicroBlazeServer.srcs/sources_1/bd/design_1/ipshared/f9c1/hdl/generic_baseblocks_v2_1_vl_rfs.v:2452]
INFO: [Synth 8-638] synthesizing module 'generic_baseblocks_v2_1_0_mux_enc__parameterized0' [c:/Users/Jaimin/XilinxProjects/MicroBlazeServer/MicroBlazeServer.srcs/sources_1/bd/design_1/ipshared/f9c1/hdl/generic_baseblocks_v2_1_vl_rfs.v:2452]
INFO: [Synth 8-256] done synthesizing module 'generic_baseblocks_v2_1_0_mux_enc__parameterized0' (7#1) [c:/Users/Jaimin/XilinxProjects/MicroBlazeServer/MicroBlazeServer.srcs/sources_1/bd/design_1/ipshared/f9c1/hdl/generic_baseblocks_v2_1_vl_rfs.v:2452]
INFO: [Synth 8-638] synthesizing module 'generic_baseblocks_v2_1_0_mux_enc__parameterized1' [c:/Users/Jaimin/XilinxProjects/MicroBlazeServer/MicroBlazeServer.srcs/sources_1/bd/design_1/ipshared/f9c1/hdl/generic_baseblocks_v2_1_vl_rfs.v:2452]
INFO: [Synth 8-256] done synthesizing module 'generic_baseblocks_v2_1_0_mux_enc__parameterized1' (7#1) [c:/Users/Jaimin/XilinxProjects/MicroBlazeServer/MicroBlazeServer.srcs/sources_1/bd/design_1/ipshared/f9c1/hdl/generic_baseblocks_v2_1_vl_rfs.v:2452]
INFO: [Synth 8-638] synthesizing module 'axi_register_slice_v2_1_12_axic_register_slice' [c:/Users/Jaimin/XilinxProjects/MicroBlazeServer/MicroBlazeServer.srcs/sources_1/bd/design_1/ipshared/0e33/hdl/axi_register_slice_v2_1_vl_rfs.v:85]
INFO: [Synth 8-256] done synthesizing module 'axi_register_slice_v2_1_12_axic_register_slice' (8#1) [c:/Users/Jaimin/XilinxProjects/MicroBlazeServer/MicroBlazeServer.srcs/sources_1/bd/design_1/ipshared/0e33/hdl/axi_register_slice_v2_1_vl_rfs.v:85]
INFO: [Synth 8-638] synthesizing module 'generic_baseblocks_v2_1_0_mux_enc__parameterized2' [c:/Users/Jaimin/XilinxProjects/MicroBlazeServer/MicroBlazeServer.srcs/sources_1/bd/design_1/ipshared/f9c1/hdl/generic_baseblocks_v2_1_vl_rfs.v:2452]
INFO: [Synth 8-256] done synthesizing module 'generic_baseblocks_v2_1_0_mux_enc__parameterized2' (8#1) [c:/Users/Jaimin/XilinxProjects/MicroBlazeServer/MicroBlazeServer.srcs/sources_1/bd/design_1/ipshared/f9c1/hdl/generic_baseblocks_v2_1_vl_rfs.v:2452]
INFO: [Synth 8-256] done synthesizing module 'axi_crossbar_v2_1_13_crossbar_sasd' (9#1) [c:/Users/Jaimin/XilinxProjects/MicroBlazeServer/MicroBlazeServer.srcs/sources_1/bd/design_1/ipshared/78eb/hdl/axi_crossbar_v2_1_vl_rfs.v:1240]
INFO: [Synth 8-256] done synthesizing module 'axi_crossbar_v2_1_13_axi_crossbar' (10#1) [c:/Users/Jaimin/XilinxProjects/MicroBlazeServer/MicroBlazeServer.srcs/sources_1/bd/design_1/ipshared/78eb/hdl/axi_crossbar_v2_1_vl_rfs.v:4882]
INFO: [Synth 8-256] done synthesizing module 'design_1_xbar_0' (11#1) [c:/Users/Jaimin/XilinxProjects/MicroBlazeServer/MicroBlazeServer.srcs/sources_1/bd/design_1/ip/design_1_xbar_0/synth/design_1_xbar_0.v:59]
Finished RTL Elaboration : Time (s): cpu = 00:00:18 ; elapsed = 00:00:19 . Memory (MB): peak = 506.961 ; gain = 206.785
Finished RTL Optimization Phase 1 : Time (s): cpu = 00:00:18 ; elapsed = 00:00:19 . Memory (MB): peak = 506.961 ; gain = 206.785
INFO: [Device 21-403] Loading part xc7a200tsbg484-1
Constraint Validation Runtime : Time (s): cpu = 00:00:00 ; elapsed = 00:00:00.074 . Memory (MB): peak = 769.910 ; gain = 0.000
Finished Constraint Validation : Time (s): cpu = 00:00:35 ; elapsed = 00:00:39 . Memory (MB): peak = 769.910 ; gain = 469.734
Finished Loading Part and Timing Information : Time (s): cpu = 00:00:35 ; elapsed = 00:00:39 . Memory (MB): peak = 769.910 ; gain = 469.734
Finished applying 'set_property' XDC Constraints : Time (s): cpu = 00:00:35 ; elapsed = 00:00:39 . Memory (MB): peak = 769.910 ; gain = 469.734
Finished RTL Optimization Phase 2 : Time (s): cpu = 00:00:36 ; elapsed = 00:00:40 . Memory (MB): peak = 769.910 ; gain = 469.734
Finished Cross Boundary and Area Optimization : Time (s): cpu = 00:00:38 ; elapsed = 00:00:42 . Memory (MB): peak = 769.910 ; gain = 469.734
Finished Applying XDC Timing Constraints : Time (s): cpu = 00:00:53 ; elapsed = 00:00:58 . Memory (MB): peak = 769.910 ; gain = 469.734
Finished Timing Optimization : Time (s): cpu = 00:00:55 ; elapsed = 00:00:59 . Memory (MB): peak = 769.910 ; gain = 469.734
Finished Technology Mapping : Time (s): cpu = 00:00:55 ; elapsed = 00:00:59 . Memory (MB): peak = 769.910 ; gain = 469.734
Finished IO Insertion : Time (s): cpu = 00:00:56 ; elapsed = 00:01:00 . Memory (MB): peak = 769.910 ; gain = 469.734
Finished Renaming Generated Instances : Time (s): cpu = 00:00:56 ; elapsed = 00:01:00 . Memory (MB): peak = 769.910 ; gain = 469.734
Finished Rebuilding User Hierarchy : Time (s): cpu = 00:00:56 ; elapsed = 00:01:00 . Memory (MB): peak = 769.910 ; gain = 469.734
Finished Renaming Generated Ports : Time (s): cpu = 00:00:56 ; elapsed = 00:01:00 . Memory (MB): peak = 769.910 ; gain = 469.734
Finished Handling Custom Attributes : Time (s): cpu = 00:00:56 ; elapsed = 00:01:00 . Memory (MB): peak = 769.910 ; gain = 469.734
Finished Renaming Generated Nets : Time (s): cpu = 00:00:56 ; elapsed = 00:01:00 . Memory (MB): peak = 769.910 ; gain = 469.734

Report Cell Usage: 
+------+-----+------+
|      |Cell |Count |
+------+-----+------+
|1     |LUT1 |     2|
|2     |LUT2 |    16|
|3     |LUT3 |    45|
|4     |LUT4 |    52|
|5     |LUT5 |    38|
|6     |LUT6 |    95|
|7     |FDRE |   134|
+------+-----+------+
Finished Writing Synthesis Report : Time (s): cpu = 00:00:56 ; elapsed = 00:01:00 . Memory (MB): peak = 769.910 ; gain = 469.734
synth_design: Time (s): cpu = 00:00:59 ; elapsed = 00:01:04 . Memory (MB): peak = 769.910 ; gain = 469.734
