
*** Running vivado
    with args -log design_1_axi_ethernet_0_dma_0.vds -m64 -product Vivado -mode batch -messageDb vivado.pb -notrace -source design_1_axi_ethernet_0_dma_0.tcl


****** Vivado v2017.1 (64-bit)
  **** SW Build 1846317 on Fri Apr 14 18:55:03 MDT 2017
  **** IP Build 1846188 on Fri Apr 14 20:52:08 MDT 2017
    ** Copyright 1986-2017 Xilinx, Inc. All Rights Reserved.

source design_1_axi_ethernet_0_dma_0.tcl -notrace
Starting RTL Elaboration : Time (s): cpu = 00:00:22 ; elapsed = 00:00:23 . Memory (MB): peak = 382.609 ; gain = 84.043
INFO: [Synth 8-638] synthesizing module 'design_1_axi_ethernet_0_dma_0' [c:/Users/Jaimin/XilinxProjects/MicroBlazeServer/MicroBlazeServer.srcs/sources_1/bd/design_1/ip/design_1_axi_ethernet_0_dma_0/synth/design_1_axi_ethernet_0_dma_0.vhd:170]
INFO: [Synth 8-638] synthesizing module 'axi_dma' [c:/Users/Jaimin/XilinxProjects/MicroBlazeServer/MicroBlazeServer.srcs/sources_1/bd/design_1/ipshared/e8cb/hdl/axi_dma_v7_1_vh_rfs.vhd:21830]
INFO: [Synth 8-638] synthesizing module 'axi_dma_rst_module' [c:/Users/Jaimin/XilinxProjects/MicroBlazeServer/MicroBlazeServer.srcs/sources_1/bd/design_1/ipshared/e8cb/hdl/axi_dma_v7_1_vh_rfs.vhd:1595]
INFO: [Synth 8-638] synthesizing module 'cdc_sync' [c:/Users/Jaimin/XilinxProjects/MicroBlazeServer/MicroBlazeServer.srcs/sources_1/bd/design_1/ipshared/52cb/hdl/lib_cdc_v1_0_rfs.vhd:106]
INFO: [Synth 8-256] done synthesizing module 'cdc_sync' (1#1) [c:/Users/Jaimin/XilinxProjects/MicroBlazeServer/MicroBlazeServer.srcs/sources_1/bd/design_1/ipshared/52cb/hdl/lib_cdc_v1_0_rfs.vhd:106]
INFO: [Synth 8-638] synthesizing module 'axi_dma_reset' [c:/Users/Jaimin/XilinxProjects/MicroBlazeServer/MicroBlazeServer.srcs/sources_1/bd/design_1/ipshared/e8cb/hdl/axi_dma_v7_1_vh_rfs.vhd:603]
INFO: [Synth 8-256] done synthesizing module 'axi_dma_reset' (2#1) [c:/Users/Jaimin/XilinxProjects/MicroBlazeServer/MicroBlazeServer.srcs/sources_1/bd/design_1/ipshared/e8cb/hdl/axi_dma_v7_1_vh_rfs.vhd:603]
INFO: [Synth 8-256] done synthesizing module 'axi_dma_rst_module' (3#1) [c:/Users/Jaimin/XilinxProjects/MicroBlazeServer/MicroBlazeServer.srcs/sources_1/bd/design_1/ipshared/e8cb/hdl/axi_dma_v7_1_vh_rfs.vhd:1595]
INFO: [Synth 8-638] synthesizing module 'axi_dma_reg_module' [c:/Users/Jaimin/XilinxProjects/MicroBlazeServer/MicroBlazeServer.srcs/sources_1/bd/design_1/ipshared/e8cb/hdl/axi_dma_v7_1_vh_rfs.vhd:8254]
INFO: [Synth 8-638] synthesizing module 'axi_dma_lite_if' [c:/Users/Jaimin/XilinxProjects/MicroBlazeServer/MicroBlazeServer.srcs/sources_1/bd/design_1/ipshared/e8cb/hdl/axi_dma_v7_1_vh_rfs.vhd:2066]
INFO: [Synth 8-256] done synthesizing module 'axi_dma_lite_if' (4#1) [c:/Users/Jaimin/XilinxProjects/MicroBlazeServer/MicroBlazeServer.srcs/sources_1/bd/design_1/ipshared/e8cb/hdl/axi_dma_v7_1_vh_rfs.vhd:2066]
INFO: [Synth 8-638] synthesizing module 'axi_dma_register' [c:/Users/Jaimin/XilinxProjects/MicroBlazeServer/MicroBlazeServer.srcs/sources_1/bd/design_1/ipshared/e8cb/hdl/axi_dma_v7_1_vh_rfs.vhd:3604]
INFO: [Synth 8-256] done synthesizing module 'axi_dma_register' (5#1) [c:/Users/Jaimin/XilinxProjects/MicroBlazeServer/MicroBlazeServer.srcs/sources_1/bd/design_1/ipshared/e8cb/hdl/axi_dma_v7_1_vh_rfs.vhd:3604]
INFO: [Synth 8-638] synthesizing module 'axi_dma_register_s2mm' [c:/Users/Jaimin/XilinxProjects/MicroBlazeServer/MicroBlazeServer.srcs/sources_1/bd/design_1/ipshared/e8cb/hdl/axi_dma_v7_1_vh_rfs.vhd:4837]
INFO: [Synth 8-256] done synthesizing module 'axi_dma_register_s2mm' (6#1) [c:/Users/Jaimin/XilinxProjects/MicroBlazeServer/MicroBlazeServer.srcs/sources_1/bd/design_1/ipshared/e8cb/hdl/axi_dma_v7_1_vh_rfs.vhd:4837]
INFO: [Synth 8-256] done synthesizing module 'axi_dma_reg_module' (7#1) [c:/Users/Jaimin/XilinxProjects/MicroBlazeServer/MicroBlazeServer.srcs/sources_1/bd/design_1/ipshared/e8cb/hdl/axi_dma_v7_1_vh_rfs.vhd:8254]
INFO: [Synth 8-638] synthesizing module 'axi_sg' [c:/Users/Jaimin/XilinxProjects/MicroBlazeServer/MicroBlazeServer.srcs/sources_1/bd/design_1/ipshared/ddc9/hdl/axi_sg_v4_1_rfs.vhd:28736]
INFO: [Synth 8-638] synthesizing module 'axi_sg_ftch_mngr' [c:/Users/Jaimin/XilinxProjects/MicroBlazeServer/MicroBlazeServer.srcs/sources_1/bd/design_1/ipshared/ddc9/hdl/axi_sg_v4_1_rfs.vhd:20303]
INFO: [Synth 8-638] synthesizing module 'axi_sg_ftch_sm' [c:/Users/Jaimin/XilinxProjects/MicroBlazeServer/MicroBlazeServer.srcs/sources_1/bd/design_1/ipshared/ddc9/hdl/axi_sg_v4_1_rfs.vhd:18543]
INFO: [Synth 8-256] done synthesizing module 'axi_sg_ftch_sm' (8#1) [c:/Users/Jaimin/XilinxProjects/MicroBlazeServer/MicroBlazeServer.srcs/sources_1/bd/design_1/ipshared/ddc9/hdl/axi_sg_v4_1_rfs.vhd:18543]
INFO: [Synth 8-638] synthesizing module 'axi_sg_ftch_pntr' [c:/Users/Jaimin/XilinxProjects/MicroBlazeServer/MicroBlazeServer.srcs/sources_1/bd/design_1/ipshared/ddc9/hdl/axi_sg_v4_1_rfs.vhd:19527]
INFO: [Synth 8-256] done synthesizing module 'axi_sg_ftch_pntr' (9#1) [c:/Users/Jaimin/XilinxProjects/MicroBlazeServer/MicroBlazeServer.srcs/sources_1/bd/design_1/ipshared/ddc9/hdl/axi_sg_v4_1_rfs.vhd:19527]
INFO: [Synth 8-638] synthesizing module 'axi_sg_ftch_cmdsts_if' [c:/Users/Jaimin/XilinxProjects/MicroBlazeServer/MicroBlazeServer.srcs/sources_1/bd/design_1/ipshared/ddc9/hdl/axi_sg_v4_1_rfs.vhd:19938]
INFO: [Synth 8-256] done synthesizing module 'axi_sg_ftch_cmdsts_if' (10#1) [c:/Users/Jaimin/XilinxProjects/MicroBlazeServer/MicroBlazeServer.srcs/sources_1/bd/design_1/ipshared/ddc9/hdl/axi_sg_v4_1_rfs.vhd:19938]
INFO: [Synth 8-256] done synthesizing module 'axi_sg_ftch_mngr' (11#1) [c:/Users/Jaimin/XilinxProjects/MicroBlazeServer/MicroBlazeServer.srcs/sources_1/bd/design_1/ipshared/ddc9/hdl/axi_sg_v4_1_rfs.vhd:20303]
INFO: [Synth 8-638] synthesizing module 'axi_sg_ftch_q_mngr' [c:/Users/Jaimin/XilinxProjects/MicroBlazeServer/MicroBlazeServer.srcs/sources_1/bd/design_1/ipshared/ddc9/hdl/axi_sg_v4_1_rfs.vhd:22897]
INFO: [Synth 8-638] synthesizing module 'axi_sg_ftch_queue' [c:/Users/Jaimin/XilinxProjects/MicroBlazeServer/MicroBlazeServer.srcs/sources_1/bd/design_1/ipshared/ddc9/hdl/axi_sg_v4_1_rfs.vhd:21321]
INFO: [Synth 8-638] synthesizing module 'axi_sg_cntrl_strm' [c:/Users/Jaimin/XilinxProjects/MicroBlazeServer/MicroBlazeServer.srcs/sources_1/bd/design_1/ipshared/ddc9/hdl/axi_sg_v4_1_rfs.vhd:20674]
INFO: [Synth 8-638] synthesizing module 'sync_fifo_fg' [c:/Users/Jaimin/XilinxProjects/MicroBlazeServer/MicroBlazeServer.srcs/sources_1/bd/design_1/ipshared/c387/hdl/lib_fifo_v1_0_rfs.vhd:2097]
INFO: [Synth 8-256] done synthesizing module 'sync_fifo_fg' (29#1) [c:/Users/Jaimin/XilinxProjects/MicroBlazeServer/MicroBlazeServer.srcs/sources_1/bd/design_1/ipshared/c387/hdl/lib_fifo_v1_0_rfs.vhd:2097]
INFO: [Synth 8-256] done synthesizing module 'axi_sg_cntrl_strm' (30#1) [c:/Users/Jaimin/XilinxProjects/MicroBlazeServer/MicroBlazeServer.srcs/sources_1/bd/design_1/ipshared/ddc9/hdl/axi_sg_v4_1_rfs.vhd:20674]
INFO: [Synth 8-256] done synthesizing module 'axi_sg_ftch_queue' (31#1) [c:/Users/Jaimin/XilinxProjects/MicroBlazeServer/MicroBlazeServer.srcs/sources_1/bd/design_1/ipshared/ddc9/hdl/axi_sg_v4_1_rfs.vhd:21321]
INFO: [Synth 8-256] done synthesizing module 'axi_sg_ftch_q_mngr' (32#1) [c:/Users/Jaimin/XilinxProjects/MicroBlazeServer/MicroBlazeServer.srcs/sources_1/bd/design_1/ipshared/ddc9/hdl/axi_sg_v4_1_rfs.vhd:22897]
INFO: [Synth 8-638] synthesizing module 'axi_sg_updt_mngr' [c:/Users/Jaimin/XilinxProjects/MicroBlazeServer/MicroBlazeServer.srcs/sources_1/bd/design_1/ipshared/ddc9/hdl/axi_sg_v4_1_rfs.vhd:25077]
INFO: [Synth 8-638] synthesizing module 'axi_sg_updt_sm' [c:/Users/Jaimin/XilinxProjects/MicroBlazeServer/MicroBlazeServer.srcs/sources_1/bd/design_1/ipshared/ddc9/hdl/axi_sg_v4_1_rfs.vhd:24165]
INFO: [Synth 8-256] done synthesizing module 'axi_sg_updt_sm' (33#1) [c:/Users/Jaimin/XilinxProjects/MicroBlazeServer/MicroBlazeServer.srcs/sources_1/bd/design_1/ipshared/ddc9/hdl/axi_sg_v4_1_rfs.vhd:24165]
INFO: [Synth 8-638] synthesizing module 'axi_sg_updt_cmdsts_if' [c:/Users/Jaimin/XilinxProjects/MicroBlazeServer/MicroBlazeServer.srcs/sources_1/bd/design_1/ipshared/ddc9/hdl/axi_sg_v4_1_rfs.vhd:23854]
INFO: [Synth 8-256] done synthesizing module 'axi_sg_updt_cmdsts_if' (34#1) [c:/Users/Jaimin/XilinxProjects/MicroBlazeServer/MicroBlazeServer.srcs/sources_1/bd/design_1/ipshared/ddc9/hdl/axi_sg_v4_1_rfs.vhd:23854]
INFO: [Synth 8-256] done synthesizing module 'axi_sg_updt_mngr' (35#1) [c:/Users/Jaimin/XilinxProjects/MicroBlazeServer/MicroBlazeServer.srcs/sources_1/bd/design_1/ipshared/ddc9/hdl/axi_sg_v4_1_rfs.vhd:25077]
INFO: [Synth 8-638] synthesizing module 'axi_sg_updt_q_mngr' [c:/Users/Jaimin/XilinxProjects/MicroBlazeServer/MicroBlazeServer.srcs/sources_1/bd/design_1/ipshared/ddc9/hdl/axi_sg_v4_1_rfs.vhd:27298]
INFO: [Synth 8-638] synthesizing module 'axi_sg_updt_queue' [c:/Users/Jaimin/XilinxProjects/MicroBlazeServer/MicroBlazeServer.srcs/sources_1/bd/design_1/ipshared/ddc9/hdl/axi_sg_v4_1_rfs.vhd:25428]
INFO: [Synth 8-638] synthesizing module 'srl_fifo_f' [c:/Users/Jaimin/XilinxProjects/MicroBlazeServer/MicroBlazeServer.srcs/sources_1/bd/design_1/ipshared/6039/hdl/lib_srl_fifo_v1_0_rfs.vhd:1000]
INFO: [Synth 8-638] synthesizing module 'srl_fifo_rbu_f' [c:/Users/Jaimin/XilinxProjects/MicroBlazeServer/MicroBlazeServer.srcs/sources_1/bd/design_1/ipshared/6039/hdl/lib_srl_fifo_v1_0_rfs.vhd:697]
INFO: [Synth 8-638] synthesizing module 'cntr_incr_decr_addn_f' [c:/Users/Jaimin/XilinxProjects/MicroBlazeServer/MicroBlazeServer.srcs/sources_1/bd/design_1/ipshared/6039/hdl/lib_srl_fifo_v1_0_rfs.vhd:143]
INFO: [Synth 8-256] done synthesizing module 'cntr_incr_decr_addn_f' (36#1) [c:/Users/Jaimin/XilinxProjects/MicroBlazeServer/MicroBlazeServer.srcs/sources_1/bd/design_1/ipshared/6039/hdl/lib_srl_fifo_v1_0_rfs.vhd:143]
INFO: [Synth 8-638] synthesizing module 'dynshreg_f' [c:/Users/Jaimin/XilinxProjects/MicroBlazeServer/MicroBlazeServer.srcs/sources_1/bd/design_1/ipshared/6039/hdl/lib_srl_fifo_v1_0_rfs.vhd:397]
INFO: [Synth 8-256] done synthesizing module 'dynshreg_f' (37#1) [c:/Users/Jaimin/XilinxProjects/MicroBlazeServer/MicroBlazeServer.srcs/sources_1/bd/design_1/ipshared/6039/hdl/lib_srl_fifo_v1_0_rfs.vhd:397]
INFO: [Synth 8-256] done synthesizing module 'srl_fifo_rbu_f' (38#1) [c:/Users/Jaimin/XilinxProjects/MicroBlazeServer/MicroBlazeServer.srcs/sources_1/bd/design_1/ipshared/6039/hdl/lib_srl_fifo_v1_0_rfs.vhd:697]
INFO: [Synth 8-256] done synthesizing module 'srl_fifo_f' (39#1) [c:/Users/Jaimin/XilinxProjects/MicroBlazeServer/MicroBlazeServer.srcs/sources_1/bd/design_1/ipshared/6039/hdl/lib_srl_fifo_v1_0_rfs.vhd:1000]
INFO: [Synth 8-256] done synthesizing module 'axi_sg_updt_queue' (40#1) [c:/Users/Jaimin/XilinxProjects/MicroBlazeServer/MicroBlazeServer.srcs/sources_1/bd/design_1/ipshared/ddc9/hdl/axi_sg_v4_1_rfs.vhd:25428]
INFO: [Synth 8-256] done synthesizing module 'axi_sg_updt_q_mngr' (41#1) [c:/Users/Jaimin/XilinxProjects/MicroBlazeServer/MicroBlazeServer.srcs/sources_1/bd/design_1/ipshared/ddc9/hdl/axi_sg_v4_1_rfs.vhd:27298]
INFO: [Synth 8-638] synthesizing module 'axi_sg_intrpt' [c:/Users/Jaimin/XilinxProjects/MicroBlazeServer/MicroBlazeServer.srcs/sources_1/bd/design_1/ipshared/ddc9/hdl/axi_sg_v4_1_rfs.vhd:27902]
INFO: [Synth 8-256] done synthesizing module 'axi_sg_intrpt' (42#1) [c:/Users/Jaimin/XilinxProjects/MicroBlazeServer/MicroBlazeServer.srcs/sources_1/bd/design_1/ipshared/ddc9/hdl/axi_sg_v4_1_rfs.vhd:27902]
INFO: [Synth 8-638] synthesizing module 'axi_sg_datamover' [c:/Users/Jaimin/XilinxProjects/MicroBlazeServer/MicroBlazeServer.srcs/sources_1/bd/design_1/ipshared/ddc9/hdl/axi_sg_v4_1_rfs.vhd:17737]
INFO: [Synth 8-638] synthesizing module 'axi_sg_mm2s_basic_wrap' [c:/Users/Jaimin/XilinxProjects/MicroBlazeServer/MicroBlazeServer.srcs/sources_1/bd/design_1/ipshared/ddc9/hdl/axi_sg_v4_1_rfs.vhd:15576]
INFO: [Synth 8-638] synthesizing module 'axi_sg_reset' [c:/Users/Jaimin/XilinxProjects/MicroBlazeServer/MicroBlazeServer.srcs/sources_1/bd/design_1/ipshared/ddc9/hdl/axi_sg_v4_1_rfs.vhd:303]
INFO: [Synth 8-256] done synthesizing module 'axi_sg_reset' (43#1) [c:/Users/Jaimin/XilinxProjects/MicroBlazeServer/MicroBlazeServer.srcs/sources_1/bd/design_1/ipshared/ddc9/hdl/axi_sg_v4_1_rfs.vhd:303]
INFO: [Synth 8-638] synthesizing module 'axi_sg_cmd_status' [c:/Users/Jaimin/XilinxProjects/MicroBlazeServer/MicroBlazeServer.srcs/sources_1/bd/design_1/ipshared/ddc9/hdl/axi_sg_v4_1_rfs.vhd:2683]
INFO: [Synth 8-638] synthesizing module 'axi_sg_fifo' [c:/Users/Jaimin/XilinxProjects/MicroBlazeServer/MicroBlazeServer.srcs/sources_1/bd/design_1/ipshared/ddc9/hdl/axi_sg_v4_1_rfs.vhd:1883]
INFO: [Synth 8-256] done synthesizing module 'axi_sg_fifo' (44#1) [c:/Users/Jaimin/XilinxProjects/MicroBlazeServer/MicroBlazeServer.srcs/sources_1/bd/design_1/ipshared/ddc9/hdl/axi_sg_v4_1_rfs.vhd:1883]
INFO: [Synth 8-638] synthesizing module 'axi_sg_fifo__parameterized0' [c:/Users/Jaimin/XilinxProjects/MicroBlazeServer/MicroBlazeServer.srcs/sources_1/bd/design_1/ipshared/ddc9/hdl/axi_sg_v4_1_rfs.vhd:1883]
INFO: [Synth 8-256] done synthesizing module 'axi_sg_fifo__parameterized0' (44#1) [c:/Users/Jaimin/XilinxProjects/MicroBlazeServer/MicroBlazeServer.srcs/sources_1/bd/design_1/ipshared/ddc9/hdl/axi_sg_v4_1_rfs.vhd:1883]
INFO: [Synth 8-256] done synthesizing module 'axi_sg_cmd_status' (45#1) [c:/Users/Jaimin/XilinxProjects/MicroBlazeServer/MicroBlazeServer.srcs/sources_1/bd/design_1/ipshared/ddc9/hdl/axi_sg_v4_1_rfs.vhd:2683]
INFO: [Synth 8-638] synthesizing module 'axi_sg_rd_status_cntl' [c:/Users/Jaimin/XilinxProjects/MicroBlazeServer/MicroBlazeServer.srcs/sources_1/bd/design_1/ipshared/ddc9/hdl/axi_sg_v4_1_rfs.vhd:7089]
INFO: [Synth 8-256] done synthesizing module 'axi_sg_rd_status_cntl' (46#1) [c:/Users/Jaimin/XilinxProjects/MicroBlazeServer/MicroBlazeServer.srcs/sources_1/bd/design_1/ipshared/ddc9/hdl/axi_sg_v4_1_rfs.vhd:7089]
INFO: [Synth 8-638] synthesizing module 'axi_sg_scc' [c:/Users/Jaimin/XilinxProjects/MicroBlazeServer/MicroBlazeServer.srcs/sources_1/bd/design_1/ipshared/ddc9/hdl/axi_sg_v4_1_rfs.vhd:7562]
INFO: [Synth 8-256] done synthesizing module 'axi_sg_scc' (47#1) [c:/Users/Jaimin/XilinxProjects/MicroBlazeServer/MicroBlazeServer.srcs/sources_1/bd/design_1/ipshared/ddc9/hdl/axi_sg_v4_1_rfs.vhd:7562]
INFO: [Synth 8-638] synthesizing module 'axi_sg_addr_cntl' [c:/Users/Jaimin/XilinxProjects/MicroBlazeServer/MicroBlazeServer.srcs/sources_1/bd/design_1/ipshared/ddc9/hdl/axi_sg_v4_1_rfs.vhd:4548]
INFO: [Synth 8-256] done synthesizing module 'axi_sg_addr_cntl' (48#1) [c:/Users/Jaimin/XilinxProjects/MicroBlazeServer/MicroBlazeServer.srcs/sources_1/bd/design_1/ipshared/ddc9/hdl/axi_sg_v4_1_rfs.vhd:4548]
INFO: [Synth 8-638] synthesizing module 'axi_sg_rddata_cntl' [c:/Users/Jaimin/XilinxProjects/MicroBlazeServer/MicroBlazeServer.srcs/sources_1/bd/design_1/ipshared/ddc9/hdl/axi_sg_v4_1_rfs.vhd:5476]
INFO: [Synth 8-256] done synthesizing module 'axi_sg_rddata_cntl' (49#1) [c:/Users/Jaimin/XilinxProjects/MicroBlazeServer/MicroBlazeServer.srcs/sources_1/bd/design_1/ipshared/ddc9/hdl/axi_sg_v4_1_rfs.vhd:5476]
INFO: [Synth 8-256] done synthesizing module 'axi_sg_mm2s_basic_wrap' (50#1) [c:/Users/Jaimin/XilinxProjects/MicroBlazeServer/MicroBlazeServer.srcs/sources_1/bd/design_1/ipshared/ddc9/hdl/axi_sg_v4_1_rfs.vhd:15576]
INFO: [Synth 8-638] synthesizing module 'axi_sg_s2mm_basic_wrap' [c:/Users/Jaimin/XilinxProjects/MicroBlazeServer/MicroBlazeServer.srcs/sources_1/bd/design_1/ipshared/ddc9/hdl/axi_sg_v4_1_rfs.vhd:16506]
INFO: [Synth 8-638] synthesizing module 'axi_sg_wr_status_cntl' [c:/Users/Jaimin/XilinxProjects/MicroBlazeServer/MicroBlazeServer.srcs/sources_1/bd/design_1/ipshared/ddc9/hdl/axi_sg_v4_1_rfs.vhd:13563]
INFO: [Synth 8-638] synthesizing module 'axi_sg_fifo__parameterized1' [c:/Users/Jaimin/XilinxProjects/MicroBlazeServer/MicroBlazeServer.srcs/sources_1/bd/design_1/ipshared/ddc9/hdl/axi_sg_v4_1_rfs.vhd:1883]
INFO: [Synth 8-638] synthesizing module 'srl_fifo_f__parameterized0' [c:/Users/Jaimin/XilinxProjects/MicroBlazeServer/MicroBlazeServer.srcs/sources_1/bd/design_1/ipshared/6039/hdl/lib_srl_fifo_v1_0_rfs.vhd:1000]
INFO: [Synth 8-638] synthesizing module 'srl_fifo_rbu_f__parameterized0' [c:/Users/Jaimin/XilinxProjects/MicroBlazeServer/MicroBlazeServer.srcs/sources_1/bd/design_1/ipshared/6039/hdl/lib_srl_fifo_v1_0_rfs.vhd:697]
INFO: [Synth 8-638] synthesizing module 'cntr_incr_decr_addn_f__parameterized0' [c:/Users/Jaimin/XilinxProjects/MicroBlazeServer/MicroBlazeServer.srcs/sources_1/bd/design_1/ipshared/6039/hdl/lib_srl_fifo_v1_0_rfs.vhd:143]
INFO: [Synth 8-256] done synthesizing module 'cntr_incr_decr_addn_f__parameterized0' (50#1) [c:/Users/Jaimin/XilinxProjects/MicroBlazeServer/MicroBlazeServer.srcs/sources_1/bd/design_1/ipshared/6039/hdl/lib_srl_fifo_v1_0_rfs.vhd:143]
INFO: [Synth 8-638] synthesizing module 'dynshreg_f__parameterized0' [c:/Users/Jaimin/XilinxProjects/MicroBlazeServer/MicroBlazeServer.srcs/sources_1/bd/design_1/ipshared/6039/hdl/lib_srl_fifo_v1_0_rfs.vhd:397]
INFO: [Synth 8-256] done synthesizing module 'dynshreg_f__parameterized0' (50#1) [c:/Users/Jaimin/XilinxProjects/MicroBlazeServer/MicroBlazeServer.srcs/sources_1/bd/design_1/ipshared/6039/hdl/lib_srl_fifo_v1_0_rfs.vhd:397]
INFO: [Synth 8-256] done synthesizing module 'srl_fifo_rbu_f__parameterized0' (50#1) [c:/Users/Jaimin/XilinxProjects/MicroBlazeServer/MicroBlazeServer.srcs/sources_1/bd/design_1/ipshared/6039/hdl/lib_srl_fifo_v1_0_rfs.vhd:697]
INFO: [Synth 8-256] done synthesizing module 'srl_fifo_f__parameterized0' (50#1) [c:/Users/Jaimin/XilinxProjects/MicroBlazeServer/MicroBlazeServer.srcs/sources_1/bd/design_1/ipshared/6039/hdl/lib_srl_fifo_v1_0_rfs.vhd:1000]
INFO: [Synth 8-256] done synthesizing module 'axi_sg_fifo__parameterized1' (50#1) [c:/Users/Jaimin/XilinxProjects/MicroBlazeServer/MicroBlazeServer.srcs/sources_1/bd/design_1/ipshared/ddc9/hdl/axi_sg_v4_1_rfs.vhd:1883]
INFO: [Synth 8-638] synthesizing module 'axi_sg_fifo__parameterized2' [c:/Users/Jaimin/XilinxProjects/MicroBlazeServer/MicroBlazeServer.srcs/sources_1/bd/design_1/ipshared/ddc9/hdl/axi_sg_v4_1_rfs.vhd:1883]
INFO: [Synth 8-638] synthesizing module 'srl_fifo_f__parameterized1' [c:/Users/Jaimin/XilinxProjects/MicroBlazeServer/MicroBlazeServer.srcs/sources_1/bd/design_1/ipshared/6039/hdl/lib_srl_fifo_v1_0_rfs.vhd:1000]
INFO: [Synth 8-638] synthesizing module 'srl_fifo_rbu_f__parameterized1' [c:/Users/Jaimin/XilinxProjects/MicroBlazeServer/MicroBlazeServer.srcs/sources_1/bd/design_1/ipshared/6039/hdl/lib_srl_fifo_v1_0_rfs.vhd:697]
INFO: [Synth 8-638] synthesizing module 'dynshreg_f__parameterized1' [c:/Users/Jaimin/XilinxProjects/MicroBlazeServer/MicroBlazeServer.srcs/sources_1/bd/design_1/ipshared/6039/hdl/lib_srl_fifo_v1_0_rfs.vhd:397]
INFO: [Synth 8-256] done synthesizing module 'dynshreg_f__parameterized1' (50#1) [c:/Users/Jaimin/XilinxProjects/MicroBlazeServer/MicroBlazeServer.srcs/sources_1/bd/design_1/ipshared/6039/hdl/lib_srl_fifo_v1_0_rfs.vhd:397]
INFO: [Synth 8-256] done synthesizing module 'srl_fifo_rbu_f__parameterized1' (50#1) [c:/Users/Jaimin/XilinxProjects/MicroBlazeServer/MicroBlazeServer.srcs/sources_1/bd/design_1/ipshared/6039/hdl/lib_srl_fifo_v1_0_rfs.vhd:697]
INFO: [Synth 8-256] done synthesizing module 'srl_fifo_f__parameterized1' (50#1) [c:/Users/Jaimin/XilinxProjects/MicroBlazeServer/MicroBlazeServer.srcs/sources_1/bd/design_1/ipshared/6039/hdl/lib_srl_fifo_v1_0_rfs.vhd:1000]
INFO: [Synth 8-256] done synthesizing module 'axi_sg_fifo__parameterized2' (50#1) [c:/Users/Jaimin/XilinxProjects/MicroBlazeServer/MicroBlazeServer.srcs/sources_1/bd/design_1/ipshared/ddc9/hdl/axi_sg_v4_1_rfs.vhd:1883]
INFO: [Synth 8-256] done synthesizing module 'axi_sg_wr_status_cntl' (51#1) [c:/Users/Jaimin/XilinxProjects/MicroBlazeServer/MicroBlazeServer.srcs/sources_1/bd/design_1/ipshared/ddc9/hdl/axi_sg_v4_1_rfs.vhd:13563]
INFO: [Synth 8-638] synthesizing module 'axi_sg_scc_wr' [c:/Users/Jaimin/XilinxProjects/MicroBlazeServer/MicroBlazeServer.srcs/sources_1/bd/design_1/ipshared/ddc9/hdl/axi_sg_v4_1_rfs.vhd:9822]
INFO: [Synth 8-256] done synthesizing module 'axi_sg_scc_wr' (52#1) [c:/Users/Jaimin/XilinxProjects/MicroBlazeServer/MicroBlazeServer.srcs/sources_1/bd/design_1/ipshared/ddc9/hdl/axi_sg_v4_1_rfs.vhd:9822]
INFO: [Synth 8-638] synthesizing module 'axi_sg_addr_cntl__parameterized0' [c:/Users/Jaimin/XilinxProjects/MicroBlazeServer/MicroBlazeServer.srcs/sources_1/bd/design_1/ipshared/ddc9/hdl/axi_sg_v4_1_rfs.vhd:4548]
INFO: [Synth 8-256] done synthesizing module 'axi_sg_addr_cntl__parameterized0' (52#1) [c:/Users/Jaimin/XilinxProjects/MicroBlazeServer/MicroBlazeServer.srcs/sources_1/bd/design_1/ipshared/ddc9/hdl/axi_sg_v4_1_rfs.vhd:4548]
INFO: [Synth 8-638] synthesizing module 'axi_sg_wrdata_cntl' [c:/Users/Jaimin/XilinxProjects/MicroBlazeServer/MicroBlazeServer.srcs/sources_1/bd/design_1/ipshared/ddc9/hdl/axi_sg_v4_1_rfs.vhd:11526]
INFO: [Synth 8-256] done synthesizing module 'axi_sg_wrdata_cntl' (53#1) [c:/Users/Jaimin/XilinxProjects/MicroBlazeServer/MicroBlazeServer.srcs/sources_1/bd/design_1/ipshared/ddc9/hdl/axi_sg_v4_1_rfs.vhd:11526]
INFO: [Synth 8-256] done synthesizing module 'axi_sg_s2mm_basic_wrap' (54#1) [c:/Users/Jaimin/XilinxProjects/MicroBlazeServer/MicroBlazeServer.srcs/sources_1/bd/design_1/ipshared/ddc9/hdl/axi_sg_v4_1_rfs.vhd:16506]
INFO: [Synth 8-256] done synthesizing module 'axi_sg_datamover' (55#1) [c:/Users/Jaimin/XilinxProjects/MicroBlazeServer/MicroBlazeServer.srcs/sources_1/bd/design_1/ipshared/ddc9/hdl/axi_sg_v4_1_rfs.vhd:17737]
INFO: [Synth 8-256] done synthesizing module 'axi_sg' (56#1) [c:/Users/Jaimin/XilinxProjects/MicroBlazeServer/MicroBlazeServer.srcs/sources_1/bd/design_1/ipshared/ddc9/hdl/axi_sg_v4_1_rfs.vhd:28736]
INFO: [Synth 8-638] synthesizing module 'axi_dma_mm2s_mngr' [c:/Users/Jaimin/XilinxProjects/MicroBlazeServer/MicroBlazeServer.srcs/sources_1/bd/design_1/ipshared/e8cb/hdl/axi_dma_v7_1_vh_rfs.vhd:14884]
INFO: [Synth 8-638] synthesizing module 'axi_dma_mm2s_sm' [c:/Users/Jaimin/XilinxProjects/MicroBlazeServer/MicroBlazeServer.srcs/sources_1/bd/design_1/ipshared/e8cb/hdl/axi_dma_v7_1_vh_rfs.vhd:13076]
INFO: [Synth 8-256] done synthesizing module 'axi_dma_mm2s_sm' (57#1) [c:/Users/Jaimin/XilinxProjects/MicroBlazeServer/MicroBlazeServer.srcs/sources_1/bd/design_1/ipshared/e8cb/hdl/axi_dma_v7_1_vh_rfs.vhd:13076]
INFO: [Synth 8-638] synthesizing module 'axi_dma_mm2s_sg_if' [c:/Users/Jaimin/XilinxProjects/MicroBlazeServer/MicroBlazeServer.srcs/sources_1/bd/design_1/ipshared/e8cb/hdl/axi_dma_v7_1_vh_rfs.vhd:12158]
INFO: [Synth 8-638] synthesizing module 'srl_fifo_f__parameterized2' [c:/Users/Jaimin/XilinxProjects/MicroBlazeServer/MicroBlazeServer.srcs/sources_1/bd/design_1/ipshared/6039/hdl/lib_srl_fifo_v1_0_rfs.vhd:1000]
INFO: [Synth 8-638] synthesizing module 'srl_fifo_rbu_f__parameterized2' [c:/Users/Jaimin/XilinxProjects/MicroBlazeServer/MicroBlazeServer.srcs/sources_1/bd/design_1/ipshared/6039/hdl/lib_srl_fifo_v1_0_rfs.vhd:697]
INFO: [Synth 8-638] synthesizing module 'dynshreg_f__parameterized2' [c:/Users/Jaimin/XilinxProjects/MicroBlazeServer/MicroBlazeServer.srcs/sources_1/bd/design_1/ipshared/6039/hdl/lib_srl_fifo_v1_0_rfs.vhd:397]
INFO: [Synth 8-256] done synthesizing module 'dynshreg_f__parameterized2' (57#1) [c:/Users/Jaimin/XilinxProjects/MicroBlazeServer/MicroBlazeServer.srcs/sources_1/bd/design_1/ipshared/6039/hdl/lib_srl_fifo_v1_0_rfs.vhd:397]
INFO: [Synth 8-256] done synthesizing module 'srl_fifo_rbu_f__parameterized2' (57#1) [c:/Users/Jaimin/XilinxProjects/MicroBlazeServer/MicroBlazeServer.srcs/sources_1/bd/design_1/ipshared/6039/hdl/lib_srl_fifo_v1_0_rfs.vhd:697]
INFO: [Synth 8-256] done synthesizing module 'srl_fifo_f__parameterized2' (57#1) [c:/Users/Jaimin/XilinxProjects/MicroBlazeServer/MicroBlazeServer.srcs/sources_1/bd/design_1/ipshared/6039/hdl/lib_srl_fifo_v1_0_rfs.vhd:1000]
INFO: [Synth 8-256] done synthesizing module 'axi_dma_mm2s_sg_if' (58#1) [c:/Users/Jaimin/XilinxProjects/MicroBlazeServer/MicroBlazeServer.srcs/sources_1/bd/design_1/ipshared/e8cb/hdl/axi_dma_v7_1_vh_rfs.vhd:12158]
INFO: [Synth 8-638] synthesizing module 'axi_dma_mm2s_cmdsts_if' [c:/Users/Jaimin/XilinxProjects/MicroBlazeServer/MicroBlazeServer.srcs/sources_1/bd/design_1/ipshared/e8cb/hdl/axi_dma_v7_1_vh_rfs.vhd:13668]
INFO: [Synth 8-256] done synthesizing module 'axi_dma_mm2s_cmdsts_if' (59#1) [c:/Users/Jaimin/XilinxProjects/MicroBlazeServer/MicroBlazeServer.srcs/sources_1/bd/design_1/ipshared/e8cb/hdl/axi_dma_v7_1_vh_rfs.vhd:13668]
INFO: [Synth 8-638] synthesizing module 'axi_dma_mm2s_sts_mngr' [c:/Users/Jaimin/XilinxProjects/MicroBlazeServer/MicroBlazeServer.srcs/sources_1/bd/design_1/ipshared/e8cb/hdl/axi_dma_v7_1_vh_rfs.vhd:13983]
INFO: [Synth 8-256] done synthesizing module 'axi_dma_mm2s_sts_mngr' (60#1) [c:/Users/Jaimin/XilinxProjects/MicroBlazeServer/MicroBlazeServer.srcs/sources_1/bd/design_1/ipshared/e8cb/hdl/axi_dma_v7_1_vh_rfs.vhd:13983]
INFO: [Synth 8-256] done synthesizing module 'axi_dma_mm2s_mngr' (61#1) [c:/Users/Jaimin/XilinxProjects/MicroBlazeServer/MicroBlazeServer.srcs/sources_1/bd/design_1/ipshared/e8cb/hdl/axi_dma_v7_1_vh_rfs.vhd:14884]
INFO: [Synth 8-638] synthesizing module 'axi_dma_sofeof_gen' [c:/Users/Jaimin/XilinxProjects/MicroBlazeServer/MicroBlazeServer.srcs/sources_1/bd/design_1/ipshared/e8cb/hdl/axi_dma_v7_1_vh_rfs.vhd:11155]
INFO: [Synth 8-256] done synthesizing module 'axi_dma_sofeof_gen' (62#1) [c:/Users/Jaimin/XilinxProjects/MicroBlazeServer/MicroBlazeServer.srcs/sources_1/bd/design_1/ipshared/e8cb/hdl/axi_dma_v7_1_vh_rfs.vhd:11155]
INFO: [Synth 8-638] synthesizing module 'axi_dma_s2mm_mngr' [c:/Users/Jaimin/XilinxProjects/MicroBlazeServer/MicroBlazeServer.srcs/sources_1/bd/design_1/ipshared/e8cb/hdl/axi_dma_v7_1_vh_rfs.vhd:20222]
INFO: [Synth 8-638] synthesizing module 'axi_dma_s2mm_sm' [c:/Users/Jaimin/XilinxProjects/MicroBlazeServer/MicroBlazeServer.srcs/sources_1/bd/design_1/ipshared/e8cb/hdl/axi_dma_v7_1_vh_rfs.vhd:17440]
INFO: [Synth 8-256] done synthesizing module 'axi_dma_s2mm_sm' (63#1) [c:/Users/Jaimin/XilinxProjects/MicroBlazeServer/MicroBlazeServer.srcs/sources_1/bd/design_1/ipshared/e8cb/hdl/axi_dma_v7_1_vh_rfs.vhd:17440]
INFO: [Synth 8-638] synthesizing module 'axi_dma_s2mm_sg_if' [c:/Users/Jaimin/XilinxProjects/MicroBlazeServer/MicroBlazeServer.srcs/sources_1/bd/design_1/ipshared/e8cb/hdl/axi_dma_v7_1_vh_rfs.vhd:15839]
INFO: [Synth 8-256] done synthesizing module 'axi_dma_s2mm_sg_if' (64#1) [c:/Users/Jaimin/XilinxProjects/MicroBlazeServer/MicroBlazeServer.srcs/sources_1/bd/design_1/ipshared/e8cb/hdl/axi_dma_v7_1_vh_rfs.vhd:15839]
INFO: [Synth 8-638] synthesizing module 'axi_dma_s2mm_cmdsts_if' [c:/Users/Jaimin/XilinxProjects/MicroBlazeServer/MicroBlazeServer.srcs/sources_1/bd/design_1/ipshared/e8cb/hdl/axi_dma_v7_1_vh_rfs.vhd:18487]
INFO: [Synth 8-256] done synthesizing module 'axi_dma_s2mm_cmdsts_if' (65#1) [c:/Users/Jaimin/XilinxProjects/MicroBlazeServer/MicroBlazeServer.srcs/sources_1/bd/design_1/ipshared/e8cb/hdl/axi_dma_v7_1_vh_rfs.vhd:18487]
INFO: [Synth 8-638] synthesizing module 'axi_dma_s2mm_sts_mngr' [c:/Users/Jaimin/XilinxProjects/MicroBlazeServer/MicroBlazeServer.srcs/sources_1/bd/design_1/ipshared/e8cb/hdl/axi_dma_v7_1_vh_rfs.vhd:18917]
INFO: [Synth 8-256] done synthesizing module 'axi_dma_s2mm_sts_mngr' (66#1) [c:/Users/Jaimin/XilinxProjects/MicroBlazeServer/MicroBlazeServer.srcs/sources_1/bd/design_1/ipshared/e8cb/hdl/axi_dma_v7_1_vh_rfs.vhd:18917]
INFO: [Synth 8-638] synthesizing module 'axi_dma_s2mm_sts_strm' [c:/Users/Jaimin/XilinxProjects/MicroBlazeServer/MicroBlazeServer.srcs/sources_1/bd/design_1/ipshared/e8cb/hdl/axi_dma_v7_1_vh_rfs.vhd:19219]
INFO: [Synth 8-638] synthesizing module 'srl_fifo_f__parameterized3' [c:/Users/Jaimin/XilinxProjects/MicroBlazeServer/MicroBlazeServer.srcs/sources_1/bd/design_1/ipshared/6039/hdl/lib_srl_fifo_v1_0_rfs.vhd:1000]
INFO: [Synth 8-638] synthesizing module 'srl_fifo_rbu_f__parameterized3' [c:/Users/Jaimin/XilinxProjects/MicroBlazeServer/MicroBlazeServer.srcs/sources_1/bd/design_1/ipshared/6039/hdl/lib_srl_fifo_v1_0_rfs.vhd:697]
INFO: [Synth 8-638] synthesizing module 'dynshreg_f__parameterized3' [c:/Users/Jaimin/XilinxProjects/MicroBlazeServer/MicroBlazeServer.srcs/sources_1/bd/design_1/ipshared/6039/hdl/lib_srl_fifo_v1_0_rfs.vhd:397]
INFO: [Synth 8-256] done synthesizing module 'dynshreg_f__parameterized3' (66#1) [c:/Users/Jaimin/XilinxProjects/MicroBlazeServer/MicroBlazeServer.srcs/sources_1/bd/design_1/ipshared/6039/hdl/lib_srl_fifo_v1_0_rfs.vhd:397]
INFO: [Synth 8-256] done synthesizing module 'srl_fifo_rbu_f__parameterized3' (66#1) [c:/Users/Jaimin/XilinxProjects/MicroBlazeServer/MicroBlazeServer.srcs/sources_1/bd/design_1/ipshared/6039/hdl/lib_srl_fifo_v1_0_rfs.vhd:697]
INFO: [Synth 8-256] done synthesizing module 'srl_fifo_f__parameterized3' (66#1) [c:/Users/Jaimin/XilinxProjects/MicroBlazeServer/MicroBlazeServer.srcs/sources_1/bd/design_1/ipshared/6039/hdl/lib_srl_fifo_v1_0_rfs.vhd:1000]
INFO: [Synth 8-256] done synthesizing module 'axi_dma_s2mm_sts_strm' (67#1) [c:/Users/Jaimin/XilinxProjects/MicroBlazeServer/MicroBlazeServer.srcs/sources_1/bd/design_1/ipshared/e8cb/hdl/axi_dma_v7_1_vh_rfs.vhd:19219]
INFO: [Synth 8-256] done synthesizing module 'axi_dma_s2mm_mngr' (68#1) [c:/Users/Jaimin/XilinxProjects/MicroBlazeServer/MicroBlazeServer.srcs/sources_1/bd/design_1/ipshared/e8cb/hdl/axi_dma_v7_1_vh_rfs.vhd:20222]
INFO: [Synth 8-638] synthesizing module 'axi_datamover' [c:/Users/Jaimin/XilinxProjects/MicroBlazeServer/MicroBlazeServer.srcs/sources_1/bd/design_1/ipshared/9afd/hdl/axi_datamover_v5_1_vh_rfs.vhd:55410]
INFO: [Synth 8-638] synthesizing module 'axi_datamover_mm2s_full_wrap' [c:/Users/Jaimin/XilinxProjects/MicroBlazeServer/MicroBlazeServer.srcs/sources_1/bd/design_1/ipshared/9afd/hdl/axi_datamover_v5_1_vh_rfs.vhd:53548]
INFO: [Synth 8-638] synthesizing module 'axi_datamover_reset' [c:/Users/Jaimin/XilinxProjects/MicroBlazeServer/MicroBlazeServer.srcs/sources_1/bd/design_1/ipshared/9afd/hdl/axi_datamover_v5_1_vh_rfs.vhd:153]
INFO: [Synth 8-256] done synthesizing module 'axi_datamover_reset' (69#1) [c:/Users/Jaimin/XilinxProjects/MicroBlazeServer/MicroBlazeServer.srcs/sources_1/bd/design_1/ipshared/9afd/hdl/axi_datamover_v5_1_vh_rfs.vhd:153]
INFO: [Synth 8-638] synthesizing module 'axi_datamover_cmd_status' [c:/Users/Jaimin/XilinxProjects/MicroBlazeServer/MicroBlazeServer.srcs/sources_1/bd/design_1/ipshared/9afd/hdl/axi_datamover_v5_1_vh_rfs.vhd:2693]
INFO: [Synth 8-638] synthesizing module 'axi_datamover_fifo' [c:/Users/Jaimin/XilinxProjects/MicroBlazeServer/MicroBlazeServer.srcs/sources_1/bd/design_1/ipshared/9afd/hdl/axi_datamover_v5_1_vh_rfs.vhd:1881]
INFO: [Synth 8-256] done synthesizing module 'axi_datamover_fifo' (70#1) [c:/Users/Jaimin/XilinxProjects/MicroBlazeServer/MicroBlazeServer.srcs/sources_1/bd/design_1/ipshared/9afd/hdl/axi_datamover_v5_1_vh_rfs.vhd:1881]
INFO: [Synth 8-638] synthesizing module 'axi_datamover_fifo__parameterized0' [c:/Users/Jaimin/XilinxProjects/MicroBlazeServer/MicroBlazeServer.srcs/sources_1/bd/design_1/ipshared/9afd/hdl/axi_datamover_v5_1_vh_rfs.vhd:1881]
INFO: [Synth 8-256] done synthesizing module 'axi_datamover_fifo__parameterized0' (70#1) [c:/Users/Jaimin/XilinxProjects/MicroBlazeServer/MicroBlazeServer.srcs/sources_1/bd/design_1/ipshared/9afd/hdl/axi_datamover_v5_1_vh_rfs.vhd:1881]
INFO: [Synth 8-256] done synthesizing module 'axi_datamover_cmd_status' (71#1) [c:/Users/Jaimin/XilinxProjects/MicroBlazeServer/MicroBlazeServer.srcs/sources_1/bd/design_1/ipshared/9afd/hdl/axi_datamover_v5_1_vh_rfs.vhd:2693]
INFO: [Synth 8-638] synthesizing module 'axi_datamover_rd_status_cntl' [c:/Users/Jaimin/XilinxProjects/MicroBlazeServer/MicroBlazeServer.srcs/sources_1/bd/design_1/ipshared/9afd/hdl/axi_datamover_v5_1_vh_rfs.vhd:13741]
INFO: [Synth 8-256] done synthesizing module 'axi_datamover_rd_status_cntl' (72#1) [c:/Users/Jaimin/XilinxProjects/MicroBlazeServer/MicroBlazeServer.srcs/sources_1/bd/design_1/ipshared/9afd/hdl/axi_datamover_v5_1_vh_rfs.vhd:13741]
INFO: [Synth 8-638] synthesizing module 'axi_datamover_pcc' [c:/Users/Jaimin/XilinxProjects/MicroBlazeServer/MicroBlazeServer.srcs/sources_1/bd/design_1/ipshared/9afd/hdl/axi_datamover_v5_1_vh_rfs.vhd:7411]
INFO: [Synth 8-638] synthesizing module 'axi_datamover_strb_gen2' [c:/Users/Jaimin/XilinxProjects/MicroBlazeServer/MicroBlazeServer.srcs/sources_1/bd/design_1/ipshared/9afd/hdl/axi_datamover_v5_1_vh_rfs.vhd:4337]
INFO: [Synth 8-256] done synthesizing module 'axi_datamover_strb_gen2' (73#1) [c:/Users/Jaimin/XilinxProjects/MicroBlazeServer/MicroBlazeServer.srcs/sources_1/bd/design_1/ipshared/9afd/hdl/axi_datamover_v5_1_vh_rfs.vhd:4337]
INFO: [Synth 8-638] synthesizing module 'axi_datamover_strb_gen2__parameterized0' [c:/Users/Jaimin/XilinxProjects/MicroBlazeServer/MicroBlazeServer.srcs/sources_1/bd/design_1/ipshared/9afd/hdl/axi_datamover_v5_1_vh_rfs.vhd:4337]
INFO: [Synth 8-256] done synthesizing module 'axi_datamover_strb_gen2__parameterized0' (73#1) [c:/Users/Jaimin/XilinxProjects/MicroBlazeServer/MicroBlazeServer.srcs/sources_1/bd/design_1/ipshared/9afd/hdl/axi_datamover_v5_1_vh_rfs.vhd:4337]
INFO: [Synth 8-256] done synthesizing module 'axi_datamover_pcc' (74#1) [c:/Users/Jaimin/XilinxProjects/MicroBlazeServer/MicroBlazeServer.srcs/sources_1/bd/design_1/ipshared/9afd/hdl/axi_datamover_v5_1_vh_rfs.vhd:7411]
INFO: [Synth 8-638] synthesizing module 'axi_datamover_addr_cntl' [c:/Users/Jaimin/XilinxProjects/MicroBlazeServer/MicroBlazeServer.srcs/sources_1/bd/design_1/ipshared/9afd/hdl/axi_datamover_v5_1_vh_rfs.vhd:9995]
INFO: [Synth 8-638] synthesizing module 'axi_datamover_fifo__parameterized1' [c:/Users/Jaimin/XilinxProjects/MicroBlazeServer/MicroBlazeServer.srcs/sources_1/bd/design_1/ipshared/9afd/hdl/axi_datamover_v5_1_vh_rfs.vhd:1881]
INFO: [Synth 8-638] synthesizing module 'srl_fifo_f__parameterized4' [c:/Users/Jaimin/XilinxProjects/MicroBlazeServer/MicroBlazeServer.srcs/sources_1/bd/design_1/ipshared/6039/hdl/lib_srl_fifo_v1_0_rfs.vhd:1000]
INFO: [Synth 8-638] synthesizing module 'srl_fifo_rbu_f__parameterized4' [c:/Users/Jaimin/XilinxProjects/MicroBlazeServer/MicroBlazeServer.srcs/sources_1/bd/design_1/ipshared/6039/hdl/lib_srl_fifo_v1_0_rfs.vhd:697]
INFO: [Synth 8-638] synthesizing module 'dynshreg_f__parameterized4' [c:/Users/Jaimin/XilinxProjects/MicroBlazeServer/MicroBlazeServer.srcs/sources_1/bd/design_1/ipshared/6039/hdl/lib_srl_fifo_v1_0_rfs.vhd:397]
INFO: [Synth 8-256] done synthesizing module 'dynshreg_f__parameterized4' (74#1) [c:/Users/Jaimin/XilinxProjects/MicroBlazeServer/MicroBlazeServer.srcs/sources_1/bd/design_1/ipshared/6039/hdl/lib_srl_fifo_v1_0_rfs.vhd:397]
INFO: [Synth 8-256] done synthesizing module 'srl_fifo_rbu_f__parameterized4' (74#1) [c:/Users/Jaimin/XilinxProjects/MicroBlazeServer/MicroBlazeServer.srcs/sources_1/bd/design_1/ipshared/6039/hdl/lib_srl_fifo_v1_0_rfs.vhd:697]
INFO: [Synth 8-256] done synthesizing module 'srl_fifo_f__parameterized4' (74#1) [c:/Users/Jaimin/XilinxProjects/MicroBlazeServer/MicroBlazeServer.srcs/sources_1/bd/design_1/ipshared/6039/hdl/lib_srl_fifo_v1_0_rfs.vhd:1000]
INFO: [Synth 8-256] done synthesizing module 'axi_datamover_fifo__parameterized1' (74#1) [c:/Users/Jaimin/XilinxProjects/MicroBlazeServer/MicroBlazeServer.srcs/sources_1/bd/design_1/ipshared/9afd/hdl/axi_datamover_v5_1_vh_rfs.vhd:1881]
INFO: [Synth 8-256] done synthesizing module 'axi_datamover_addr_cntl' (75#1) [c:/Users/Jaimin/XilinxProjects/MicroBlazeServer/MicroBlazeServer.srcs/sources_1/bd/design_1/ipshared/9afd/hdl/axi_datamover_v5_1_vh_rfs.vhd:9995]
INFO: [Synth 8-638] synthesizing module 'axi_datamover_rddata_cntl' [c:/Users/Jaimin/XilinxProjects/MicroBlazeServer/MicroBlazeServer.srcs/sources_1/bd/design_1/ipshared/9afd/hdl/axi_datamover_v5_1_vh_rfs.vhd:12180]
INFO: [Synth 8-638] synthesizing module 'axi_datamover_rdmux' [c:/Users/Jaimin/XilinxProjects/MicroBlazeServer/MicroBlazeServer.srcs/sources_1/bd/design_1/ipshared/9afd/hdl/axi_datamover_v5_1_vh_rfs.vhd:10676]
INFO: [Synth 8-256] done synthesizing module 'axi_datamover_rdmux' (76#1) [c:/Users/Jaimin/XilinxProjects/MicroBlazeServer/MicroBlazeServer.srcs/sources_1/bd/design_1/ipshared/9afd/hdl/axi_datamover_v5_1_vh_rfs.vhd:10676]
INFO: [Synth 8-638] synthesizing module 'axi_datamover_fifo__parameterized2' [c:/Users/Jaimin/XilinxProjects/MicroBlazeServer/MicroBlazeServer.srcs/sources_1/bd/design_1/ipshared/9afd/hdl/axi_datamover_v5_1_vh_rfs.vhd:1881]
INFO: [Synth 8-638] synthesizing module 'srl_fifo_f__parameterized5' [c:/Users/Jaimin/XilinxProjects/MicroBlazeServer/MicroBlazeServer.srcs/sources_1/bd/design_1/ipshared/6039/hdl/lib_srl_fifo_v1_0_rfs.vhd:1000]
INFO: [Synth 8-638] synthesizing module 'srl_fifo_rbu_f__parameterized5' [c:/Users/Jaimin/XilinxProjects/MicroBlazeServer/MicroBlazeServer.srcs/sources_1/bd/design_1/ipshared/6039/hdl/lib_srl_fifo_v1_0_rfs.vhd:697]
INFO: [Synth 8-638] synthesizing module 'dynshreg_f__parameterized5' [c:/Users/Jaimin/XilinxProjects/MicroBlazeServer/MicroBlazeServer.srcs/sources_1/bd/design_1/ipshared/6039/hdl/lib_srl_fifo_v1_0_rfs.vhd:397]
INFO: [Synth 8-256] done synthesizing module 'dynshreg_f__parameterized5' (76#1) [c:/Users/Jaimin/XilinxProjects/MicroBlazeServer/MicroBlazeServer.srcs/sources_1/bd/design_1/ipshared/6039/hdl/lib_srl_fifo_v1_0_rfs.vhd:397]
INFO: [Synth 8-256] done synthesizing module 'srl_fifo_rbu_f__parameterized5' (76#1) [c:/Users/Jaimin/XilinxProjects/MicroBlazeServer/MicroBlazeServer.srcs/sources_1/bd/design_1/ipshared/6039/hdl/lib_srl_fifo_v1_0_rfs.vhd:697]
INFO: [Synth 8-256] done synthesizing module 'srl_fifo_f__parameterized5' (76#1) [c:/Users/Jaimin/XilinxProjects/MicroBlazeServer/MicroBlazeServer.srcs/sources_1/bd/design_1/ipshared/6039/hdl/lib_srl_fifo_v1_0_rfs.vhd:1000]
INFO: [Synth 8-256] done synthesizing module 'axi_datamover_fifo__parameterized2' (76#1) [c:/Users/Jaimin/XilinxProjects/MicroBlazeServer/MicroBlazeServer.srcs/sources_1/bd/design_1/ipshared/9afd/hdl/axi_datamover_v5_1_vh_rfs.vhd:1881]
INFO: [Synth 8-256] done synthesizing module 'axi_datamover_rddata_cntl' (77#1) [c:/Users/Jaimin/XilinxProjects/MicroBlazeServer/MicroBlazeServer.srcs/sources_1/bd/design_1/ipshared/9afd/hdl/axi_datamover_v5_1_vh_rfs.vhd:12180]
INFO: [Synth 8-638] synthesizing module 'axi_datamover_rd_sf' [c:/Users/Jaimin/XilinxProjects/MicroBlazeServer/MicroBlazeServer.srcs/sources_1/bd/design_1/ipshared/9afd/hdl/axi_datamover_v5_1_vh_rfs.vhd:20200]
INFO: [Synth 8-638] synthesizing module 'axi_datamover_fifo__parameterized3' [c:/Users/Jaimin/XilinxProjects/MicroBlazeServer/MicroBlazeServer.srcs/sources_1/bd/design_1/ipshared/9afd/hdl/axi_datamover_v5_1_vh_rfs.vhd:1881]
INFO: [Synth 8-638] synthesizing module 'srl_fifo_f__parameterized6' [c:/Users/Jaimin/XilinxProjects/MicroBlazeServer/MicroBlazeServer.srcs/sources_1/bd/design_1/ipshared/6039/hdl/lib_srl_fifo_v1_0_rfs.vhd:1000]
INFO: [Synth 8-638] synthesizing module 'srl_fifo_rbu_f__parameterized6' [c:/Users/Jaimin/XilinxProjects/MicroBlazeServer/MicroBlazeServer.srcs/sources_1/bd/design_1/ipshared/6039/hdl/lib_srl_fifo_v1_0_rfs.vhd:697]
INFO: [Synth 8-638] synthesizing module 'dynshreg_f__parameterized6' [c:/Users/Jaimin/XilinxProjects/MicroBlazeServer/MicroBlazeServer.srcs/sources_1/bd/design_1/ipshared/6039/hdl/lib_srl_fifo_v1_0_rfs.vhd:397]
INFO: [Synth 8-256] done synthesizing module 'dynshreg_f__parameterized6' (77#1) [c:/Users/Jaimin/XilinxProjects/MicroBlazeServer/MicroBlazeServer.srcs/sources_1/bd/design_1/ipshared/6039/hdl/lib_srl_fifo_v1_0_rfs.vhd:397]
INFO: [Synth 8-256] done synthesizing module 'srl_fifo_rbu_f__parameterized6' (77#1) [c:/Users/Jaimin/XilinxProjects/MicroBlazeServer/MicroBlazeServer.srcs/sources_1/bd/design_1/ipshared/6039/hdl/lib_srl_fifo_v1_0_rfs.vhd:697]
INFO: [Synth 8-256] done synthesizing module 'srl_fifo_f__parameterized6' (77#1) [c:/Users/Jaimin/XilinxProjects/MicroBlazeServer/MicroBlazeServer.srcs/sources_1/bd/design_1/ipshared/6039/hdl/lib_srl_fifo_v1_0_rfs.vhd:1000]
INFO: [Synth 8-256] done synthesizing module 'axi_datamover_fifo__parameterized3' (77#1) [c:/Users/Jaimin/XilinxProjects/MicroBlazeServer/MicroBlazeServer.srcs/sources_1/bd/design_1/ipshared/9afd/hdl/axi_datamover_v5_1_vh_rfs.vhd:1881]
INFO: [Synth 8-638] synthesizing module 'axi_datamover_sfifo_autord' [c:/Users/Jaimin/XilinxProjects/MicroBlazeServer/MicroBlazeServer.srcs/sources_1/bd/design_1/ipshared/9afd/hdl/axi_datamover_v5_1_vh_rfs.vhd:1294]
INFO: [Synth 8-638] synthesizing module 'sync_fifo_fg__parameterized0' [c:/Users/Jaimin/XilinxProjects/MicroBlazeServer/MicroBlazeServer.srcs/sources_1/bd/design_1/ipshared/c387/hdl/lib_fifo_v1_0_rfs.vhd:2097]
INFO: [Synth 8-256] done synthesizing module 'sync_fifo_fg__parameterized0' (89#1) [c:/Users/Jaimin/XilinxProjects/MicroBlazeServer/MicroBlazeServer.srcs/sources_1/bd/design_1/ipshared/c387/hdl/lib_fifo_v1_0_rfs.vhd:2097]
INFO: [Synth 8-256] done synthesizing module 'axi_datamover_sfifo_autord' (90#1) [c:/Users/Jaimin/XilinxProjects/MicroBlazeServer/MicroBlazeServer.srcs/sources_1/bd/design_1/ipshared/9afd/hdl/axi_datamover_v5_1_vh_rfs.vhd:1294]
INFO: [Synth 8-256] done synthesizing module 'axi_datamover_rd_sf' (91#1) [c:/Users/Jaimin/XilinxProjects/MicroBlazeServer/MicroBlazeServer.srcs/sources_1/bd/design_1/ipshared/9afd/hdl/axi_datamover_v5_1_vh_rfs.vhd:20200]
INFO: [Synth 8-638] synthesizing module 'axi_datamover_mm2s_dre' [c:/Users/Jaimin/XilinxProjects/MicroBlazeServer/MicroBlazeServer.srcs/sources_1/bd/design_1/ipshared/9afd/hdl/axi_datamover_v5_1_vh_rfs.vhd:30455]
INFO: [Synth 8-638] synthesizing module 'axi_datamover_dre_mux2_1_x_n' [c:/Users/Jaimin/XilinxProjects/MicroBlazeServer/MicroBlazeServer.srcs/sources_1/bd/design_1/ipshared/9afd/hdl/axi_datamover_v5_1_vh_rfs.vhd:29942]
INFO: [Synth 8-256] done synthesizing module 'axi_datamover_dre_mux2_1_x_n' (92#1) [c:/Users/Jaimin/XilinxProjects/MicroBlazeServer/MicroBlazeServer.srcs/sources_1/bd/design_1/ipshared/9afd/hdl/axi_datamover_v5_1_vh_rfs.vhd:29942]
INFO: [Synth 8-638] synthesizing module 'axi_datamover_dre_mux4_1_x_n' [c:/Users/Jaimin/XilinxProjects/MicroBlazeServer/MicroBlazeServer.srcs/sources_1/bd/design_1/ipshared/9afd/hdl/axi_datamover_v5_1_vh_rfs.vhd:30089]
INFO: [Synth 8-256] done synthesizing module 'axi_datamover_dre_mux4_1_x_n' (93#1) [c:/Users/Jaimin/XilinxProjects/MicroBlazeServer/MicroBlazeServer.srcs/sources_1/bd/design_1/ipshared/9afd/hdl/axi_datamover_v5_1_vh_rfs.vhd:30089]
INFO: [Synth 8-256] done synthesizing module 'axi_datamover_mm2s_dre' (94#1) [c:/Users/Jaimin/XilinxProjects/MicroBlazeServer/MicroBlazeServer.srcs/sources_1/bd/design_1/ipshared/9afd/hdl/axi_datamover_v5_1_vh_rfs.vhd:30455]
INFO: [Synth 8-638] synthesizing module 'axi_datamover_skid_buf' [c:/Users/Jaimin/XilinxProjects/MicroBlazeServer/MicroBlazeServer.srcs/sources_1/bd/design_1/ipshared/9afd/hdl/axi_datamover_v5_1_vh_rfs.vhd:19492]
INFO: [Synth 8-256] done synthesizing module 'axi_datamover_skid_buf' (95#1) [c:/Users/Jaimin/XilinxProjects/MicroBlazeServer/MicroBlazeServer.srcs/sources_1/bd/design_1/ipshared/9afd/hdl/axi_datamover_v5_1_vh_rfs.vhd:19492]
INFO: [Synth 8-256] done synthesizing module 'axi_datamover_mm2s_full_wrap' (96#1) [c:/Users/Jaimin/XilinxProjects/MicroBlazeServer/MicroBlazeServer.srcs/sources_1/bd/design_1/ipshared/9afd/hdl/axi_datamover_v5_1_vh_rfs.vhd:53548]
INFO: [Synth 8-638] synthesizing module 'axi_datamover_s2mm_full_wrap' [c:/Users/Jaimin/XilinxProjects/MicroBlazeServer/MicroBlazeServer.srcs/sources_1/bd/design_1/ipshared/9afd/hdl/axi_datamover_v5_1_vh_rfs.vhd:49982]
INFO: [Synth 8-638] synthesizing module 'axi_datamover_wr_status_cntl' [c:/Users/Jaimin/XilinxProjects/MicroBlazeServer/MicroBlazeServer.srcs/sources_1/bd/design_1/ipshared/9afd/hdl/axi_datamover_v5_1_vh_rfs.vhd:17697]
INFO: [Synth 8-638] synthesizing module 'axi_datamover_fifo__parameterized4' [c:/Users/Jaimin/XilinxProjects/MicroBlazeServer/MicroBlazeServer.srcs/sources_1/bd/design_1/ipshared/9afd/hdl/axi_datamover_v5_1_vh_rfs.vhd:1881]
INFO: [Synth 8-638] synthesizing module 'srl_fifo_f__parameterized7' [c:/Users/Jaimin/XilinxProjects/MicroBlazeServer/MicroBlazeServer.srcs/sources_1/bd/design_1/ipshared/6039/hdl/lib_srl_fifo_v1_0_rfs.vhd:1000]
INFO: [Synth 8-638] synthesizing module 'srl_fifo_rbu_f__parameterized7' [c:/Users/Jaimin/XilinxProjects/MicroBlazeServer/MicroBlazeServer.srcs/sources_1/bd/design_1/ipshared/6039/hdl/lib_srl_fifo_v1_0_rfs.vhd:697]
INFO: [Synth 8-638] synthesizing module 'cntr_incr_decr_addn_f__parameterized1' [c:/Users/Jaimin/XilinxProjects/MicroBlazeServer/MicroBlazeServer.srcs/sources_1/bd/design_1/ipshared/6039/hdl/lib_srl_fifo_v1_0_rfs.vhd:143]
INFO: [Synth 8-256] done synthesizing module 'cntr_incr_decr_addn_f__parameterized1' (96#1) [c:/Users/Jaimin/XilinxProjects/MicroBlazeServer/MicroBlazeServer.srcs/sources_1/bd/design_1/ipshared/6039/hdl/lib_srl_fifo_v1_0_rfs.vhd:143]
INFO: [Synth 8-638] synthesizing module 'dynshreg_f__parameterized7' [c:/Users/Jaimin/XilinxProjects/MicroBlazeServer/MicroBlazeServer.srcs/sources_1/bd/design_1/ipshared/6039/hdl/lib_srl_fifo_v1_0_rfs.vhd:397]
INFO: [Synth 8-256] done synthesizing module 'dynshreg_f__parameterized7' (96#1) [c:/Users/Jaimin/XilinxProjects/MicroBlazeServer/MicroBlazeServer.srcs/sources_1/bd/design_1/ipshared/6039/hdl/lib_srl_fifo_v1_0_rfs.vhd:397]
INFO: [Synth 8-256] done synthesizing module 'srl_fifo_rbu_f__parameterized7' (96#1) [c:/Users/Jaimin/XilinxProjects/MicroBlazeServer/MicroBlazeServer.srcs/sources_1/bd/design_1/ipshared/6039/hdl/lib_srl_fifo_v1_0_rfs.vhd:697]
INFO: [Synth 8-256] done synthesizing module 'srl_fifo_f__parameterized7' (96#1) [c:/Users/Jaimin/XilinxProjects/MicroBlazeServer/MicroBlazeServer.srcs/sources_1/bd/design_1/ipshared/6039/hdl/lib_srl_fifo_v1_0_rfs.vhd:1000]
INFO: [Synth 8-256] done synthesizing module 'axi_datamover_fifo__parameterized4' (96#1) [c:/Users/Jaimin/XilinxProjects/MicroBlazeServer/MicroBlazeServer.srcs/sources_1/bd/design_1/ipshared/9afd/hdl/axi_datamover_v5_1_vh_rfs.vhd:1881]
INFO: [Synth 8-638] synthesizing module 'axi_datamover_fifo__parameterized5' [c:/Users/Jaimin/XilinxProjects/MicroBlazeServer/MicroBlazeServer.srcs/sources_1/bd/design_1/ipshared/9afd/hdl/axi_datamover_v5_1_vh_rfs.vhd:1881]
INFO: [Synth 8-638] synthesizing module 'srl_fifo_f__parameterized8' [c:/Users/Jaimin/XilinxProjects/MicroBlazeServer/MicroBlazeServer.srcs/sources_1/bd/design_1/ipshared/6039/hdl/lib_srl_fifo_v1_0_rfs.vhd:1000]
INFO: [Synth 8-638] synthesizing module 'srl_fifo_rbu_f__parameterized8' [c:/Users/Jaimin/XilinxProjects/MicroBlazeServer/MicroBlazeServer.srcs/sources_1/bd/design_1/ipshared/6039/hdl/lib_srl_fifo_v1_0_rfs.vhd:697]
INFO: [Synth 8-638] synthesizing module 'dynshreg_f__parameterized8' [c:/Users/Jaimin/XilinxProjects/MicroBlazeServer/MicroBlazeServer.srcs/sources_1/bd/design_1/ipshared/6039/hdl/lib_srl_fifo_v1_0_rfs.vhd:397]
INFO: [Synth 8-256] done synthesizing module 'dynshreg_f__parameterized8' (96#1) [c:/Users/Jaimin/XilinxProjects/MicroBlazeServer/MicroBlazeServer.srcs/sources_1/bd/design_1/ipshared/6039/hdl/lib_srl_fifo_v1_0_rfs.vhd:397]
INFO: [Synth 8-256] done synthesizing module 'srl_fifo_rbu_f__parameterized8' (96#1) [c:/Users/Jaimin/XilinxProjects/MicroBlazeServer/MicroBlazeServer.srcs/sources_1/bd/design_1/ipshared/6039/hdl/lib_srl_fifo_v1_0_rfs.vhd:697]
INFO: [Synth 8-256] done synthesizing module 'srl_fifo_f__parameterized8' (96#1) [c:/Users/Jaimin/XilinxProjects/MicroBlazeServer/MicroBlazeServer.srcs/sources_1/bd/design_1/ipshared/6039/hdl/lib_srl_fifo_v1_0_rfs.vhd:1000]
INFO: [Synth 8-256] done synthesizing module 'axi_datamover_fifo__parameterized5' (96#1) [c:/Users/Jaimin/XilinxProjects/MicroBlazeServer/MicroBlazeServer.srcs/sources_1/bd/design_1/ipshared/9afd/hdl/axi_datamover_v5_1_vh_rfs.vhd:1881]
INFO: [Synth 8-256] done synthesizing module 'axi_datamover_wr_status_cntl' (97#1) [c:/Users/Jaimin/XilinxProjects/MicroBlazeServer/MicroBlazeServer.srcs/sources_1/bd/design_1/ipshared/9afd/hdl/axi_datamover_v5_1_vh_rfs.vhd:17697]
INFO: [Synth 8-638] synthesizing module 'axi_datamover_pcc__parameterized0' [c:/Users/Jaimin/XilinxProjects/MicroBlazeServer/MicroBlazeServer.srcs/sources_1/bd/design_1/ipshared/9afd/hdl/axi_datamover_v5_1_vh_rfs.vhd:7411]
INFO: [Synth 8-256] done synthesizing module 'axi_datamover_pcc__parameterized0' (97#1) [c:/Users/Jaimin/XilinxProjects/MicroBlazeServer/MicroBlazeServer.srcs/sources_1/bd/design_1/ipshared/9afd/hdl/axi_datamover_v5_1_vh_rfs.vhd:7411]
INFO: [Synth 8-638] synthesizing module 'axi_datamover_s2mm_realign' [c:/Users/Jaimin/XilinxProjects/MicroBlazeServer/MicroBlazeServer.srcs/sources_1/bd/design_1/ipshared/9afd/hdl/axi_datamover_v5_1_vh_rfs.vhd:46998]
INFO: [Synth 8-638] synthesizing module 'axi_datamover_fifo__parameterized6' [c:/Users/Jaimin/XilinxProjects/MicroBlazeServer/MicroBlazeServer.srcs/sources_1/bd/design_1/ipshared/9afd/hdl/axi_datamover_v5_1_vh_rfs.vhd:1881]
INFO: [Synth 8-638] synthesizing module 'srl_fifo_f__parameterized9' [c:/Users/Jaimin/XilinxProjects/MicroBlazeServer/MicroBlazeServer.srcs/sources_1/bd/design_1/ipshared/6039/hdl/lib_srl_fifo_v1_0_rfs.vhd:1000]
INFO: [Synth 8-638] synthesizing module 'srl_fifo_rbu_f__parameterized9' [c:/Users/Jaimin/XilinxProjects/MicroBlazeServer/MicroBlazeServer.srcs/sources_1/bd/design_1/ipshared/6039/hdl/lib_srl_fifo_v1_0_rfs.vhd:697]
INFO: [Synth 8-638] synthesizing module 'dynshreg_f__parameterized9' [c:/Users/Jaimin/XilinxProjects/MicroBlazeServer/MicroBlazeServer.srcs/sources_1/bd/design_1/ipshared/6039/hdl/lib_srl_fifo_v1_0_rfs.vhd:397]
INFO: [Synth 8-256] done synthesizing module 'dynshreg_f__parameterized9' (97#1) [c:/Users/Jaimin/XilinxProjects/MicroBlazeServer/MicroBlazeServer.srcs/sources_1/bd/design_1/ipshared/6039/hdl/lib_srl_fifo_v1_0_rfs.vhd:397]
INFO: [Synth 8-256] done synthesizing module 'srl_fifo_rbu_f__parameterized9' (97#1) [c:/Users/Jaimin/XilinxProjects/MicroBlazeServer/MicroBlazeServer.srcs/sources_1/bd/design_1/ipshared/6039/hdl/lib_srl_fifo_v1_0_rfs.vhd:697]
INFO: [Synth 8-256] done synthesizing module 'srl_fifo_f__parameterized9' (97#1) [c:/Users/Jaimin/XilinxProjects/MicroBlazeServer/MicroBlazeServer.srcs/sources_1/bd/design_1/ipshared/6039/hdl/lib_srl_fifo_v1_0_rfs.vhd:1000]
INFO: [Synth 8-256] done synthesizing module 'axi_datamover_fifo__parameterized6' (97#1) [c:/Users/Jaimin/XilinxProjects/MicroBlazeServer/MicroBlazeServer.srcs/sources_1/bd/design_1/ipshared/9afd/hdl/axi_datamover_v5_1_vh_rfs.vhd:1881]
INFO: [Synth 8-638] synthesizing module 'axi_datamover_s2mm_dre' [c:/Users/Jaimin/XilinxProjects/MicroBlazeServer/MicroBlazeServer.srcs/sources_1/bd/design_1/ipshared/9afd/hdl/axi_datamover_v5_1_vh_rfs.vhd:36555]
INFO: [Synth 8-256] done synthesizing module 'axi_datamover_s2mm_dre' (98#1) [c:/Users/Jaimin/XilinxProjects/MicroBlazeServer/MicroBlazeServer.srcs/sources_1/bd/design_1/ipshared/9afd/hdl/axi_datamover_v5_1_vh_rfs.vhd:36555]
INFO: [Synth 8-638] synthesizing module 'axi_datamover_s2mm_scatter' [c:/Users/Jaimin/XilinxProjects/MicroBlazeServer/MicroBlazeServer.srcs/sources_1/bd/design_1/ipshared/9afd/hdl/axi_datamover_v5_1_vh_rfs.vhd:45105]
INFO: [Synth 8-638] synthesizing module 'axi_datamover_mssai_skid_buf' [c:/Users/Jaimin/XilinxProjects/MicroBlazeServer/MicroBlazeServer.srcs/sources_1/bd/design_1/ipshared/9afd/hdl/axi_datamover_v5_1_vh_rfs.vhd:44155]
INFO: [Synth 8-638] synthesizing module 'axi_datamover_ms_strb_set' [c:/Users/Jaimin/XilinxProjects/MicroBlazeServer/MicroBlazeServer.srcs/sources_1/bd/design_1/ipshared/9afd/hdl/axi_datamover_v5_1_vh_rfs.vhd:42595]
INFO: [Synth 8-256] done synthesizing module 'axi_datamover_ms_strb_set' (99#1) [c:/Users/Jaimin/XilinxProjects/MicroBlazeServer/MicroBlazeServer.srcs/sources_1/bd/design_1/ipshared/9afd/hdl/axi_datamover_v5_1_vh_rfs.vhd:42595]
INFO: [Synth 8-256] done synthesizing module 'axi_datamover_mssai_skid_buf' (100#1) [c:/Users/Jaimin/XilinxProjects/MicroBlazeServer/MicroBlazeServer.srcs/sources_1/bd/design_1/ipshared/9afd/hdl/axi_datamover_v5_1_vh_rfs.vhd:44155]
INFO: [Synth 8-638] synthesizing module 'axi_datamover_slice' [c:/Users/Jaimin/XilinxProjects/MicroBlazeServer/MicroBlazeServer.srcs/sources_1/bd/design_1/ipshared/9afd/hdl/axi_datamover_v5_1_vh_rfs.vhd:44844]
INFO: [Synth 8-256] done synthesizing module 'axi_datamover_slice' (101#1) [c:/Users/Jaimin/XilinxProjects/MicroBlazeServer/MicroBlazeServer.srcs/sources_1/bd/design_1/ipshared/9afd/hdl/axi_datamover_v5_1_vh_rfs.vhd:44844]
INFO: [Synth 8-638] synthesizing module 'axi_datamover_fifo__parameterized7' [c:/Users/Jaimin/XilinxProjects/MicroBlazeServer/MicroBlazeServer.srcs/sources_1/bd/design_1/ipshared/9afd/hdl/axi_datamover_v5_1_vh_rfs.vhd:1881]
INFO: [Synth 8-638] synthesizing module 'srl_fifo_f__parameterized10' [c:/Users/Jaimin/XilinxProjects/MicroBlazeServer/MicroBlazeServer.srcs/sources_1/bd/design_1/ipshared/6039/hdl/lib_srl_fifo_v1_0_rfs.vhd:1000]
INFO: [Synth 8-638] synthesizing module 'srl_fifo_rbu_f__parameterized10' [c:/Users/Jaimin/XilinxProjects/MicroBlazeServer/MicroBlazeServer.srcs/sources_1/bd/design_1/ipshared/6039/hdl/lib_srl_fifo_v1_0_rfs.vhd:697]
INFO: [Synth 8-638] synthesizing module 'dynshreg_f__parameterized10' [c:/Users/Jaimin/XilinxProjects/MicroBlazeServer/MicroBlazeServer.srcs/sources_1/bd/design_1/ipshared/6039/hdl/lib_srl_fifo_v1_0_rfs.vhd:397]
INFO: [Synth 8-256] done synthesizing module 'dynshreg_f__parameterized10' (101#1) [c:/Users/Jaimin/XilinxProjects/MicroBlazeServer/MicroBlazeServer.srcs/sources_1/bd/design_1/ipshared/6039/hdl/lib_srl_fifo_v1_0_rfs.vhd:397]
INFO: [Synth 8-256] done synthesizing module 'srl_fifo_rbu_f__parameterized10' (101#1) [c:/Users/Jaimin/XilinxProjects/MicroBlazeServer/MicroBlazeServer.srcs/sources_1/bd/design_1/ipshared/6039/hdl/lib_srl_fifo_v1_0_rfs.vhd:697]
INFO: [Synth 8-256] done synthesizing module 'srl_fifo_f__parameterized10' (101#1) [c:/Users/Jaimin/XilinxProjects/MicroBlazeServer/MicroBlazeServer.srcs/sources_1/bd/design_1/ipshared/6039/hdl/lib_srl_fifo_v1_0_rfs.vhd:1000]
INFO: [Synth 8-256] done synthesizing module 'axi_datamover_fifo__parameterized7' (101#1) [c:/Users/Jaimin/XilinxProjects/MicroBlazeServer/MicroBlazeServer.srcs/sources_1/bd/design_1/ipshared/9afd/hdl/axi_datamover_v5_1_vh_rfs.vhd:1881]
INFO: [Synth 8-256] done synthesizing module 'axi_datamover_s2mm_scatter' (102#1) [c:/Users/Jaimin/XilinxProjects/MicroBlazeServer/MicroBlazeServer.srcs/sources_1/bd/design_1/ipshared/9afd/hdl/axi_datamover_v5_1_vh_rfs.vhd:45105]
INFO: [Synth 8-256] done synthesizing module 'axi_datamover_s2mm_realign' (103#1) [c:/Users/Jaimin/XilinxProjects/MicroBlazeServer/MicroBlazeServer.srcs/sources_1/bd/design_1/ipshared/9afd/hdl/axi_datamover_v5_1_vh_rfs.vhd:46998]
INFO: [Synth 8-638] synthesizing module 'axi_datamover_wr_sf' [c:/Users/Jaimin/XilinxProjects/MicroBlazeServer/MicroBlazeServer.srcs/sources_1/bd/design_1/ipshared/9afd/hdl/axi_datamover_v5_1_vh_rfs.vhd:22105]
INFO: [Synth 8-638] synthesizing module 'axi_datamover_sfifo_autord__parameterized0' [c:/Users/Jaimin/XilinxProjects/MicroBlazeServer/MicroBlazeServer.srcs/sources_1/bd/design_1/ipshared/9afd/hdl/axi_datamover_v5_1_vh_rfs.vhd:1294]
INFO: [Synth 8-638] synthesizing module 'sync_fifo_fg__parameterized1' [c:/Users/Jaimin/XilinxProjects/MicroBlazeServer/MicroBlazeServer.srcs/sources_1/bd/design_1/ipshared/c387/hdl/lib_fifo_v1_0_rfs.vhd:2097]
INFO: [Synth 8-256] done synthesizing module 'sync_fifo_fg__parameterized1' (103#1) [c:/Users/Jaimin/XilinxProjects/MicroBlazeServer/MicroBlazeServer.srcs/sources_1/bd/design_1/ipshared/c387/hdl/lib_fifo_v1_0_rfs.vhd:2097]
INFO: [Synth 8-256] done synthesizing module 'axi_datamover_sfifo_autord__parameterized0' (103#1) [c:/Users/Jaimin/XilinxProjects/MicroBlazeServer/MicroBlazeServer.srcs/sources_1/bd/design_1/ipshared/9afd/hdl/axi_datamover_v5_1_vh_rfs.vhd:1294]
INFO: [Synth 8-638] synthesizing module 'srl_fifo_f__parameterized11' [c:/Users/Jaimin/XilinxProjects/MicroBlazeServer/MicroBlazeServer.srcs/sources_1/bd/design_1/ipshared/6039/hdl/lib_srl_fifo_v1_0_rfs.vhd:1000]
INFO: [Synth 8-638] synthesizing module 'srl_fifo_rbu_f__parameterized11' [c:/Users/Jaimin/XilinxProjects/MicroBlazeServer/MicroBlazeServer.srcs/sources_1/bd/design_1/ipshared/6039/hdl/lib_srl_fifo_v1_0_rfs.vhd:697]
INFO: [Synth 8-638] synthesizing module 'dynshreg_f__parameterized11' [c:/Users/Jaimin/XilinxProjects/MicroBlazeServer/MicroBlazeServer.srcs/sources_1/bd/design_1/ipshared/6039/hdl/lib_srl_fifo_v1_0_rfs.vhd:397]
INFO: [Synth 8-256] done synthesizing module 'dynshreg_f__parameterized11' (103#1) [c:/Users/Jaimin/XilinxProjects/MicroBlazeServer/MicroBlazeServer.srcs/sources_1/bd/design_1/ipshared/6039/hdl/lib_srl_fifo_v1_0_rfs.vhd:397]
INFO: [Synth 8-256] done synthesizing module 'srl_fifo_rbu_f__parameterized11' (103#1) [c:/Users/Jaimin/XilinxProjects/MicroBlazeServer/MicroBlazeServer.srcs/sources_1/bd/design_1/ipshared/6039/hdl/lib_srl_fifo_v1_0_rfs.vhd:697]
INFO: [Synth 8-256] done synthesizing module 'srl_fifo_f__parameterized11' (103#1) [c:/Users/Jaimin/XilinxProjects/MicroBlazeServer/MicroBlazeServer.srcs/sources_1/bd/design_1/ipshared/6039/hdl/lib_srl_fifo_v1_0_rfs.vhd:1000]
INFO: [Synth 8-256] done synthesizing module 'axi_datamover_wr_sf' (104#1) [c:/Users/Jaimin/XilinxProjects/MicroBlazeServer/MicroBlazeServer.srcs/sources_1/bd/design_1/ipshared/9afd/hdl/axi_datamover_v5_1_vh_rfs.vhd:22105]
INFO: [Synth 8-638] synthesizing module 'axi_datamover_addr_cntl__parameterized0' [c:/Users/Jaimin/XilinxProjects/MicroBlazeServer/MicroBlazeServer.srcs/sources_1/bd/design_1/ipshared/9afd/hdl/axi_datamover_v5_1_vh_rfs.vhd:9995]
INFO: [Synth 8-256] done synthesizing module 'axi_datamover_addr_cntl__parameterized0' (104#1) [c:/Users/Jaimin/XilinxProjects/MicroBlazeServer/MicroBlazeServer.srcs/sources_1/bd/design_1/ipshared/9afd/hdl/axi_datamover_v5_1_vh_rfs.vhd:9995]
INFO: [Synth 8-638] synthesizing module 'axi_datamover_wrdata_cntl' [c:/Users/Jaimin/XilinxProjects/MicroBlazeServer/MicroBlazeServer.srcs/sources_1/bd/design_1/ipshared/9afd/hdl/axi_datamover_v5_1_vh_rfs.vhd:15669]
INFO: [Synth 8-638] synthesizing module 'axi_datamover_fifo__parameterized8' [c:/Users/Jaimin/XilinxProjects/MicroBlazeServer/MicroBlazeServer.srcs/sources_1/bd/design_1/ipshared/9afd/hdl/axi_datamover_v5_1_vh_rfs.vhd:1881]
INFO: [Synth 8-638] synthesizing module 'srl_fifo_f__parameterized12' [c:/Users/Jaimin/XilinxProjects/MicroBlazeServer/MicroBlazeServer.srcs/sources_1/bd/design_1/ipshared/6039/hdl/lib_srl_fifo_v1_0_rfs.vhd:1000]
INFO: [Synth 8-638] synthesizing module 'srl_fifo_rbu_f__parameterized12' [c:/Users/Jaimin/XilinxProjects/MicroBlazeServer/MicroBlazeServer.srcs/sources_1/bd/design_1/ipshared/6039/hdl/lib_srl_fifo_v1_0_rfs.vhd:697]
INFO: [Synth 8-638] synthesizing module 'dynshreg_f__parameterized12' [c:/Users/Jaimin/XilinxProjects/MicroBlazeServer/MicroBlazeServer.srcs/sources_1/bd/design_1/ipshared/6039/hdl/lib_srl_fifo_v1_0_rfs.vhd:397]
INFO: [Synth 8-256] done synthesizing module 'dynshreg_f__parameterized12' (104#1) [c:/Users/Jaimin/XilinxProjects/MicroBlazeServer/MicroBlazeServer.srcs/sources_1/bd/design_1/ipshared/6039/hdl/lib_srl_fifo_v1_0_rfs.vhd:397]
INFO: [Synth 8-256] done synthesizing module 'srl_fifo_rbu_f__parameterized12' (104#1) [c:/Users/Jaimin/XilinxProjects/MicroBlazeServer/MicroBlazeServer.srcs/sources_1/bd/design_1/ipshared/6039/hdl/lib_srl_fifo_v1_0_rfs.vhd:697]
INFO: [Synth 8-256] done synthesizing module 'srl_fifo_f__parameterized12' (104#1) [c:/Users/Jaimin/XilinxProjects/MicroBlazeServer/MicroBlazeServer.srcs/sources_1/bd/design_1/ipshared/6039/hdl/lib_srl_fifo_v1_0_rfs.vhd:1000]
INFO: [Synth 8-256] done synthesizing module 'axi_datamover_fifo__parameterized8' (104#1) [c:/Users/Jaimin/XilinxProjects/MicroBlazeServer/MicroBlazeServer.srcs/sources_1/bd/design_1/ipshared/9afd/hdl/axi_datamover_v5_1_vh_rfs.vhd:1881]
INFO: [Synth 8-256] done synthesizing module 'axi_datamover_wrdata_cntl' (105#1) [c:/Users/Jaimin/XilinxProjects/MicroBlazeServer/MicroBlazeServer.srcs/sources_1/bd/design_1/ipshared/9afd/hdl/axi_datamover_v5_1_vh_rfs.vhd:15669]
INFO: [Synth 8-638] synthesizing module 'axi_datamover_skid2mm_buf' [c:/Users/Jaimin/XilinxProjects/MicroBlazeServer/MicroBlazeServer.srcs/sources_1/bd/design_1/ipshared/9afd/hdl/axi_datamover_v5_1_vh_rfs.vhd:18990]
INFO: [Synth 8-638] synthesizing module 'axi_datamover_wr_demux' [c:/Users/Jaimin/XilinxProjects/MicroBlazeServer/MicroBlazeServer.srcs/sources_1/bd/design_1/ipshared/9afd/hdl/axi_datamover_v5_1_vh_rfs.vhd:14112]
INFO: [Synth 8-256] done synthesizing module 'axi_datamover_wr_demux' (106#1) [c:/Users/Jaimin/XilinxProjects/MicroBlazeServer/MicroBlazeServer.srcs/sources_1/bd/design_1/ipshared/9afd/hdl/axi_datamover_v5_1_vh_rfs.vhd:14112]
INFO: [Synth 8-256] done synthesizing module 'axi_datamover_skid2mm_buf' (107#1) [c:/Users/Jaimin/XilinxProjects/MicroBlazeServer/MicroBlazeServer.srcs/sources_1/bd/design_1/ipshared/9afd/hdl/axi_datamover_v5_1_vh_rfs.vhd:18990]
INFO: [Synth 8-256] done synthesizing module 'axi_datamover_s2mm_full_wrap' (108#1) [c:/Users/Jaimin/XilinxProjects/MicroBlazeServer/MicroBlazeServer.srcs/sources_1/bd/design_1/ipshared/9afd/hdl/axi_datamover_v5_1_vh_rfs.vhd:49982]
INFO: [Synth 8-256] done synthesizing module 'axi_datamover' (109#1) [c:/Users/Jaimin/XilinxProjects/MicroBlazeServer/MicroBlazeServer.srcs/sources_1/bd/design_1/ipshared/9afd/hdl/axi_datamover_v5_1_vh_rfs.vhd:55410]
INFO: [Synth 8-256] done synthesizing module 'axi_dma' (110#1) [c:/Users/Jaimin/XilinxProjects/MicroBlazeServer/MicroBlazeServer.srcs/sources_1/bd/design_1/ipshared/e8cb/hdl/axi_dma_v7_1_vh_rfs.vhd:21830]
INFO: [Synth 8-256] done synthesizing module 'design_1_axi_ethernet_0_dma_0' (111#1) [c:/Users/Jaimin/XilinxProjects/MicroBlazeServer/MicroBlazeServer.srcs/sources_1/bd/design_1/ip/design_1_axi_ethernet_0_dma_0/synth/design_1_axi_ethernet_0_dma_0.vhd:170]
Finished RTL Elaboration : Time (s): cpu = 00:08:16 ; elapsed = 00:08:27 . Memory (MB): peak = 699.113 ; gain = 400.547
Finished RTL Optimization Phase 1 : Time (s): cpu = 00:08:18 ; elapsed = 00:08:29 . Memory (MB): peak = 699.113 ; gain = 400.547
INFO: [Device 21-403] Loading part xc7a200tsbg484-1
Constraint Validation Runtime : Time (s): cpu = 00:00:00 ; elapsed = 00:00:00.236 . Memory (MB): peak = 862.488 ; gain = 0.000
Finished Constraint Validation : Time (s): cpu = 00:08:43 ; elapsed = 00:08:57 . Memory (MB): peak = 862.488 ; gain = 563.922
Finished Loading Part and Timing Information : Time (s): cpu = 00:08:43 ; elapsed = 00:08:57 . Memory (MB): peak = 862.488 ; gain = 563.922
Finished applying 'set_property' XDC Constraints : Time (s): cpu = 00:08:43 ; elapsed = 00:08:57 . Memory (MB): peak = 862.488 ; gain = 563.922
Finished RTL Optimization Phase 2 : Time (s): cpu = 00:08:52 ; elapsed = 00:09:07 . Memory (MB): peak = 862.488 ; gain = 563.922
Finished Cross Boundary and Area Optimization : Time (s): cpu = 00:09:10 ; elapsed = 00:09:25 . Memory (MB): peak = 862.488 ; gain = 563.922
---------------------------------------------------------------------------------
Start ROM, RAM, DSP and Shift Register Reporting
---------------------------------------------------------------------------------

Distributed RAM: Preliminary Mapping  Report (see note below)
+-------------------------------+--------------------------------------------------------------------------------------------------------------------------------------------------------------------------------------------------------------------------------+----------------+----------------------+---------------+
|Module Name                    | RTL Object                                                                                                                                                                                                                     | Inference      | Size (Depth x Width) | Primitives    | 
+-------------------------------+--------------------------------------------------------------------------------------------------------------------------------------------------------------------------------------------------------------------------------+----------------+----------------------+---------------+
|U0/\GEN_SG_ENGINE.I_SG_ENGINE  | I_SG_FETCH_QUEUE/GEN_QUEUE.FTCH_QUEUE_I/GEN_MM2S.CONTROL_STREAM.I_MM2S_CNTRL_STREAM/GEN_SYNC_FIFO.I_CNTRL_FIFO/FAMILY_SUPPORTED.I_SYNC_FIFO_BRAM/inst_fifo_gen/gconvfifo.rf/grf.rf/gntv_or_sync_fifo.mem/gdm.dm_gen.dm/RAM_reg | User Attribute | 128 x 33             | RAM64M x 22   | 
+-------------------------------+--------------------------------------------------------------------------------------------------------------------------------------------------------------------------------------------------------------------------------+----------------+----------------------+---------------+

Note: The table above is a preliminary report that shows the Distributed RAMs at the current stage of the synthesis flow. Some Distributed RAMs may be reimplemented as non Distributed RAM primitives later in the synthesis flow. Multiple instantiated RAMs are reported only once.
---------------------------------------------------------------------------------
Finished ROM, RAM, DSP and Shift Register Reporting
---------------------------------------------------------------------------------
Finished Applying XDC Timing Constraints : Time (s): cpu = 00:09:23 ; elapsed = 00:09:39 . Memory (MB): peak = 862.488 ; gain = 563.922
Finished Timing Optimization : Time (s): cpu = 00:09:30 ; elapsed = 00:09:46 . Memory (MB): peak = 879.094 ; gain = 580.527
Finished Technology Mapping : Time (s): cpu = 00:09:34 ; elapsed = 00:09:50 . Memory (MB): peak = 888.965 ; gain = 590.398
Finished IO Insertion : Time (s): cpu = 00:09:35 ; elapsed = 00:09:51 . Memory (MB): peak = 888.965 ; gain = 590.398
Finished Renaming Generated Instances : Time (s): cpu = 00:09:35 ; elapsed = 00:09:51 . Memory (MB): peak = 888.965 ; gain = 590.398
Finished Rebuilding User Hierarchy : Time (s): cpu = 00:09:37 ; elapsed = 00:09:52 . Memory (MB): peak = 888.965 ; gain = 590.398
Finished Renaming Generated Ports : Time (s): cpu = 00:09:37 ; elapsed = 00:09:52 . Memory (MB): peak = 888.965 ; gain = 590.398
Finished Handling Custom Attributes : Time (s): cpu = 00:09:37 ; elapsed = 00:09:53 . Memory (MB): peak = 888.965 ; gain = 590.398
Finished Renaming Generated Nets : Time (s): cpu = 00:09:37 ; elapsed = 00:09:53 . Memory (MB): peak = 888.965 ; gain = 590.398

Report Cell Usage: 
+------+---------+------+
|      |Cell     |Count |
+------+---------+------+
|1     |CARRY4   |    51|
|2     |LUT1     |    86|
|3     |LUT2     |   270|
|4     |LUT3     |   605|
|5     |LUT4     |   455|
|6     |LUT5     |   383|
|7     |LUT6     |   660|
|8     |RAM64M   |    22|
|9     |RAMB18E1 |     1|
|10    |RAMB36E1 |     1|
|11    |SRL16E   |   266|
|12    |FDR      |     8|
|13    |FDRE     |  3304|
|14    |FDSE     |   117|
+------+---------+------+
Finished Writing Synthesis Report : Time (s): cpu = 00:09:37 ; elapsed = 00:09:53 . Memory (MB): peak = 888.965 ; gain = 590.398
synth_design: Time (s): cpu = 00:09:44 ; elapsed = 00:10:02 . Memory (MB): peak = 888.965 ; gain = 594.172
