#-----------------------------------------------------------
# Vivado v2017.4 (64-bit)
# SW Build 2086221 on Fri Dec 15 20:55:39 MST 2017
# IP Build 2085800 on Fri Dec 15 22:25:07 MST 2017
# Start of session at: Wed Mar 21 21:27:09 2018
# Process ID: 12780
# Current directory: D:/AlienWare/Course/ECE532/MileStone7/IPs/DAC/ip_repo
# Command line: vivado.exe -gui_launcher_event rodinguilauncherevent14756 D:\AlienWare\Course\ECE532\MileStone7\IPs\DAC\ip_repo\edit_DAC_v1.xpr
# Log file: D:/AlienWare/Course/ECE532/MileStone7/IPs/DAC/ip_repo/vivado.log
# Journal file: D:/AlienWare/Course/ECE532/MileStone7/IPs/DAC/ip_repo\vivado.jou
#-----------------------------------------------------------
start_gui
open_project D:/AlienWare/Course/ECE532/MileStone7/IPs/DAC/ip_repo/edit_DAC_v1.xpr
Scanning sources...
Finished scanning sources
INFO: [IP_Flow 19-234] Refreshing IP repositories
INFO: [IP_Flow 19-1700] Loaded user IP repository 'd:/AlienWare/Course/ECE532/MileStone7/IPs/DAC/ip_repo/DAC_1'.
INFO: [IP_Flow 19-2313] Loaded Vivado IP repository 'C:/Xilinx/Vivado/2017.4/data/ip'.
open_project: Time (s): cpu = 00:00:12 ; elapsed = 00:00:06 . Memory (MB): peak = 822.445 ; gain = 89.648
update_compile_order -fileset sources_1
update_compile_order -fileset sources_1
update_compile_order -fileset sources_1
ipx::open_ipxact_file D:/AlienWare/Course/ECE532/MileStone7/IPs/DAC/ip_repo/DAC_1/component.xml
ipx::merge_project_changes hdl_parameters [ipx::current_core]
INFO: [IP_Flow 19-4753] Inferred signal 'reset' from port 'rst' as interface 'rst'.
INFO: [IP_Flow 19-4753] Inferred signal 'clock' from port 'clk' as interface 'clk'.
INFO: [IP_Flow 19-4728] Bus Interface 'clk': Added interface parameter 'ASSOCIATED_RESET' with value 'rst'.
ipx::remove_bus_interface clk [ipx::current_core]
ipx::remove_bus_interface rst [ipx::current_core]
set_property core_revision 7 [ipx::current_core]
ipx::create_xgui_files [ipx::current_core]
ipx::update_checksums [ipx::current_core]
ipx::save_core [ipx::current_core]
update_ip_catalog -rebuild -repo_path d:/AlienWare/Course/ECE532/MileStone7/IPs/DAC/ip_repo/DAC_1
INFO: [IP_Flow 19-725] Reloaded user IP repository 'd:/AlienWare/Course/ECE532/MileStone7/IPs/DAC/ip_repo/DAC_1'
exit
INFO: [Common 17-206] Exiting Vivado at Wed Mar 21 21:31:44 2018...
