
*** Running vivado
    with args -log design_1_clock_gen_0_0.vds -m64 -product Vivado -mode batch -messageDb vivado.pb -notrace -source design_1_clock_gen_0_0.tcl


****** Vivado v2017.4 (64-bit)
  **** SW Build 2086221 on Fri Dec 15 20:55:39 MST 2017
  **** IP Build 2085800 on Fri Dec 15 22:25:07 MST 2017
    ** Copyright 1986-2017 Xilinx, Inc. All Rights Reserved.

source design_1_clock_gen_0_0.tcl -notrace
Command: synth_design -top design_1_clock_gen_0_0 -part xc7a200tsbg484-1 -mode out_of_context
Starting synth_design
Attempting to get a license for feature 'Synthesis' and/or device 'xc7a200t'
INFO: [Common 17-349] Got license for feature 'Synthesis' and/or device 'xc7a200t'
INFO: Launching helper process for spawning children vivado processes
INFO: Helper process launched with PID 6916 
---------------------------------------------------------------------------------
Starting RTL Elaboration : Time (s): cpu = 00:00:07 ; elapsed = 00:00:07 . Memory (MB): peak = 433.652 ; gain = 101.527
---------------------------------------------------------------------------------
INFO: [Synth 8-638] synthesizing module 'design_1_clock_gen_0_0' [d:/AlienWare/Course/ECE532/MileStone5/MBS_V1/MicroBlazeServer.srcs/sources_1/bd/design_1/ip/design_1_clock_gen_0_0/synth/design_1_clock_gen_0_0.v:57]
INFO: [Synth 8-638] synthesizing module 'clock_gen_v2' [d:/AlienWare/Course/ECE532/MileStone5/MBS_V1/MicroBlazeServer.srcs/sources_1/bd/design_1/ipshared/32b0/hdl/clock_gen_v2.v:4]
	Parameter C_S00_AXI_DATA_WIDTH bound to: 32 - type: integer 
	Parameter C_S00_AXI_ADDR_WIDTH bound to: 8 - type: integer 
INFO: [Synth 8-638] synthesizing module 'clock_gen_v2_S00_AXI' [d:/AlienWare/Course/ECE532/MileStone5/MBS_V1/MicroBlazeServer.srcs/sources_1/bd/design_1/ipshared/32b0/hdl/clock_gen_v2_S00_AXI.v:4]
	Parameter C_S_AXI_DATA_WIDTH bound to: 32 - type: integer 
	Parameter C_S_AXI_ADDR_WIDTH bound to: 8 - type: integer 
	Parameter ADDR_LSB bound to: 2 - type: integer 
	Parameter OPT_MEM_ADDR_BITS bound to: 5 - type: integer 
INFO: [Synth 8-256] done synthesizing module 'clock_gen_v2_S00_AXI' (1#1) [d:/AlienWare/Course/ECE532/MileStone5/MBS_V1/MicroBlazeServer.srcs/sources_1/bd/design_1/ipshared/32b0/hdl/clock_gen_v2_S00_AXI.v:4]
INFO: [Synth 8-256] done synthesizing module 'clock_gen_v2' (2#1) [d:/AlienWare/Course/ECE532/MileStone5/MBS_V1/MicroBlazeServer.srcs/sources_1/bd/design_1/ipshared/32b0/hdl/clock_gen_v2.v:4]
INFO: [Synth 8-256] done synthesizing module 'design_1_clock_gen_0_0' (3#1) [d:/AlienWare/Course/ECE532/MileStone5/MBS_V1/MicroBlazeServer.srcs/sources_1/bd/design_1/ip/design_1_clock_gen_0_0/synth/design_1_clock_gen_0_0.v:57]
WARNING: [Synth 8-3331] design clock_gen_v2_S00_AXI has unconnected port clk_in_sys
WARNING: [Synth 8-3331] design clock_gen_v2_S00_AXI has unconnected port clk_out_500MHz
WARNING: [Synth 8-3331] design clock_gen_v2_S00_AXI has unconnected port S_AXI_AWPROT[2]
WARNING: [Synth 8-3331] design clock_gen_v2_S00_AXI has unconnected port S_AXI_AWPROT[1]
WARNING: [Synth 8-3331] design clock_gen_v2_S00_AXI has unconnected port S_AXI_AWPROT[0]
WARNING: [Synth 8-3331] design clock_gen_v2_S00_AXI has unconnected port S_AXI_ARPROT[2]
WARNING: [Synth 8-3331] design clock_gen_v2_S00_AXI has unconnected port S_AXI_ARPROT[1]
WARNING: [Synth 8-3331] design clock_gen_v2_S00_AXI has unconnected port S_AXI_ARPROT[0]
---------------------------------------------------------------------------------
Finished RTL Elaboration : Time (s): cpu = 00:00:09 ; elapsed = 00:00:10 . Memory (MB): peak = 507.531 ; gain = 175.406
---------------------------------------------------------------------------------

Report Check Netlist: 
+------+------------------+-------+---------+-------+------------------+
|      |Item              |Errors |Warnings |Status |Description       |
+------+------------------+-------+---------+-------+------------------+
|1     |multi_driven_nets |      0|        0|Passed |Multi driven nets |
+------+------------------+-------+---------+-------+------------------+
---------------------------------------------------------------------------------
Finished RTL Optimization Phase 1 : Time (s): cpu = 00:00:09 ; elapsed = 00:00:10 . Memory (MB): peak = 507.531 ; gain = 175.406
---------------------------------------------------------------------------------
INFO: [Device 21-403] Loading part xc7a200tsbg484-1
INFO: [Project 1-570] Preparing netlist for logic optimization

Processing XDC Constraints
Initializing timing engine
Completed Processing XDC Constraints

INFO: [Project 1-111] Unisim Transformation Summary:
No Unisim elements were transformed.

Constraint Validation Runtime : Time (s): cpu = 00:00:00 ; elapsed = 00:00:00.111 . Memory (MB): peak = 892.313 ; gain = 0.000
---------------------------------------------------------------------------------
Finished Constraint Validation : Time (s): cpu = 00:00:24 ; elapsed = 00:00:26 . Memory (MB): peak = 892.313 ; gain = 560.188
---------------------------------------------------------------------------------
---------------------------------------------------------------------------------
Start Loading Part and Timing Information
---------------------------------------------------------------------------------
Loading part: xc7a200tsbg484-1
---------------------------------------------------------------------------------
Finished Loading Part and Timing Information : Time (s): cpu = 00:00:24 ; elapsed = 00:00:26 . Memory (MB): peak = 892.313 ; gain = 560.188
---------------------------------------------------------------------------------
---------------------------------------------------------------------------------
Start Applying 'set_property' XDC Constraints
---------------------------------------------------------------------------------
---------------------------------------------------------------------------------
Finished applying 'set_property' XDC Constraints : Time (s): cpu = 00:00:24 ; elapsed = 00:00:26 . Memory (MB): peak = 892.313 ; gain = 560.188
---------------------------------------------------------------------------------
WARNING: [Synth 8-327] inferring latch for variable 'count_all_half_reg' [d:/AlienWare/Course/ECE532/MileStone5/MBS_V1/MicroBlazeServer.srcs/sources_1/bd/design_1/ipshared/32b0/hdl/clock_gen_v2_S00_AXI.v:1280]
WARNING: [Synth 8-327] inferring latch for variable 'condition_sample_1_reg' [d:/AlienWare/Course/ECE532/MileStone5/MBS_V1/MicroBlazeServer.srcs/sources_1/bd/design_1/ipshared/32b0/hdl/clock_gen_v2_S00_AXI.v:1357]
WARNING: [Synth 8-327] inferring latch for variable 'condition_sample_tr_1_reg' [d:/AlienWare/Course/ECE532/MileStone5/MBS_V1/MicroBlazeServer.srcs/sources_1/bd/design_1/ipshared/32b0/hdl/clock_gen_v2_S00_AXI.v:1359]
WARNING: [Synth 8-327] inferring latch for variable 'condition_sample_c_1_reg' [d:/AlienWare/Course/ECE532/MileStone5/MBS_V1/MicroBlazeServer.srcs/sources_1/bd/design_1/ipshared/32b0/hdl/clock_gen_v2_S00_AXI.v:1358]
WARNING: [Synth 8-327] inferring latch for variable 'count_upto_all_slow_reg' [d:/AlienWare/Course/ECE532/MileStone5/MBS_V1/MicroBlazeServer.srcs/sources_1/bd/design_1/ipshared/32b0/hdl/clock_gen_v2_S00_AXI.v:1279]
---------------------------------------------------------------------------------
Finished RTL Optimization Phase 2 : Time (s): cpu = 00:00:26 ; elapsed = 00:00:28 . Memory (MB): peak = 892.313 ; gain = 560.188
---------------------------------------------------------------------------------

Report RTL Partitions: 
+-+--------------+------------+----------+
| |RTL Partition |Replication |Instances |
+-+--------------+------------+----------+
+-+--------------+------------+----------+
---------------------------------------------------------------------------------
Start RTL Component Statistics 
---------------------------------------------------------------------------------
Detailed RTL Component Info : 
+---Adders : 
	   2 Input     32 Bit       Adders := 18    
+---Registers : 
	               32 Bit    Registers := 51    
	                8 Bit    Registers := 2     
	                2 Bit    Registers := 2     
	                1 Bit    Registers := 6     
+---Multipliers : 
	                32x32  Multipliers := 29    
+---Muxes : 
	   2 Input     32 Bit        Muxes := 76    
	   2 Input      8 Bit        Muxes := 1     
	   2 Input      1 Bit        Muxes := 11    
---------------------------------------------------------------------------------
Finished RTL Component Statistics 
---------------------------------------------------------------------------------
---------------------------------------------------------------------------------
Start RTL Hierarchical Component Statistics 
---------------------------------------------------------------------------------
Hierarchical RTL Component report 
Module clock_gen_v2_S00_AXI 
Detailed RTL Component Info : 
+---Adders : 
	   2 Input     32 Bit       Adders := 18    
+---Registers : 
	               32 Bit    Registers := 51    
	                8 Bit    Registers := 2     
	                2 Bit    Registers := 2     
	                1 Bit    Registers := 6     
+---Multipliers : 
	                32x32  Multipliers := 29    
+---Muxes : 
	   2 Input     32 Bit        Muxes := 76    
	   2 Input      8 Bit        Muxes := 1     
	   2 Input      1 Bit        Muxes := 11    
---------------------------------------------------------------------------------
Finished RTL Hierarchical Component Statistics
---------------------------------------------------------------------------------
---------------------------------------------------------------------------------
Start Part Resource Summary
---------------------------------------------------------------------------------
Part Resources:
DSPs: 740 (col length:100)
BRAMs: 730 (col length: RAMB18 100 RAMB36 50)
---------------------------------------------------------------------------------
Finished Part Resource Summary
---------------------------------------------------------------------------------
---------------------------------------------------------------------------------
Start Cross Boundary and Area Optimization
---------------------------------------------------------------------------------
INFO: [Synth 8-5845] Not enough pipeline registers after wide multiplier. Recommended levels of pipeline registers is 4 [d:/AlienWare/Course/ECE532/MileStone5/MBS_V1/MicroBlazeServer.srcs/sources_1/bd/design_1/ipshared/32b0/hdl/clock_gen_v2_S00_AXI.v:1300]
INFO: [Synth 8-5845] Not enough pipeline registers after wide multiplier. Recommended levels of pipeline registers is 4 [d:/AlienWare/Course/ECE532/MileStone5/MBS_V1/MicroBlazeServer.srcs/sources_1/bd/design_1/ipshared/32b0/hdl/clock_gen_v2_S00_AXI.v:1301]
INFO: [Synth 8-5845] Not enough pipeline registers after wide multiplier. Recommended levels of pipeline registers is 4 [d:/AlienWare/Course/ECE532/MileStone5/MBS_V1/MicroBlazeServer.srcs/sources_1/bd/design_1/ipshared/32b0/hdl/clock_gen_v2_S00_AXI.v:1284]
INFO: [Synth 8-5845] Not enough pipeline registers after wide multiplier. Recommended levels of pipeline registers is 4 [d:/AlienWare/Course/ECE532/MileStone5/MBS_V1/MicroBlazeServer.srcs/sources_1/bd/design_1/ipshared/32b0/hdl/clock_gen_v2_S00_AXI.v:1285]
INFO: [Synth 8-5845] Not enough pipeline registers after wide multiplier. Recommended levels of pipeline registers is 4 [d:/AlienWare/Course/ECE532/MileStone5/MBS_V1/MicroBlazeServer.srcs/sources_1/bd/design_1/ipshared/32b0/hdl/clock_gen_v2_S00_AXI.v:1286]
INFO: [Synth 8-5845] Not enough pipeline registers after wide multiplier. Recommended levels of pipeline registers is 4 [d:/AlienWare/Course/ECE532/MileStone5/MBS_V1/MicroBlazeServer.srcs/sources_1/bd/design_1/ipshared/32b0/hdl/clock_gen_v2_S00_AXI.v:1287]
INFO: [Synth 8-5845] Not enough pipeline registers after wide multiplier. Recommended levels of pipeline registers is 4 [d:/AlienWare/Course/ECE532/MileStone5/MBS_V1/MicroBlazeServer.srcs/sources_1/bd/design_1/ipshared/32b0/hdl/clock_gen_v2_S00_AXI.v:1283]
INFO: [Synth 8-5845] Not enough pipeline registers after wide multiplier. Recommended levels of pipeline registers is 4 [d:/AlienWare/Course/ECE532/MileStone5/MBS_V1/MicroBlazeServer.srcs/sources_1/bd/design_1/ipshared/32b0/hdl/clock_gen_v2_S00_AXI.v:1282]
INFO: [Synth 8-5845] Not enough pipeline registers after wide multiplier. Recommended levels of pipeline registers is 4 [d:/AlienWare/Course/ECE532/MileStone5/MBS_V1/MicroBlazeServer.srcs/sources_1/bd/design_1/ipshared/32b0/hdl/clock_gen_v2_S00_AXI.v:1288]
INFO: [Synth 8-5845] Not enough pipeline registers after wide multiplier. Recommended levels of pipeline registers is 4 [d:/AlienWare/Course/ECE532/MileStone5/MBS_V1/MicroBlazeServer.srcs/sources_1/bd/design_1/ipshared/32b0/hdl/clock_gen_v2_S00_AXI.v:1289]
INFO: [Synth 8-5845] Not enough pipeline registers after wide multiplier. Recommended levels of pipeline registers is 4 [d:/AlienWare/Course/ECE532/MileStone5/MBS_V1/MicroBlazeServer.srcs/sources_1/bd/design_1/ipshared/32b0/hdl/clock_gen_v2_S00_AXI.v:1290]
INFO: [Synth 8-5845] Not enough pipeline registers after wide multiplier. Recommended levels of pipeline registers is 4 [d:/AlienWare/Course/ECE532/MileStone5/MBS_V1/MicroBlazeServer.srcs/sources_1/bd/design_1/ipshared/32b0/hdl/clock_gen_v2_S00_AXI.v:1291]
INFO: [Synth 8-5845] Not enough pipeline registers after wide multiplier. Recommended levels of pipeline registers is 4 [d:/AlienWare/Course/ECE532/MileStone5/MBS_V1/MicroBlazeServer.srcs/sources_1/bd/design_1/ipshared/32b0/hdl/clock_gen_v2_S00_AXI.v:1292]
INFO: [Synth 8-5845] Not enough pipeline registers after wide multiplier. Recommended levels of pipeline registers is 4 [d:/AlienWare/Course/ECE532/MileStone5/MBS_V1/MicroBlazeServer.srcs/sources_1/bd/design_1/ipshared/32b0/hdl/clock_gen_v2_S00_AXI.v:1293]
INFO: [Synth 8-5845] Not enough pipeline registers after wide multiplier. Recommended levels of pipeline registers is 4 [d:/AlienWare/Course/ECE532/MileStone5/MBS_V1/MicroBlazeServer.srcs/sources_1/bd/design_1/ipshared/32b0/hdl/clock_gen_v2_S00_AXI.v:1294]
INFO: [Synth 8-5845] Not enough pipeline registers after wide multiplier. Recommended levels of pipeline registers is 4 [d:/AlienWare/Course/ECE532/MileStone5/MBS_V1/MicroBlazeServer.srcs/sources_1/bd/design_1/ipshared/32b0/hdl/clock_gen_v2_S00_AXI.v:1295]
INFO: [Synth 8-5845] Not enough pipeline registers after wide multiplier. Recommended levels of pipeline registers is 4 [d:/AlienWare/Course/ECE532/MileStone5/MBS_V1/MicroBlazeServer.srcs/sources_1/bd/design_1/ipshared/32b0/hdl/clock_gen_v2_S00_AXI.v:1298]
INFO: [Synth 8-5845] Not enough pipeline registers after wide multiplier. Recommended levels of pipeline registers is 4 [d:/AlienWare/Course/ECE532/MileStone5/MBS_V1/MicroBlazeServer.srcs/sources_1/bd/design_1/ipshared/32b0/hdl/clock_gen_v2_S00_AXI.v:1299]
INFO: [Synth 8-5845] Not enough pipeline registers after wide multiplier. Recommended levels of pipeline registers is 4 [d:/AlienWare/Course/ECE532/MileStone5/MBS_V1/MicroBlazeServer.srcs/sources_1/bd/design_1/ipshared/32b0/hdl/clock_gen_v2_S00_AXI.v:1296]
INFO: [Synth 8-5845] Not enough pipeline registers after wide multiplier. Recommended levels of pipeline registers is 4 [d:/AlienWare/Course/ECE532/MileStone5/MBS_V1/MicroBlazeServer.srcs/sources_1/bd/design_1/ipshared/32b0/hdl/clock_gen_v2_S00_AXI.v:1297]
INFO: [Synth 8-5845] Not enough pipeline registers after wide multiplier. Recommended levels of pipeline registers is 4 [d:/AlienWare/Course/ECE532/MileStone5/MBS_V1/MicroBlazeServer.srcs/sources_1/bd/design_1/ipshared/32b0/hdl/clock_gen_v2_S00_AXI.v:1302]
INFO: [Synth 8-5845] Not enough pipeline registers after wide multiplier. Recommended levels of pipeline registers is 4 [d:/AlienWare/Course/ECE532/MileStone5/MBS_V1/MicroBlazeServer.srcs/sources_1/bd/design_1/ipshared/32b0/hdl/clock_gen_v2_S00_AXI.v:1306]
INFO: [Synth 8-5845] Not enough pipeline registers after wide multiplier. Recommended levels of pipeline registers is 4 [d:/AlienWare/Course/ECE532/MileStone5/MBS_V1/MicroBlazeServer.srcs/sources_1/bd/design_1/ipshared/32b0/hdl/clock_gen_v2_S00_AXI.v:1304]
INFO: [Synth 8-5845] Not enough pipeline registers after wide multiplier. Recommended levels of pipeline registers is 4 [d:/AlienWare/Course/ECE532/MileStone5/MBS_V1/MicroBlazeServer.srcs/sources_1/bd/design_1/ipshared/32b0/hdl/clock_gen_v2_S00_AXI.v:1281]
INFO: [Synth 8-5845] Not enough pipeline registers after wide multiplier. Recommended levels of pipeline registers is 4 [d:/AlienWare/Course/ECE532/MileStone5/MBS_V1/MicroBlazeServer.srcs/sources_1/bd/design_1/ipshared/32b0/hdl/clock_gen_v2_S00_AXI.v:1280]
INFO: [Synth 8-5845] Not enough pipeline registers after wide multiplier. Recommended levels of pipeline registers is 4 [d:/AlienWare/Course/ECE532/MileStone5/MBS_V1/MicroBlazeServer.srcs/sources_1/bd/design_1/ipshared/32b0/hdl/clock_gen_v2_S00_AXI.v:1303]
INFO: [Synth 8-5845] Not enough pipeline registers after wide multiplier. Recommended levels of pipeline registers is 4 [d:/AlienWare/Course/ECE532/MileStone5/MBS_V1/MicroBlazeServer.srcs/sources_1/bd/design_1/ipshared/32b0/hdl/clock_gen_v2_S00_AXI.v:1307]
INFO: [Synth 8-5845] Not enough pipeline registers after wide multiplier. Recommended levels of pipeline registers is 4 [d:/AlienWare/Course/ECE532/MileStone5/MBS_V1/MicroBlazeServer.srcs/sources_1/bd/design_1/ipshared/32b0/hdl/clock_gen_v2_S00_AXI.v:1305]
INFO: [Synth 8-5845] Not enough pipeline registers after wide multiplier. Recommended levels of pipeline registers is 4 [d:/AlienWare/Course/ECE532/MileStone5/MBS_V1/MicroBlazeServer.srcs/sources_1/bd/design_1/ipshared/32b0/hdl/clock_gen_v2_S00_AXI.v:1279]
DSP Report: Generating DSP count_upto_10_10, operation Mode is: A*B.
DSP Report: operator count_upto_10_10 is absorbed into DSP count_upto_10_10.
DSP Report: operator count_upto_10_10 is absorbed into DSP count_upto_10_10.
DSP Report: Generating DSP count_upto_10_10, operation Mode is: (PCIN>>17)+A*B.
DSP Report: operator count_upto_10_10 is absorbed into DSP count_upto_10_10.
DSP Report: operator count_upto_10_10 is absorbed into DSP count_upto_10_10.
DSP Report: Generating DSP count_upto_10_10, operation Mode is: A*B.
DSP Report: operator count_upto_10_10 is absorbed into DSP count_upto_10_10.
DSP Report: operator count_upto_10_10 is absorbed into DSP count_upto_10_10.
DSP Report: Generating DSP count_upto_10_10, operation Mode is: (PCIN>>17)+A*B.
DSP Report: operator count_upto_10_10 is absorbed into DSP count_upto_10_10.
DSP Report: operator count_upto_10_10 is absorbed into DSP count_upto_10_10.
DSP Report: Generating DSP count_upto_100, operation Mode is: A*B.
DSP Report: operator count_upto_100 is absorbed into DSP count_upto_100.
DSP Report: operator count_upto_100 is absorbed into DSP count_upto_100.
DSP Report: Generating DSP count_upto_100, operation Mode is: (PCIN>>17)+A*B.
DSP Report: operator count_upto_100 is absorbed into DSP count_upto_100.
DSP Report: operator count_upto_100 is absorbed into DSP count_upto_100.
DSP Report: Generating DSP count_upto_100, operation Mode is: A*B.
DSP Report: operator count_upto_100 is absorbed into DSP count_upto_100.
DSP Report: operator count_upto_100 is absorbed into DSP count_upto_100.
DSP Report: Generating DSP count_upto_100, operation Mode is: (PCIN>>17)+A*B.
DSP Report: operator count_upto_100 is absorbed into DSP count_upto_100.
DSP Report: operator count_upto_100 is absorbed into DSP count_upto_100.
DSP Report: Generating DSP count_upto_2_10, operation Mode is: A*B.
DSP Report: operator count_upto_2_10 is absorbed into DSP count_upto_2_10.
DSP Report: operator count_upto_2_10 is absorbed into DSP count_upto_2_10.
DSP Report: Generating DSP count_upto_2_10, operation Mode is: (PCIN>>17)+A*B.
DSP Report: operator count_upto_2_10 is absorbed into DSP count_upto_2_10.
DSP Report: operator count_upto_2_10 is absorbed into DSP count_upto_2_10.
DSP Report: Generating DSP count_upto_2_10, operation Mode is: A*B.
DSP Report: operator count_upto_2_10 is absorbed into DSP count_upto_2_10.
DSP Report: operator count_upto_2_10 is absorbed into DSP count_upto_2_10.
DSP Report: Generating DSP count_upto_2_10, operation Mode is: (PCIN>>17)+A*B.
DSP Report: operator count_upto_2_10 is absorbed into DSP count_upto_2_10.
DSP Report: operator count_upto_2_10 is absorbed into DSP count_upto_2_10.
DSP Report: Generating DSP count_upto_20, operation Mode is: A*B.
DSP Report: operator count_upto_20 is absorbed into DSP count_upto_20.
DSP Report: operator count_upto_20 is absorbed into DSP count_upto_20.
DSP Report: Generating DSP count_upto_20, operation Mode is: (PCIN>>17)+A*B.
DSP Report: operator count_upto_20 is absorbed into DSP count_upto_20.
DSP Report: operator count_upto_20 is absorbed into DSP count_upto_20.
DSP Report: Generating DSP count_upto_20, operation Mode is: A*B.
DSP Report: operator count_upto_20 is absorbed into DSP count_upto_20.
DSP Report: operator count_upto_20 is absorbed into DSP count_upto_20.
DSP Report: Generating DSP count_upto_20, operation Mode is: (PCIN>>17)+A*B.
DSP Report: operator count_upto_20 is absorbed into DSP count_upto_20.
DSP Report: operator count_upto_20 is absorbed into DSP count_upto_20.
DSP Report: Generating DSP count_upto_3_10, operation Mode is: A*B.
DSP Report: operator count_upto_3_10 is absorbed into DSP count_upto_3_10.
DSP Report: operator count_upto_3_10 is absorbed into DSP count_upto_3_10.
DSP Report: Generating DSP count_upto_3_10, operation Mode is: (PCIN>>17)+A*B.
DSP Report: operator count_upto_3_10 is absorbed into DSP count_upto_3_10.
DSP Report: operator count_upto_3_10 is absorbed into DSP count_upto_3_10.
DSP Report: Generating DSP count_upto_3_10, operation Mode is: A*B.
DSP Report: operator count_upto_3_10 is absorbed into DSP count_upto_3_10.
DSP Report: operator count_upto_3_10 is absorbed into DSP count_upto_3_10.
DSP Report: Generating DSP count_upto_3_10, operation Mode is: (PCIN>>17)+A*B.
DSP Report: operator count_upto_3_10 is absorbed into DSP count_upto_3_10.
DSP Report: operator count_upto_3_10 is absorbed into DSP count_upto_3_10.
DSP Report: Generating DSP count_upto_30, operation Mode is: A*B.
DSP Report: operator count_upto_30 is absorbed into DSP count_upto_30.
DSP Report: operator count_upto_30 is absorbed into DSP count_upto_30.
DSP Report: Generating DSP count_upto_30, operation Mode is: (PCIN>>17)+A*B.
DSP Report: operator count_upto_30 is absorbed into DSP count_upto_30.
DSP Report: operator count_upto_30 is absorbed into DSP count_upto_30.
DSP Report: Generating DSP count_upto_30, operation Mode is: A*B.
DSP Report: operator count_upto_30 is absorbed into DSP count_upto_30.
DSP Report: operator count_upto_30 is absorbed into DSP count_upto_30.
DSP Report: Generating DSP count_upto_30, operation Mode is: (PCIN>>17)+A*B.
DSP Report: operator count_upto_30 is absorbed into DSP count_upto_30.
DSP Report: operator count_upto_30 is absorbed into DSP count_upto_30.
DSP Report: Generating DSP count_upto_10, operation Mode is: A*B.
DSP Report: operator count_upto_10 is absorbed into DSP count_upto_10.
DSP Report: operator count_upto_10 is absorbed into DSP count_upto_10.
DSP Report: Generating DSP count_upto_10, operation Mode is: (PCIN>>17)+A*B.
DSP Report: operator count_upto_10 is absorbed into DSP count_upto_10.
DSP Report: operator count_upto_10 is absorbed into DSP count_upto_10.
DSP Report: Generating DSP count_upto_10, operation Mode is: A*B.
DSP Report: operator count_upto_10 is absorbed into DSP count_upto_10.
DSP Report: operator count_upto_10 is absorbed into DSP count_upto_10.
DSP Report: Generating DSP count_upto_10, operation Mode is: (PCIN>>17)+A*B.
DSP Report: operator count_upto_10 is absorbed into DSP count_upto_10.
DSP Report: operator count_upto_10 is absorbed into DSP count_upto_10.
DSP Report: Generating DSP count_upto_1_10, operation Mode is: A*B.
DSP Report: operator count_upto_1_10 is absorbed into DSP count_upto_1_10.
DSP Report: operator count_upto_1_10 is absorbed into DSP count_upto_1_10.
DSP Report: Generating DSP count_upto_1_10, operation Mode is: (PCIN>>17)+A*B.
DSP Report: operator count_upto_1_10 is absorbed into DSP count_upto_1_10.
DSP Report: operator count_upto_1_10 is absorbed into DSP count_upto_1_10.
DSP Report: Generating DSP count_upto_1_10, operation Mode is: A*B.
DSP Report: operator count_upto_1_10 is absorbed into DSP count_upto_1_10.
DSP Report: operator count_upto_1_10 is absorbed into DSP count_upto_1_10.
DSP Report: Generating DSP count_upto_1_10, operation Mode is: (PCIN>>17)+A*B.
DSP Report: operator count_upto_1_10 is absorbed into DSP count_upto_1_10.
DSP Report: operator count_upto_1_10 is absorbed into DSP count_upto_1_10.
DSP Report: Generating DSP count_upto_4_10, operation Mode is: A*B.
DSP Report: operator count_upto_4_10 is absorbed into DSP count_upto_4_10.
DSP Report: operator count_upto_4_10 is absorbed into DSP count_upto_4_10.
DSP Report: Generating DSP count_upto_4_10, operation Mode is: (PCIN>>17)+A*B.
DSP Report: operator count_upto_4_10 is absorbed into DSP count_upto_4_10.
DSP Report: operator count_upto_4_10 is absorbed into DSP count_upto_4_10.
DSP Report: Generating DSP count_upto_4_10, operation Mode is: A*B.
DSP Report: operator count_upto_4_10 is absorbed into DSP count_upto_4_10.
DSP Report: operator count_upto_4_10 is absorbed into DSP count_upto_4_10.
DSP Report: Generating DSP count_upto_4_10, operation Mode is: (PCIN>>17)+A*B.
DSP Report: operator count_upto_4_10 is absorbed into DSP count_upto_4_10.
DSP Report: operator count_upto_4_10 is absorbed into DSP count_upto_4_10.
DSP Report: Generating DSP count_upto_40, operation Mode is: A*B.
DSP Report: operator count_upto_40 is absorbed into DSP count_upto_40.
DSP Report: operator count_upto_40 is absorbed into DSP count_upto_40.
DSP Report: Generating DSP count_upto_40, operation Mode is: (PCIN>>17)+A*B.
DSP Report: operator count_upto_40 is absorbed into DSP count_upto_40.
DSP Report: operator count_upto_40 is absorbed into DSP count_upto_40.
DSP Report: Generating DSP count_upto_40, operation Mode is: A*B.
DSP Report: operator count_upto_40 is absorbed into DSP count_upto_40.
DSP Report: operator count_upto_40 is absorbed into DSP count_upto_40.
DSP Report: Generating DSP count_upto_40, operation Mode is: (PCIN>>17)+A*B.
DSP Report: operator count_upto_40 is absorbed into DSP count_upto_40.
DSP Report: operator count_upto_40 is absorbed into DSP count_upto_40.
DSP Report: Generating DSP count_upto_5_10, operation Mode is: A*B.
DSP Report: operator count_upto_5_10 is absorbed into DSP count_upto_5_10.
DSP Report: operator count_upto_5_10 is absorbed into DSP count_upto_5_10.
DSP Report: Generating DSP count_upto_5_10, operation Mode is: (PCIN>>17)+A*B.
DSP Report: operator count_upto_5_10 is absorbed into DSP count_upto_5_10.
DSP Report: operator count_upto_5_10 is absorbed into DSP count_upto_5_10.
DSP Report: Generating DSP count_upto_5_10, operation Mode is: A*B.
DSP Report: operator count_upto_5_10 is absorbed into DSP count_upto_5_10.
DSP Report: operator count_upto_5_10 is absorbed into DSP count_upto_5_10.
DSP Report: Generating DSP count_upto_5_10, operation Mode is: (PCIN>>17)+A*B.
DSP Report: operator count_upto_5_10 is absorbed into DSP count_upto_5_10.
DSP Report: operator count_upto_5_10 is absorbed into DSP count_upto_5_10.
DSP Report: Generating DSP count_upto_50, operation Mode is: A*B.
DSP Report: operator count_upto_50 is absorbed into DSP count_upto_50.
DSP Report: operator count_upto_50 is absorbed into DSP count_upto_50.
DSP Report: Generating DSP count_upto_50, operation Mode is: (PCIN>>17)+A*B.
DSP Report: operator count_upto_50 is absorbed into DSP count_upto_50.
DSP Report: operator count_upto_50 is absorbed into DSP count_upto_50.
DSP Report: Generating DSP count_upto_50, operation Mode is: A*B.
DSP Report: operator count_upto_50 is absorbed into DSP count_upto_50.
DSP Report: operator count_upto_50 is absorbed into DSP count_upto_50.
DSP Report: Generating DSP count_upto_50, operation Mode is: (PCIN>>17)+A*B.
DSP Report: operator count_upto_50 is absorbed into DSP count_upto_50.
DSP Report: operator count_upto_50 is absorbed into DSP count_upto_50.
DSP Report: Generating DSP count_upto_6_10, operation Mode is: A*B.
DSP Report: operator count_upto_6_10 is absorbed into DSP count_upto_6_10.
DSP Report: operator count_upto_6_10 is absorbed into DSP count_upto_6_10.
DSP Report: Generating DSP count_upto_6_10, operation Mode is: (PCIN>>17)+A*B.
DSP Report: operator count_upto_6_10 is absorbed into DSP count_upto_6_10.
DSP Report: operator count_upto_6_10 is absorbed into DSP count_upto_6_10.
DSP Report: Generating DSP count_upto_6_10, operation Mode is: A*B.
DSP Report: operator count_upto_6_10 is absorbed into DSP count_upto_6_10.
DSP Report: operator count_upto_6_10 is absorbed into DSP count_upto_6_10.
DSP Report: Generating DSP count_upto_6_10, operation Mode is: (PCIN>>17)+A*B.
DSP Report: operator count_upto_6_10 is absorbed into DSP count_upto_6_10.
DSP Report: operator count_upto_6_10 is absorbed into DSP count_upto_6_10.
DSP Report: Generating DSP count_upto_60, operation Mode is: A*B.
DSP Report: operator count_upto_60 is absorbed into DSP count_upto_60.
DSP Report: operator count_upto_60 is absorbed into DSP count_upto_60.
DSP Report: Generating DSP count_upto_60, operation Mode is: (PCIN>>17)+A*B.
DSP Report: operator count_upto_60 is absorbed into DSP count_upto_60.
DSP Report: operator count_upto_60 is absorbed into DSP count_upto_60.
DSP Report: Generating DSP count_upto_60, operation Mode is: A*B.
DSP Report: operator count_upto_60 is absorbed into DSP count_upto_60.
DSP Report: operator count_upto_60 is absorbed into DSP count_upto_60.
DSP Report: Generating DSP count_upto_60, operation Mode is: (PCIN>>17)+A*B.
DSP Report: operator count_upto_60 is absorbed into DSP count_upto_60.
DSP Report: operator count_upto_60 is absorbed into DSP count_upto_60.
DSP Report: Generating DSP count_upto_7_10, operation Mode is: A*B.
DSP Report: operator count_upto_7_10 is absorbed into DSP count_upto_7_10.
DSP Report: operator count_upto_7_10 is absorbed into DSP count_upto_7_10.
DSP Report: Generating DSP count_upto_7_10, operation Mode is: (PCIN>>17)+A*B.
DSP Report: operator count_upto_7_10 is absorbed into DSP count_upto_7_10.
DSP Report: operator count_upto_7_10 is absorbed into DSP count_upto_7_10.
DSP Report: Generating DSP count_upto_7_10, operation Mode is: A*B.
DSP Report: operator count_upto_7_10 is absorbed into DSP count_upto_7_10.
DSP Report: operator count_upto_7_10 is absorbed into DSP count_upto_7_10.
DSP Report: Generating DSP count_upto_7_10, operation Mode is: (PCIN>>17)+A*B.
DSP Report: operator count_upto_7_10 is absorbed into DSP count_upto_7_10.
DSP Report: operator count_upto_7_10 is absorbed into DSP count_upto_7_10.
DSP Report: Generating DSP count_upto_70, operation Mode is: A*B.
DSP Report: operator count_upto_70 is absorbed into DSP count_upto_70.
DSP Report: operator count_upto_70 is absorbed into DSP count_upto_70.
DSP Report: Generating DSP count_upto_70, operation Mode is: (PCIN>>17)+A*B.
DSP Report: operator count_upto_70 is absorbed into DSP count_upto_70.
DSP Report: operator count_upto_70 is absorbed into DSP count_upto_70.
DSP Report: Generating DSP count_upto_70, operation Mode is: A*B.
DSP Report: operator count_upto_70 is absorbed into DSP count_upto_70.
DSP Report: operator count_upto_70 is absorbed into DSP count_upto_70.
DSP Report: Generating DSP count_upto_70, operation Mode is: (PCIN>>17)+A*B.
DSP Report: operator count_upto_70 is absorbed into DSP count_upto_70.
DSP Report: operator count_upto_70 is absorbed into DSP count_upto_70.
DSP Report: Generating DSP count_upto_9_10, operation Mode is: A*B.
DSP Report: operator count_upto_9_10 is absorbed into DSP count_upto_9_10.
DSP Report: operator count_upto_9_10 is absorbed into DSP count_upto_9_10.
DSP Report: Generating DSP count_upto_9_10, operation Mode is: (PCIN>>17)+A*B.
DSP Report: operator count_upto_9_10 is absorbed into DSP count_upto_9_10.
DSP Report: operator count_upto_9_10 is absorbed into DSP count_upto_9_10.
DSP Report: Generating DSP count_upto_9_10, operation Mode is: A*B.
DSP Report: operator count_upto_9_10 is absorbed into DSP count_upto_9_10.
DSP Report: operator count_upto_9_10 is absorbed into DSP count_upto_9_10.
DSP Report: Generating DSP count_upto_9_10, operation Mode is: (PCIN>>17)+A*B.
DSP Report: operator count_upto_9_10 is absorbed into DSP count_upto_9_10.
DSP Report: operator count_upto_9_10 is absorbed into DSP count_upto_9_10.
DSP Report: Generating DSP count_upto_90, operation Mode is: A*B.
DSP Report: operator count_upto_90 is absorbed into DSP count_upto_90.
DSP Report: operator count_upto_90 is absorbed into DSP count_upto_90.
DSP Report: Generating DSP count_upto_90, operation Mode is: (PCIN>>17)+A*B.
DSP Report: operator count_upto_90 is absorbed into DSP count_upto_90.
DSP Report: operator count_upto_90 is absorbed into DSP count_upto_90.
DSP Report: Generating DSP count_upto_90, operation Mode is: A*B.
DSP Report: operator count_upto_90 is absorbed into DSP count_upto_90.
DSP Report: operator count_upto_90 is absorbed into DSP count_upto_90.
DSP Report: Generating DSP count_upto_90, operation Mode is: (PCIN>>17)+A*B.
DSP Report: operator count_upto_90 is absorbed into DSP count_upto_90.
DSP Report: operator count_upto_90 is absorbed into DSP count_upto_90.
DSP Report: Generating DSP count_upto_8_10, operation Mode is: A*B.
DSP Report: operator count_upto_8_10 is absorbed into DSP count_upto_8_10.
DSP Report: operator count_upto_8_10 is absorbed into DSP count_upto_8_10.
DSP Report: Generating DSP count_upto_8_10, operation Mode is: (PCIN>>17)+A*B.
DSP Report: operator count_upto_8_10 is absorbed into DSP count_upto_8_10.
DSP Report: operator count_upto_8_10 is absorbed into DSP count_upto_8_10.
DSP Report: Generating DSP count_upto_8_10, operation Mode is: A*B.
DSP Report: operator count_upto_8_10 is absorbed into DSP count_upto_8_10.
DSP Report: operator count_upto_8_10 is absorbed into DSP count_upto_8_10.
DSP Report: Generating DSP count_upto_8_10, operation Mode is: (PCIN>>17)+A*B.
DSP Report: operator count_upto_8_10 is absorbed into DSP count_upto_8_10.
DSP Report: operator count_upto_8_10 is absorbed into DSP count_upto_8_10.
DSP Report: Generating DSP count_upto_80, operation Mode is: A*B.
DSP Report: operator count_upto_80 is absorbed into DSP count_upto_80.
DSP Report: operator count_upto_80 is absorbed into DSP count_upto_80.
DSP Report: Generating DSP count_upto_80, operation Mode is: (PCIN>>17)+A*B.
DSP Report: operator count_upto_80 is absorbed into DSP count_upto_80.
DSP Report: operator count_upto_80 is absorbed into DSP count_upto_80.
DSP Report: Generating DSP count_upto_80, operation Mode is: A*B.
DSP Report: operator count_upto_80 is absorbed into DSP count_upto_80.
DSP Report: operator count_upto_80 is absorbed into DSP count_upto_80.
DSP Report: Generating DSP count_upto_80, operation Mode is: (PCIN>>17)+A*B.
DSP Report: operator count_upto_80 is absorbed into DSP count_upto_80.
DSP Report: operator count_upto_80 is absorbed into DSP count_upto_80.
DSP Report: Generating DSP count_upto_sample_10, operation Mode is: A*B.
DSP Report: operator count_upto_sample_10 is absorbed into DSP count_upto_sample_10.
DSP Report: operator count_upto_sample_10 is absorbed into DSP count_upto_sample_10.
DSP Report: Generating DSP count_upto_sample_10, operation Mode is: (PCIN>>17)+A*B.
DSP Report: operator count_upto_sample_10 is absorbed into DSP count_upto_sample_10.
DSP Report: operator count_upto_sample_10 is absorbed into DSP count_upto_sample_10.
DSP Report: Generating DSP count_upto_sample_10, operation Mode is: A*B.
DSP Report: operator count_upto_sample_10 is absorbed into DSP count_upto_sample_10.
DSP Report: operator count_upto_sample_10 is absorbed into DSP count_upto_sample_10.
DSP Report: Generating DSP count_upto_sample_10, operation Mode is: (PCIN>>17)+A*B.
DSP Report: operator count_upto_sample_10 is absorbed into DSP count_upto_sample_10.
DSP Report: operator count_upto_sample_10 is absorbed into DSP count_upto_sample_10.
DSP Report: Generating DSP count_upto_sample_tr_10, operation Mode is: A*B.
DSP Report: operator count_upto_sample_tr_10 is absorbed into DSP count_upto_sample_tr_10.
DSP Report: operator count_upto_sample_tr_10 is absorbed into DSP count_upto_sample_tr_10.
DSP Report: Generating DSP count_upto_sample_tr_10, operation Mode is: (PCIN>>17)+A*B.
DSP Report: operator count_upto_sample_tr_10 is absorbed into DSP count_upto_sample_tr_10.
DSP Report: operator count_upto_sample_tr_10 is absorbed into DSP count_upto_sample_tr_10.
DSP Report: Generating DSP count_upto_sample_tr_10, operation Mode is: A*B.
DSP Report: operator count_upto_sample_tr_10 is absorbed into DSP count_upto_sample_tr_10.
DSP Report: operator count_upto_sample_tr_10 is absorbed into DSP count_upto_sample_tr_10.
DSP Report: Generating DSP count_upto_sample_tr_10, operation Mode is: (PCIN>>17)+A*B.
DSP Report: operator count_upto_sample_tr_10 is absorbed into DSP count_upto_sample_tr_10.
DSP Report: operator count_upto_sample_tr_10 is absorbed into DSP count_upto_sample_tr_10.
DSP Report: Generating DSP count_upto_sample_c_10, operation Mode is: A*B.
DSP Report: operator count_upto_sample_c_10 is absorbed into DSP count_upto_sample_c_10.
DSP Report: operator count_upto_sample_c_10 is absorbed into DSP count_upto_sample_c_10.
DSP Report: Generating DSP count_upto_sample_c_10, operation Mode is: (PCIN>>17)+A*B.
DSP Report: operator count_upto_sample_c_10 is absorbed into DSP count_upto_sample_c_10.
DSP Report: operator count_upto_sample_c_10 is absorbed into DSP count_upto_sample_c_10.
DSP Report: Generating DSP count_upto_sample_c_10, operation Mode is: A*B.
DSP Report: operator count_upto_sample_c_10 is absorbed into DSP count_upto_sample_c_10.
DSP Report: operator count_upto_sample_c_10 is absorbed into DSP count_upto_sample_c_10.
DSP Report: Generating DSP count_upto_sample_c_10, operation Mode is: (PCIN>>17)+A*B.
DSP Report: operator count_upto_sample_c_10 is absorbed into DSP count_upto_sample_c_10.
DSP Report: operator count_upto_sample_c_10 is absorbed into DSP count_upto_sample_c_10.
DSP Report: Generating DSP count_upto_all1, operation Mode is: A*B.
DSP Report: operator count_upto_all1 is absorbed into DSP count_upto_all1.
DSP Report: operator count_upto_all1 is absorbed into DSP count_upto_all1.
DSP Report: Generating DSP count_upto_all1, operation Mode is: (PCIN>>17)+A*B.
DSP Report: operator count_upto_all1 is absorbed into DSP count_upto_all1.
DSP Report: operator count_upto_all1 is absorbed into DSP count_upto_all1.
DSP Report: Generating DSP count_upto_all1, operation Mode is: A*B.
DSP Report: operator count_upto_all1 is absorbed into DSP count_upto_all1.
DSP Report: operator count_upto_all1 is absorbed into DSP count_upto_all1.
DSP Report: Generating DSP count_upto_all1, operation Mode is: (PCIN>>17)+A*B.
DSP Report: operator count_upto_all1 is absorbed into DSP count_upto_all1.
DSP Report: operator count_upto_all1 is absorbed into DSP count_upto_all1.
DSP Report: Generating DSP count_all_half1, operation Mode is: A*B.
DSP Report: operator count_all_half1 is absorbed into DSP count_all_half1.
DSP Report: operator count_all_half1 is absorbed into DSP count_all_half1.
DSP Report: Generating DSP count_all_half1, operation Mode is: (PCIN>>17)+A*B.
DSP Report: operator count_all_half1 is absorbed into DSP count_all_half1.
DSP Report: operator count_all_half1 is absorbed into DSP count_all_half1.
DSP Report: Generating DSP count_all_half1, operation Mode is: A*B.
DSP Report: operator count_all_half1 is absorbed into DSP count_all_half1.
DSP Report: operator count_all_half1 is absorbed into DSP count_all_half1.
DSP Report: Generating DSP count_all_half1, operation Mode is: (PCIN>>17)+A*B.
DSP Report: operator count_all_half1 is absorbed into DSP count_all_half1.
DSP Report: operator count_all_half1 is absorbed into DSP count_all_half1.
DSP Report: Generating DSP count_upto_sample0, operation Mode is: A*B.
DSP Report: operator count_upto_sample0 is absorbed into DSP count_upto_sample0.
DSP Report: operator count_upto_sample0 is absorbed into DSP count_upto_sample0.
DSP Report: Generating DSP count_upto_sample0, operation Mode is: (PCIN>>17)+A*B.
DSP Report: operator count_upto_sample0 is absorbed into DSP count_upto_sample0.
DSP Report: operator count_upto_sample0 is absorbed into DSP count_upto_sample0.
DSP Report: Generating DSP count_upto_sample0, operation Mode is: A*B.
DSP Report: operator count_upto_sample0 is absorbed into DSP count_upto_sample0.
DSP Report: operator count_upto_sample0 is absorbed into DSP count_upto_sample0.
DSP Report: Generating DSP count_upto_sample0, operation Mode is: (PCIN>>17)+A*B.
DSP Report: operator count_upto_sample0 is absorbed into DSP count_upto_sample0.
DSP Report: operator count_upto_sample0 is absorbed into DSP count_upto_sample0.
DSP Report: Generating DSP count_upto_sample_tr0, operation Mode is: A*B.
DSP Report: operator count_upto_sample_tr0 is absorbed into DSP count_upto_sample_tr0.
DSP Report: operator count_upto_sample_tr0 is absorbed into DSP count_upto_sample_tr0.
DSP Report: Generating DSP count_upto_sample_tr0, operation Mode is: (PCIN>>17)+A*B.
DSP Report: operator count_upto_sample_tr0 is absorbed into DSP count_upto_sample_tr0.
DSP Report: operator count_upto_sample_tr0 is absorbed into DSP count_upto_sample_tr0.
DSP Report: Generating DSP count_upto_sample_tr0, operation Mode is: A*B.
DSP Report: operator count_upto_sample_tr0 is absorbed into DSP count_upto_sample_tr0.
DSP Report: operator count_upto_sample_tr0 is absorbed into DSP count_upto_sample_tr0.
DSP Report: Generating DSP count_upto_sample_tr0, operation Mode is: (PCIN>>17)+A*B.
DSP Report: operator count_upto_sample_tr0 is absorbed into DSP count_upto_sample_tr0.
DSP Report: operator count_upto_sample_tr0 is absorbed into DSP count_upto_sample_tr0.
DSP Report: Generating DSP count_upto_sample_c0, operation Mode is: A*B.
DSP Report: operator count_upto_sample_c0 is absorbed into DSP count_upto_sample_c0.
DSP Report: operator count_upto_sample_c0 is absorbed into DSP count_upto_sample_c0.
DSP Report: Generating DSP count_upto_sample_c0, operation Mode is: (PCIN>>17)+A*B.
DSP Report: operator count_upto_sample_c0 is absorbed into DSP count_upto_sample_c0.
DSP Report: operator count_upto_sample_c0 is absorbed into DSP count_upto_sample_c0.
DSP Report: Generating DSP count_upto_sample_c0, operation Mode is: A*B.
DSP Report: operator count_upto_sample_c0 is absorbed into DSP count_upto_sample_c0.
DSP Report: operator count_upto_sample_c0 is absorbed into DSP count_upto_sample_c0.
DSP Report: Generating DSP count_upto_sample_c0, operation Mode is: (PCIN>>17)+A*B.
DSP Report: operator count_upto_sample_c0 is absorbed into DSP count_upto_sample_c0.
DSP Report: operator count_upto_sample_c0 is absorbed into DSP count_upto_sample_c0.
DSP Report: Generating DSP count_upto_all_slow1, operation Mode is: A*B.
DSP Report: operator count_upto_all_slow1 is absorbed into DSP count_upto_all_slow1.
DSP Report: operator count_upto_all_slow1 is absorbed into DSP count_upto_all_slow1.
DSP Report: Generating DSP count_upto_all_slow1, operation Mode is: (PCIN>>17)+A*B.
DSP Report: operator count_upto_all_slow1 is absorbed into DSP count_upto_all_slow1.
DSP Report: operator count_upto_all_slow1 is absorbed into DSP count_upto_all_slow1.
DSP Report: Generating DSP count_upto_all_slow1, operation Mode is: A*B.
DSP Report: operator count_upto_all_slow1 is absorbed into DSP count_upto_all_slow1.
DSP Report: operator count_upto_all_slow1 is absorbed into DSP count_upto_all_slow1.
DSP Report: Generating DSP count_upto_all_slow1, operation Mode is: (PCIN>>17)+A*B.
DSP Report: operator count_upto_all_slow1 is absorbed into DSP count_upto_all_slow1.
DSP Report: operator count_upto_all_slow1 is absorbed into DSP count_upto_all_slow1.
WARNING: [Synth 8-3331] design clock_gen_v2_S00_AXI has unconnected port clk_in_sys
WARNING: [Synth 8-3331] design clock_gen_v2_S00_AXI has unconnected port clk_out_500MHz
WARNING: [Synth 8-3331] design clock_gen_v2_S00_AXI has unconnected port S_AXI_AWPROT[2]
WARNING: [Synth 8-3331] design clock_gen_v2_S00_AXI has unconnected port S_AXI_AWPROT[1]
WARNING: [Synth 8-3331] design clock_gen_v2_S00_AXI has unconnected port S_AXI_AWPROT[0]
WARNING: [Synth 8-3331] design clock_gen_v2_S00_AXI has unconnected port S_AXI_ARPROT[2]
WARNING: [Synth 8-3331] design clock_gen_v2_S00_AXI has unconnected port S_AXI_ARPROT[1]
WARNING: [Synth 8-3331] design clock_gen_v2_S00_AXI has unconnected port S_AXI_ARPROT[0]
INFO: [Synth 8-3886] merging instance 'inst/clock_gen_v2_S00_AXI_inst/axi_rresp_reg[0]' (FDRE) to 'inst/clock_gen_v2_S00_AXI_inst/axi_rresp_reg[1]'
INFO: [Synth 8-3333] propagating constant 0 across sequential element (\inst/clock_gen_v2_S00_AXI_inst /\axi_rresp_reg[1] )
INFO: [Synth 8-3886] merging instance 'inst/clock_gen_v2_S00_AXI_inst/axi_bresp_reg[0]' (FDRE) to 'inst/clock_gen_v2_S00_AXI_inst/axi_bresp_reg[1]'
INFO: [Synth 8-3333] propagating constant 0 across sequential element (\inst/clock_gen_v2_S00_AXI_inst /\axi_bresp_reg[1] )
WARNING: [Synth 8-3332] Sequential element (axi_awaddr_reg[1]) is unused and will be removed from module clock_gen_v2_S00_AXI.
WARNING: [Synth 8-3332] Sequential element (axi_awaddr_reg[0]) is unused and will be removed from module clock_gen_v2_S00_AXI.
WARNING: [Synth 8-3332] Sequential element (axi_bresp_reg[1]) is unused and will be removed from module clock_gen_v2_S00_AXI.
WARNING: [Synth 8-3332] Sequential element (axi_araddr_reg[1]) is unused and will be removed from module clock_gen_v2_S00_AXI.
WARNING: [Synth 8-3332] Sequential element (axi_araddr_reg[0]) is unused and will be removed from module clock_gen_v2_S00_AXI.
WARNING: [Synth 8-3332] Sequential element (axi_rresp_reg[1]) is unused and will be removed from module clock_gen_v2_S00_AXI.
---------------------------------------------------------------------------------
Finished Cross Boundary and Area Optimization : Time (s): cpu = 00:00:42 ; elapsed = 00:00:45 . Memory (MB): peak = 892.313 ; gain = 560.188
---------------------------------------------------------------------------------
---------------------------------------------------------------------------------
Start ROM, RAM, DSP and Shift Register Reporting
---------------------------------------------------------------------------------

DSP: Preliminary Mapping  Report (see note below)
+---------------------+----------------+--------+--------+--------+--------+--------+------+------+------+------+-------+------+------+
|Module Name          | DSP Mapping    | A Size | B Size | C Size | D Size | P Size | AREG | BREG | CREG | DREG | ADREG | MREG | PREG | 
+---------------------+----------------+--------+--------+--------+--------+--------+------+------+------+------+-------+------+------+
|clock_gen_v2_S00_AXI | A*B            | 18     | 16     | -      | -      | 48     | 0    | 0    | -    | -    | -     | 0    | 0    | 
|clock_gen_v2_S00_AXI | (PCIN>>17)+A*B | 16     | 16     | -      | -      | 48     | 0    | 0    | -    | -    | -     | 0    | 0    | 
|clock_gen_v2_S00_AXI | A*B            | 18     | 18     | -      | -      | 48     | 0    | 0    | -    | -    | -     | 0    | 0    | 
|clock_gen_v2_S00_AXI | (PCIN>>17)+A*B | 18     | 16     | -      | -      | 48     | 0    | 0    | -    | -    | -     | 0    | 0    | 
|clock_gen_v2_S00_AXI | A*B            | 18     | 16     | -      | -      | 48     | 0    | 0    | -    | -    | -     | 0    | 0    | 
|clock_gen_v2_S00_AXI | (PCIN>>17)+A*B | 16     | 16     | -      | -      | 48     | 0    | 0    | -    | -    | -     | 0    | 0    | 
|clock_gen_v2_S00_AXI | A*B            | 18     | 18     | -      | -      | 48     | 0    | 0    | -    | -    | -     | 0    | 0    | 
|clock_gen_v2_S00_AXI | (PCIN>>17)+A*B | 18     | 16     | -      | -      | 48     | 0    | 0    | -    | -    | -     | 0    | 0    | 
|clock_gen_v2_S00_AXI | A*B            | 18     | 16     | -      | -      | 48     | 0    | 0    | -    | -    | -     | 0    | 0    | 
|clock_gen_v2_S00_AXI | (PCIN>>17)+A*B | 16     | 16     | -      | -      | 48     | 0    | 0    | -    | -    | -     | 0    | 0    | 
|clock_gen_v2_S00_AXI | A*B            | 18     | 18     | -      | -      | 48     | 0    | 0    | -    | -    | -     | 0    | 0    | 
|clock_gen_v2_S00_AXI | (PCIN>>17)+A*B | 18     | 16     | -      | -      | 48     | 0    | 0    | -    | -    | -     | 0    | 0    | 
|clock_gen_v2_S00_AXI | A*B            | 18     | 16     | -      | -      | 48     | 0    | 0    | -    | -    | -     | 0    | 0    | 
|clock_gen_v2_S00_AXI | (PCIN>>17)+A*B | 16     | 16     | -      | -      | 48     | 0    | 0    | -    | -    | -     | 0    | 0    | 
|clock_gen_v2_S00_AXI | A*B            | 18     | 18     | -      | -      | 48     | 0    | 0    | -    | -    | -     | 0    | 0    | 
|clock_gen_v2_S00_AXI | (PCIN>>17)+A*B | 18     | 16     | -      | -      | 48     | 0    | 0    | -    | -    | -     | 0    | 0    | 
|clock_gen_v2_S00_AXI | A*B            | 18     | 16     | -      | -      | 48     | 0    | 0    | -    | -    | -     | 0    | 0    | 
|clock_gen_v2_S00_AXI | (PCIN>>17)+A*B | 16     | 16     | -      | -      | 48     | 0    | 0    | -    | -    | -     | 0    | 0    | 
|clock_gen_v2_S00_AXI | A*B            | 18     | 18     | -      | -      | 48     | 0    | 0    | -    | -    | -     | 0    | 0    | 
|clock_gen_v2_S00_AXI | (PCIN>>17)+A*B | 18     | 16     | -      | -      | 48     | 0    | 0    | -    | -    | -     | 0    | 0    | 
|clock_gen_v2_S00_AXI | A*B            | 18     | 16     | -      | -      | 48     | 0    | 0    | -    | -    | -     | 0    | 0    | 
|clock_gen_v2_S00_AXI | (PCIN>>17)+A*B | 16     | 16     | -      | -      | 48     | 0    | 0    | -    | -    | -     | 0    | 0    | 
|clock_gen_v2_S00_AXI | A*B            | 18     | 18     | -      | -      | 48     | 0    | 0    | -    | -    | -     | 0    | 0    | 
|clock_gen_v2_S00_AXI | (PCIN>>17)+A*B | 18     | 16     | -      | -      | 48     | 0    | 0    | -    | -    | -     | 0    | 0    | 
|clock_gen_v2_S00_AXI | A*B            | 18     | 16     | -      | -      | 48     | 0    | 0    | -    | -    | -     | 0    | 0    | 
|clock_gen_v2_S00_AXI | (PCIN>>17)+A*B | 16     | 16     | -      | -      | 48     | 0    | 0    | -    | -    | -     | 0    | 0    | 
|clock_gen_v2_S00_AXI | A*B            | 18     | 18     | -      | -      | 48     | 0    | 0    | -    | -    | -     | 0    | 0    | 
|clock_gen_v2_S00_AXI | (PCIN>>17)+A*B | 18     | 16     | -      | -      | 48     | 0    | 0    | -    | -    | -     | 0    | 0    | 
|clock_gen_v2_S00_AXI | A*B            | 18     | 16     | -      | -      | 48     | 0    | 0    | -    | -    | -     | 0    | 0    | 
|clock_gen_v2_S00_AXI | (PCIN>>17)+A*B | 16     | 16     | -      | -      | 48     | 0    | 0    | -    | -    | -     | 0    | 0    | 
|clock_gen_v2_S00_AXI | A*B            | 18     | 18     | -      | -      | 48     | 0    | 0    | -    | -    | -     | 0    | 0    | 
|clock_gen_v2_S00_AXI | (PCIN>>17)+A*B | 18     | 16     | -      | -      | 48     | 0    | 0    | -    | -    | -     | 0    | 0    | 
|clock_gen_v2_S00_AXI | A*B            | 18     | 16     | -      | -      | 48     | 0    | 0    | -    | -    | -     | 0    | 0    | 
|clock_gen_v2_S00_AXI | (PCIN>>17)+A*B | 16     | 16     | -      | -      | 48     | 0    | 0    | -    | -    | -     | 0    | 0    | 
|clock_gen_v2_S00_AXI | A*B            | 18     | 18     | -      | -      | 48     | 0    | 0    | -    | -    | -     | 0    | 0    | 
|clock_gen_v2_S00_AXI | (PCIN>>17)+A*B | 18     | 16     | -      | -      | 48     | 0    | 0    | -    | -    | -     | 0    | 0    | 
|clock_gen_v2_S00_AXI | A*B            | 18     | 16     | -      | -      | 48     | 0    | 0    | -    | -    | -     | 0    | 0    | 
|clock_gen_v2_S00_AXI | (PCIN>>17)+A*B | 16     | 16     | -      | -      | 48     | 0    | 0    | -    | -    | -     | 0    | 0    | 
|clock_gen_v2_S00_AXI | A*B            | 18     | 18     | -      | -      | 48     | 0    | 0    | -    | -    | -     | 0    | 0    | 
|clock_gen_v2_S00_AXI | (PCIN>>17)+A*B | 18     | 16     | -      | -      | 48     | 0    | 0    | -    | -    | -     | 0    | 0    | 
|clock_gen_v2_S00_AXI | A*B            | 18     | 16     | -      | -      | 48     | 0    | 0    | -    | -    | -     | 0    | 0    | 
|clock_gen_v2_S00_AXI | (PCIN>>17)+A*B | 16     | 16     | -      | -      | 48     | 0    | 0    | -    | -    | -     | 0    | 0    | 
|clock_gen_v2_S00_AXI | A*B            | 18     | 18     | -      | -      | 48     | 0    | 0    | -    | -    | -     | 0    | 0    | 
|clock_gen_v2_S00_AXI | (PCIN>>17)+A*B | 18     | 16     | -      | -      | 48     | 0    | 0    | -    | -    | -     | 0    | 0    | 
|clock_gen_v2_S00_AXI | A*B            | 18     | 16     | -      | -      | 48     | 0    | 0    | -    | -    | -     | 0    | 0    | 
|clock_gen_v2_S00_AXI | (PCIN>>17)+A*B | 16     | 16     | -      | -      | 48     | 0    | 0    | -    | -    | -     | 0    | 0    | 
|clock_gen_v2_S00_AXI | A*B            | 18     | 18     | -      | -      | 48     | 0    | 0    | -    | -    | -     | 0    | 0    | 
|clock_gen_v2_S00_AXI | (PCIN>>17)+A*B | 18     | 16     | -      | -      | 48     | 0    | 0    | -    | -    | -     | 0    | 0    | 
|clock_gen_v2_S00_AXI | A*B            | 18     | 16     | -      | -      | 48     | 0    | 0    | -    | -    | -     | 0    | 0    | 
|clock_gen_v2_S00_AXI | (PCIN>>17)+A*B | 16     | 16     | -      | -      | 48     | 0    | 0    | -    | -    | -     | 0    | 0    | 
|clock_gen_v2_S00_AXI | A*B            | 18     | 18     | -      | -      | 48     | 0    | 0    | -    | -    | -     | 0    | 0    | 
|clock_gen_v2_S00_AXI | (PCIN>>17)+A*B | 18     | 16     | -      | -      | 48     | 0    | 0    | -    | -    | -     | 0    | 0    | 
|clock_gen_v2_S00_AXI | A*B            | 18     | 16     | -      | -      | 48     | 0    | 0    | -    | -    | -     | 0    | 0    | 
|clock_gen_v2_S00_AXI | (PCIN>>17)+A*B | 16     | 16     | -      | -      | 48     | 0    | 0    | -    | -    | -     | 0    | 0    | 
|clock_gen_v2_S00_AXI | A*B            | 18     | 18     | -      | -      | 48     | 0    | 0    | -    | -    | -     | 0    | 0    | 
|clock_gen_v2_S00_AXI | (PCIN>>17)+A*B | 18     | 16     | -      | -      | 48     | 0    | 0    | -    | -    | -     | 0    | 0    | 
|clock_gen_v2_S00_AXI | A*B            | 18     | 16     | -      | -      | 48     | 0    | 0    | -    | -    | -     | 0    | 0    | 
|clock_gen_v2_S00_AXI | (PCIN>>17)+A*B | 16     | 16     | -      | -      | 48     | 0    | 0    | -    | -    | -     | 0    | 0    | 
|clock_gen_v2_S00_AXI | A*B            | 18     | 18     | -      | -      | 48     | 0    | 0    | -    | -    | -     | 0    | 0    | 
|clock_gen_v2_S00_AXI | (PCIN>>17)+A*B | 18     | 16     | -      | -      | 48     | 0    | 0    | -    | -    | -     | 0    | 0    | 
|clock_gen_v2_S00_AXI | A*B            | 18     | 16     | -      | -      | 48     | 0    | 0    | -    | -    | -     | 0    | 0    | 
|clock_gen_v2_S00_AXI | (PCIN>>17)+A*B | 16     | 16     | -      | -      | 48     | 0    | 0    | -    | -    | -     | 0    | 0    | 
|clock_gen_v2_S00_AXI | A*B            | 18     | 18     | -      | -      | 48     | 0    | 0    | -    | -    | -     | 0    | 0    | 
|clock_gen_v2_S00_AXI | (PCIN>>17)+A*B | 18     | 16     | -      | -      | 48     | 0    | 0    | -    | -    | -     | 0    | 0    | 
|clock_gen_v2_S00_AXI | A*B            | 18     | 16     | -      | -      | 48     | 0    | 0    | -    | -    | -     | 0    | 0    | 
|clock_gen_v2_S00_AXI | (PCIN>>17)+A*B | 16     | 16     | -      | -      | 48     | 0    | 0    | -    | -    | -     | 0    | 0    | 
|clock_gen_v2_S00_AXI | A*B            | 18     | 18     | -      | -      | 48     | 0    | 0    | -    | -    | -     | 0    | 0    | 
|clock_gen_v2_S00_AXI | (PCIN>>17)+A*B | 18     | 16     | -      | -      | 48     | 0    | 0    | -    | -    | -     | 0    | 0    | 
|clock_gen_v2_S00_AXI | A*B            | 18     | 16     | -      | -      | 48     | 0    | 0    | -    | -    | -     | 0    | 0    | 
|clock_gen_v2_S00_AXI | (PCIN>>17)+A*B | 16     | 16     | -      | -      | 48     | 0    | 0    | -    | -    | -     | 0    | 0    | 
|clock_gen_v2_S00_AXI | A*B            | 18     | 18     | -      | -      | 48     | 0    | 0    | -    | -    | -     | 0    | 0    | 
|clock_gen_v2_S00_AXI | (PCIN>>17)+A*B | 18     | 16     | -      | -      | 48     | 0    | 0    | -    | -    | -     | 0    | 0    | 
|clock_gen_v2_S00_AXI | A*B            | 18     | 16     | -      | -      | 48     | 0    | 0    | -    | -    | -     | 0    | 0    | 
|clock_gen_v2_S00_AXI | (PCIN>>17)+A*B | 16     | 16     | -      | -      | 48     | 0    | 0    | -    | -    | -     | 0    | 0    | 
|clock_gen_v2_S00_AXI | A*B            | 18     | 18     | -      | -      | 48     | 0    | 0    | -    | -    | -     | 0    | 0    | 
|clock_gen_v2_S00_AXI | (PCIN>>17)+A*B | 18     | 16     | -      | -      | 48     | 0    | 0    | -    | -    | -     | 0    | 0    | 
|clock_gen_v2_S00_AXI | A*B            | 18     | 16     | -      | -      | 48     | 0    | 0    | -    | -    | -     | 0    | 0    | 
|clock_gen_v2_S00_AXI | (PCIN>>17)+A*B | 16     | 16     | -      | -      | 48     | 0    | 0    | -    | -    | -     | 0    | 0    | 
|clock_gen_v2_S00_AXI | A*B            | 18     | 18     | -      | -      | 48     | 0    | 0    | -    | -    | -     | 0    | 0    | 
|clock_gen_v2_S00_AXI | (PCIN>>17)+A*B | 18     | 16     | -      | -      | 48     | 0    | 0    | -    | -    | -     | 0    | 0    | 
|clock_gen_v2_S00_AXI | A*B            | 18     | 16     | -      | -      | 48     | 0    | 0    | -    | -    | -     | 0    | 0    | 
|clock_gen_v2_S00_AXI | (PCIN>>17)+A*B | 16     | 16     | -      | -      | 48     | 0    | 0    | -    | -    | -     | 0    | 0    | 
|clock_gen_v2_S00_AXI | A*B            | 18     | 18     | -      | -      | 48     | 0    | 0    | -    | -    | -     | 0    | 0    | 
|clock_gen_v2_S00_AXI | (PCIN>>17)+A*B | 18     | 16     | -      | -      | 48     | 0    | 0    | -    | -    | -     | 0    | 0    | 
|clock_gen_v2_S00_AXI | A*B            | 18     | 16     | -      | -      | 48     | 0    | 0    | -    | -    | -     | 0    | 0    | 
|clock_gen_v2_S00_AXI | (PCIN>>17)+A*B | 16     | 16     | -      | -      | 48     | 0    | 0    | -    | -    | -     | 0    | 0    | 
|clock_gen_v2_S00_AXI | A*B            | 18     | 18     | -      | -      | 48     | 0    | 0    | -    | -    | -     | 0    | 0    | 
|clock_gen_v2_S00_AXI | (PCIN>>17)+A*B | 18     | 16     | -      | -      | 48     | 0    | 0    | -    | -    | -     | 0    | 0    | 
|clock_gen_v2_S00_AXI | A*B            | 18     | 16     | -      | -      | 48     | 0    | 0    | -    | -    | -     | 0    | 0    | 
|clock_gen_v2_S00_AXI | (PCIN>>17)+A*B | 16     | 16     | -      | -      | 48     | 0    | 0    | -    | -    | -     | 0    | 0    | 
|clock_gen_v2_S00_AXI | A*B            | 18     | 18     | -      | -      | 48     | 0    | 0    | -    | -    | -     | 0    | 0    | 
|clock_gen_v2_S00_AXI | (PCIN>>17)+A*B | 18     | 16     | -      | -      | 48     | 0    | 0    | -    | -    | -     | 0    | 0    | 
|clock_gen_v2_S00_AXI | A*B            | 18     | 16     | -      | -      | 48     | 0    | 0    | -    | -    | -     | 0    | 0    | 
|clock_gen_v2_S00_AXI | (PCIN>>17)+A*B | 16     | 16     | -      | -      | 48     | 0    | 0    | -    | -    | -     | 0    | 0    | 
|clock_gen_v2_S00_AXI | A*B            | 18     | 18     | -      | -      | 48     | 0    | 0    | -    | -    | -     | 0    | 0    | 
|clock_gen_v2_S00_AXI | (PCIN>>17)+A*B | 18     | 16     | -      | -      | 48     | 0    | 0    | -    | -    | -     | 0    | 0    | 
|clock_gen_v2_S00_AXI | A*B            | 18     | 16     | -      | -      | 48     | 0    | 0    | -    | -    | -     | 0    | 0    | 
|clock_gen_v2_S00_AXI | (PCIN>>17)+A*B | 16     | 16     | -      | -      | 48     | 0    | 0    | -    | -    | -     | 0    | 0    | 
|clock_gen_v2_S00_AXI | A*B            | 18     | 18     | -      | -      | 48     | 0    | 0    | -    | -    | -     | 0    | 0    | 
|clock_gen_v2_S00_AXI | (PCIN>>17)+A*B | 18     | 16     | -      | -      | 48     | 0    | 0    | -    | -    | -     | 0    | 0    | 
|clock_gen_v2_S00_AXI | A*B            | 18     | 16     | -      | -      | 48     | 0    | 0    | -    | -    | -     | 0    | 0    | 
|clock_gen_v2_S00_AXI | (PCIN>>17)+A*B | 16     | 16     | -      | -      | 48     | 0    | 0    | -    | -    | -     | 0    | 0    | 
|clock_gen_v2_S00_AXI | A*B            | 18     | 18     | -      | -      | 48     | 0    | 0    | -    | -    | -     | 0    | 0    | 
|clock_gen_v2_S00_AXI | (PCIN>>17)+A*B | 18     | 16     | -      | -      | 48     | 0    | 0    | -    | -    | -     | 0    | 0    | 
|clock_gen_v2_S00_AXI | A*B            | 18     | 16     | -      | -      | 48     | 0    | 0    | -    | -    | -     | 0    | 0    | 
|clock_gen_v2_S00_AXI | (PCIN>>17)+A*B | 16     | 16     | -      | -      | 48     | 0    | 0    | -    | -    | -     | 0    | 0    | 
|clock_gen_v2_S00_AXI | A*B            | 18     | 18     | -      | -      | 48     | 0    | 0    | -    | -    | -     | 0    | 0    | 
|clock_gen_v2_S00_AXI | (PCIN>>17)+A*B | 18     | 16     | -      | -      | 48     | 0    | 0    | -    | -    | -     | 0    | 0    | 
|clock_gen_v2_S00_AXI | A*B            | 18     | 16     | -      | -      | 48     | 0    | 0    | -    | -    | -     | 0    | 0    | 
|clock_gen_v2_S00_AXI | (PCIN>>17)+A*B | 16     | 16     | -      | -      | 48     | 0    | 0    | -    | -    | -     | 0    | 0    | 
|clock_gen_v2_S00_AXI | A*B            | 18     | 18     | -      | -      | 48     | 0    | 0    | -    | -    | -     | 0    | 0    | 
|clock_gen_v2_S00_AXI | (PCIN>>17)+A*B | 18     | 16     | -      | -      | 48     | 0    | 0    | -    | -    | -     | 0    | 0    | 
|clock_gen_v2_S00_AXI | A*B            | 18     | 16     | -      | -      | 48     | 0    | 0    | -    | -    | -     | 0    | 0    | 
|clock_gen_v2_S00_AXI | (PCIN>>17)+A*B | 16     | 16     | -      | -      | 48     | 0    | 0    | -    | -    | -     | 0    | 0    | 
|clock_gen_v2_S00_AXI | A*B            | 18     | 18     | -      | -      | 48     | 0    | 0    | -    | -    | -     | 0    | 0    | 
|clock_gen_v2_S00_AXI | (PCIN>>17)+A*B | 18     | 16     | -      | -      | 48     | 0    | 0    | -    | -    | -     | 0    | 0    | 
+---------------------+----------------+--------+--------+--------+--------+--------+------+------+------+------+-------+------+------+

Note: The table above is a preliminary report that shows the DSPs inferred at the current stage of the synthesis flow. Some DSP may be reimplemented as non DSP primitives later in the synthesis flow. Multiple instantiated DSPs are reported only once.
---------------------------------------------------------------------------------
Finished ROM, RAM, DSP and Shift Register Reporting
---------------------------------------------------------------------------------

Report RTL Partitions: 
+-+--------------+------------+----------+
| |RTL Partition |Replication |Instances |
+-+--------------+------------+----------+
+-+--------------+------------+----------+
---------------------------------------------------------------------------------
Start Applying XDC Timing Constraints
---------------------------------------------------------------------------------
---------------------------------------------------------------------------------
Finished Applying XDC Timing Constraints : Time (s): cpu = 00:00:57 ; elapsed = 00:01:00 . Memory (MB): peak = 974.859 ; gain = 642.734
---------------------------------------------------------------------------------
---------------------------------------------------------------------------------
Start Timing Optimization
---------------------------------------------------------------------------------
---------------------------------------------------------------------------------
Finished Timing Optimization : Time (s): cpu = 00:00:58 ; elapsed = 00:01:01 . Memory (MB): peak = 980.496 ; gain = 648.371
---------------------------------------------------------------------------------

Report RTL Partitions: 
+-+--------------+------------+----------+
| |RTL Partition |Replication |Instances |
+-+--------------+------------+----------+
+-+--------------+------------+----------+
---------------------------------------------------------------------------------
Start Technology Mapping
---------------------------------------------------------------------------------
---------------------------------------------------------------------------------
Finished Technology Mapping : Time (s): cpu = 00:01:00 ; elapsed = 00:01:02 . Memory (MB): peak = 1025.898 ; gain = 693.773
---------------------------------------------------------------------------------

Report RTL Partitions: 
+-+--------------+------------+----------+
| |RTL Partition |Replication |Instances |
+-+--------------+------------+----------+
+-+--------------+------------+----------+
---------------------------------------------------------------------------------
Start IO Insertion
---------------------------------------------------------------------------------
---------------------------------------------------------------------------------
Start Flattening Before IO Insertion
---------------------------------------------------------------------------------
---------------------------------------------------------------------------------
Finished Flattening Before IO Insertion
---------------------------------------------------------------------------------
---------------------------------------------------------------------------------
Start Final Netlist Cleanup
---------------------------------------------------------------------------------
---------------------------------------------------------------------------------
Finished Final Netlist Cleanup
---------------------------------------------------------------------------------
---------------------------------------------------------------------------------
Finished IO Insertion : Time (s): cpu = 00:01:01 ; elapsed = 00:01:04 . Memory (MB): peak = 1025.898 ; gain = 693.773
---------------------------------------------------------------------------------

Report Check Netlist: 
+------+------------------+-------+---------+-------+------------------+
|      |Item              |Errors |Warnings |Status |Description       |
+------+------------------+-------+---------+-------+------------------+
|1     |multi_driven_nets |      0|        0|Passed |Multi driven nets |
+------+------------------+-------+---------+-------+------------------+
---------------------------------------------------------------------------------
Start Renaming Generated Instances
---------------------------------------------------------------------------------
---------------------------------------------------------------------------------
Finished Renaming Generated Instances : Time (s): cpu = 00:01:01 ; elapsed = 00:01:04 . Memory (MB): peak = 1025.898 ; gain = 693.773
---------------------------------------------------------------------------------

Report RTL Partitions: 
+-+--------------+------------+----------+
| |RTL Partition |Replication |Instances |
+-+--------------+------------+----------+
+-+--------------+------------+----------+
---------------------------------------------------------------------------------
Start Rebuilding User Hierarchy
---------------------------------------------------------------------------------
---------------------------------------------------------------------------------
Finished Rebuilding User Hierarchy : Time (s): cpu = 00:01:02 ; elapsed = 00:01:04 . Memory (MB): peak = 1025.898 ; gain = 693.773
---------------------------------------------------------------------------------
---------------------------------------------------------------------------------
Start Renaming Generated Ports
---------------------------------------------------------------------------------
---------------------------------------------------------------------------------
Finished Renaming Generated Ports : Time (s): cpu = 00:01:02 ; elapsed = 00:01:04 . Memory (MB): peak = 1025.898 ; gain = 693.773
---------------------------------------------------------------------------------
---------------------------------------------------------------------------------
Start Handling Custom Attributes
---------------------------------------------------------------------------------
---------------------------------------------------------------------------------
Finished Handling Custom Attributes : Time (s): cpu = 00:01:02 ; elapsed = 00:01:04 . Memory (MB): peak = 1025.898 ; gain = 693.773
---------------------------------------------------------------------------------
---------------------------------------------------------------------------------
Start Renaming Generated Nets
---------------------------------------------------------------------------------
---------------------------------------------------------------------------------
Finished Renaming Generated Nets : Time (s): cpu = 00:01:02 ; elapsed = 00:01:04 . Memory (MB): peak = 1025.898 ; gain = 693.773
---------------------------------------------------------------------------------
---------------------------------------------------------------------------------
Start Writing Synthesis Report
---------------------------------------------------------------------------------

Report BlackBoxes: 
+-+--------------+----------+
| |BlackBox name |Instances |
+-+--------------+----------+
+-+--------------+----------+

Report Cell Usage: 
+------+--------+------+
|      |Cell    |Count |
+------+--------+------+
|1     |CARRY4  |   384|
|2     |DSP48E1 |    87|
|3     |LUT1    |   131|
|4     |LUT2    |   818|
|5     |LUT3    |   388|
|6     |LUT4    |   163|
|7     |LUT5    |   841|
|8     |LUT6    |   663|
|9     |MUXF7   |   192|
|10    |MUXF8   |    96|
|11    |FDRE    |  1660|
|12    |FDSE    |     1|
|13    |LD      |   160|
+------+--------+------+

Report Instance Areas: 
+------+------------------------------+---------------------+------+
|      |Instance                      |Module               |Cells |
+------+------------------------------+---------------------+------+
|1     |top                           |                     |  5584|
|2     |  inst                        |clock_gen_v2         |  5113|
|3     |    clock_gen_v2_S00_AXI_inst |clock_gen_v2_S00_AXI |  5108|
+------+------------------------------+---------------------+------+
---------------------------------------------------------------------------------
Finished Writing Synthesis Report : Time (s): cpu = 00:01:02 ; elapsed = 00:01:04 . Memory (MB): peak = 1025.898 ; gain = 693.773
---------------------------------------------------------------------------------
Synthesis finished with 0 errors, 0 critical warnings and 19 warnings.
Synthesis Optimization Runtime : Time (s): cpu = 00:00:43 ; elapsed = 00:00:54 . Memory (MB): peak = 1025.898 ; gain = 308.992
Synthesis Optimization Complete : Time (s): cpu = 00:01:02 ; elapsed = 00:01:04 . Memory (MB): peak = 1025.898 ; gain = 693.773
INFO: [Project 1-571] Translating synthesized netlist
INFO: [Netlist 29-17] Analyzing 919 Unisim elements for replacement
INFO: [Netlist 29-28] Unisim Transformation completed in 0 CPU seconds
WARNING: [Netlist 29-101] Netlist 'design_1_clock_gen_0_0' is not ideal for floorplanning, since the cellview 'clock_gen_v2_S00_AXI' contains a large number of primitives.  Please consider enabling hierarchy in synthesis if you want to do floorplanning.
INFO: [Project 1-570] Preparing netlist for logic optimization
INFO: [Opt 31-138] Pushed 1 inverter(s) to 160 load pin(s).
INFO: [Project 1-111] Unisim Transformation Summary:
  A total of 160 instances were transformed.
  LD => LDCE (inverted pins: G): 160 instances

INFO: [Common 17-83] Releasing license: Synthesis
50 Infos, 28 Warnings, 0 Critical Warnings and 0 Errors encountered.
synth_design completed successfully
synth_design: Time (s): cpu = 00:01:05 ; elapsed = 00:01:09 . Memory (MB): peak = 1025.898 ; gain = 705.238
INFO: [Common 17-1381] The checkpoint 'D:/AlienWare/Course/ECE532/MileStone5/MBS_V1/MicroBlazeServer.runs/design_1_clock_gen_0_0_synth_1/design_1_clock_gen_0_0.dcp' has been generated.
