
*** Running vivado
    with args -log design_1_mig_7series_0_0.vds -m64 -product Vivado -mode batch -messageDb vivado.pb -notrace -source design_1_mig_7series_0_0.tcl


****** Vivado v2017.1 (64-bit)
  **** SW Build 1846317 on Fri Apr 14 18:55:03 MDT 2017
  **** IP Build 1846188 on Fri Apr 14 20:52:08 MDT 2017
    ** Copyright 1986-2017 Xilinx, Inc. All Rights Reserved.

source design_1_mig_7series_0_0.tcl -notrace
Starting RTL Elaboration : Time (s): cpu = 00:00:06 ; elapsed = 00:00:06 . Memory (MB): peak = 413.539 ; gain = 79.949
INFO: [Synth 8-638] synthesizing module 'design_1_mig_7series_0_0' [c:/Users/Jaimin/XilinxProjects/MicroBlazeServer/MicroBlazeServer.srcs/sources_1/bd/design_1/ip/design_1_mig_7series_0_0/design_1_mig_7series_0_0/user_design/rtl/design_1_mig_7series_0_0.v:70]
INFO: [Synth 8-638] synthesizing module 'design_1_mig_7series_0_0_mig' [c:/Users/Jaimin/XilinxProjects/MicroBlazeServer/MicroBlazeServer.srcs/sources_1/bd/design_1/ip/design_1_mig_7series_0_0/design_1_mig_7series_0_0/user_design/rtl/design_1_mig_7series_0_0_mig.v:75]
INFO: [Synth 8-638] synthesizing module 'mig_7series_v4_0_tempmon' [c:/Users/Jaimin/XilinxProjects/MicroBlazeServer/MicroBlazeServer.srcs/sources_1/bd/design_1/ip/design_1_mig_7series_0_0/design_1_mig_7series_0_0/user_design/rtl/clocking/mig_7series_v4_0_tempmon.v:69]
INFO: [Synth 8-638] synthesizing module 'XADC' [C:/Xilinx/Vivado/2017.1/scripts/rt/data/unisim_comp.v:45495]
INFO: [Synth 8-256] done synthesizing module 'XADC' (1#1) [C:/Xilinx/Vivado/2017.1/scripts/rt/data/unisim_comp.v:45495]
INFO: [Synth 8-256] done synthesizing module 'mig_7series_v4_0_tempmon' (2#1) [c:/Users/Jaimin/XilinxProjects/MicroBlazeServer/MicroBlazeServer.srcs/sources_1/bd/design_1/ip/design_1_mig_7series_0_0/design_1_mig_7series_0_0/user_design/rtl/clocking/mig_7series_v4_0_tempmon.v:69]
INFO: [Synth 8-638] synthesizing module 'mig_7series_v4_0_iodelay_ctrl' [c:/Users/Jaimin/XilinxProjects/MicroBlazeServer/MicroBlazeServer.srcs/sources_1/bd/design_1/ip/design_1_mig_7series_0_0/design_1_mig_7series_0_0/user_design/rtl/clocking/mig_7series_v4_0_iodelay_ctrl.v:80]
INFO: [Synth 8-638] synthesizing module 'IDELAYCTRL' [C:/Xilinx/Vivado/2017.1/scripts/rt/data/unisim_comp.v:16506]
INFO: [Synth 8-256] done synthesizing module 'IDELAYCTRL' (3#1) [C:/Xilinx/Vivado/2017.1/scripts/rt/data/unisim_comp.v:16506]
INFO: [Synth 8-256] done synthesizing module 'mig_7series_v4_0_iodelay_ctrl' (4#1) [c:/Users/Jaimin/XilinxProjects/MicroBlazeServer/MicroBlazeServer.srcs/sources_1/bd/design_1/ip/design_1_mig_7series_0_0/design_1_mig_7series_0_0/user_design/rtl/clocking/mig_7series_v4_0_iodelay_ctrl.v:80]
INFO: [Synth 8-638] synthesizing module 'mig_7series_v4_0_clk_ibuf' [c:/Users/Jaimin/XilinxProjects/MicroBlazeServer/MicroBlazeServer.srcs/sources_1/bd/design_1/ip/design_1_mig_7series_0_0/design_1_mig_7series_0_0/user_design/rtl/clocking/mig_7series_v4_0_clk_ibuf.v:68]
INFO: [Synth 8-256] done synthesizing module 'mig_7series_v4_0_clk_ibuf' (5#1) [c:/Users/Jaimin/XilinxProjects/MicroBlazeServer/MicroBlazeServer.srcs/sources_1/bd/design_1/ip/design_1_mig_7series_0_0/design_1_mig_7series_0_0/user_design/rtl/clocking/mig_7series_v4_0_clk_ibuf.v:68]
INFO: [Synth 8-638] synthesizing module 'mig_7series_v4_0_infrastructure' [c:/Users/Jaimin/XilinxProjects/MicroBlazeServer/MicroBlazeServer.srcs/sources_1/bd/design_1/ip/design_1_mig_7series_0_0/design_1_mig_7series_0_0/user_design/rtl/clocking/mig_7series_v4_0_infrastructure.v:78]
INFO: [Synth 8-638] synthesizing module 'MMCME2_ADV' [C:/Xilinx/Vivado/2017.1/scripts/rt/data/unisim_comp.v:20759]
INFO: [Synth 8-256] done synthesizing module 'MMCME2_ADV' (6#1) [C:/Xilinx/Vivado/2017.1/scripts/rt/data/unisim_comp.v:20759]
INFO: [Synth 8-638] synthesizing module 'BUFG' [C:/Xilinx/Vivado/2017.1/scripts/rt/data/unisim_comp.v:607]
INFO: [Synth 8-256] done synthesizing module 'BUFG' (7#1) [C:/Xilinx/Vivado/2017.1/scripts/rt/data/unisim_comp.v:607]
INFO: [Synth 8-638] synthesizing module 'PLLE2_ADV' [C:/Xilinx/Vivado/2017.1/scripts/rt/data/unisim_comp.v:33019]
INFO: [Synth 8-256] done synthesizing module 'PLLE2_ADV' (8#1) [C:/Xilinx/Vivado/2017.1/scripts/rt/data/unisim_comp.v:33019]
INFO: [Synth 8-638] synthesizing module 'BUFH' [C:/Xilinx/Vivado/2017.1/scripts/rt/data/unisim_comp.v:806]
INFO: [Synth 8-256] done synthesizing module 'BUFH' (9#1) [C:/Xilinx/Vivado/2017.1/scripts/rt/data/unisim_comp.v:806]
INFO: [Synth 8-256] done synthesizing module 'mig_7series_v4_0_infrastructure' (10#1) [c:/Users/Jaimin/XilinxProjects/MicroBlazeServer/MicroBlazeServer.srcs/sources_1/bd/design_1/ip/design_1_mig_7series_0_0/design_1_mig_7series_0_0/user_design/rtl/clocking/mig_7series_v4_0_infrastructure.v:78]
INFO: [Synth 8-638] synthesizing module 'mig_7series_v4_0_memc_ui_top_axi' [c:/Users/Jaimin/XilinxProjects/MicroBlazeServer/MicroBlazeServer.srcs/sources_1/bd/design_1/ip/design_1_mig_7series_0_0/design_1_mig_7series_0_0/user_design/rtl/ip_top/mig_7series_v4_0_memc_ui_top_axi.v:72]
INFO: [Synth 8-638] synthesizing module 'mig_7series_v4_0_mem_intfc' [c:/Users/Jaimin/XilinxProjects/MicroBlazeServer/MicroBlazeServer.srcs/sources_1/bd/design_1/ip/design_1_mig_7series_0_0/design_1_mig_7series_0_0/user_design/rtl/ip_top/mig_7series_v4_0_mem_intfc.v:70]
INFO: [Synth 8-638] synthesizing module 'mig_7series_v4_0_mc' [c:/Users/Jaimin/XilinxProjects/MicroBlazeServer/MicroBlazeServer.srcs/sources_1/bd/design_1/ip/design_1_mig_7series_0_0/design_1_mig_7series_0_0/user_design/rtl/controller/mig_7series_v4_0_mc.v:73]
INFO: [Synth 8-638] synthesizing module 'mig_7series_v4_0_rank_mach' [c:/Users/Jaimin/XilinxProjects/MicroBlazeServer/MicroBlazeServer.srcs/sources_1/bd/design_1/ip/design_1_mig_7series_0_0/design_1_mig_7series_0_0/user_design/rtl/controller/mig_7series_v4_0_rank_mach.v:71]
INFO: [Synth 8-638] synthesizing module 'mig_7series_v4_0_rank_cntrl' [c:/Users/Jaimin/XilinxProjects/MicroBlazeServer/MicroBlazeServer.srcs/sources_1/bd/design_1/ip/design_1_mig_7series_0_0/design_1_mig_7series_0_0/user_design/rtl/controller/mig_7series_v4_0_rank_cntrl.v:79]
INFO: [Synth 8-638] synthesizing module 'SRLC32E' [C:/Xilinx/Vivado/2017.1/scripts/rt/data/unisim_comp.v:43823]
INFO: [Synth 8-256] done synthesizing module 'SRLC32E' (11#1) [C:/Xilinx/Vivado/2017.1/scripts/rt/data/unisim_comp.v:43823]
INFO: [Synth 8-256] done synthesizing module 'mig_7series_v4_0_rank_cntrl' (12#1) [c:/Users/Jaimin/XilinxProjects/MicroBlazeServer/MicroBlazeServer.srcs/sources_1/bd/design_1/ip/design_1_mig_7series_0_0/design_1_mig_7series_0_0/user_design/rtl/controller/mig_7series_v4_0_rank_cntrl.v:79]
INFO: [Synth 8-638] synthesizing module 'mig_7series_v4_0_rank_common' [c:/Users/Jaimin/XilinxProjects/MicroBlazeServer/MicroBlazeServer.srcs/sources_1/bd/design_1/ip/design_1_mig_7series_0_0/design_1_mig_7series_0_0/user_design/rtl/controller/mig_7series_v4_0_rank_common.v:72]
INFO: [Synth 8-638] synthesizing module 'mig_7series_v4_0_round_robin_arb' [c:/Users/Jaimin/XilinxProjects/MicroBlazeServer/MicroBlazeServer.srcs/sources_1/bd/design_1/ip/design_1_mig_7series_0_0/design_1_mig_7series_0_0/user_design/rtl/controller/mig_7series_v4_0_round_robin_arb.v:121]
INFO: [Synth 8-256] done synthesizing module 'mig_7series_v4_0_round_robin_arb' (13#1) [c:/Users/Jaimin/XilinxProjects/MicroBlazeServer/MicroBlazeServer.srcs/sources_1/bd/design_1/ip/design_1_mig_7series_0_0/design_1_mig_7series_0_0/user_design/rtl/controller/mig_7series_v4_0_round_robin_arb.v:121]
INFO: [Synth 8-638] synthesizing module 'mig_7series_v4_0_round_robin_arb__parameterized0' [c:/Users/Jaimin/XilinxProjects/MicroBlazeServer/MicroBlazeServer.srcs/sources_1/bd/design_1/ip/design_1_mig_7series_0_0/design_1_mig_7series_0_0/user_design/rtl/controller/mig_7series_v4_0_round_robin_arb.v:121]
INFO: [Synth 8-256] done synthesizing module 'mig_7series_v4_0_round_robin_arb__parameterized0' (13#1) [c:/Users/Jaimin/XilinxProjects/MicroBlazeServer/MicroBlazeServer.srcs/sources_1/bd/design_1/ip/design_1_mig_7series_0_0/design_1_mig_7series_0_0/user_design/rtl/controller/mig_7series_v4_0_round_robin_arb.v:121]
INFO: [Synth 8-256] done synthesizing module 'mig_7series_v4_0_rank_common' (14#1) [c:/Users/Jaimin/XilinxProjects/MicroBlazeServer/MicroBlazeServer.srcs/sources_1/bd/design_1/ip/design_1_mig_7series_0_0/design_1_mig_7series_0_0/user_design/rtl/controller/mig_7series_v4_0_rank_common.v:72]
INFO: [Synth 8-256] done synthesizing module 'mig_7series_v4_0_rank_mach' (15#1) [c:/Users/Jaimin/XilinxProjects/MicroBlazeServer/MicroBlazeServer.srcs/sources_1/bd/design_1/ip/design_1_mig_7series_0_0/design_1_mig_7series_0_0/user_design/rtl/controller/mig_7series_v4_0_rank_mach.v:71]
INFO: [Synth 8-638] synthesizing module 'mig_7series_v4_0_bank_mach' [c:/Users/Jaimin/XilinxProjects/MicroBlazeServer/MicroBlazeServer.srcs/sources_1/bd/design_1/ip/design_1_mig_7series_0_0/design_1_mig_7series_0_0/user_design/rtl/controller/mig_7series_v4_0_bank_mach.v:72]
INFO: [Synth 8-638] synthesizing module 'mig_7series_v4_0_bank_cntrl' [c:/Users/Jaimin/XilinxProjects/MicroBlazeServer/MicroBlazeServer.srcs/sources_1/bd/design_1/ip/design_1_mig_7series_0_0/design_1_mig_7series_0_0/user_design/rtl/controller/mig_7series_v4_0_bank_cntrl.v:70]
INFO: [Synth 8-638] synthesizing module 'mig_7series_v4_0_bank_compare' [c:/Users/Jaimin/XilinxProjects/MicroBlazeServer/MicroBlazeServer.srcs/sources_1/bd/design_1/ip/design_1_mig_7series_0_0/design_1_mig_7series_0_0/user_design/rtl/controller/mig_7series_v4_0_bank_compare.v:74]
INFO: [Synth 8-256] done synthesizing module 'mig_7series_v4_0_bank_compare' (16#1) [c:/Users/Jaimin/XilinxProjects/MicroBlazeServer/MicroBlazeServer.srcs/sources_1/bd/design_1/ip/design_1_mig_7series_0_0/design_1_mig_7series_0_0/user_design/rtl/controller/mig_7series_v4_0_bank_compare.v:74]
INFO: [Synth 8-638] synthesizing module 'mig_7series_v4_0_bank_state' [c:/Users/Jaimin/XilinxProjects/MicroBlazeServer/MicroBlazeServer.srcs/sources_1/bd/design_1/ip/design_1_mig_7series_0_0/design_1_mig_7series_0_0/user_design/rtl/controller/mig_7series_v4_0_bank_state.v:141]
INFO: [Synth 8-256] done synthesizing module 'mig_7series_v4_0_bank_state' (17#1) [c:/Users/Jaimin/XilinxProjects/MicroBlazeServer/MicroBlazeServer.srcs/sources_1/bd/design_1/ip/design_1_mig_7series_0_0/design_1_mig_7series_0_0/user_design/rtl/controller/mig_7series_v4_0_bank_state.v:141]
INFO: [Synth 8-638] synthesizing module 'mig_7series_v4_0_bank_queue' [c:/Users/Jaimin/XilinxProjects/MicroBlazeServer/MicroBlazeServer.srcs/sources_1/bd/design_1/ip/design_1_mig_7series_0_0/design_1_mig_7series_0_0/user_design/rtl/controller/mig_7series_v4_0_bank_queue.v:174]
INFO: [Synth 8-256] done synthesizing module 'mig_7series_v4_0_bank_queue' (18#1) [c:/Users/Jaimin/XilinxProjects/MicroBlazeServer/MicroBlazeServer.srcs/sources_1/bd/design_1/ip/design_1_mig_7series_0_0/design_1_mig_7series_0_0/user_design/rtl/controller/mig_7series_v4_0_bank_queue.v:174]
INFO: [Synth 8-256] done synthesizing module 'mig_7series_v4_0_bank_cntrl' (19#1) [c:/Users/Jaimin/XilinxProjects/MicroBlazeServer/MicroBlazeServer.srcs/sources_1/bd/design_1/ip/design_1_mig_7series_0_0/design_1_mig_7series_0_0/user_design/rtl/controller/mig_7series_v4_0_bank_cntrl.v:70]
INFO: [Synth 8-638] synthesizing module 'mig_7series_v4_0_bank_cntrl__parameterized0' [c:/Users/Jaimin/XilinxProjects/MicroBlazeServer/MicroBlazeServer.srcs/sources_1/bd/design_1/ip/design_1_mig_7series_0_0/design_1_mig_7series_0_0/user_design/rtl/controller/mig_7series_v4_0_bank_cntrl.v:70]
INFO: [Synth 8-638] synthesizing module 'mig_7series_v4_0_bank_state__parameterized0' [c:/Users/Jaimin/XilinxProjects/MicroBlazeServer/MicroBlazeServer.srcs/sources_1/bd/design_1/ip/design_1_mig_7series_0_0/design_1_mig_7series_0_0/user_design/rtl/controller/mig_7series_v4_0_bank_state.v:141]
INFO: [Synth 8-256] done synthesizing module 'mig_7series_v4_0_bank_state__parameterized0' (19#1) [c:/Users/Jaimin/XilinxProjects/MicroBlazeServer/MicroBlazeServer.srcs/sources_1/bd/design_1/ip/design_1_mig_7series_0_0/design_1_mig_7series_0_0/user_design/rtl/controller/mig_7series_v4_0_bank_state.v:141]
INFO: [Synth 8-638] synthesizing module 'mig_7series_v4_0_bank_queue__parameterized0' [c:/Users/Jaimin/XilinxProjects/MicroBlazeServer/MicroBlazeServer.srcs/sources_1/bd/design_1/ip/design_1_mig_7series_0_0/design_1_mig_7series_0_0/user_design/rtl/controller/mig_7series_v4_0_bank_queue.v:174]
INFO: [Synth 8-256] done synthesizing module 'mig_7series_v4_0_bank_queue__parameterized0' (19#1) [c:/Users/Jaimin/XilinxProjects/MicroBlazeServer/MicroBlazeServer.srcs/sources_1/bd/design_1/ip/design_1_mig_7series_0_0/design_1_mig_7series_0_0/user_design/rtl/controller/mig_7series_v4_0_bank_queue.v:174]
INFO: [Synth 8-256] done synthesizing module 'mig_7series_v4_0_bank_cntrl__parameterized0' (19#1) [c:/Users/Jaimin/XilinxProjects/MicroBlazeServer/MicroBlazeServer.srcs/sources_1/bd/design_1/ip/design_1_mig_7series_0_0/design_1_mig_7series_0_0/user_design/rtl/controller/mig_7series_v4_0_bank_cntrl.v:70]
INFO: [Synth 8-638] synthesizing module 'mig_7series_v4_0_bank_cntrl__parameterized1' [c:/Users/Jaimin/XilinxProjects/MicroBlazeServer/MicroBlazeServer.srcs/sources_1/bd/design_1/ip/design_1_mig_7series_0_0/design_1_mig_7series_0_0/user_design/rtl/controller/mig_7series_v4_0_bank_cntrl.v:70]
INFO: [Synth 8-638] synthesizing module 'mig_7series_v4_0_bank_state__parameterized1' [c:/Users/Jaimin/XilinxProjects/MicroBlazeServer/MicroBlazeServer.srcs/sources_1/bd/design_1/ip/design_1_mig_7series_0_0/design_1_mig_7series_0_0/user_design/rtl/controller/mig_7series_v4_0_bank_state.v:141]
INFO: [Synth 8-256] done synthesizing module 'mig_7series_v4_0_bank_state__parameterized1' (19#1) [c:/Users/Jaimin/XilinxProjects/MicroBlazeServer/MicroBlazeServer.srcs/sources_1/bd/design_1/ip/design_1_mig_7series_0_0/design_1_mig_7series_0_0/user_design/rtl/controller/mig_7series_v4_0_bank_state.v:141]
INFO: [Synth 8-638] synthesizing module 'mig_7series_v4_0_bank_queue__parameterized1' [c:/Users/Jaimin/XilinxProjects/MicroBlazeServer/MicroBlazeServer.srcs/sources_1/bd/design_1/ip/design_1_mig_7series_0_0/design_1_mig_7series_0_0/user_design/rtl/controller/mig_7series_v4_0_bank_queue.v:174]
INFO: [Synth 8-256] done synthesizing module 'mig_7series_v4_0_bank_queue__parameterized1' (19#1) [c:/Users/Jaimin/XilinxProjects/MicroBlazeServer/MicroBlazeServer.srcs/sources_1/bd/design_1/ip/design_1_mig_7series_0_0/design_1_mig_7series_0_0/user_design/rtl/controller/mig_7series_v4_0_bank_queue.v:174]
INFO: [Synth 8-256] done synthesizing module 'mig_7series_v4_0_bank_cntrl__parameterized1' (19#1) [c:/Users/Jaimin/XilinxProjects/MicroBlazeServer/MicroBlazeServer.srcs/sources_1/bd/design_1/ip/design_1_mig_7series_0_0/design_1_mig_7series_0_0/user_design/rtl/controller/mig_7series_v4_0_bank_cntrl.v:70]
INFO: [Synth 8-638] synthesizing module 'mig_7series_v4_0_bank_cntrl__parameterized2' [c:/Users/Jaimin/XilinxProjects/MicroBlazeServer/MicroBlazeServer.srcs/sources_1/bd/design_1/ip/design_1_mig_7series_0_0/design_1_mig_7series_0_0/user_design/rtl/controller/mig_7series_v4_0_bank_cntrl.v:70]
INFO: [Synth 8-638] synthesizing module 'mig_7series_v4_0_bank_state__parameterized2' [c:/Users/Jaimin/XilinxProjects/MicroBlazeServer/MicroBlazeServer.srcs/sources_1/bd/design_1/ip/design_1_mig_7series_0_0/design_1_mig_7series_0_0/user_design/rtl/controller/mig_7series_v4_0_bank_state.v:141]
INFO: [Synth 8-256] done synthesizing module 'mig_7series_v4_0_bank_state__parameterized2' (19#1) [c:/Users/Jaimin/XilinxProjects/MicroBlazeServer/MicroBlazeServer.srcs/sources_1/bd/design_1/ip/design_1_mig_7series_0_0/design_1_mig_7series_0_0/user_design/rtl/controller/mig_7series_v4_0_bank_state.v:141]
INFO: [Synth 8-638] synthesizing module 'mig_7series_v4_0_bank_queue__parameterized2' [c:/Users/Jaimin/XilinxProjects/MicroBlazeServer/MicroBlazeServer.srcs/sources_1/bd/design_1/ip/design_1_mig_7series_0_0/design_1_mig_7series_0_0/user_design/rtl/controller/mig_7series_v4_0_bank_queue.v:174]
INFO: [Synth 8-256] done synthesizing module 'mig_7series_v4_0_bank_queue__parameterized2' (19#1) [c:/Users/Jaimin/XilinxProjects/MicroBlazeServer/MicroBlazeServer.srcs/sources_1/bd/design_1/ip/design_1_mig_7series_0_0/design_1_mig_7series_0_0/user_design/rtl/controller/mig_7series_v4_0_bank_queue.v:174]
INFO: [Synth 8-256] done synthesizing module 'mig_7series_v4_0_bank_cntrl__parameterized2' (19#1) [c:/Users/Jaimin/XilinxProjects/MicroBlazeServer/MicroBlazeServer.srcs/sources_1/bd/design_1/ip/design_1_mig_7series_0_0/design_1_mig_7series_0_0/user_design/rtl/controller/mig_7series_v4_0_bank_cntrl.v:70]
INFO: [Synth 8-638] synthesizing module 'mig_7series_v4_0_bank_common' [c:/Users/Jaimin/XilinxProjects/MicroBlazeServer/MicroBlazeServer.srcs/sources_1/bd/design_1/ip/design_1_mig_7series_0_0/design_1_mig_7series_0_0/user_design/rtl/controller/mig_7series_v4_0_bank_common.v:73]
INFO: [Synth 8-256] done synthesizing module 'mig_7series_v4_0_bank_common' (20#1) [c:/Users/Jaimin/XilinxProjects/MicroBlazeServer/MicroBlazeServer.srcs/sources_1/bd/design_1/ip/design_1_mig_7series_0_0/design_1_mig_7series_0_0/user_design/rtl/controller/mig_7series_v4_0_bank_common.v:73]
INFO: [Synth 8-638] synthesizing module 'mig_7series_v4_0_arb_mux' [c:/Users/Jaimin/XilinxProjects/MicroBlazeServer/MicroBlazeServer.srcs/sources_1/bd/design_1/ip/design_1_mig_7series_0_0/design_1_mig_7series_0_0/user_design/rtl/controller/mig_7series_v4_0_arb_mux.v:69]
INFO: [Synth 8-638] synthesizing module 'mig_7series_v4_0_arb_row_col' [c:/Users/Jaimin/XilinxProjects/MicroBlazeServer/MicroBlazeServer.srcs/sources_1/bd/design_1/ip/design_1_mig_7series_0_0/design_1_mig_7series_0_0/user_design/rtl/controller/mig_7series_v4_0_arb_row_col.v:83]
INFO: [Synth 8-638] synthesizing module 'mig_7series_v4_0_round_robin_arb__parameterized1' [c:/Users/Jaimin/XilinxProjects/MicroBlazeServer/MicroBlazeServer.srcs/sources_1/bd/design_1/ip/design_1_mig_7series_0_0/design_1_mig_7series_0_0/user_design/rtl/controller/mig_7series_v4_0_round_robin_arb.v:121]
INFO: [Synth 8-256] done synthesizing module 'mig_7series_v4_0_round_robin_arb__parameterized1' (20#1) [c:/Users/Jaimin/XilinxProjects/MicroBlazeServer/MicroBlazeServer.srcs/sources_1/bd/design_1/ip/design_1_mig_7series_0_0/design_1_mig_7series_0_0/user_design/rtl/controller/mig_7series_v4_0_round_robin_arb.v:121]
INFO: [Synth 8-256] done synthesizing module 'mig_7series_v4_0_arb_row_col' (21#1) [c:/Users/Jaimin/XilinxProjects/MicroBlazeServer/MicroBlazeServer.srcs/sources_1/bd/design_1/ip/design_1_mig_7series_0_0/design_1_mig_7series_0_0/user_design/rtl/controller/mig_7series_v4_0_arb_row_col.v:83]
INFO: [Synth 8-638] synthesizing module 'mig_7series_v4_0_arb_select' [c:/Users/Jaimin/XilinxProjects/MicroBlazeServer/MicroBlazeServer.srcs/sources_1/bd/design_1/ip/design_1_mig_7series_0_0/design_1_mig_7series_0_0/user_design/rtl/controller/mig_7series_v4_0_arb_select.v:75]
INFO: [Synth 8-256] done synthesizing module 'mig_7series_v4_0_arb_select' (22#1) [c:/Users/Jaimin/XilinxProjects/MicroBlazeServer/MicroBlazeServer.srcs/sources_1/bd/design_1/ip/design_1_mig_7series_0_0/design_1_mig_7series_0_0/user_design/rtl/controller/mig_7series_v4_0_arb_select.v:75]
INFO: [Synth 8-256] done synthesizing module 'mig_7series_v4_0_arb_mux' (23#1) [c:/Users/Jaimin/XilinxProjects/MicroBlazeServer/MicroBlazeServer.srcs/sources_1/bd/design_1/ip/design_1_mig_7series_0_0/design_1_mig_7series_0_0/user_design/rtl/controller/mig_7series_v4_0_arb_mux.v:69]
INFO: [Synth 8-256] done synthesizing module 'mig_7series_v4_0_bank_mach' (24#1) [c:/Users/Jaimin/XilinxProjects/MicroBlazeServer/MicroBlazeServer.srcs/sources_1/bd/design_1/ip/design_1_mig_7series_0_0/design_1_mig_7series_0_0/user_design/rtl/controller/mig_7series_v4_0_bank_mach.v:72]
INFO: [Synth 8-638] synthesizing module 'mig_7series_v4_0_col_mach' [c:/Users/Jaimin/XilinxProjects/MicroBlazeServer/MicroBlazeServer.srcs/sources_1/bd/design_1/ip/design_1_mig_7series_0_0/design_1_mig_7series_0_0/user_design/rtl/controller/mig_7series_v4_0_col_mach.v:88]
INFO: [Synth 8-638] synthesizing module 'RAM32M' [C:/Xilinx/Vivado/2017.1/scripts/rt/data/unisim_comp.v:37094]
INFO: [Synth 8-256] done synthesizing module 'RAM32M' (25#1) [C:/Xilinx/Vivado/2017.1/scripts/rt/data/unisim_comp.v:37094]
INFO: [Synth 8-256] done synthesizing module 'mig_7series_v4_0_col_mach' (26#1) [c:/Users/Jaimin/XilinxProjects/MicroBlazeServer/MicroBlazeServer.srcs/sources_1/bd/design_1/ip/design_1_mig_7series_0_0/design_1_mig_7series_0_0/user_design/rtl/controller/mig_7series_v4_0_col_mach.v:88]
INFO: [Synth 8-256] done synthesizing module 'mig_7series_v4_0_mc' (27#1) [c:/Users/Jaimin/XilinxProjects/MicroBlazeServer/MicroBlazeServer.srcs/sources_1/bd/design_1/ip/design_1_mig_7series_0_0/design_1_mig_7series_0_0/user_design/rtl/controller/mig_7series_v4_0_mc.v:73]
INFO: [Synth 8-638] synthesizing module 'mig_7series_v4_0_ddr_phy_top' [c:/Users/Jaimin/XilinxProjects/MicroBlazeServer/MicroBlazeServer.srcs/sources_1/bd/design_1/ip/design_1_mig_7series_0_0/design_1_mig_7series_0_0/user_design/rtl/phy/mig_7series_v4_0_ddr_phy_top.v:70]
INFO: [Synth 8-638] synthesizing module 'mig_7series_v4_0_ddr_mc_phy_wrapper' [c:/Users/Jaimin/XilinxProjects/MicroBlazeServer/MicroBlazeServer.srcs/sources_1/bd/design_1/ip/design_1_mig_7series_0_0/design_1_mig_7series_0_0/user_design/rtl/phy/mig_7series_v4_0_ddr_mc_phy_wrapper.v:71]
INFO: [Synth 8-638] synthesizing module 'OBUF' [C:/Xilinx/Vivado/2017.1/scripts/rt/data/unisim_comp.v:22272]
INFO: [Synth 8-256] done synthesizing module 'OBUF' (28#1) [C:/Xilinx/Vivado/2017.1/scripts/rt/data/unisim_comp.v:22272]
INFO: [Synth 8-638] synthesizing module 'OBUFT' [C:/Xilinx/Vivado/2017.1/scripts/rt/data/unisim_comp.v:22488]
INFO: [Synth 8-256] done synthesizing module 'OBUFT' (29#1) [C:/Xilinx/Vivado/2017.1/scripts/rt/data/unisim_comp.v:22488]
INFO: [Synth 8-638] synthesizing module 'IOBUF_INTERMDISABLE' [C:/Xilinx/Vivado/2017.1/scripts/rt/data/unisim_comp.v:18271]
INFO: [Synth 8-256] done synthesizing module 'IOBUF_INTERMDISABLE' (30#1) [C:/Xilinx/Vivado/2017.1/scripts/rt/data/unisim_comp.v:18271]
INFO: [Synth 8-638] synthesizing module 'IOBUFDS_DIFF_OUT_INTERMDISABLE' [C:/Xilinx/Vivado/2017.1/scripts/rt/data/unisim_comp.v:17818]
INFO: [Synth 8-256] done synthesizing module 'IOBUFDS_DIFF_OUT_INTERMDISABLE' (31#1) [C:/Xilinx/Vivado/2017.1/scripts/rt/data/unisim_comp.v:17818]
INFO: [Synth 8-638] synthesizing module 'mig_7series_v4_0_poc_pd' [c:/Users/Jaimin/XilinxProjects/MicroBlazeServer/MicroBlazeServer.srcs/sources_1/bd/design_1/ip/design_1_mig_7series_0_0/design_1_mig_7series_0_0/user_design/rtl/phy/mig_7series_v4_0_poc_pd.v:70]
INFO: [Synth 8-638] synthesizing module 'IDDR' [C:/Xilinx/Vivado/2017.1/scripts/rt/data/unisim_comp.v:16384]
INFO: [Synth 8-256] done synthesizing module 'IDDR' (32#1) [C:/Xilinx/Vivado/2017.1/scripts/rt/data/unisim_comp.v:16384]
INFO: [Synth 8-256] done synthesizing module 'mig_7series_v4_0_poc_pd' (33#1) [c:/Users/Jaimin/XilinxProjects/MicroBlazeServer/MicroBlazeServer.srcs/sources_1/bd/design_1/ip/design_1_mig_7series_0_0/design_1_mig_7series_0_0/user_design/rtl/phy/mig_7series_v4_0_poc_pd.v:70]
INFO: [Synth 8-638] synthesizing module 'mig_7series_v4_0_ddr_of_pre_fifo' [c:/Users/Jaimin/XilinxProjects/MicroBlazeServer/MicroBlazeServer.srcs/sources_1/bd/design_1/ip/design_1_mig_7series_0_0/design_1_mig_7series_0_0/user_design/rtl/phy/mig_7series_v4_0_ddr_of_pre_fifo.v:76]
INFO: [Synth 8-256] done synthesizing module 'mig_7series_v4_0_ddr_of_pre_fifo' (34#1) [c:/Users/Jaimin/XilinxProjects/MicroBlazeServer/MicroBlazeServer.srcs/sources_1/bd/design_1/ip/design_1_mig_7series_0_0/design_1_mig_7series_0_0/user_design/rtl/phy/mig_7series_v4_0_ddr_of_pre_fifo.v:76]
INFO: [Synth 8-638] synthesizing module 'mig_7series_v4_0_ddr_of_pre_fifo__parameterized0' [c:/Users/Jaimin/XilinxProjects/MicroBlazeServer/MicroBlazeServer.srcs/sources_1/bd/design_1/ip/design_1_mig_7series_0_0/design_1_mig_7series_0_0/user_design/rtl/phy/mig_7series_v4_0_ddr_of_pre_fifo.v:76]
INFO: [Synth 8-256] done synthesizing module 'mig_7series_v4_0_ddr_of_pre_fifo__parameterized0' (34#1) [c:/Users/Jaimin/XilinxProjects/MicroBlazeServer/MicroBlazeServer.srcs/sources_1/bd/design_1/ip/design_1_mig_7series_0_0/design_1_mig_7series_0_0/user_design/rtl/phy/mig_7series_v4_0_ddr_of_pre_fifo.v:76]
INFO: [Synth 8-638] synthesizing module 'mig_7series_v4_0_ddr_mc_phy' [c:/Users/Jaimin/XilinxProjects/MicroBlazeServer/MicroBlazeServer.srcs/sources_1/bd/design_1/ip/design_1_mig_7series_0_0/design_1_mig_7series_0_0/user_design/rtl/phy/mig_7series_v4_0_ddr_mc_phy.v:70]
INFO: [Synth 8-638] synthesizing module 'mig_7series_v4_0_ddr_phy_4lanes' [c:/Users/Jaimin/XilinxProjects/MicroBlazeServer/MicroBlazeServer.srcs/sources_1/bd/design_1/ip/design_1_mig_7series_0_0/design_1_mig_7series_0_0/user_design/rtl/phy/mig_7series_v4_0_ddr_phy_4lanes.v:72]
INFO: [Synth 8-638] synthesizing module 'mig_7series_v4_0_ddr_byte_lane' [c:/Users/Jaimin/XilinxProjects/MicroBlazeServer/MicroBlazeServer.srcs/sources_1/bd/design_1/ip/design_1_mig_7series_0_0/design_1_mig_7series_0_0/user_design/rtl/phy/mig_7series_v4_0_ddr_byte_lane.v:70]
INFO: [Synth 8-638] synthesizing module 'mig_7series_v4_0_ddr_of_pre_fifo__parameterized1' [c:/Users/Jaimin/XilinxProjects/MicroBlazeServer/MicroBlazeServer.srcs/sources_1/bd/design_1/ip/design_1_mig_7series_0_0/design_1_mig_7series_0_0/user_design/rtl/phy/mig_7series_v4_0_ddr_of_pre_fifo.v:76]
INFO: [Synth 8-256] done synthesizing module 'mig_7series_v4_0_ddr_of_pre_fifo__parameterized1' (34#1) [c:/Users/Jaimin/XilinxProjects/MicroBlazeServer/MicroBlazeServer.srcs/sources_1/bd/design_1/ip/design_1_mig_7series_0_0/design_1_mig_7series_0_0/user_design/rtl/phy/mig_7series_v4_0_ddr_of_pre_fifo.v:76]
INFO: [Synth 8-638] synthesizing module 'ODDR' [C:/Xilinx/Vivado/2017.1/scripts/rt/data/unisim_comp.v:25650]
INFO: [Synth 8-256] done synthesizing module 'ODDR' (35#1) [C:/Xilinx/Vivado/2017.1/scripts/rt/data/unisim_comp.v:25650]
INFO: [Synth 8-638] synthesizing module 'OBUFDS' [C:/Xilinx/Vivado/2017.1/scripts/rt/data/unisim_comp.v:22286]
INFO: [Synth 8-256] done synthesizing module 'OBUFDS' (36#1) [C:/Xilinx/Vivado/2017.1/scripts/rt/data/unisim_comp.v:22286]
INFO: [Synth 8-638] synthesizing module 'PHASER_OUT_PHY' [C:/Xilinx/Vivado/2017.1/scripts/rt/data/unisim_comp.v:32842]
INFO: [Synth 8-256] done synthesizing module 'PHASER_OUT_PHY' (37#1) [C:/Xilinx/Vivado/2017.1/scripts/rt/data/unisim_comp.v:32842]
INFO: [Synth 8-638] synthesizing module 'OUT_FIFO' [C:/Xilinx/Vivado/2017.1/scripts/rt/data/unisim_comp.v:26338]
INFO: [Synth 8-256] done synthesizing module 'OUT_FIFO' (38#1) [C:/Xilinx/Vivado/2017.1/scripts/rt/data/unisim_comp.v:26338]
INFO: [Synth 8-638] synthesizing module 'mig_7series_v4_0_ddr_byte_group_io' [c:/Users/Jaimin/XilinxProjects/MicroBlazeServer/MicroBlazeServer.srcs/sources_1/bd/design_1/ip/design_1_mig_7series_0_0/design_1_mig_7series_0_0/user_design/rtl/phy/mig_7series_v4_0_ddr_byte_group_io.v:69]
INFO: [Synth 8-638] synthesizing module 'OSERDESE2' [C:/Xilinx/Vivado/2017.1/scripts/rt/data/unisim_comp.v:26223]
INFO: [Synth 8-256] done synthesizing module 'OSERDESE2' (39#1) [C:/Xilinx/Vivado/2017.1/scripts/rt/data/unisim_comp.v:26223]
INFO: [Synth 8-256] done synthesizing module 'mig_7series_v4_0_ddr_byte_group_io' (40#1) [c:/Users/Jaimin/XilinxProjects/MicroBlazeServer/MicroBlazeServer.srcs/sources_1/bd/design_1/ip/design_1_mig_7series_0_0/design_1_mig_7series_0_0/user_design/rtl/phy/mig_7series_v4_0_ddr_byte_group_io.v:69]
INFO: [Synth 8-256] done synthesizing module 'mig_7series_v4_0_ddr_byte_lane' (41#1) [c:/Users/Jaimin/XilinxProjects/MicroBlazeServer/MicroBlazeServer.srcs/sources_1/bd/design_1/ip/design_1_mig_7series_0_0/design_1_mig_7series_0_0/user_design/rtl/phy/mig_7series_v4_0_ddr_byte_lane.v:70]
INFO: [Synth 8-638] synthesizing module 'mig_7series_v4_0_ddr_byte_lane__parameterized0' [c:/Users/Jaimin/XilinxProjects/MicroBlazeServer/MicroBlazeServer.srcs/sources_1/bd/design_1/ip/design_1_mig_7series_0_0/design_1_mig_7series_0_0/user_design/rtl/phy/mig_7series_v4_0_ddr_byte_lane.v:70]
INFO: [Synth 8-638] synthesizing module 'mig_7series_v4_0_ddr_byte_group_io__parameterized0' [c:/Users/Jaimin/XilinxProjects/MicroBlazeServer/MicroBlazeServer.srcs/sources_1/bd/design_1/ip/design_1_mig_7series_0_0/design_1_mig_7series_0_0/user_design/rtl/phy/mig_7series_v4_0_ddr_byte_group_io.v:69]
INFO: [Synth 8-256] done synthesizing module 'mig_7series_v4_0_ddr_byte_group_io__parameterized0' (41#1) [c:/Users/Jaimin/XilinxProjects/MicroBlazeServer/MicroBlazeServer.srcs/sources_1/bd/design_1/ip/design_1_mig_7series_0_0/design_1_mig_7series_0_0/user_design/rtl/phy/mig_7series_v4_0_ddr_byte_group_io.v:69]
INFO: [Synth 8-256] done synthesizing module 'mig_7series_v4_0_ddr_byte_lane__parameterized0' (41#1) [c:/Users/Jaimin/XilinxProjects/MicroBlazeServer/MicroBlazeServer.srcs/sources_1/bd/design_1/ip/design_1_mig_7series_0_0/design_1_mig_7series_0_0/user_design/rtl/phy/mig_7series_v4_0_ddr_byte_lane.v:70]
INFO: [Synth 8-638] synthesizing module 'mig_7series_v4_0_ddr_byte_lane__parameterized1' [c:/Users/Jaimin/XilinxProjects/MicroBlazeServer/MicroBlazeServer.srcs/sources_1/bd/design_1/ip/design_1_mig_7series_0_0/design_1_mig_7series_0_0/user_design/rtl/phy/mig_7series_v4_0_ddr_byte_lane.v:70]
INFO: [Synth 8-638] synthesizing module 'mig_7series_v4_0_ddr_if_post_fifo' [c:/Users/Jaimin/XilinxProjects/MicroBlazeServer/MicroBlazeServer.srcs/sources_1/bd/design_1/ip/design_1_mig_7series_0_0/design_1_mig_7series_0_0/user_design/rtl/phy/mig_7series_v4_0_ddr_if_post_fifo.v:68]
INFO: [Synth 8-256] done synthesizing module 'mig_7series_v4_0_ddr_if_post_fifo' (42#1) [c:/Users/Jaimin/XilinxProjects/MicroBlazeServer/MicroBlazeServer.srcs/sources_1/bd/design_1/ip/design_1_mig_7series_0_0/design_1_mig_7series_0_0/user_design/rtl/phy/mig_7series_v4_0_ddr_if_post_fifo.v:68]
INFO: [Synth 8-638] synthesizing module 'PHASER_IN_PHY' [C:/Xilinx/Vivado/2017.1/scripts/rt/data/unisim_comp.v:32705]
INFO: [Synth 8-256] done synthesizing module 'PHASER_IN_PHY' (43#1) [C:/Xilinx/Vivado/2017.1/scripts/rt/data/unisim_comp.v:32705]
INFO: [Synth 8-638] synthesizing module 'IN_FIFO' [C:/Xilinx/Vivado/2017.1/scripts/rt/data/unisim_comp.v:17589]
INFO: [Synth 8-256] done synthesizing module 'IN_FIFO' (44#1) [C:/Xilinx/Vivado/2017.1/scripts/rt/data/unisim_comp.v:17589]
INFO: [Synth 8-638] synthesizing module 'PHASER_OUT_PHY__parameterized0' [C:/Xilinx/Vivado/2017.1/scripts/rt/data/unisim_comp.v:32842]
INFO: [Synth 8-256] done synthesizing module 'PHASER_OUT_PHY__parameterized0' (44#1) [C:/Xilinx/Vivado/2017.1/scripts/rt/data/unisim_comp.v:32842]
INFO: [Synth 8-638] synthesizing module 'OUT_FIFO__parameterized0' [C:/Xilinx/Vivado/2017.1/scripts/rt/data/unisim_comp.v:26338]
INFO: [Synth 8-256] done synthesizing module 'OUT_FIFO__parameterized0' (44#1) [C:/Xilinx/Vivado/2017.1/scripts/rt/data/unisim_comp.v:26338]
INFO: [Synth 8-638] synthesizing module 'mig_7series_v4_0_ddr_byte_group_io__parameterized1' [c:/Users/Jaimin/XilinxProjects/MicroBlazeServer/MicroBlazeServer.srcs/sources_1/bd/design_1/ip/design_1_mig_7series_0_0/design_1_mig_7series_0_0/user_design/rtl/phy/mig_7series_v4_0_ddr_byte_group_io.v:69]
INFO: [Synth 8-638] synthesizing module 'IDELAYE2' [C:/Xilinx/Vivado/2017.1/scripts/rt/data/unisim_comp.v:16519]
INFO: [Synth 8-256] done synthesizing module 'IDELAYE2' (45#1) [C:/Xilinx/Vivado/2017.1/scripts/rt/data/unisim_comp.v:16519]
INFO: [Synth 8-638] synthesizing module 'ISERDESE2' [C:/Xilinx/Vivado/2017.1/scripts/rt/data/unisim_comp.v:20009]
INFO: [Synth 8-256] done synthesizing module 'ISERDESE2' (46#1) [C:/Xilinx/Vivado/2017.1/scripts/rt/data/unisim_comp.v:20009]
INFO: [Synth 8-638] synthesizing module 'OSERDESE2__parameterized0' [C:/Xilinx/Vivado/2017.1/scripts/rt/data/unisim_comp.v:26223]
INFO: [Synth 8-256] done synthesizing module 'OSERDESE2__parameterized0' (46#1) [C:/Xilinx/Vivado/2017.1/scripts/rt/data/unisim_comp.v:26223]
INFO: [Synth 8-638] synthesizing module 'OSERDESE2__parameterized1' [C:/Xilinx/Vivado/2017.1/scripts/rt/data/unisim_comp.v:26223]
INFO: [Synth 8-256] done synthesizing module 'OSERDESE2__parameterized1' (46#1) [C:/Xilinx/Vivado/2017.1/scripts/rt/data/unisim_comp.v:26223]
INFO: [Synth 8-256] done synthesizing module 'mig_7series_v4_0_ddr_byte_group_io__parameterized1' (46#1) [c:/Users/Jaimin/XilinxProjects/MicroBlazeServer/MicroBlazeServer.srcs/sources_1/bd/design_1/ip/design_1_mig_7series_0_0/design_1_mig_7series_0_0/user_design/rtl/phy/mig_7series_v4_0_ddr_byte_group_io.v:69]
INFO: [Synth 8-256] done synthesizing module 'mig_7series_v4_0_ddr_byte_lane__parameterized1' (46#1) [c:/Users/Jaimin/XilinxProjects/MicroBlazeServer/MicroBlazeServer.srcs/sources_1/bd/design_1/ip/design_1_mig_7series_0_0/design_1_mig_7series_0_0/user_design/rtl/phy/mig_7series_v4_0_ddr_byte_lane.v:70]
INFO: [Synth 8-638] synthesizing module 'mig_7series_v4_0_ddr_byte_lane__parameterized2' [c:/Users/Jaimin/XilinxProjects/MicroBlazeServer/MicroBlazeServer.srcs/sources_1/bd/design_1/ip/design_1_mig_7series_0_0/design_1_mig_7series_0_0/user_design/rtl/phy/mig_7series_v4_0_ddr_byte_lane.v:70]
INFO: [Synth 8-638] synthesizing module 'mig_7series_v4_0_ddr_byte_group_io__parameterized2' [c:/Users/Jaimin/XilinxProjects/MicroBlazeServer/MicroBlazeServer.srcs/sources_1/bd/design_1/ip/design_1_mig_7series_0_0/design_1_mig_7series_0_0/user_design/rtl/phy/mig_7series_v4_0_ddr_byte_group_io.v:69]
INFO: [Synth 8-256] done synthesizing module 'mig_7series_v4_0_ddr_byte_group_io__parameterized2' (46#1) [c:/Users/Jaimin/XilinxProjects/MicroBlazeServer/MicroBlazeServer.srcs/sources_1/bd/design_1/ip/design_1_mig_7series_0_0/design_1_mig_7series_0_0/user_design/rtl/phy/mig_7series_v4_0_ddr_byte_group_io.v:69]
INFO: [Synth 8-256] done synthesizing module 'mig_7series_v4_0_ddr_byte_lane__parameterized2' (46#1) [c:/Users/Jaimin/XilinxProjects/MicroBlazeServer/MicroBlazeServer.srcs/sources_1/bd/design_1/ip/design_1_mig_7series_0_0/design_1_mig_7series_0_0/user_design/rtl/phy/mig_7series_v4_0_ddr_byte_lane.v:70]
INFO: [Synth 8-638] synthesizing module 'BUFIO' [C:/Xilinx/Vivado/2017.1/scripts/rt/data/unisim_comp.v:831]
INFO: [Synth 8-256] done synthesizing module 'BUFIO' (47#1) [C:/Xilinx/Vivado/2017.1/scripts/rt/data/unisim_comp.v:831]
INFO: [Synth 8-638] synthesizing module 'PHY_CONTROL' [C:/Xilinx/Vivado/2017.1/scripts/rt/data/unisim_comp.v:32933]
INFO: [Synth 8-256] done synthesizing module 'PHY_CONTROL' (48#1) [C:/Xilinx/Vivado/2017.1/scripts/rt/data/unisim_comp.v:32933]
INFO: [Synth 8-638] synthesizing module 'PHASER_REF' [C:/Xilinx/Vivado/2017.1/scripts/rt/data/unisim_comp.v:32917]
INFO: [Synth 8-256] done synthesizing module 'PHASER_REF' (49#1) [C:/Xilinx/Vivado/2017.1/scripts/rt/data/unisim_comp.v:32917]
INFO: [Synth 8-256] done synthesizing module 'mig_7series_v4_0_ddr_phy_4lanes' (50#1) [c:/Users/Jaimin/XilinxProjects/MicroBlazeServer/MicroBlazeServer.srcs/sources_1/bd/design_1/ip/design_1_mig_7series_0_0/design_1_mig_7series_0_0/user_design/rtl/phy/mig_7series_v4_0_ddr_phy_4lanes.v:72]
INFO: [Synth 8-256] done synthesizing module 'mig_7series_v4_0_ddr_mc_phy' (51#1) [c:/Users/Jaimin/XilinxProjects/MicroBlazeServer/MicroBlazeServer.srcs/sources_1/bd/design_1/ip/design_1_mig_7series_0_0/design_1_mig_7series_0_0/user_design/rtl/phy/mig_7series_v4_0_ddr_mc_phy.v:70]
INFO: [Synth 8-256] done synthesizing module 'mig_7series_v4_0_ddr_mc_phy_wrapper' (52#1) [c:/Users/Jaimin/XilinxProjects/MicroBlazeServer/MicroBlazeServer.srcs/sources_1/bd/design_1/ip/design_1_mig_7series_0_0/design_1_mig_7series_0_0/user_design/rtl/phy/mig_7series_v4_0_ddr_mc_phy_wrapper.v:71]
INFO: [Synth 8-638] synthesizing module 'mig_7series_v4_0_ddr_calib_top' [c:/Users/Jaimin/XilinxProjects/MicroBlazeServer/MicroBlazeServer.srcs/sources_1/bd/design_1/ip/design_1_mig_7series_0_0/design_1_mig_7series_0_0/user_design/rtl/phy/mig_7series_v4_0_ddr_calib_top.v:82]
INFO: [Synth 8-638] synthesizing module 'mig_7series_v4_0_ddr_phy_wrlvl' [c:/Users/Jaimin/XilinxProjects/MicroBlazeServer/MicroBlazeServer.srcs/sources_1/bd/design_1/ip/design_1_mig_7series_0_0/design_1_mig_7series_0_0/user_design/rtl/phy/mig_7series_v4_0_ddr_phy_wrlvl.v:90]
INFO: [Synth 8-256] done synthesizing module 'mig_7series_v4_0_ddr_phy_wrlvl' (53#1) [c:/Users/Jaimin/XilinxProjects/MicroBlazeServer/MicroBlazeServer.srcs/sources_1/bd/design_1/ip/design_1_mig_7series_0_0/design_1_mig_7series_0_0/user_design/rtl/phy/mig_7series_v4_0_ddr_phy_wrlvl.v:90]
INFO: [Synth 8-638] synthesizing module 'mig_7series_v4_0_ddr_phy_ck_addr_cmd_delay' [c:/Users/Jaimin/XilinxProjects/MicroBlazeServer/MicroBlazeServer.srcs/sources_1/bd/design_1/ip/design_1_mig_7series_0_0/design_1_mig_7series_0_0/user_design/rtl/phy/mig_7series_v4_0_ddr_phy_ck_addr_cmd_delay.v:68]
INFO: [Synth 8-256] done synthesizing module 'mig_7series_v4_0_ddr_phy_ck_addr_cmd_delay' (54#1) [c:/Users/Jaimin/XilinxProjects/MicroBlazeServer/MicroBlazeServer.srcs/sources_1/bd/design_1/ip/design_1_mig_7series_0_0/design_1_mig_7series_0_0/user_design/rtl/phy/mig_7series_v4_0_ddr_phy_ck_addr_cmd_delay.v:68]
INFO: [Synth 8-638] synthesizing module 'mig_7series_v4_0_ddr_phy_dqs_found_cal_hr' [c:/Users/Jaimin/XilinxProjects/MicroBlazeServer/MicroBlazeServer.srcs/sources_1/bd/design_1/ip/design_1_mig_7series_0_0/design_1_mig_7series_0_0/user_design/rtl/phy/mig_7series_v4_0_ddr_phy_dqs_found_cal_hr.v:79]
INFO: [Synth 8-256] done synthesizing module 'mig_7series_v4_0_ddr_phy_dqs_found_cal_hr' (55#1) [c:/Users/Jaimin/XilinxProjects/MicroBlazeServer/MicroBlazeServer.srcs/sources_1/bd/design_1/ip/design_1_mig_7series_0_0/design_1_mig_7series_0_0/user_design/rtl/phy/mig_7series_v4_0_ddr_phy_dqs_found_cal_hr.v:79]
INFO: [Synth 8-638] synthesizing module 'mig_7series_v4_0_ddr_phy_rdlvl' [c:/Users/Jaimin/XilinxProjects/MicroBlazeServer/MicroBlazeServer.srcs/sources_1/bd/design_1/ip/design_1_mig_7series_0_0/design_1_mig_7series_0_0/user_design/rtl/phy/mig_7series_v4_0_ddr_phy_rdlvl.v:81]
INFO: [Synth 8-256] done synthesizing module 'mig_7series_v4_0_ddr_phy_rdlvl' (56#1) [c:/Users/Jaimin/XilinxProjects/MicroBlazeServer/MicroBlazeServer.srcs/sources_1/bd/design_1/ip/design_1_mig_7series_0_0/design_1_mig_7series_0_0/user_design/rtl/phy/mig_7series_v4_0_ddr_phy_rdlvl.v:81]
INFO: [Synth 8-638] synthesizing module 'mig_7series_v4_0_ddr_phy_prbs_rdlvl' [c:/Users/Jaimin/XilinxProjects/MicroBlazeServer/MicroBlazeServer.srcs/sources_1/bd/design_1/ip/design_1_mig_7series_0_0/design_1_mig_7series_0_0/user_design/rtl/phy/mig_7series_v4_0_ddr_phy_prbs_rdlvl.v:79]
INFO: [Synth 8-256] done synthesizing module 'mig_7series_v4_0_ddr_phy_prbs_rdlvl' (57#1) [c:/Users/Jaimin/XilinxProjects/MicroBlazeServer/MicroBlazeServer.srcs/sources_1/bd/design_1/ip/design_1_mig_7series_0_0/design_1_mig_7series_0_0/user_design/rtl/phy/mig_7series_v4_0_ddr_phy_prbs_rdlvl.v:79]
INFO: [Synth 8-638] synthesizing module 'mig_7series_v4_0_ddr_prbs_gen' [c:/Users/Jaimin/XilinxProjects/MicroBlazeServer/MicroBlazeServer.srcs/sources_1/bd/design_1/ip/design_1_mig_7series_0_0/design_1_mig_7series_0_0/user_design/rtl/phy/mig_7series_v4_0_ddr_prbs_gen.v:92]
INFO: [Synth 8-256] done synthesizing module 'mig_7series_v4_0_ddr_prbs_gen' (58#1) [c:/Users/Jaimin/XilinxProjects/MicroBlazeServer/MicroBlazeServer.srcs/sources_1/bd/design_1/ip/design_1_mig_7series_0_0/design_1_mig_7series_0_0/user_design/rtl/phy/mig_7series_v4_0_ddr_prbs_gen.v:92]
INFO: [Synth 8-638] synthesizing module 'mig_7series_v4_0_ddr_phy_init' [c:/Users/Jaimin/XilinxProjects/MicroBlazeServer/MicroBlazeServer.srcs/sources_1/bd/design_1/ip/design_1_mig_7series_0_0/design_1_mig_7series_0_0/user_design/rtl/phy/mig_7series_v4_0_ddr_phy_init.v:89]
INFO: [Synth 8-256] done synthesizing module 'mig_7series_v4_0_ddr_phy_init' (59#1) [c:/Users/Jaimin/XilinxProjects/MicroBlazeServer/MicroBlazeServer.srcs/sources_1/bd/design_1/ip/design_1_mig_7series_0_0/design_1_mig_7series_0_0/user_design/rtl/phy/mig_7series_v4_0_ddr_phy_init.v:89]
INFO: [Synth 8-638] synthesizing module 'mig_7series_v4_0_ddr_phy_wrcal' [c:/Users/Jaimin/XilinxProjects/MicroBlazeServer/MicroBlazeServer.srcs/sources_1/bd/design_1/ip/design_1_mig_7series_0_0/design_1_mig_7series_0_0/user_design/rtl/phy/mig_7series_v4_0_ddr_phy_wrcal.v:77]
INFO: [Synth 8-256] done synthesizing module 'mig_7series_v4_0_ddr_phy_wrcal' (60#1) [c:/Users/Jaimin/XilinxProjects/MicroBlazeServer/MicroBlazeServer.srcs/sources_1/bd/design_1/ip/design_1_mig_7series_0_0/design_1_mig_7series_0_0/user_design/rtl/phy/mig_7series_v4_0_ddr_phy_wrcal.v:77]
INFO: [Synth 8-638] synthesizing module 'mig_7series_v4_0_ddr_phy_tempmon' [c:/Users/Jaimin/XilinxProjects/MicroBlazeServer/MicroBlazeServer.srcs/sources_1/bd/design_1/ip/design_1_mig_7series_0_0/design_1_mig_7series_0_0/user_design/rtl/phy/mig_7series_v4_0_ddr_phy_tempmon.v:69]
INFO: [Synth 8-256] done synthesizing module 'mig_7series_v4_0_ddr_phy_tempmon' (61#1) [c:/Users/Jaimin/XilinxProjects/MicroBlazeServer/MicroBlazeServer.srcs/sources_1/bd/design_1/ip/design_1_mig_7series_0_0/design_1_mig_7series_0_0/user_design/rtl/phy/mig_7series_v4_0_ddr_phy_tempmon.v:69]
INFO: [Synth 8-256] done synthesizing module 'mig_7series_v4_0_ddr_calib_top' (62#1) [c:/Users/Jaimin/XilinxProjects/MicroBlazeServer/MicroBlazeServer.srcs/sources_1/bd/design_1/ip/design_1_mig_7series_0_0/design_1_mig_7series_0_0/user_design/rtl/phy/mig_7series_v4_0_ddr_calib_top.v:82]
INFO: [Synth 8-256] done synthesizing module 'mig_7series_v4_0_ddr_phy_top' (63#1) [c:/Users/Jaimin/XilinxProjects/MicroBlazeServer/MicroBlazeServer.srcs/sources_1/bd/design_1/ip/design_1_mig_7series_0_0/design_1_mig_7series_0_0/user_design/rtl/phy/mig_7series_v4_0_ddr_phy_top.v:70]
INFO: [Synth 8-256] done synthesizing module 'mig_7series_v4_0_mem_intfc' (64#1) [c:/Users/Jaimin/XilinxProjects/MicroBlazeServer/MicroBlazeServer.srcs/sources_1/bd/design_1/ip/design_1_mig_7series_0_0/design_1_mig_7series_0_0/user_design/rtl/ip_top/mig_7series_v4_0_mem_intfc.v:70]
INFO: [Synth 8-638] synthesizing module 'mig_7series_v4_0_ui_top' [c:/Users/Jaimin/XilinxProjects/MicroBlazeServer/MicroBlazeServer.srcs/sources_1/bd/design_1/ip/design_1_mig_7series_0_0/design_1_mig_7series_0_0/user_design/rtl/ui/mig_7series_v4_0_ui_top.v:71]
INFO: [Synth 8-638] synthesizing module 'mig_7series_v4_0_ui_cmd' [c:/Users/Jaimin/XilinxProjects/MicroBlazeServer/MicroBlazeServer.srcs/sources_1/bd/design_1/ip/design_1_mig_7series_0_0/design_1_mig_7series_0_0/user_design/rtl/ui/mig_7series_v4_0_ui_cmd.v:70]
INFO: [Synth 8-256] done synthesizing module 'mig_7series_v4_0_ui_cmd' (65#1) [c:/Users/Jaimin/XilinxProjects/MicroBlazeServer/MicroBlazeServer.srcs/sources_1/bd/design_1/ip/design_1_mig_7series_0_0/design_1_mig_7series_0_0/user_design/rtl/ui/mig_7series_v4_0_ui_cmd.v:70]
INFO: [Synth 8-638] synthesizing module 'mig_7series_v4_0_ui_wr_data' [c:/Users/Jaimin/XilinxProjects/MicroBlazeServer/MicroBlazeServer.srcs/sources_1/bd/design_1/ip/design_1_mig_7series_0_0/design_1_mig_7series_0_0/user_design/rtl/ui/mig_7series_v4_0_ui_wr_data.v:131]
INFO: [Synth 8-256] done synthesizing module 'mig_7series_v4_0_ui_wr_data' (66#1) [c:/Users/Jaimin/XilinxProjects/MicroBlazeServer/MicroBlazeServer.srcs/sources_1/bd/design_1/ip/design_1_mig_7series_0_0/design_1_mig_7series_0_0/user_design/rtl/ui/mig_7series_v4_0_ui_wr_data.v:131]
INFO: [Synth 8-638] synthesizing module 'mig_7series_v4_0_ui_rd_data' [c:/Users/Jaimin/XilinxProjects/MicroBlazeServer/MicroBlazeServer.srcs/sources_1/bd/design_1/ip/design_1_mig_7series_0_0/design_1_mig_7series_0_0/user_design/rtl/ui/mig_7series_v4_0_ui_rd_data.v:140]
INFO: [Synth 8-256] done synthesizing module 'mig_7series_v4_0_ui_rd_data' (67#1) [c:/Users/Jaimin/XilinxProjects/MicroBlazeServer/MicroBlazeServer.srcs/sources_1/bd/design_1/ip/design_1_mig_7series_0_0/design_1_mig_7series_0_0/user_design/rtl/ui/mig_7series_v4_0_ui_rd_data.v:140]
INFO: [Synth 8-256] done synthesizing module 'mig_7series_v4_0_ui_top' (68#1) [c:/Users/Jaimin/XilinxProjects/MicroBlazeServer/MicroBlazeServer.srcs/sources_1/bd/design_1/ip/design_1_mig_7series_0_0/design_1_mig_7series_0_0/user_design/rtl/ui/mig_7series_v4_0_ui_top.v:71]
INFO: [Synth 8-638] synthesizing module 'mig_7series_v4_0_axi_mc' [c:/Users/Jaimin/XilinxProjects/MicroBlazeServer/MicroBlazeServer.srcs/sources_1/bd/design_1/ip/design_1_mig_7series_0_0/design_1_mig_7series_0_0/user_design/rtl/axi/mig_7series_v4_0_axi_mc.v:90]
INFO: [Synth 8-638] synthesizing module 'mig_7series_v4_0_ddr_axi_upsizer' [c:/Users/Jaimin/XilinxProjects/MicroBlazeServer/MicroBlazeServer.srcs/sources_1/bd/design_1/ip/design_1_mig_7series_0_0/design_1_mig_7series_0_0/user_design/rtl/axi/mig_7series_v4_0_ddr_axi_upsizer.v:71]
INFO: [Synth 8-638] synthesizing module 'mig_7series_v4_0_ddr_a_upsizer' [c:/Users/Jaimin/XilinxProjects/MicroBlazeServer/MicroBlazeServer.srcs/sources_1/bd/design_1/ip/design_1_mig_7series_0_0/design_1_mig_7series_0_0/user_design/rtl/axi/mig_7series_v4_0_ddr_a_upsizer.v:62]
INFO: [Synth 8-638] synthesizing module 'MUXCY' [C:/Xilinx/Vivado/2017.1/scripts/rt/data/unisim_comp.v:21613]
INFO: [Synth 8-256] done synthesizing module 'MUXCY' (69#1) [C:/Xilinx/Vivado/2017.1/scripts/rt/data/unisim_comp.v:21613]
INFO: [Synth 8-638] synthesizing module 'XORCY' [C:/Xilinx/Vivado/2017.1/scripts/rt/data/unisim_comp.v:45685]
INFO: [Synth 8-256] done synthesizing module 'XORCY' (70#1) [C:/Xilinx/Vivado/2017.1/scripts/rt/data/unisim_comp.v:45685]
INFO: [Synth 8-638] synthesizing module 'mig_7series_v4_0_ddr_carry_latch_and' [c:/Users/Jaimin/XilinxProjects/MicroBlazeServer/MicroBlazeServer.srcs/sources_1/bd/design_1/ip/design_1_mig_7series_0_0/design_1_mig_7series_0_0/user_design/rtl/axi/mig_7series_v4_0_ddr_carry_latch_and.v:61]
INFO: [Synth 8-638] synthesizing module 'AND2B1L' [C:/Xilinx/Vivado/2017.1/scripts/rt/data/unisim_comp.v:36]
INFO: [Synth 8-256] done synthesizing module 'AND2B1L' (71#1) [C:/Xilinx/Vivado/2017.1/scripts/rt/data/unisim_comp.v:36]
INFO: [Synth 8-256] done synthesizing module 'mig_7series_v4_0_ddr_carry_latch_and' (72#1) [c:/Users/Jaimin/XilinxProjects/MicroBlazeServer/MicroBlazeServer.srcs/sources_1/bd/design_1/ip/design_1_mig_7series_0_0/design_1_mig_7series_0_0/user_design/rtl/axi/mig_7series_v4_0_ddr_carry_latch_and.v:61]
INFO: [Synth 8-638] synthesizing module 'mig_7series_v4_0_ddr_carry_and' [c:/Users/Jaimin/XilinxProjects/MicroBlazeServer/MicroBlazeServer.srcs/sources_1/bd/design_1/ip/design_1_mig_7series_0_0/design_1_mig_7series_0_0/user_design/rtl/axi/mig_7series_v4_0_ddr_carry_and.v:61]
INFO: [Synth 8-256] done synthesizing module 'mig_7series_v4_0_ddr_carry_and' (73#1) [c:/Users/Jaimin/XilinxProjects/MicroBlazeServer/MicroBlazeServer.srcs/sources_1/bd/design_1/ip/design_1_mig_7series_0_0/design_1_mig_7series_0_0/user_design/rtl/axi/mig_7series_v4_0_ddr_carry_and.v:61]
INFO: [Synth 8-638] synthesizing module 'mig_7series_v4_0_ddr_command_fifo' [c:/Users/Jaimin/XilinxProjects/MicroBlazeServer/MicroBlazeServer.srcs/sources_1/bd/design_1/ip/design_1_mig_7series_0_0/design_1_mig_7series_0_0/user_design/rtl/axi/mig_7series_v4_0_ddr_command_fifo.v:61]
INFO: [Synth 8-638] synthesizing module 'mig_7series_v4_0_ddr_carry_latch_or' [c:/Users/Jaimin/XilinxProjects/MicroBlazeServer/MicroBlazeServer.srcs/sources_1/bd/design_1/ip/design_1_mig_7series_0_0/design_1_mig_7series_0_0/user_design/rtl/axi/mig_7series_v4_0_ddr_carry_latch_or.v:61]
INFO: [Synth 8-638] synthesizing module 'OR2L' [C:/Xilinx/Vivado/2017.1/scripts/rt/data/unisim_comp.v:25880]
INFO: [Synth 8-256] done synthesizing module 'OR2L' (74#1) [C:/Xilinx/Vivado/2017.1/scripts/rt/data/unisim_comp.v:25880]
INFO: [Synth 8-256] done synthesizing module 'mig_7series_v4_0_ddr_carry_latch_or' (75#1) [c:/Users/Jaimin/XilinxProjects/MicroBlazeServer/MicroBlazeServer.srcs/sources_1/bd/design_1/ip/design_1_mig_7series_0_0/design_1_mig_7series_0_0/user_design/rtl/axi/mig_7series_v4_0_ddr_carry_latch_or.v:61]
INFO: [Synth 8-638] synthesizing module 'FDRE' [C:/Xilinx/Vivado/2017.1/scripts/rt/data/unisim_comp.v:3964]
INFO: [Synth 8-256] done synthesizing module 'FDRE' (76#1) [C:/Xilinx/Vivado/2017.1/scripts/rt/data/unisim_comp.v:3964]
INFO: [Synth 8-256] done synthesizing module 'mig_7series_v4_0_ddr_command_fifo' (77#1) [c:/Users/Jaimin/XilinxProjects/MicroBlazeServer/MicroBlazeServer.srcs/sources_1/bd/design_1/ip/design_1_mig_7series_0_0/design_1_mig_7series_0_0/user_design/rtl/axi/mig_7series_v4_0_ddr_command_fifo.v:61]
INFO: [Synth 8-256] done synthesizing module 'mig_7series_v4_0_ddr_a_upsizer' (78#1) [c:/Users/Jaimin/XilinxProjects/MicroBlazeServer/MicroBlazeServer.srcs/sources_1/bd/design_1/ip/design_1_mig_7series_0_0/design_1_mig_7series_0_0/user_design/rtl/axi/mig_7series_v4_0_ddr_a_upsizer.v:62]
INFO: [Synth 8-638] synthesizing module 'mig_7series_v4_0_ddr_w_upsizer' [c:/Users/Jaimin/XilinxProjects/MicroBlazeServer/MicroBlazeServer.srcs/sources_1/bd/design_1/ip/design_1_mig_7series_0_0/design_1_mig_7series_0_0/user_design/rtl/axi/mig_7series_v4_0_ddr_w_upsizer.v:63]
INFO: [Synth 8-638] synthesizing module 'mig_7series_v4_0_ddr_comparator_sel_static' [c:/Users/Jaimin/XilinxProjects/MicroBlazeServer/MicroBlazeServer.srcs/sources_1/bd/design_1/ip/design_1_mig_7series_0_0/design_1_mig_7series_0_0/user_design/rtl/axi/mig_7series_v4_0_ddr_comparator_sel_static.v:60]
INFO: [Synth 8-256] done synthesizing module 'mig_7series_v4_0_ddr_comparator_sel_static' (79#1) [c:/Users/Jaimin/XilinxProjects/MicroBlazeServer/MicroBlazeServer.srcs/sources_1/bd/design_1/ip/design_1_mig_7series_0_0/design_1_mig_7series_0_0/user_design/rtl/axi/mig_7series_v4_0_ddr_comparator_sel_static.v:60]
INFO: [Synth 8-638] synthesizing module 'mig_7series_v4_0_ddr_carry_or' [c:/Users/Jaimin/XilinxProjects/MicroBlazeServer/MicroBlazeServer.srcs/sources_1/bd/design_1/ip/design_1_mig_7series_0_0/design_1_mig_7series_0_0/user_design/rtl/axi/mig_7series_v4_0_ddr_carry_or.v:61]
INFO: [Synth 8-256] done synthesizing module 'mig_7series_v4_0_ddr_carry_or' (80#1) [c:/Users/Jaimin/XilinxProjects/MicroBlazeServer/MicroBlazeServer.srcs/sources_1/bd/design_1/ip/design_1_mig_7series_0_0/design_1_mig_7series_0_0/user_design/rtl/axi/mig_7series_v4_0_ddr_carry_or.v:61]
INFO: [Synth 8-638] synthesizing module 'LUT6_2' [C:/Xilinx/Vivado/2017.1/scripts/rt/data/unisim_comp.v:20689]
INFO: [Synth 8-256] done synthesizing module 'LUT6_2' (81#1) [C:/Xilinx/Vivado/2017.1/scripts/rt/data/unisim_comp.v:20689]
INFO: [Synth 8-638] synthesizing module 'LUT6_2__parameterized0' [C:/Xilinx/Vivado/2017.1/scripts/rt/data/unisim_comp.v:20689]
INFO: [Synth 8-256] done synthesizing module 'LUT6_2__parameterized0' (81#1) [C:/Xilinx/Vivado/2017.1/scripts/rt/data/unisim_comp.v:20689]
INFO: [Synth 8-638] synthesizing module 'LUT4' [C:/Xilinx/Vivado/2017.1/scripts/rt/data/unisim_comp.v:20572]
INFO: [Synth 8-256] done synthesizing module 'LUT4' (82#1) [C:/Xilinx/Vivado/2017.1/scripts/rt/data/unisim_comp.v:20572]
INFO: [Synth 8-638] synthesizing module 'LUT6' [C:/Xilinx/Vivado/2017.1/scripts/rt/data/unisim_comp.v:20668]
INFO: [Synth 8-256] done synthesizing module 'LUT6' (83#1) [C:/Xilinx/Vivado/2017.1/scripts/rt/data/unisim_comp.v:20668]
INFO: [Synth 8-638] synthesizing module 'FDSE' [C:/Xilinx/Vivado/2017.1/scripts/rt/data/unisim_comp.v:4100]
INFO: [Synth 8-256] done synthesizing module 'FDSE' (84#1) [C:/Xilinx/Vivado/2017.1/scripts/rt/data/unisim_comp.v:4100]
INFO: [Synth 8-638] synthesizing module 'mig_7series_v4_0_ddr_comparator_sel_static__parameterized0' [c:/Users/Jaimin/XilinxProjects/MicroBlazeServer/MicroBlazeServer.srcs/sources_1/bd/design_1/ip/design_1_mig_7series_0_0/design_1_mig_7series_0_0/user_design/rtl/axi/mig_7series_v4_0_ddr_comparator_sel_static.v:60]
INFO: [Synth 8-256] done synthesizing module 'mig_7series_v4_0_ddr_comparator_sel_static__parameterized0' (84#1) [c:/Users/Jaimin/XilinxProjects/MicroBlazeServer/MicroBlazeServer.srcs/sources_1/bd/design_1/ip/design_1_mig_7series_0_0/design_1_mig_7series_0_0/user_design/rtl/axi/mig_7series_v4_0_ddr_comparator_sel_static.v:60]
INFO: [Synth 8-638] synthesizing module 'mig_7series_v4_0_ddr_comparator_sel' [c:/Users/Jaimin/XilinxProjects/MicroBlazeServer/MicroBlazeServer.srcs/sources_1/bd/design_1/ip/design_1_mig_7series_0_0/design_1_mig_7series_0_0/user_design/rtl/axi/mig_7series_v4_0_ddr_comparator_sel.v:60]
INFO: [Synth 8-256] done synthesizing module 'mig_7series_v4_0_ddr_comparator_sel' (85#1) [c:/Users/Jaimin/XilinxProjects/MicroBlazeServer/MicroBlazeServer.srcs/sources_1/bd/design_1/ip/design_1_mig_7series_0_0/design_1_mig_7series_0_0/user_design/rtl/axi/mig_7series_v4_0_ddr_comparator_sel.v:60]
INFO: [Synth 8-638] synthesizing module 'LUT6__parameterized0' [C:/Xilinx/Vivado/2017.1/scripts/rt/data/unisim_comp.v:20668]
INFO: [Synth 8-256] done synthesizing module 'LUT6__parameterized0' (85#1) [C:/Xilinx/Vivado/2017.1/scripts/rt/data/unisim_comp.v:20668]
INFO: [Synth 8-256] done synthesizing module 'mig_7series_v4_0_ddr_w_upsizer' (86#1) [c:/Users/Jaimin/XilinxProjects/MicroBlazeServer/MicroBlazeServer.srcs/sources_1/bd/design_1/ip/design_1_mig_7series_0_0/design_1_mig_7series_0_0/user_design/rtl/axi/mig_7series_v4_0_ddr_w_upsizer.v:63]
INFO: [Synth 8-638] synthesizing module 'mig_7series_v4_0_ddr_a_upsizer__parameterized0' [c:/Users/Jaimin/XilinxProjects/MicroBlazeServer/MicroBlazeServer.srcs/sources_1/bd/design_1/ip/design_1_mig_7series_0_0/design_1_mig_7series_0_0/user_design/rtl/axi/mig_7series_v4_0_ddr_a_upsizer.v:62]
INFO: [Synth 8-256] done synthesizing module 'mig_7series_v4_0_ddr_a_upsizer__parameterized0' (86#1) [c:/Users/Jaimin/XilinxProjects/MicroBlazeServer/MicroBlazeServer.srcs/sources_1/bd/design_1/ip/design_1_mig_7series_0_0/design_1_mig_7series_0_0/user_design/rtl/axi/mig_7series_v4_0_ddr_a_upsizer.v:62]
INFO: [Synth 8-638] synthesizing module 'mig_7series_v4_0_ddr_r_upsizer' [c:/Users/Jaimin/XilinxProjects/MicroBlazeServer/MicroBlazeServer.srcs/sources_1/bd/design_1/ip/design_1_mig_7series_0_0/design_1_mig_7series_0_0/user_design/rtl/axi/mig_7series_v4_0_ddr_r_upsizer.v:61]
INFO: [Synth 8-256] done synthesizing module 'mig_7series_v4_0_ddr_r_upsizer' (87#1) [c:/Users/Jaimin/XilinxProjects/MicroBlazeServer/MicroBlazeServer.srcs/sources_1/bd/design_1/ip/design_1_mig_7series_0_0/design_1_mig_7series_0_0/user_design/rtl/axi/mig_7series_v4_0_ddr_r_upsizer.v:61]
INFO: [Synth 8-638] synthesizing module 'mig_7series_v4_0_ddr_axi_register_slice' [c:/Users/Jaimin/XilinxProjects/MicroBlazeServer/MicroBlazeServer.srcs/sources_1/bd/design_1/ip/design_1_mig_7series_0_0/design_1_mig_7series_0_0/user_design/rtl/axi/mig_7series_v4_0_ddr_axi_register_slice.v:63]
INFO: [Synth 8-638] synthesizing module 'mig_7series_v4_0_ddr_axic_register_slice' [c:/Users/Jaimin/XilinxProjects/MicroBlazeServer/MicroBlazeServer.srcs/sources_1/bd/design_1/ip/design_1_mig_7series_0_0/design_1_mig_7series_0_0/user_design/rtl/axi/mig_7series_v4_0_ddr_axic_register_slice.v:61]
INFO: [Synth 8-256] done synthesizing module 'mig_7series_v4_0_ddr_axic_register_slice' (88#1) [c:/Users/Jaimin/XilinxProjects/MicroBlazeServer/MicroBlazeServer.srcs/sources_1/bd/design_1/ip/design_1_mig_7series_0_0/design_1_mig_7series_0_0/user_design/rtl/axi/mig_7series_v4_0_ddr_axic_register_slice.v:61]
INFO: [Synth 8-638] synthesizing module 'mig_7series_v4_0_ddr_axic_register_slice__parameterized0' [c:/Users/Jaimin/XilinxProjects/MicroBlazeServer/MicroBlazeServer.srcs/sources_1/bd/design_1/ip/design_1_mig_7series_0_0/design_1_mig_7series_0_0/user_design/rtl/axi/mig_7series_v4_0_ddr_axic_register_slice.v:61]
INFO: [Synth 8-256] done synthesizing module 'mig_7series_v4_0_ddr_axic_register_slice__parameterized0' (88#1) [c:/Users/Jaimin/XilinxProjects/MicroBlazeServer/MicroBlazeServer.srcs/sources_1/bd/design_1/ip/design_1_mig_7series_0_0/design_1_mig_7series_0_0/user_design/rtl/axi/mig_7series_v4_0_ddr_axic_register_slice.v:61]
INFO: [Synth 8-638] synthesizing module 'mig_7series_v4_0_ddr_axic_register_slice__parameterized1' [c:/Users/Jaimin/XilinxProjects/MicroBlazeServer/MicroBlazeServer.srcs/sources_1/bd/design_1/ip/design_1_mig_7series_0_0/design_1_mig_7series_0_0/user_design/rtl/axi/mig_7series_v4_0_ddr_axic_register_slice.v:61]
INFO: [Synth 8-256] done synthesizing module 'mig_7series_v4_0_ddr_axic_register_slice__parameterized1' (88#1) [c:/Users/Jaimin/XilinxProjects/MicroBlazeServer/MicroBlazeServer.srcs/sources_1/bd/design_1/ip/design_1_mig_7series_0_0/design_1_mig_7series_0_0/user_design/rtl/axi/mig_7series_v4_0_ddr_axic_register_slice.v:61]
INFO: [Synth 8-638] synthesizing module 'mig_7series_v4_0_ddr_axic_register_slice__parameterized2' [c:/Users/Jaimin/XilinxProjects/MicroBlazeServer/MicroBlazeServer.srcs/sources_1/bd/design_1/ip/design_1_mig_7series_0_0/design_1_mig_7series_0_0/user_design/rtl/axi/mig_7series_v4_0_ddr_axic_register_slice.v:61]
INFO: [Synth 8-256] done synthesizing module 'mig_7series_v4_0_ddr_axic_register_slice__parameterized2' (88#1) [c:/Users/Jaimin/XilinxProjects/MicroBlazeServer/MicroBlazeServer.srcs/sources_1/bd/design_1/ip/design_1_mig_7series_0_0/design_1_mig_7series_0_0/user_design/rtl/axi/mig_7series_v4_0_ddr_axic_register_slice.v:61]
INFO: [Synth 8-256] done synthesizing module 'mig_7series_v4_0_ddr_axi_register_slice' (89#1) [c:/Users/Jaimin/XilinxProjects/MicroBlazeServer/MicroBlazeServer.srcs/sources_1/bd/design_1/ip/design_1_mig_7series_0_0/design_1_mig_7series_0_0/user_design/rtl/axi/mig_7series_v4_0_ddr_axi_register_slice.v:63]
INFO: [Synth 8-638] synthesizing module 'mig_7series_v4_0_ddr_axi_register_slice__parameterized0' [c:/Users/Jaimin/XilinxProjects/MicroBlazeServer/MicroBlazeServer.srcs/sources_1/bd/design_1/ip/design_1_mig_7series_0_0/design_1_mig_7series_0_0/user_design/rtl/axi/mig_7series_v4_0_ddr_axi_register_slice.v:63]
INFO: [Synth 8-638] synthesizing module 'mig_7series_v4_0_ddr_axic_register_slice__parameterized3' [c:/Users/Jaimin/XilinxProjects/MicroBlazeServer/MicroBlazeServer.srcs/sources_1/bd/design_1/ip/design_1_mig_7series_0_0/design_1_mig_7series_0_0/user_design/rtl/axi/mig_7series_v4_0_ddr_axic_register_slice.v:61]
INFO: [Synth 8-256] done synthesizing module 'mig_7series_v4_0_ddr_axic_register_slice__parameterized3' (89#1) [c:/Users/Jaimin/XilinxProjects/MicroBlazeServer/MicroBlazeServer.srcs/sources_1/bd/design_1/ip/design_1_mig_7series_0_0/design_1_mig_7series_0_0/user_design/rtl/axi/mig_7series_v4_0_ddr_axic_register_slice.v:61]
INFO: [Synth 8-638] synthesizing module 'mig_7series_v4_0_ddr_axic_register_slice__parameterized4' [c:/Users/Jaimin/XilinxProjects/MicroBlazeServer/MicroBlazeServer.srcs/sources_1/bd/design_1/ip/design_1_mig_7series_0_0/design_1_mig_7series_0_0/user_design/rtl/axi/mig_7series_v4_0_ddr_axic_register_slice.v:61]
INFO: [Synth 8-256] done synthesizing module 'mig_7series_v4_0_ddr_axic_register_slice__parameterized4' (89#1) [c:/Users/Jaimin/XilinxProjects/MicroBlazeServer/MicroBlazeServer.srcs/sources_1/bd/design_1/ip/design_1_mig_7series_0_0/design_1_mig_7series_0_0/user_design/rtl/axi/mig_7series_v4_0_ddr_axic_register_slice.v:61]
INFO: [Synth 8-638] synthesizing module 'mig_7series_v4_0_ddr_axic_register_slice__parameterized5' [c:/Users/Jaimin/XilinxProjects/MicroBlazeServer/MicroBlazeServer.srcs/sources_1/bd/design_1/ip/design_1_mig_7series_0_0/design_1_mig_7series_0_0/user_design/rtl/axi/mig_7series_v4_0_ddr_axic_register_slice.v:61]
INFO: [Synth 8-256] done synthesizing module 'mig_7series_v4_0_ddr_axic_register_slice__parameterized5' (89#1) [c:/Users/Jaimin/XilinxProjects/MicroBlazeServer/MicroBlazeServer.srcs/sources_1/bd/design_1/ip/design_1_mig_7series_0_0/design_1_mig_7series_0_0/user_design/rtl/axi/mig_7series_v4_0_ddr_axic_register_slice.v:61]
INFO: [Synth 8-256] done synthesizing module 'mig_7series_v4_0_ddr_axi_register_slice__parameterized0' (89#1) [c:/Users/Jaimin/XilinxProjects/MicroBlazeServer/MicroBlazeServer.srcs/sources_1/bd/design_1/ip/design_1_mig_7series_0_0/design_1_mig_7series_0_0/user_design/rtl/axi/mig_7series_v4_0_ddr_axi_register_slice.v:63]
INFO: [Synth 8-256] done synthesizing module 'mig_7series_v4_0_ddr_axi_upsizer' (90#1) [c:/Users/Jaimin/XilinxProjects/MicroBlazeServer/MicroBlazeServer.srcs/sources_1/bd/design_1/ip/design_1_mig_7series_0_0/design_1_mig_7series_0_0/user_design/rtl/axi/mig_7series_v4_0_ddr_axi_upsizer.v:71]
INFO: [Synth 8-638] synthesizing module 'mig_7series_v4_0_ddr_axi_register_slice__parameterized1' [c:/Users/Jaimin/XilinxProjects/MicroBlazeServer/MicroBlazeServer.srcs/sources_1/bd/design_1/ip/design_1_mig_7series_0_0/design_1_mig_7series_0_0/user_design/rtl/axi/mig_7series_v4_0_ddr_axi_register_slice.v:63]
INFO: [Synth 8-638] synthesizing module 'mig_7series_v4_0_ddr_axic_register_slice__parameterized6' [c:/Users/Jaimin/XilinxProjects/MicroBlazeServer/MicroBlazeServer.srcs/sources_1/bd/design_1/ip/design_1_mig_7series_0_0/design_1_mig_7series_0_0/user_design/rtl/axi/mig_7series_v4_0_ddr_axic_register_slice.v:61]
INFO: [Synth 8-256] done synthesizing module 'mig_7series_v4_0_ddr_axic_register_slice__parameterized6' (90#1) [c:/Users/Jaimin/XilinxProjects/MicroBlazeServer/MicroBlazeServer.srcs/sources_1/bd/design_1/ip/design_1_mig_7series_0_0/design_1_mig_7series_0_0/user_design/rtl/axi/mig_7series_v4_0_ddr_axic_register_slice.v:61]
INFO: [Synth 8-638] synthesizing module 'mig_7series_v4_0_ddr_axic_register_slice__parameterized7' [c:/Users/Jaimin/XilinxProjects/MicroBlazeServer/MicroBlazeServer.srcs/sources_1/bd/design_1/ip/design_1_mig_7series_0_0/design_1_mig_7series_0_0/user_design/rtl/axi/mig_7series_v4_0_ddr_axic_register_slice.v:61]
INFO: [Synth 8-256] done synthesizing module 'mig_7series_v4_0_ddr_axic_register_slice__parameterized7' (90#1) [c:/Users/Jaimin/XilinxProjects/MicroBlazeServer/MicroBlazeServer.srcs/sources_1/bd/design_1/ip/design_1_mig_7series_0_0/design_1_mig_7series_0_0/user_design/rtl/axi/mig_7series_v4_0_ddr_axic_register_slice.v:61]
INFO: [Synth 8-638] synthesizing module 'mig_7series_v4_0_ddr_axic_register_slice__parameterized8' [c:/Users/Jaimin/XilinxProjects/MicroBlazeServer/MicroBlazeServer.srcs/sources_1/bd/design_1/ip/design_1_mig_7series_0_0/design_1_mig_7series_0_0/user_design/rtl/axi/mig_7series_v4_0_ddr_axic_register_slice.v:61]
INFO: [Synth 8-256] done synthesizing module 'mig_7series_v4_0_ddr_axic_register_slice__parameterized8' (90#1) [c:/Users/Jaimin/XilinxProjects/MicroBlazeServer/MicroBlazeServer.srcs/sources_1/bd/design_1/ip/design_1_mig_7series_0_0/design_1_mig_7series_0_0/user_design/rtl/axi/mig_7series_v4_0_ddr_axic_register_slice.v:61]
INFO: [Synth 8-638] synthesizing module 'mig_7series_v4_0_ddr_axic_register_slice__parameterized9' [c:/Users/Jaimin/XilinxProjects/MicroBlazeServer/MicroBlazeServer.srcs/sources_1/bd/design_1/ip/design_1_mig_7series_0_0/design_1_mig_7series_0_0/user_design/rtl/axi/mig_7series_v4_0_ddr_axic_register_slice.v:61]
INFO: [Synth 8-256] done synthesizing module 'mig_7series_v4_0_ddr_axic_register_slice__parameterized9' (90#1) [c:/Users/Jaimin/XilinxProjects/MicroBlazeServer/MicroBlazeServer.srcs/sources_1/bd/design_1/ip/design_1_mig_7series_0_0/design_1_mig_7series_0_0/user_design/rtl/axi/mig_7series_v4_0_ddr_axic_register_slice.v:61]
INFO: [Synth 8-256] done synthesizing module 'mig_7series_v4_0_ddr_axi_register_slice__parameterized1' (90#1) [c:/Users/Jaimin/XilinxProjects/MicroBlazeServer/MicroBlazeServer.srcs/sources_1/bd/design_1/ip/design_1_mig_7series_0_0/design_1_mig_7series_0_0/user_design/rtl/axi/mig_7series_v4_0_ddr_axi_register_slice.v:63]
INFO: [Synth 8-638] synthesizing module 'mig_7series_v4_0_ddr_axi_register_slice__parameterized2' [c:/Users/Jaimin/XilinxProjects/MicroBlazeServer/MicroBlazeServer.srcs/sources_1/bd/design_1/ip/design_1_mig_7series_0_0/design_1_mig_7series_0_0/user_design/rtl/axi/mig_7series_v4_0_ddr_axi_register_slice.v:63]
INFO: [Synth 8-638] synthesizing module 'mig_7series_v4_0_ddr_axic_register_slice__parameterized10' [c:/Users/Jaimin/XilinxProjects/MicroBlazeServer/MicroBlazeServer.srcs/sources_1/bd/design_1/ip/design_1_mig_7series_0_0/design_1_mig_7series_0_0/user_design/rtl/axi/mig_7series_v4_0_ddr_axic_register_slice.v:61]
INFO: [Synth 8-256] done synthesizing module 'mig_7series_v4_0_ddr_axic_register_slice__parameterized10' (90#1) [c:/Users/Jaimin/XilinxProjects/MicroBlazeServer/MicroBlazeServer.srcs/sources_1/bd/design_1/ip/design_1_mig_7series_0_0/design_1_mig_7series_0_0/user_design/rtl/axi/mig_7series_v4_0_ddr_axic_register_slice.v:61]
INFO: [Synth 8-638] synthesizing module 'mig_7series_v4_0_ddr_axic_register_slice__parameterized11' [c:/Users/Jaimin/XilinxProjects/MicroBlazeServer/MicroBlazeServer.srcs/sources_1/bd/design_1/ip/design_1_mig_7series_0_0/design_1_mig_7series_0_0/user_design/rtl/axi/mig_7series_v4_0_ddr_axic_register_slice.v:61]
INFO: [Synth 8-256] done synthesizing module 'mig_7series_v4_0_ddr_axic_register_slice__parameterized11' (90#1) [c:/Users/Jaimin/XilinxProjects/MicroBlazeServer/MicroBlazeServer.srcs/sources_1/bd/design_1/ip/design_1_mig_7series_0_0/design_1_mig_7series_0_0/user_design/rtl/axi/mig_7series_v4_0_ddr_axic_register_slice.v:61]
INFO: [Synth 8-256] done synthesizing module 'mig_7series_v4_0_ddr_axi_register_slice__parameterized2' (90#1) [c:/Users/Jaimin/XilinxProjects/MicroBlazeServer/MicroBlazeServer.srcs/sources_1/bd/design_1/ip/design_1_mig_7series_0_0/design_1_mig_7series_0_0/user_design/rtl/axi/mig_7series_v4_0_ddr_axi_register_slice.v:63]
INFO: [Synth 8-638] synthesizing module 'mig_7series_v4_0_axi_mc_aw_channel' [c:/Users/Jaimin/XilinxProjects/MicroBlazeServer/MicroBlazeServer.srcs/sources_1/bd/design_1/ip/design_1_mig_7series_0_0/design_1_mig_7series_0_0/user_design/rtl/axi/mig_7series_v4_0_axi_mc_aw_channel.v:57]
INFO: [Synth 8-638] synthesizing module 'mig_7series_v4_0_axi_mc_cmd_translator' [c:/Users/Jaimin/XilinxProjects/MicroBlazeServer/MicroBlazeServer.srcs/sources_1/bd/design_1/ip/design_1_mig_7series_0_0/design_1_mig_7series_0_0/user_design/rtl/axi/mig_7series_v4_0_axi_mc_cmd_translator.v:62]
INFO: [Synth 8-638] synthesizing module 'mig_7series_v4_0_axi_mc_incr_cmd' [c:/Users/Jaimin/XilinxProjects/MicroBlazeServer/MicroBlazeServer.srcs/sources_1/bd/design_1/ip/design_1_mig_7series_0_0/design_1_mig_7series_0_0/user_design/rtl/axi/mig_7series_v4_0_axi_mc_incr_cmd.v:64]
INFO: [Synth 8-256] done synthesizing module 'mig_7series_v4_0_axi_mc_incr_cmd' (91#1) [c:/Users/Jaimin/XilinxProjects/MicroBlazeServer/MicroBlazeServer.srcs/sources_1/bd/design_1/ip/design_1_mig_7series_0_0/design_1_mig_7series_0_0/user_design/rtl/axi/mig_7series_v4_0_axi_mc_incr_cmd.v:64]
INFO: [Synth 8-638] synthesizing module 'mig_7series_v4_0_axi_mc_wrap_cmd' [c:/Users/Jaimin/XilinxProjects/MicroBlazeServer/MicroBlazeServer.srcs/sources_1/bd/design_1/ip/design_1_mig_7series_0_0/design_1_mig_7series_0_0/user_design/rtl/axi/mig_7series_v4_0_axi_mc_wrap_cmd.v:97]
INFO: [Synth 8-256] done synthesizing module 'mig_7series_v4_0_axi_mc_wrap_cmd' (92#1) [c:/Users/Jaimin/XilinxProjects/MicroBlazeServer/MicroBlazeServer.srcs/sources_1/bd/design_1/ip/design_1_mig_7series_0_0/design_1_mig_7series_0_0/user_design/rtl/axi/mig_7series_v4_0_axi_mc_wrap_cmd.v:97]
INFO: [Synth 8-256] done synthesizing module 'mig_7series_v4_0_axi_mc_cmd_translator' (93#1) [c:/Users/Jaimin/XilinxProjects/MicroBlazeServer/MicroBlazeServer.srcs/sources_1/bd/design_1/ip/design_1_mig_7series_0_0/design_1_mig_7series_0_0/user_design/rtl/axi/mig_7series_v4_0_axi_mc_cmd_translator.v:62]
INFO: [Synth 8-638] synthesizing module 'mig_7series_v4_0_axi_mc_wr_cmd_fsm' [c:/Users/Jaimin/XilinxProjects/MicroBlazeServer/MicroBlazeServer.srcs/sources_1/bd/design_1/ip/design_1_mig_7series_0_0/design_1_mig_7series_0_0/user_design/rtl/axi/mig_7series_v4_0_axi_mc_wr_cmd_fsm.v:76]
INFO: [Synth 8-256] done synthesizing module 'mig_7series_v4_0_axi_mc_wr_cmd_fsm' (94#1) [c:/Users/Jaimin/XilinxProjects/MicroBlazeServer/MicroBlazeServer.srcs/sources_1/bd/design_1/ip/design_1_mig_7series_0_0/design_1_mig_7series_0_0/user_design/rtl/axi/mig_7series_v4_0_axi_mc_wr_cmd_fsm.v:76]
INFO: [Synth 8-256] done synthesizing module 'mig_7series_v4_0_axi_mc_aw_channel' (95#1) [c:/Users/Jaimin/XilinxProjects/MicroBlazeServer/MicroBlazeServer.srcs/sources_1/bd/design_1/ip/design_1_mig_7series_0_0/design_1_mig_7series_0_0/user_design/rtl/axi/mig_7series_v4_0_axi_mc_aw_channel.v:57]
INFO: [Synth 8-638] synthesizing module 'mig_7series_v4_0_axi_mc_w_channel' [c:/Users/Jaimin/XilinxProjects/MicroBlazeServer/MicroBlazeServer.srcs/sources_1/bd/design_1/ip/design_1_mig_7series_0_0/design_1_mig_7series_0_0/user_design/rtl/axi/mig_7series_v4_0_axi_mc_w_channel.v:64]
INFO: [Synth 8-256] done synthesizing module 'mig_7series_v4_0_axi_mc_w_channel' (96#1) [c:/Users/Jaimin/XilinxProjects/MicroBlazeServer/MicroBlazeServer.srcs/sources_1/bd/design_1/ip/design_1_mig_7series_0_0/design_1_mig_7series_0_0/user_design/rtl/axi/mig_7series_v4_0_axi_mc_w_channel.v:64]
INFO: [Synth 8-638] synthesizing module 'mig_7series_v4_0_axi_mc_b_channel' [c:/Users/Jaimin/XilinxProjects/MicroBlazeServer/MicroBlazeServer.srcs/sources_1/bd/design_1/ip/design_1_mig_7series_0_0/design_1_mig_7series_0_0/user_design/rtl/axi/mig_7series_v4_0_axi_mc_b_channel.v:83]
INFO: [Synth 8-638] synthesizing module 'mig_7series_v4_0_axi_mc_fifo' [c:/Users/Jaimin/XilinxProjects/MicroBlazeServer/MicroBlazeServer.srcs/sources_1/bd/design_1/ip/design_1_mig_7series_0_0/design_1_mig_7series_0_0/user_design/rtl/axi/mig_7series_v4_0_axi_mc_fifo.v:70]
INFO: [Synth 8-256] done synthesizing module 'mig_7series_v4_0_axi_mc_fifo' (97#1) [c:/Users/Jaimin/XilinxProjects/MicroBlazeServer/MicroBlazeServer.srcs/sources_1/bd/design_1/ip/design_1_mig_7series_0_0/design_1_mig_7series_0_0/user_design/rtl/axi/mig_7series_v4_0_axi_mc_fifo.v:70]
INFO: [Synth 8-256] done synthesizing module 'mig_7series_v4_0_axi_mc_b_channel' (98#1) [c:/Users/Jaimin/XilinxProjects/MicroBlazeServer/MicroBlazeServer.srcs/sources_1/bd/design_1/ip/design_1_mig_7series_0_0/design_1_mig_7series_0_0/user_design/rtl/axi/mig_7series_v4_0_axi_mc_b_channel.v:83]
INFO: [Synth 8-638] synthesizing module 'mig_7series_v4_0_axi_mc_ar_channel' [c:/Users/Jaimin/XilinxProjects/MicroBlazeServer/MicroBlazeServer.srcs/sources_1/bd/design_1/ip/design_1_mig_7series_0_0/design_1_mig_7series_0_0/user_design/rtl/axi/mig_7series_v4_0_axi_mc_ar_channel.v:57]
INFO: [Synth 8-638] synthesizing module 'mig_7series_v4_0_axi_mc_cmd_translator__parameterized0' [c:/Users/Jaimin/XilinxProjects/MicroBlazeServer/MicroBlazeServer.srcs/sources_1/bd/design_1/ip/design_1_mig_7series_0_0/design_1_mig_7series_0_0/user_design/rtl/axi/mig_7series_v4_0_axi_mc_cmd_translator.v:62]
INFO: [Synth 8-638] synthesizing module 'mig_7series_v4_0_axi_mc_incr_cmd__parameterized0' [c:/Users/Jaimin/XilinxProjects/MicroBlazeServer/MicroBlazeServer.srcs/sources_1/bd/design_1/ip/design_1_mig_7series_0_0/design_1_mig_7series_0_0/user_design/rtl/axi/mig_7series_v4_0_axi_mc_incr_cmd.v:64]
INFO: [Synth 8-256] done synthesizing module 'mig_7series_v4_0_axi_mc_incr_cmd__parameterized0' (98#1) [c:/Users/Jaimin/XilinxProjects/MicroBlazeServer/MicroBlazeServer.srcs/sources_1/bd/design_1/ip/design_1_mig_7series_0_0/design_1_mig_7series_0_0/user_design/rtl/axi/mig_7series_v4_0_axi_mc_incr_cmd.v:64]
INFO: [Synth 8-638] synthesizing module 'mig_7series_v4_0_axi_mc_wrap_cmd__parameterized0' [c:/Users/Jaimin/XilinxProjects/MicroBlazeServer/MicroBlazeServer.srcs/sources_1/bd/design_1/ip/design_1_mig_7series_0_0/design_1_mig_7series_0_0/user_design/rtl/axi/mig_7series_v4_0_axi_mc_wrap_cmd.v:97]
INFO: [Synth 8-256] done synthesizing module 'mig_7series_v4_0_axi_mc_wrap_cmd__parameterized0' (98#1) [c:/Users/Jaimin/XilinxProjects/MicroBlazeServer/MicroBlazeServer.srcs/sources_1/bd/design_1/ip/design_1_mig_7series_0_0/design_1_mig_7series_0_0/user_design/rtl/axi/mig_7series_v4_0_axi_mc_wrap_cmd.v:97]
INFO: [Synth 8-256] done synthesizing module 'mig_7series_v4_0_axi_mc_cmd_translator__parameterized0' (98#1) [c:/Users/Jaimin/XilinxProjects/MicroBlazeServer/MicroBlazeServer.srcs/sources_1/bd/design_1/ip/design_1_mig_7series_0_0/design_1_mig_7series_0_0/user_design/rtl/axi/mig_7series_v4_0_axi_mc_cmd_translator.v:62]
INFO: [Synth 8-638] synthesizing module 'mig_7series_v4_0_axi_mc_cmd_fsm' [c:/Users/Jaimin/XilinxProjects/MicroBlazeServer/MicroBlazeServer.srcs/sources_1/bd/design_1/ip/design_1_mig_7series_0_0/design_1_mig_7series_0_0/user_design/rtl/axi/mig_7series_v4_0_axi_mc_cmd_fsm.v:72]
INFO: [Synth 8-256] done synthesizing module 'mig_7series_v4_0_axi_mc_cmd_fsm' (99#1) [c:/Users/Jaimin/XilinxProjects/MicroBlazeServer/MicroBlazeServer.srcs/sources_1/bd/design_1/ip/design_1_mig_7series_0_0/design_1_mig_7series_0_0/user_design/rtl/axi/mig_7series_v4_0_axi_mc_cmd_fsm.v:72]
INFO: [Synth 8-256] done synthesizing module 'mig_7series_v4_0_axi_mc_ar_channel' (100#1) [c:/Users/Jaimin/XilinxProjects/MicroBlazeServer/MicroBlazeServer.srcs/sources_1/bd/design_1/ip/design_1_mig_7series_0_0/design_1_mig_7series_0_0/user_design/rtl/axi/mig_7series_v4_0_axi_mc_ar_channel.v:57]
INFO: [Synth 8-638] synthesizing module 'mig_7series_v4_0_axi_mc_r_channel' [c:/Users/Jaimin/XilinxProjects/MicroBlazeServer/MicroBlazeServer.srcs/sources_1/bd/design_1/ip/design_1_mig_7series_0_0/design_1_mig_7series_0_0/user_design/rtl/axi/mig_7series_v4_0_axi_mc_r_channel.v:67]
INFO: [Synth 8-638] synthesizing module 'mig_7series_v4_0_axi_mc_fifo__parameterized0' [c:/Users/Jaimin/XilinxProjects/MicroBlazeServer/MicroBlazeServer.srcs/sources_1/bd/design_1/ip/design_1_mig_7series_0_0/design_1_mig_7series_0_0/user_design/rtl/axi/mig_7series_v4_0_axi_mc_fifo.v:70]
INFO: [Synth 8-256] done synthesizing module 'mig_7series_v4_0_axi_mc_fifo__parameterized0' (100#1) [c:/Users/Jaimin/XilinxProjects/MicroBlazeServer/MicroBlazeServer.srcs/sources_1/bd/design_1/ip/design_1_mig_7series_0_0/design_1_mig_7series_0_0/user_design/rtl/axi/mig_7series_v4_0_axi_mc_fifo.v:70]
INFO: [Synth 8-638] synthesizing module 'mig_7series_v4_0_axi_mc_fifo__parameterized1' [c:/Users/Jaimin/XilinxProjects/MicroBlazeServer/MicroBlazeServer.srcs/sources_1/bd/design_1/ip/design_1_mig_7series_0_0/design_1_mig_7series_0_0/user_design/rtl/axi/mig_7series_v4_0_axi_mc_fifo.v:70]
INFO: [Synth 8-256] done synthesizing module 'mig_7series_v4_0_axi_mc_fifo__parameterized1' (100#1) [c:/Users/Jaimin/XilinxProjects/MicroBlazeServer/MicroBlazeServer.srcs/sources_1/bd/design_1/ip/design_1_mig_7series_0_0/design_1_mig_7series_0_0/user_design/rtl/axi/mig_7series_v4_0_axi_mc_fifo.v:70]
INFO: [Synth 8-256] done synthesizing module 'mig_7series_v4_0_axi_mc_r_channel' (101#1) [c:/Users/Jaimin/XilinxProjects/MicroBlazeServer/MicroBlazeServer.srcs/sources_1/bd/design_1/ip/design_1_mig_7series_0_0/design_1_mig_7series_0_0/user_design/rtl/axi/mig_7series_v4_0_axi_mc_r_channel.v:67]
INFO: [Synth 8-638] synthesizing module 'mig_7series_v4_0_axi_mc_cmd_arbiter' [c:/Users/Jaimin/XilinxProjects/MicroBlazeServer/MicroBlazeServer.srcs/sources_1/bd/design_1/ip/design_1_mig_7series_0_0/design_1_mig_7series_0_0/user_design/rtl/axi/mig_7series_v4_0_axi_mc_cmd_arbiter.v:61]
INFO: [Synth 8-256] done synthesizing module 'mig_7series_v4_0_axi_mc_cmd_arbiter' (102#1) [c:/Users/Jaimin/XilinxProjects/MicroBlazeServer/MicroBlazeServer.srcs/sources_1/bd/design_1/ip/design_1_mig_7series_0_0/design_1_mig_7series_0_0/user_design/rtl/axi/mig_7series_v4_0_axi_mc_cmd_arbiter.v:61]
INFO: [Synth 8-256] done synthesizing module 'mig_7series_v4_0_axi_mc' (103#1) [c:/Users/Jaimin/XilinxProjects/MicroBlazeServer/MicroBlazeServer.srcs/sources_1/bd/design_1/ip/design_1_mig_7series_0_0/design_1_mig_7series_0_0/user_design/rtl/axi/mig_7series_v4_0_axi_mc.v:90]
INFO: [Synth 8-256] done synthesizing module 'mig_7series_v4_0_memc_ui_top_axi' (104#1) [c:/Users/Jaimin/XilinxProjects/MicroBlazeServer/MicroBlazeServer.srcs/sources_1/bd/design_1/ip/design_1_mig_7series_0_0/design_1_mig_7series_0_0/user_design/rtl/ip_top/mig_7series_v4_0_memc_ui_top_axi.v:72]
INFO: [Synth 8-256] done synthesizing module 'design_1_mig_7series_0_0_mig' (105#1) [c:/Users/Jaimin/XilinxProjects/MicroBlazeServer/MicroBlazeServer.srcs/sources_1/bd/design_1/ip/design_1_mig_7series_0_0/design_1_mig_7series_0_0/user_design/rtl/design_1_mig_7series_0_0_mig.v:75]
INFO: [Synth 8-256] done synthesizing module 'design_1_mig_7series_0_0' (106#1) [c:/Users/Jaimin/XilinxProjects/MicroBlazeServer/MicroBlazeServer.srcs/sources_1/bd/design_1/ip/design_1_mig_7series_0_0/design_1_mig_7series_0_0/user_design/rtl/design_1_mig_7series_0_0.v:70]
Finished RTL Elaboration : Time (s): cpu = 00:00:23 ; elapsed = 00:00:24 . Memory (MB): peak = 639.855 ; gain = 306.266
Finished RTL Optimization Phase 1 : Time (s): cpu = 00:00:27 ; elapsed = 00:00:29 . Memory (MB): peak = 639.855 ; gain = 306.266
INFO: [Device 21-403] Loading part xc7a200tsbg484-1
Constraint Validation Runtime : Time (s): cpu = 00:00:00 ; elapsed = 00:00:00.313 . Memory (MB): peak = 970.391 ; gain = 1.313
Finished Constraint Validation : Time (s): cpu = 00:00:59 ; elapsed = 00:01:02 . Memory (MB): peak = 970.391 ; gain = 636.801
Finished Loading Part and Timing Information : Time (s): cpu = 00:00:59 ; elapsed = 00:01:02 . Memory (MB): peak = 970.391 ; gain = 636.801
Finished applying 'set_property' XDC Constraints : Time (s): cpu = 00:01:00 ; elapsed = 00:01:02 . Memory (MB): peak = 970.391 ; gain = 636.801
Finished RTL Optimization Phase 2 : Time (s): cpu = 00:01:28 ; elapsed = 00:01:31 . Memory (MB): peak = 970.391 ; gain = 636.801
Finished Cross Boundary and Area Optimization : Time (s): cpu = 00:03:06 ; elapsed = 00:03:14 . Memory (MB): peak = 1085.609 ; gain = 752.020
---------------------------------------------------------------------------------
Start ROM, RAM, DSP and Shift Register Reporting
---------------------------------------------------------------------------------

ROM:
+------------------------------+------------+---------------+----------------+
|Module Name                   | RTL Object | Depth x Width | Implemented As | 
+------------------------------+------------+---------------+----------------+
|mig_7series_v4_0_ddr_prbs_gen | mem_out    | 256x18        | LUT            | 
|mig_7series_v4_0_ddr_prbs_gen | mem_out    | 256x18        | LUT            | 
+------------------------------+------------+---------------+----------------+


Distributed RAM: Preliminary Mapping  Report (see note below)
+-------------------------+---------------------------------------------------------------------------------------+-----------+----------------------+---------------+
|Module Name              | RTL Object                                                                            | Inference | Size (Depth x Width) | Primitives    | 
+-------------------------+---------------------------------------------------------------------------------------+-----------+----------------------+---------------+
|design_1_mig_7series_0_0 | of_pre_fifo_gen.u_ddr_of_pre_fifo/mem_reg                                             | Implied   | 16 x 80              | RAM32M x 14   | 
|design_1_mig_7series_0_0 | ddr_byte_lane_B.ddr_byte_lane_B/of_pre_fifo_gen.u_ddr_of_pre_fifo/mem_reg             | Implied   | 16 x 80              | RAM32M x 14   | 
|design_1_mig_7series_0_0 | ddr_byte_lane_C.ddr_byte_lane_C/dq_gen_40.if_post_fifo_gen.u_ddr_if_post_fifo/mem_reg | Implied   | 4 x 80               | RAM32M x 14   | 
|design_1_mig_7series_0_0 | ddr_byte_lane_C.ddr_byte_lane_C/of_pre_fifo_gen.u_ddr_of_pre_fifo/mem_reg             | Implied   | 16 x 80              | RAM32M x 14   | 
|design_1_mig_7series_0_0 | ddr_byte_lane_D.ddr_byte_lane_D/dq_gen_40.if_post_fifo_gen.u_ddr_if_post_fifo/mem_reg | Implied   | 4 x 80               | RAM32M x 14   | 
|design_1_mig_7series_0_0 | ddr_byte_lane_D.ddr_byte_lane_D/of_pre_fifo_gen.u_ddr_of_pre_fifo/mem_reg             | Implied   | 16 x 80              | RAM32M x 14   | 
+-------------------------+---------------------------------------------------------------------------------------+-----------+----------------------+---------------+

Note: The table above is a preliminary report that shows the Distributed RAMs at the current stage of the synthesis flow. Some Distributed RAMs may be reimplemented as non Distributed RAM primitives later in the synthesis flow. Multiple instantiated RAMs are reported only once.
---------------------------------------------------------------------------------
Finished ROM, RAM, DSP and Shift Register Reporting
---------------------------------------------------------------------------------
Finished Applying XDC Timing Constraints : Time (s): cpu = 00:03:23 ; elapsed = 00:03:31 . Memory (MB): peak = 1157.559 ; gain = 823.969
Finished Timing Optimization : Time (s): cpu = 00:03:26 ; elapsed = 00:03:33 . Memory (MB): peak = 1165.574 ; gain = 831.984
Finished Technology Mapping : Time (s): cpu = 00:03:41 ; elapsed = 00:03:49 . Memory (MB): peak = 1208.656 ; gain = 875.066
Finished IO Insertion : Time (s): cpu = 00:03:43 ; elapsed = 00:03:51 . Memory (MB): peak = 1208.656 ; gain = 875.066
Finished Renaming Generated Instances : Time (s): cpu = 00:03:43 ; elapsed = 00:03:51 . Memory (MB): peak = 1208.656 ; gain = 875.066
Finished Rebuilding User Hierarchy : Time (s): cpu = 00:03:47 ; elapsed = 00:03:55 . Memory (MB): peak = 1208.656 ; gain = 875.066
Finished Renaming Generated Ports : Time (s): cpu = 00:03:48 ; elapsed = 00:03:56 . Memory (MB): peak = 1208.656 ; gain = 875.066
Finished Handling Custom Attributes : Time (s): cpu = 00:03:48 ; elapsed = 00:03:56 . Memory (MB): peak = 1208.656 ; gain = 875.066
Finished Renaming Generated Nets : Time (s): cpu = 00:03:48 ; elapsed = 00:03:56 . Memory (MB): peak = 1208.656 ; gain = 875.066

Report Cell Usage: 
+------+-------------------------------+------+
|      |Cell                           |Count |
+------+-------------------------------+------+
|1     |AND2B1L                        |    10|
|2     |BUFG                           |     3|
|3     |BUFH                           |     1|
|4     |BUFIO                          |     1|
|5     |CARRY4                         |   133|
|6     |IDDR                           |     2|
|7     |IDELAYCTRL                     |     1|
|8     |IDELAYE2                       |    16|
|9     |IN_FIFO                        |     2|
|10    |ISERDESE2                      |    16|
|11    |LUT1                           |   483|
|12    |LUT2                           |   559|
|13    |LUT3                           |  1459|
|14    |LUT4                           |  1377|
|15    |LUT5                           |  1344|
|16    |LUT6                           |  1996|
|17    |LUT6_2                         |    24|
|18    |MMCME2_ADV                     |     1|
|19    |MUXCY                          |   131|
|20    |MUXF7                          |    78|
|21    |ODDR                           |     5|
|22    |OR2L                           |     2|
|23    |OSERDESE2                      |    23|
|24    |OSERDESE2_1                    |     2|
|25    |OSERDESE2_2                    |    18|
|26    |OUT_FIFO                       |     2|
|27    |OUT_FIFO_1                     |     2|
|28    |PHASER_IN_PHY                  |     2|
|29    |PHASER_OUT_PHY                 |     2|
|30    |PHASER_OUT_PHY_1               |     2|
|31    |PHASER_REF                     |     1|
|32    |PHY_CONTROL                    |     1|
|33    |PLLE2_ADV                      |     1|
|34    |RAM32M                         |   131|
|35    |SRL16E                         |    19|
|36    |SRLC32E                        |   197|
|37    |XADC                           |     1|
|38    |XORCY                          |    64|
|39    |FDCE                           |     2|
|40    |FDPE                           |    73|
|41    |FDRE                           |  5400|
|42    |FDSE                           |   275|
|43    |IOBUFDS_DIFF_OUT_INTERMDISABLE |     2|
|44    |IOBUF_INTERMDISABLE            |    16|
|45    |OBUF                           |    24|
|46    |OBUFDS                         |     1|
|47    |OBUFT                          |     2|
+------+-------------------------------+------+
Finished Writing Synthesis Report : Time (s): cpu = 00:03:49 ; elapsed = 00:03:56 . Memory (MB): peak = 1208.656 ; gain = 875.066
synth_design: Time (s): cpu = 00:03:59 ; elapsed = 00:04:07 . Memory (MB): peak = 1208.656 ; gain = 875.066
