
*** Running vivado
    with args -log design_1_clk_gen_0_0.vds -m64 -product Vivado -mode batch -messageDb vivado.pb -notrace -source design_1_clk_gen_0_0.tcl


****** Vivado v2017.4 (64-bit)
  **** SW Build 2086221 on Fri Dec 15 20:55:39 MST 2017
  **** IP Build 2085800 on Fri Dec 15 22:25:07 MST 2017
    ** Copyright 1986-2017 Xilinx, Inc. All Rights Reserved.

source design_1_clk_gen_0_0.tcl -notrace
Command: synth_design -top design_1_clk_gen_0_0 -part xc7a200tsbg484-1 -mode out_of_context
Starting synth_design
Attempting to get a license for feature 'Synthesis' and/or device 'xc7a200t'
INFO: [Common 17-349] Got license for feature 'Synthesis' and/or device 'xc7a200t'
INFO: Launching helper process for spawning children vivado processes
INFO: Helper process launched with PID 17904 
---------------------------------------------------------------------------------
Starting RTL Elaboration : Time (s): cpu = 00:00:08 ; elapsed = 00:00:08 . Memory (MB): peak = 433.289 ; gain = 100.793
---------------------------------------------------------------------------------
INFO: [Synth 8-638] synthesizing module 'design_1_clk_gen_0_0' [d:/AlienWare/Course/ECE532/MileStone2/MicroBlazeServer_UDP/MicroBlazeServer.srcs/sources_1/bd/design_1/ip/design_1_clk_gen_0_0/synth/design_1_clk_gen_0_0.v:57]
INFO: [Synth 8-638] synthesizing module 'clk_gen_v3' [d:/AlienWare/Course/ECE532/MileStone2/MicroBlazeServer_UDP/MicroBlazeServer.srcs/sources_1/bd/design_1/ipshared/0969/hdl/clk_gen_v3.v:4]
	Parameter C_S00_AXI_DATA_WIDTH bound to: 32 - type: integer 
	Parameter C_S00_AXI_ADDR_WIDTH bound to: 4 - type: integer 
INFO: [Synth 8-638] synthesizing module 'clock_gen_v1_0_S00_AXI' [d:/AlienWare/Course/ECE532/MileStone2/MicroBlazeServer_UDP/MicroBlazeServer.srcs/sources_1/bd/design_1/ipshared/0969/hdl/clk_gen_v3_S00_AXI.v:4]
	Parameter C_S_AXI_DATA_WIDTH bound to: 32 - type: integer 
	Parameter C_S_AXI_ADDR_WIDTH bound to: 4 - type: integer 
	Parameter ADDR_LSB bound to: 2 - type: integer 
	Parameter OPT_MEM_ADDR_BITS bound to: 1 - type: integer 
INFO: [Synth 8-226] default block is never used [d:/AlienWare/Course/ECE532/MileStone2/MicroBlazeServer_UDP/MicroBlazeServer.srcs/sources_1/bd/design_1/ipshared/0969/hdl/clk_gen_v3_S00_AXI.v:253]
INFO: [Synth 8-226] default block is never used [d:/AlienWare/Course/ECE532/MileStone2/MicroBlazeServer_UDP/MicroBlazeServer.srcs/sources_1/bd/design_1/ipshared/0969/hdl/clk_gen_v3_S00_AXI.v:394]
WARNING: [Synth 8-5788] Register count_all_half_reg in module clock_gen_v1_0_S00_AXI is has both Set and reset with same priority. This may cause simulation mismatches. Consider rewriting code  [d:/AlienWare/Course/ECE532/MileStone2/MicroBlazeServer_UDP/MicroBlazeServer.srcs/sources_1/bd/design_1/ipshared/0969/hdl/clk_gen_v3_S00_AXI.v:539]
WARNING: [Synth 8-3848] Net in_sample in module/entity clock_gen_v1_0_S00_AXI does not have driver. [d:/AlienWare/Course/ECE532/MileStone2/MicroBlazeServer_UDP/MicroBlazeServer.srcs/sources_1/bd/design_1/ipshared/0969/hdl/clk_gen_v3_S00_AXI.v:38]
WARNING: [Synth 8-3848] Net sample_tr in module/entity clock_gen_v1_0_S00_AXI does not have driver. [d:/AlienWare/Course/ECE532/MileStone2/MicroBlazeServer_UDP/MicroBlazeServer.srcs/sources_1/bd/design_1/ipshared/0969/hdl/clk_gen_v3_S00_AXI.v:39]
INFO: [Synth 8-256] done synthesizing module 'clock_gen_v1_0_S00_AXI' (1#1) [d:/AlienWare/Course/ECE532/MileStone2/MicroBlazeServer_UDP/MicroBlazeServer.srcs/sources_1/bd/design_1/ipshared/0969/hdl/clk_gen_v3_S00_AXI.v:4]
INFO: [Synth 8-256] done synthesizing module 'clk_gen_v3' (2#1) [d:/AlienWare/Course/ECE532/MileStone2/MicroBlazeServer_UDP/MicroBlazeServer.srcs/sources_1/bd/design_1/ipshared/0969/hdl/clk_gen_v3.v:4]
INFO: [Synth 8-256] done synthesizing module 'design_1_clk_gen_0_0' (3#1) [d:/AlienWare/Course/ECE532/MileStone2/MicroBlazeServer_UDP/MicroBlazeServer.srcs/sources_1/bd/design_1/ip/design_1_clk_gen_0_0/synth/design_1_clk_gen_0_0.v:57]
WARNING: [Synth 8-3331] design clock_gen_v1_0_S00_AXI has unconnected port in_sample
WARNING: [Synth 8-3331] design clock_gen_v1_0_S00_AXI has unconnected port sample_tr
WARNING: [Synth 8-3331] design clock_gen_v1_0_S00_AXI has unconnected port clk_in_sys
WARNING: [Synth 8-3331] design clock_gen_v1_0_S00_AXI has unconnected port S_AXI_AWPROT[2]
WARNING: [Synth 8-3331] design clock_gen_v1_0_S00_AXI has unconnected port S_AXI_AWPROT[1]
WARNING: [Synth 8-3331] design clock_gen_v1_0_S00_AXI has unconnected port S_AXI_AWPROT[0]
WARNING: [Synth 8-3331] design clock_gen_v1_0_S00_AXI has unconnected port S_AXI_ARPROT[2]
WARNING: [Synth 8-3331] design clock_gen_v1_0_S00_AXI has unconnected port S_AXI_ARPROT[1]
WARNING: [Synth 8-3331] design clock_gen_v1_0_S00_AXI has unconnected port S_AXI_ARPROT[0]
---------------------------------------------------------------------------------
Finished RTL Elaboration : Time (s): cpu = 00:00:10 ; elapsed = 00:00:10 . Memory (MB): peak = 485.551 ; gain = 153.055
---------------------------------------------------------------------------------

Report Check Netlist: 
+------+------------------+-------+---------+-------+------------------+
|      |Item              |Errors |Warnings |Status |Description       |
+------+------------------+-------+---------+-------+------------------+
|1     |multi_driven_nets |      0|        0|Passed |Multi driven nets |
+------+------------------+-------+---------+-------+------------------+
---------------------------------------------------------------------------------
Finished RTL Optimization Phase 1 : Time (s): cpu = 00:00:10 ; elapsed = 00:00:10 . Memory (MB): peak = 485.551 ; gain = 153.055
---------------------------------------------------------------------------------
INFO: [Device 21-403] Loading part xc7a200tsbg484-1
INFO: [Project 1-570] Preparing netlist for logic optimization

Processing XDC Constraints
Initializing timing engine
Completed Processing XDC Constraints

INFO: [Project 1-111] Unisim Transformation Summary:
No Unisim elements were transformed.

Constraint Validation Runtime : Time (s): cpu = 00:00:01 ; elapsed = 00:00:00.075 . Memory (MB): peak = 862.984 ; gain = 0.000
---------------------------------------------------------------------------------
Finished Constraint Validation : Time (s): cpu = 00:00:27 ; elapsed = 00:00:28 . Memory (MB): peak = 862.984 ; gain = 530.488
---------------------------------------------------------------------------------
---------------------------------------------------------------------------------
Start Loading Part and Timing Information
---------------------------------------------------------------------------------
Loading part: xc7a200tsbg484-1
---------------------------------------------------------------------------------
Finished Loading Part and Timing Information : Time (s): cpu = 00:00:27 ; elapsed = 00:00:28 . Memory (MB): peak = 862.984 ; gain = 530.488
---------------------------------------------------------------------------------
---------------------------------------------------------------------------------
Start Applying 'set_property' XDC Constraints
---------------------------------------------------------------------------------
---------------------------------------------------------------------------------
Finished applying 'set_property' XDC Constraints : Time (s): cpu = 00:00:27 ; elapsed = 00:00:28 . Memory (MB): peak = 862.984 ; gain = 530.488
---------------------------------------------------------------------------------
INFO: [Synth 8-4471] merging register 'count_upto_1_reg[31:0]' into 'count_upto_2_1_reg[31:0]' [d:/AlienWare/Course/ECE532/MileStone2/MicroBlazeServer_UDP/MicroBlazeServer.srcs/sources_1/bd/design_1/ipshared/0969/hdl/clk_gen_v3_S00_AXI.v:516]
INFO: [Synth 8-4471] merging register 'count_upto_3_1_reg[31:0]' into 'count_upto_2_1_reg[31:0]' [d:/AlienWare/Course/ECE532/MileStone2/MicroBlazeServer_UDP/MicroBlazeServer.srcs/sources_1/bd/design_1/ipshared/0969/hdl/clk_gen_v3_S00_AXI.v:519]
INFO: [Synth 8-4471] merging register 'count_upto_5_reg[31:0]' into 'count_upto_4_reg[31:0]' [d:/AlienWare/Course/ECE532/MileStone2/MicroBlazeServer_UDP/MicroBlazeServer.srcs/sources_1/bd/design_1/ipshared/0969/hdl/clk_gen_v3_S00_AXI.v:524]
INFO: [Synth 8-4471] merging register 'count_upto_6_reg[31:0]' into 'count_upto_4_reg[31:0]' [d:/AlienWare/Course/ECE532/MileStone2/MicroBlazeServer_UDP/MicroBlazeServer.srcs/sources_1/bd/design_1/ipshared/0969/hdl/clk_gen_v3_S00_AXI.v:526]
INFO: [Synth 8-4471] merging register 'count_upto_9_reg[31:0]' into 'count_upto_8_reg[31:0]' [d:/AlienWare/Course/ECE532/MileStone2/MicroBlazeServer_UDP/MicroBlazeServer.srcs/sources_1/bd/design_1/ipshared/0969/hdl/clk_gen_v3_S00_AXI.v:532]
INFO: [Synth 8-4471] merging register 'count_upto_10_reg[31:0]' into 'count_upto_8_reg[31:0]' [d:/AlienWare/Course/ECE532/MileStone2/MicroBlazeServer_UDP/MicroBlazeServer.srcs/sources_1/bd/design_1/ipshared/0969/hdl/clk_gen_v3_S00_AXI.v:534]
WARNING: [Synth 8-6014] Unused sequential element count_upto_1_reg was removed.  [d:/AlienWare/Course/ECE532/MileStone2/MicroBlazeServer_UDP/MicroBlazeServer.srcs/sources_1/bd/design_1/ipshared/0969/hdl/clk_gen_v3_S00_AXI.v:516]
WARNING: [Synth 8-6014] Unused sequential element count_upto_3_1_reg was removed.  [d:/AlienWare/Course/ECE532/MileStone2/MicroBlazeServer_UDP/MicroBlazeServer.srcs/sources_1/bd/design_1/ipshared/0969/hdl/clk_gen_v3_S00_AXI.v:519]
WARNING: [Synth 8-6014] Unused sequential element count_upto_5_reg was removed.  [d:/AlienWare/Course/ECE532/MileStone2/MicroBlazeServer_UDP/MicroBlazeServer.srcs/sources_1/bd/design_1/ipshared/0969/hdl/clk_gen_v3_S00_AXI.v:524]
WARNING: [Synth 8-6014] Unused sequential element count_upto_6_reg was removed.  [d:/AlienWare/Course/ECE532/MileStone2/MicroBlazeServer_UDP/MicroBlazeServer.srcs/sources_1/bd/design_1/ipshared/0969/hdl/clk_gen_v3_S00_AXI.v:526]
WARNING: [Synth 8-6014] Unused sequential element count_upto_9_reg was removed.  [d:/AlienWare/Course/ECE532/MileStone2/MicroBlazeServer_UDP/MicroBlazeServer.srcs/sources_1/bd/design_1/ipshared/0969/hdl/clk_gen_v3_S00_AXI.v:532]
WARNING: [Synth 8-6014] Unused sequential element count_upto_10_reg was removed.  [d:/AlienWare/Course/ECE532/MileStone2/MicroBlazeServer_UDP/MicroBlazeServer.srcs/sources_1/bd/design_1/ipshared/0969/hdl/clk_gen_v3_S00_AXI.v:534]
WARNING: [Synth 8-6014] Unused sequential element counter_1_ns_reg was removed.  [d:/AlienWare/Course/ECE532/MileStone2/MicroBlazeServer_UDP/MicroBlazeServer.srcs/sources_1/bd/design_1/ipshared/0969/hdl/clk_gen_v3_S00_AXI.v:600]
WARNING: [Synth 8-6014] Unused sequential element counter_buffer_1_reg was removed.  [d:/AlienWare/Course/ECE532/MileStone2/MicroBlazeServer_UDP/MicroBlazeServer.srcs/sources_1/bd/design_1/ipshared/0969/hdl/clk_gen_v3_S00_AXI.v:617]
WARNING: [Synth 8-6014] Unused sequential element counter_buffer_2_reg was removed.  [d:/AlienWare/Course/ECE532/MileStone2/MicroBlazeServer_UDP/MicroBlazeServer.srcs/sources_1/bd/design_1/ipshared/0969/hdl/clk_gen_v3_S00_AXI.v:633]
WARNING: [Synth 8-6014] Unused sequential element counter_buffer_3_reg was removed.  [d:/AlienWare/Course/ECE532/MileStone2/MicroBlazeServer_UDP/MicroBlazeServer.srcs/sources_1/bd/design_1/ipshared/0969/hdl/clk_gen_v3_S00_AXI.v:649]
WARNING: [Synth 8-6014] Unused sequential element counter_buffer_4_reg was removed.  [d:/AlienWare/Course/ECE532/MileStone2/MicroBlazeServer_UDP/MicroBlazeServer.srcs/sources_1/bd/design_1/ipshared/0969/hdl/clk_gen_v3_S00_AXI.v:666]
WARNING: [Synth 8-6014] Unused sequential element counter_buffer_5_reg was removed.  [d:/AlienWare/Course/ECE532/MileStone2/MicroBlazeServer_UDP/MicroBlazeServer.srcs/sources_1/bd/design_1/ipshared/0969/hdl/clk_gen_v3_S00_AXI.v:682]
WARNING: [Synth 8-6014] Unused sequential element counter_buffer_6_reg was removed.  [d:/AlienWare/Course/ECE532/MileStone2/MicroBlazeServer_UDP/MicroBlazeServer.srcs/sources_1/bd/design_1/ipshared/0969/hdl/clk_gen_v3_S00_AXI.v:699]
WARNING: [Synth 8-6014] Unused sequential element counter_buffer_7_reg was removed.  [d:/AlienWare/Course/ECE532/MileStone2/MicroBlazeServer_UDP/MicroBlazeServer.srcs/sources_1/bd/design_1/ipshared/0969/hdl/clk_gen_v3_S00_AXI.v:715]
WARNING: [Synth 8-6014] Unused sequential element counter_buffer_8_reg was removed.  [d:/AlienWare/Course/ECE532/MileStone2/MicroBlazeServer_UDP/MicroBlazeServer.srcs/sources_1/bd/design_1/ipshared/0969/hdl/clk_gen_v3_S00_AXI.v:732]
WARNING: [Synth 8-6014] Unused sequential element counter_buffer_9_reg was removed.  [d:/AlienWare/Course/ECE532/MileStone2/MicroBlazeServer_UDP/MicroBlazeServer.srcs/sources_1/bd/design_1/ipshared/0969/hdl/clk_gen_v3_S00_AXI.v:749]
WARNING: [Synth 8-6014] Unused sequential element counter_buffer_10_reg was removed.  [d:/AlienWare/Course/ECE532/MileStone2/MicroBlazeServer_UDP/MicroBlazeServer.srcs/sources_1/bd/design_1/ipshared/0969/hdl/clk_gen_v3_S00_AXI.v:766]
---------------------------------------------------------------------------------
Finished RTL Optimization Phase 2 : Time (s): cpu = 00:00:27 ; elapsed = 00:00:28 . Memory (MB): peak = 862.984 ; gain = 530.488
---------------------------------------------------------------------------------

Report RTL Partitions: 
+-+--------------+------------+----------+
| |RTL Partition |Replication |Instances |
+-+--------------+------------+----------+
+-+--------------+------------+----------+
---------------------------------------------------------------------------------
Start RTL Component Statistics 
---------------------------------------------------------------------------------
Detailed RTL Component Info : 
+---Adders : 
	   2 Input     32 Bit       Adders := 3     
	   3 Input     32 Bit       Adders := 9     
+---Registers : 
	               32 Bit    Registers := 6     
	                4 Bit    Registers := 2     
	                2 Bit    Registers := 2     
	                1 Bit    Registers := 16    
+---Multipliers : 
	                 3x32  Multipliers := 3     
	                 7x32  Multipliers := 2     
	                 2x32  Multipliers := 1     
	                 4x32  Multipliers := 2     
	                 5x32  Multipliers := 2     
	                 6x32  Multipliers := 3     
+---Muxes : 
	   2 Input     32 Bit        Muxes := 4     
	   4 Input     32 Bit        Muxes := 5     
	   2 Input      1 Bit        Muxes := 5     
---------------------------------------------------------------------------------
Finished RTL Component Statistics 
---------------------------------------------------------------------------------
---------------------------------------------------------------------------------
Start RTL Hierarchical Component Statistics 
---------------------------------------------------------------------------------
Hierarchical RTL Component report 
Module clock_gen_v1_0_S00_AXI 
Detailed RTL Component Info : 
+---Adders : 
	   2 Input     32 Bit       Adders := 3     
	   3 Input     32 Bit       Adders := 9     
+---Registers : 
	               32 Bit    Registers := 6     
	                4 Bit    Registers := 2     
	                2 Bit    Registers := 2     
	                1 Bit    Registers := 16    
+---Multipliers : 
	                 3x32  Multipliers := 3     
	                 7x32  Multipliers := 2     
	                 2x32  Multipliers := 1     
	                 4x32  Multipliers := 2     
	                 5x32  Multipliers := 2     
	                 6x32  Multipliers := 3     
+---Muxes : 
	   2 Input     32 Bit        Muxes := 4     
	   4 Input     32 Bit        Muxes := 5     
	   2 Input      1 Bit        Muxes := 5     
---------------------------------------------------------------------------------
Finished RTL Hierarchical Component Statistics
---------------------------------------------------------------------------------
---------------------------------------------------------------------------------
Start Part Resource Summary
---------------------------------------------------------------------------------
Part Resources:
DSPs: 740 (col length:100)
BRAMs: 730 (col length: RAMB18 100 RAMB36 50)
---------------------------------------------------------------------------------
Finished Part Resource Summary
---------------------------------------------------------------------------------
---------------------------------------------------------------------------------
Start Cross Boundary and Area Optimization
---------------------------------------------------------------------------------
WARNING: [Synth 8-6014] Unused sequential element counter_1_ns_reg was removed.  [d:/AlienWare/Course/ECE532/MileStone2/MicroBlazeServer_UDP/MicroBlazeServer.srcs/sources_1/bd/design_1/ipshared/0969/hdl/clk_gen_v3_S00_AXI.v:600]
WARNING: [Synth 8-6014] Unused sequential element counter_buffer_1_reg was removed.  [d:/AlienWare/Course/ECE532/MileStone2/MicroBlazeServer_UDP/MicroBlazeServer.srcs/sources_1/bd/design_1/ipshared/0969/hdl/clk_gen_v3_S00_AXI.v:617]
WARNING: [Synth 8-6014] Unused sequential element counter_buffer_2_reg was removed.  [d:/AlienWare/Course/ECE532/MileStone2/MicroBlazeServer_UDP/MicroBlazeServer.srcs/sources_1/bd/design_1/ipshared/0969/hdl/clk_gen_v3_S00_AXI.v:633]
WARNING: [Synth 8-6014] Unused sequential element counter_buffer_3_reg was removed.  [d:/AlienWare/Course/ECE532/MileStone2/MicroBlazeServer_UDP/MicroBlazeServer.srcs/sources_1/bd/design_1/ipshared/0969/hdl/clk_gen_v3_S00_AXI.v:649]
WARNING: [Synth 8-6014] Unused sequential element counter_buffer_4_reg was removed.  [d:/AlienWare/Course/ECE532/MileStone2/MicroBlazeServer_UDP/MicroBlazeServer.srcs/sources_1/bd/design_1/ipshared/0969/hdl/clk_gen_v3_S00_AXI.v:666]
WARNING: [Synth 8-6014] Unused sequential element counter_buffer_5_reg was removed.  [d:/AlienWare/Course/ECE532/MileStone2/MicroBlazeServer_UDP/MicroBlazeServer.srcs/sources_1/bd/design_1/ipshared/0969/hdl/clk_gen_v3_S00_AXI.v:682]
WARNING: [Synth 8-6014] Unused sequential element counter_buffer_6_reg was removed.  [d:/AlienWare/Course/ECE532/MileStone2/MicroBlazeServer_UDP/MicroBlazeServer.srcs/sources_1/bd/design_1/ipshared/0969/hdl/clk_gen_v3_S00_AXI.v:699]
WARNING: [Synth 8-6014] Unused sequential element counter_buffer_7_reg was removed.  [d:/AlienWare/Course/ECE532/MileStone2/MicroBlazeServer_UDP/MicroBlazeServer.srcs/sources_1/bd/design_1/ipshared/0969/hdl/clk_gen_v3_S00_AXI.v:715]
WARNING: [Synth 8-6014] Unused sequential element counter_buffer_8_reg was removed.  [d:/AlienWare/Course/ECE532/MileStone2/MicroBlazeServer_UDP/MicroBlazeServer.srcs/sources_1/bd/design_1/ipshared/0969/hdl/clk_gen_v3_S00_AXI.v:732]
WARNING: [Synth 8-6014] Unused sequential element counter_buffer_9_reg was removed.  [d:/AlienWare/Course/ECE532/MileStone2/MicroBlazeServer_UDP/MicroBlazeServer.srcs/sources_1/bd/design_1/ipshared/0969/hdl/clk_gen_v3_S00_AXI.v:749]
WARNING: [Synth 8-6014] Unused sequential element counter_buffer_10_reg was removed.  [d:/AlienWare/Course/ECE532/MileStone2/MicroBlazeServer_UDP/MicroBlazeServer.srcs/sources_1/bd/design_1/ipshared/0969/hdl/clk_gen_v3_S00_AXI.v:766]
WARNING: [Synth 8-3331] design clock_gen_v1_0_S00_AXI has unconnected port in_sample
WARNING: [Synth 8-3331] design clock_gen_v1_0_S00_AXI has unconnected port sample_tr
WARNING: [Synth 8-3331] design clock_gen_v1_0_S00_AXI has unconnected port clk_in_sys
WARNING: [Synth 8-3331] design clock_gen_v1_0_S00_AXI has unconnected port S_AXI_AWPROT[2]
WARNING: [Synth 8-3331] design clock_gen_v1_0_S00_AXI has unconnected port S_AXI_AWPROT[1]
WARNING: [Synth 8-3331] design clock_gen_v1_0_S00_AXI has unconnected port S_AXI_AWPROT[0]
WARNING: [Synth 8-3331] design clock_gen_v1_0_S00_AXI has unconnected port S_AXI_ARPROT[2]
WARNING: [Synth 8-3331] design clock_gen_v1_0_S00_AXI has unconnected port S_AXI_ARPROT[1]
WARNING: [Synth 8-3331] design clock_gen_v1_0_S00_AXI has unconnected port S_AXI_ARPROT[0]
WARNING: [Synth 8-3331] design design_1_clk_gen_0_0 has unconnected port in_sample
WARNING: [Synth 8-3331] design design_1_clk_gen_0_0 has unconnected port sample_tr
INFO: [Synth 8-3886] merging instance 'inst/clock_gen_v1_0_S00_AXI_inst/count_upto_1_1_reg[0]' (FDC_1) to 'inst/clock_gen_v1_0_S00_AXI_inst/count_upto_9_1_reg[0]'
INFO: [Synth 8-3886] merging instance 'inst/clock_gen_v1_0_S00_AXI_inst/count_upto_1_1_reg[1]' (FDC_1) to 'inst/clock_gen_v1_0_S00_AXI_inst/count_upto_9_1_reg[0]'
INFO: [Synth 8-3886] merging instance 'inst/clock_gen_v1_0_S00_AXI_inst/count_upto_10_1_reg[0]' (FDC_1) to 'inst/clock_gen_v1_0_S00_AXI_inst/count_upto_9_1_reg[0]'
INFO: [Synth 8-3886] merging instance 'inst/clock_gen_v1_0_S00_AXI_inst/count_upto_9_1_reg[0]' (FDC_1) to 'inst/clock_gen_v1_0_S00_AXI_inst/count_upto_8_reg[0]'
INFO: [Synth 8-3886] merging instance 'inst/clock_gen_v1_0_S00_AXI_inst/count_upto_8_1_reg[0]' (FDC_1) to 'inst/clock_gen_v1_0_S00_AXI_inst/count_upto_8_reg[0]'
INFO: [Synth 8-3886] merging instance 'inst/clock_gen_v1_0_S00_AXI_inst/count_upto_8_reg[0]' (FDC_1) to 'inst/clock_gen_v1_0_S00_AXI_inst/count_upto_7_reg[0]'
INFO: [Synth 8-3886] merging instance 'inst/clock_gen_v1_0_S00_AXI_inst/count_upto_8_reg[1]' (FDC_1) to 'inst/clock_gen_v1_0_S00_AXI_inst/count_upto_8_1_reg[1]'
INFO: [Synth 8-3886] merging instance 'inst/clock_gen_v1_0_S00_AXI_inst/count_upto_8_1_reg[1]' (FDC_1) to 'inst/clock_gen_v1_0_S00_AXI_inst/count_upto_7_reg[1]'
INFO: [Synth 8-3886] merging instance 'inst/clock_gen_v1_0_S00_AXI_inst/count_upto_8_1_reg[2]' (FDC_1) to 'inst/clock_gen_v1_0_S00_AXI_inst/count_upto_7_reg[2]'
INFO: [Synth 8-3886] merging instance 'inst/clock_gen_v1_0_S00_AXI_inst/count_upto_8_1_reg[3]' (FDC_1) to 'inst/clock_gen_v1_0_S00_AXI_inst/count_upto_6_1_reg[2]'
INFO: [Synth 8-3886] merging instance 'inst/clock_gen_v1_0_S00_AXI_inst/count_upto_7_1_reg[0]' (FDC_1) to 'inst/clock_gen_v1_0_S00_AXI_inst/count_upto_7_reg[0]'
INFO: [Synth 8-3886] merging instance 'inst/clock_gen_v1_0_S00_AXI_inst/count_upto_7_reg[0]' (FDC_1) to 'inst/clock_gen_v1_0_S00_AXI_inst/count_upto_5_1_reg[2]'
INFO: [Synth 8-3886] merging instance 'inst/clock_gen_v1_0_S00_AXI_inst/count_upto_7_reg[1]' (FDC_1) to 'inst/clock_gen_v1_0_S00_AXI_inst/count_upto_6_1_reg[0]'
INFO: [Synth 8-3886] merging instance 'inst/clock_gen_v1_0_S00_AXI_inst/count_upto_7_1_reg[1]' (FDC_1) to 'inst/clock_gen_v1_0_S00_AXI_inst/count_upto_5_1_reg[2]'
INFO: [Synth 8-3886] merging instance 'inst/clock_gen_v1_0_S00_AXI_inst/count_upto_7_1_reg[2]' (FDC_1) to 'inst/clock_gen_v1_0_S00_AXI_inst/count_upto_5_1_reg[2]'
INFO: [Synth 8-3886] merging instance 'inst/clock_gen_v1_0_S00_AXI_inst/count_upto_7_reg[2]' (FDC_1) to 'inst/clock_gen_v1_0_S00_AXI_inst/count_upto_6_1_reg[1]'
INFO: [Synth 8-3886] merging instance 'inst/clock_gen_v1_0_S00_AXI_inst/count_upto_7_1_reg[3]' (FDC_1) to 'inst/clock_gen_v1_0_S00_AXI_inst/count_upto_5_1_reg[2]'
INFO: [Synth 8-3886] merging instance 'inst/clock_gen_v1_0_S00_AXI_inst/count_upto_7_1_reg[4]' (FDC_1) to 'inst/clock_gen_v1_0_S00_AXI_inst/count_upto_5_1_reg[2]'
INFO: [Synth 8-3886] merging instance 'inst/clock_gen_v1_0_S00_AXI_inst/count_upto_7_1_reg[5]' (FDC_1) to 'inst/clock_gen_v1_0_S00_AXI_inst/count_upto_6_1_reg[0]'
INFO: [Synth 8-3886] merging instance 'inst/clock_gen_v1_0_S00_AXI_inst/count_upto_7_1_reg[6]' (FDC_1) to 'inst/clock_gen_v1_0_S00_AXI_inst/count_upto_6_1_reg[1]'
INFO: [Synth 8-3886] merging instance 'inst/clock_gen_v1_0_S00_AXI_inst/count_upto_7_1_reg[7]' (FDC_1) to 'inst/clock_gen_v1_0_S00_AXI_inst/count_upto_6_1_reg[2]'
INFO: [Synth 8-3886] merging instance 'inst/clock_gen_v1_0_S00_AXI_inst/count_upto_7_1_reg[8]' (FDC_1) to 'inst/clock_gen_v1_0_S00_AXI_inst/count_upto_5_1_reg[6]'
INFO: [Synth 8-3886] merging instance 'inst/clock_gen_v1_0_S00_AXI_inst/count_upto_7_1_reg[9]' (FDC_1) to 'inst/clock_gen_v1_0_S00_AXI_inst/count_upto_5_1_reg[7]'
INFO: [Synth 8-3886] merging instance 'inst/clock_gen_v1_0_S00_AXI_inst/count_upto_7_1_reg[10]' (FDC_1) to 'inst/clock_gen_v1_0_S00_AXI_inst/count_upto_5_1_reg[8]'
INFO: [Synth 8-3886] merging instance 'inst/clock_gen_v1_0_S00_AXI_inst/count_upto_7_1_reg[11]' (FDC_1) to 'inst/clock_gen_v1_0_S00_AXI_inst/count_upto_5_1_reg[9]'
INFO: [Synth 8-3886] merging instance 'inst/clock_gen_v1_0_S00_AXI_inst/count_upto_7_1_reg[12]' (FDC_1) to 'inst/clock_gen_v1_0_S00_AXI_inst/count_upto_5_1_reg[10]'
INFO: [Synth 8-3886] merging instance 'inst/clock_gen_v1_0_S00_AXI_inst/count_upto_7_1_reg[13]' (FDC_1) to 'inst/clock_gen_v1_0_S00_AXI_inst/count_upto_5_1_reg[11]'
INFO: [Synth 8-3886] merging instance 'inst/clock_gen_v1_0_S00_AXI_inst/count_upto_7_1_reg[14]' (FDC_1) to 'inst/clock_gen_v1_0_S00_AXI_inst/count_upto_5_1_reg[12]'
INFO: [Synth 8-3886] merging instance 'inst/clock_gen_v1_0_S00_AXI_inst/count_upto_7_1_reg[15]' (FDC_1) to 'inst/clock_gen_v1_0_S00_AXI_inst/count_upto_5_1_reg[13]'
INFO: [Synth 8-3886] merging instance 'inst/clock_gen_v1_0_S00_AXI_inst/count_upto_7_1_reg[16]' (FDC_1) to 'inst/clock_gen_v1_0_S00_AXI_inst/count_upto_5_1_reg[14]'
INFO: [Synth 8-3886] merging instance 'inst/clock_gen_v1_0_S00_AXI_inst/count_upto_7_1_reg[17]' (FDC_1) to 'inst/clock_gen_v1_0_S00_AXI_inst/count_upto_5_1_reg[15]'
INFO: [Synth 8-3886] merging instance 'inst/clock_gen_v1_0_S00_AXI_inst/count_upto_7_1_reg[18]' (FDC_1) to 'inst/clock_gen_v1_0_S00_AXI_inst/count_upto_5_1_reg[16]'
INFO: [Synth 8-3886] merging instance 'inst/clock_gen_v1_0_S00_AXI_inst/count_upto_7_1_reg[19]' (FDC_1) to 'inst/clock_gen_v1_0_S00_AXI_inst/count_upto_5_1_reg[17]'
INFO: [Synth 8-3886] merging instance 'inst/clock_gen_v1_0_S00_AXI_inst/count_upto_7_1_reg[20]' (FDC_1) to 'inst/clock_gen_v1_0_S00_AXI_inst/count_upto_5_1_reg[18]'
INFO: [Synth 8-3886] merging instance 'inst/clock_gen_v1_0_S00_AXI_inst/count_upto_7_1_reg[21]' (FDC_1) to 'inst/clock_gen_v1_0_S00_AXI_inst/count_upto_5_1_reg[19]'
INFO: [Synth 8-3886] merging instance 'inst/clock_gen_v1_0_S00_AXI_inst/count_upto_7_1_reg[22]' (FDC_1) to 'inst/clock_gen_v1_0_S00_AXI_inst/count_upto_5_1_reg[20]'
INFO: [Synth 8-3886] merging instance 'inst/clock_gen_v1_0_S00_AXI_inst/count_upto_7_1_reg[23]' (FDC_1) to 'inst/clock_gen_v1_0_S00_AXI_inst/count_upto_5_1_reg[21]'
INFO: [Synth 8-3886] merging instance 'inst/clock_gen_v1_0_S00_AXI_inst/count_upto_7_1_reg[24]' (FDC_1) to 'inst/clock_gen_v1_0_S00_AXI_inst/count_upto_5_1_reg[22]'
INFO: [Synth 8-3886] merging instance 'inst/clock_gen_v1_0_S00_AXI_inst/count_upto_7_1_reg[25]' (FDC_1) to 'inst/clock_gen_v1_0_S00_AXI_inst/count_upto_5_1_reg[23]'
INFO: [Synth 8-3886] merging instance 'inst/clock_gen_v1_0_S00_AXI_inst/count_upto_7_1_reg[26]' (FDC_1) to 'inst/clock_gen_v1_0_S00_AXI_inst/count_upto_5_1_reg[24]'
INFO: [Synth 8-3886] merging instance 'inst/clock_gen_v1_0_S00_AXI_inst/count_upto_7_1_reg[27]' (FDC_1) to 'inst/clock_gen_v1_0_S00_AXI_inst/count_upto_5_1_reg[25]'
INFO: [Synth 8-3886] merging instance 'inst/clock_gen_v1_0_S00_AXI_inst/count_upto_7_1_reg[28]' (FDC_1) to 'inst/clock_gen_v1_0_S00_AXI_inst/count_upto_5_1_reg[26]'
INFO: [Synth 8-3886] merging instance 'inst/clock_gen_v1_0_S00_AXI_inst/count_upto_7_1_reg[29]' (FDC_1) to 'inst/clock_gen_v1_0_S00_AXI_inst/count_upto_5_1_reg[27]'
INFO: [Synth 8-3886] merging instance 'inst/clock_gen_v1_0_S00_AXI_inst/count_upto_7_1_reg[30]' (FDC_1) to 'inst/clock_gen_v1_0_S00_AXI_inst/count_upto_5_1_reg[28]'
INFO: [Synth 8-3886] merging instance 'inst/clock_gen_v1_0_S00_AXI_inst/count_upto_7_1_reg[31]' (FDC_1) to 'inst/clock_gen_v1_0_S00_AXI_inst/count_upto_5_1_reg[29]'
INFO: [Synth 8-3886] merging instance 'inst/clock_gen_v1_0_S00_AXI_inst/count_upto_6_1_reg[0]' (FDC_1) to 'inst/clock_gen_v1_0_S00_AXI_inst/count_upto_4_1_reg[0]'
INFO: [Synth 8-3886] merging instance 'inst/clock_gen_v1_0_S00_AXI_inst/count_upto_6_1_reg[1]' (FDC_1) to 'inst/clock_gen_v1_0_S00_AXI_inst/count_upto_4_1_reg[1]'
INFO: [Synth 8-3886] merging instance 'inst/clock_gen_v1_0_S00_AXI_inst/count_upto_6_1_reg[2]' (FDC_1) to 'inst/clock_gen_v1_0_S00_AXI_inst/count_upto_all_reg[4]'
INFO: [Synth 8-3886] merging instance 'inst/clock_gen_v1_0_S00_AXI_inst/count_upto_5_1_reg[0]' (FDC_1) to 'inst/clock_gen_v1_0_S00_AXI_inst/count_upto_5_1_reg[2]'
INFO: [Synth 8-3886] merging instance 'inst/clock_gen_v1_0_S00_AXI_inst/count_upto_5_1_reg[1]' (FDC_1) to 'inst/clock_gen_v1_0_S00_AXI_inst/count_upto_5_1_reg[2]'
INFO: [Synth 8-3886] merging instance 'inst/clock_gen_v1_0_S00_AXI_inst/count_upto_5_1_reg[2]' (FDC_1) to 'inst/clock_gen_v1_0_S00_AXI_inst/count_upto_all_reg[1]'
INFO: [Synth 8-3886] merging instance 'inst/clock_gen_v1_0_S00_AXI_inst/count_upto_5_1_reg[3]' (FDC_1) to 'inst/clock_gen_v1_0_S00_AXI_inst/count_upto_4_1_reg[0]'
INFO: [Synth 8-3886] merging instance 'inst/clock_gen_v1_0_S00_AXI_inst/count_upto_5_1_reg[4]' (FDC_1) to 'inst/clock_gen_v1_0_S00_AXI_inst/count_upto_4_1_reg[1]'
INFO: [Synth 8-3886] merging instance 'inst/clock_gen_v1_0_S00_AXI_inst/count_upto_5_1_reg[5]' (FDC_1) to 'inst/clock_gen_v1_0_S00_AXI_inst/count_upto_all_reg[4]'
INFO: [Synth 8-3886] merging instance 'inst/clock_gen_v1_0_S00_AXI_inst/count_upto_5_1_reg[6]' (FDC_1) to 'inst/clock_gen_v1_0_S00_AXI_inst/led_reg[3]'
INFO: [Synth 8-3886] merging instance 'inst/clock_gen_v1_0_S00_AXI_inst/count_upto_5_1_reg[7]' (FDC_1) to 'inst/clock_gen_v1_0_S00_AXI_inst/led_reg[4]'
INFO: [Synth 8-3886] merging instance 'inst/clock_gen_v1_0_S00_AXI_inst/count_upto_5_1_reg[8]' (FDC_1) to 'inst/clock_gen_v1_0_S00_AXI_inst/led_reg[5]'
INFO: [Synth 8-3886] merging instance 'inst/clock_gen_v1_0_S00_AXI_inst/count_upto_5_1_reg[9]' (FDC_1) to 'inst/clock_gen_v1_0_S00_AXI_inst/led_reg[6]'
INFO: [Synth 8-3886] merging instance 'inst/clock_gen_v1_0_S00_AXI_inst/count_upto_5_1_reg[10]' (FDC_1) to 'inst/clock_gen_v1_0_S00_AXI_inst/led_reg[7]'
INFO: [Synth 8-3886] merging instance 'inst/clock_gen_v1_0_S00_AXI_inst/count_upto_4_1_reg[0]' (FDC_1) to 'inst/clock_gen_v1_0_S00_AXI_inst/count_upto_2_1_reg[0]'
INFO: [Synth 8-3886] merging instance 'inst/clock_gen_v1_0_S00_AXI_inst/count_upto_4_1_reg[1]' (FDC_1) to 'inst/clock_gen_v1_0_S00_AXI_inst/count_upto_all_reg[3]'
INFO: [Synth 8-3886] merging instance 'inst/clock_gen_v1_0_S00_AXI_inst/count_upto_3_reg[0]' (FDC_1) to 'inst/clock_gen_v1_0_S00_AXI_inst/count_upto_all_reg[1]'
INFO: [Synth 8-3886] merging instance 'inst/clock_gen_v1_0_S00_AXI_inst/count_upto_1_1_reg[2]' (FDC_1) to 'inst/clock_gen_v1_0_S00_AXI_inst/count_upto_all_reg[1]'
INFO: [Synth 8-3886] merging instance 'inst/clock_gen_v1_0_S00_AXI_inst/count_upto_1_1_reg[3]' (FDC_1) to 'inst/clock_gen_v1_0_S00_AXI_inst/count_upto_all_reg[1]'
INFO: [Synth 8-3886] merging instance 'inst/clock_gen_v1_0_S00_AXI_inst/count_upto_1_1_reg[4]' (FDC_1) to 'inst/clock_gen_v1_0_S00_AXI_inst/count_upto_all_reg[1]'
INFO: [Synth 8-3886] merging instance 'inst/clock_gen_v1_0_S00_AXI_inst/count_upto_1_1_reg[5]' (FDC_1) to 'inst/clock_gen_v1_0_S00_AXI_inst/count_upto_all_reg[1]'
INFO: [Synth 8-3886] merging instance 'inst/clock_gen_v1_0_S00_AXI_inst/count_upto_1_1_reg[6]' (FDC_1) to 'inst/clock_gen_v1_0_S00_AXI_inst/count_upto_all_reg[1]'
INFO: [Synth 8-3886] merging instance 'inst/clock_gen_v1_0_S00_AXI_inst/count_upto_1_1_reg[7]' (FDC_1) to 'inst/clock_gen_v1_0_S00_AXI_inst/count_upto_all_reg[1]'
INFO: [Synth 8-3886] merging instance 'inst/clock_gen_v1_0_S00_AXI_inst/count_upto_1_1_reg[8]' (FDC_1) to 'inst/clock_gen_v1_0_S00_AXI_inst/count_upto_all_reg[1]'
INFO: [Synth 8-3886] merging instance 'inst/clock_gen_v1_0_S00_AXI_inst/count_upto_1_1_reg[9]' (FDC_1) to 'inst/clock_gen_v1_0_S00_AXI_inst/count_upto_all_reg[1]'
INFO: [Synth 8-3886] merging instance 'inst/clock_gen_v1_0_S00_AXI_inst/count_upto_1_1_reg[10]' (FDC_1) to 'inst/clock_gen_v1_0_S00_AXI_inst/count_upto_all_reg[1]'
INFO: [Synth 8-3886] merging instance 'inst/clock_gen_v1_0_S00_AXI_inst/count_upto_1_1_reg[11]' (FDC_1) to 'inst/clock_gen_v1_0_S00_AXI_inst/count_upto_all_reg[1]'
INFO: [Synth 8-3886] merging instance 'inst/clock_gen_v1_0_S00_AXI_inst/count_upto_1_1_reg[12]' (FDC_1) to 'inst/clock_gen_v1_0_S00_AXI_inst/count_upto_all_reg[1]'
INFO: [Synth 8-3886] merging instance 'inst/clock_gen_v1_0_S00_AXI_inst/count_upto_1_1_reg[13]' (FDC_1) to 'inst/clock_gen_v1_0_S00_AXI_inst/count_upto_all_reg[1]'
INFO: [Synth 8-3886] merging instance 'inst/clock_gen_v1_0_S00_AXI_inst/count_upto_1_1_reg[14]' (FDC_1) to 'inst/clock_gen_v1_0_S00_AXI_inst/count_upto_all_reg[1]'
INFO: [Synth 8-3886] merging instance 'inst/clock_gen_v1_0_S00_AXI_inst/count_upto_1_1_reg[15]' (FDC_1) to 'inst/clock_gen_v1_0_S00_AXI_inst/count_upto_all_reg[1]'
INFO: [Synth 8-3886] merging instance 'inst/clock_gen_v1_0_S00_AXI_inst/count_upto_1_1_reg[16]' (FDC_1) to 'inst/clock_gen_v1_0_S00_AXI_inst/count_upto_all_reg[1]'
INFO: [Synth 8-3886] merging instance 'inst/clock_gen_v1_0_S00_AXI_inst/count_upto_1_1_reg[17]' (FDC_1) to 'inst/clock_gen_v1_0_S00_AXI_inst/count_upto_all_reg[1]'
INFO: [Synth 8-3886] merging instance 'inst/clock_gen_v1_0_S00_AXI_inst/count_upto_1_1_reg[18]' (FDC_1) to 'inst/clock_gen_v1_0_S00_AXI_inst/count_upto_all_reg[1]'
INFO: [Synth 8-3886] merging instance 'inst/clock_gen_v1_0_S00_AXI_inst/count_upto_1_1_reg[19]' (FDC_1) to 'inst/clock_gen_v1_0_S00_AXI_inst/count_upto_all_reg[1]'
INFO: [Synth 8-3886] merging instance 'inst/clock_gen_v1_0_S00_AXI_inst/count_upto_1_1_reg[20]' (FDC_1) to 'inst/clock_gen_v1_0_S00_AXI_inst/count_upto_all_reg[1]'
INFO: [Synth 8-3886] merging instance 'inst/clock_gen_v1_0_S00_AXI_inst/count_upto_1_1_reg[21]' (FDC_1) to 'inst/clock_gen_v1_0_S00_AXI_inst/count_upto_all_reg[1]'
INFO: [Synth 8-3886] merging instance 'inst/clock_gen_v1_0_S00_AXI_inst/count_upto_1_1_reg[22]' (FDC_1) to 'inst/clock_gen_v1_0_S00_AXI_inst/count_upto_all_reg[1]'
INFO: [Synth 8-3886] merging instance 'inst/clock_gen_v1_0_S00_AXI_inst/count_upto_1_1_reg[23]' (FDC_1) to 'inst/clock_gen_v1_0_S00_AXI_inst/count_upto_all_reg[1]'
INFO: [Synth 8-3886] merging instance 'inst/clock_gen_v1_0_S00_AXI_inst/count_upto_1_1_reg[24]' (FDC_1) to 'inst/clock_gen_v1_0_S00_AXI_inst/count_upto_all_reg[1]'
INFO: [Synth 8-3886] merging instance 'inst/clock_gen_v1_0_S00_AXI_inst/count_upto_1_1_reg[25]' (FDC_1) to 'inst/clock_gen_v1_0_S00_AXI_inst/count_upto_all_reg[1]'
INFO: [Synth 8-3886] merging instance 'inst/clock_gen_v1_0_S00_AXI_inst/count_upto_1_1_reg[26]' (FDC_1) to 'inst/clock_gen_v1_0_S00_AXI_inst/count_upto_all_reg[1]'
INFO: [Synth 8-3886] merging instance 'inst/clock_gen_v1_0_S00_AXI_inst/count_upto_1_1_reg[27]' (FDC_1) to 'inst/clock_gen_v1_0_S00_AXI_inst/count_upto_all_reg[1]'
INFO: [Synth 8-3886] merging instance 'inst/clock_gen_v1_0_S00_AXI_inst/count_upto_1_1_reg[28]' (FDC_1) to 'inst/clock_gen_v1_0_S00_AXI_inst/count_upto_all_reg[1]'
INFO: [Synth 8-3886] merging instance 'inst/clock_gen_v1_0_S00_AXI_inst/count_upto_1_1_reg[29]' (FDC_1) to 'inst/clock_gen_v1_0_S00_AXI_inst/count_upto_all_reg[1]'
INFO: [Synth 8-3886] merging instance 'inst/clock_gen_v1_0_S00_AXI_inst/count_upto_1_1_reg[30]' (FDC_1) to 'inst/clock_gen_v1_0_S00_AXI_inst/count_upto_all_reg[1]'
INFO: [Synth 8-3886] merging instance 'inst/clock_gen_v1_0_S00_AXI_inst/count_upto_1_1_reg[31]' (FDC_1) to 'inst/clock_gen_v1_0_S00_AXI_inst/count_upto_all_reg[1]'
INFO: [Synth 8-3886] merging instance 'inst/clock_gen_v1_0_S00_AXI_inst/count_upto_2_1_reg[0]' (FDC_1) to 'inst/clock_gen_v1_0_S00_AXI_inst/count_upto_all_reg[2]'
INFO: [Synth 8-3333] propagating constant 0 across sequential element (\inst/clock_gen_v1_0_S00_AXI_inst /\count_upto_all_reg[1] )
INFO: [Synth 8-3886] merging instance 'inst/clock_gen_v1_0_S00_AXI_inst/count_upto_all_reg[2]' (FDC_1) to 'inst/clock_gen_v1_0_S00_AXI_inst/led_reg[0]'
INFO: [Synth 8-3886] merging instance 'inst/clock_gen_v1_0_S00_AXI_inst/count_upto_all_reg[3]' (FDC_1) to 'inst/clock_gen_v1_0_S00_AXI_inst/led_reg[1]'
INFO: [Synth 8-3886] merging instance 'inst/clock_gen_v1_0_S00_AXI_inst/count_upto_all_reg[4]' (FDC_1) to 'inst/clock_gen_v1_0_S00_AXI_inst/led_reg[2]'
INFO: [Synth 8-3333] propagating constant 0 across sequential element (\inst/clock_gen_v1_0_S00_AXI_inst /\count_all_half_reg[0] )
INFO: [Synth 8-3886] merging instance 'inst/clock_gen_v1_0_S00_AXI_inst/axi_rresp_reg[0]' (FDRE) to 'inst/clock_gen_v1_0_S00_AXI_inst/axi_rresp_reg[1]'
INFO: [Synth 8-3333] propagating constant 0 across sequential element (\inst/clock_gen_v1_0_S00_AXI_inst /\axi_rresp_reg[1] )
INFO: [Synth 8-3886] merging instance 'inst/clock_gen_v1_0_S00_AXI_inst/axi_bresp_reg[0]' (FDRE) to 'inst/clock_gen_v1_0_S00_AXI_inst/axi_bresp_reg[1]'
INFO: [Synth 8-3333] propagating constant 0 across sequential element (\inst/clock_gen_v1_0_S00_AXI_inst /\axi_bresp_reg[1] )
WARNING: [Synth 8-3332] Sequential element (count_all_half_reg[0]) is unused and will be removed from module clock_gen_v1_0_S00_AXI.
WARNING: [Synth 8-3332] Sequential element (axi_bresp_reg[1]) is unused and will be removed from module clock_gen_v1_0_S00_AXI.
WARNING: [Synth 8-3332] Sequential element (axi_awaddr_reg[1]) is unused and will be removed from module clock_gen_v1_0_S00_AXI.
WARNING: [Synth 8-3332] Sequential element (axi_awaddr_reg[0]) is unused and will be removed from module clock_gen_v1_0_S00_AXI.
WARNING: [Synth 8-3332] Sequential element (axi_araddr_reg[1]) is unused and will be removed from module clock_gen_v1_0_S00_AXI.
WARNING: [Synth 8-3332] Sequential element (axi_araddr_reg[0]) is unused and will be removed from module clock_gen_v1_0_S00_AXI.
WARNING: [Synth 8-3332] Sequential element (axi_rresp_reg[1]) is unused and will be removed from module clock_gen_v1_0_S00_AXI.
WARNING: [Synth 8-3332] Sequential element (count_upto_all_reg[1]) is unused and will be removed from module clock_gen_v1_0_S00_AXI.
INFO: [Synth 8-3333] propagating constant 0 across sequential element (\inst/clock_gen_v1_0_S00_AXI_inst /\count_upto_all_reg[0] )
WARNING: [Synth 8-3332] Sequential element (count_upto_all_reg[0]) is unused and will be removed from module clock_gen_v1_0_S00_AXI.
---------------------------------------------------------------------------------
Finished Cross Boundary and Area Optimization : Time (s): cpu = 00:00:37 ; elapsed = 00:00:38 . Memory (MB): peak = 862.984 ; gain = 530.488
---------------------------------------------------------------------------------

Report RTL Partitions: 
+-+--------------+------------+----------+
| |RTL Partition |Replication |Instances |
+-+--------------+------------+----------+
+-+--------------+------------+----------+
---------------------------------------------------------------------------------
Start Applying XDC Timing Constraints
---------------------------------------------------------------------------------
---------------------------------------------------------------------------------
Finished Applying XDC Timing Constraints : Time (s): cpu = 00:00:52 ; elapsed = 00:00:53 . Memory (MB): peak = 893.750 ; gain = 561.254
---------------------------------------------------------------------------------
---------------------------------------------------------------------------------
Start Timing Optimization
---------------------------------------------------------------------------------
---------------------------------------------------------------------------------
Finished Timing Optimization : Time (s): cpu = 00:00:52 ; elapsed = 00:00:53 . Memory (MB): peak = 896.703 ; gain = 564.207
---------------------------------------------------------------------------------

Report RTL Partitions: 
+-+--------------+------------+----------+
| |RTL Partition |Replication |Instances |
+-+--------------+------------+----------+
+-+--------------+------------+----------+
---------------------------------------------------------------------------------
Start Technology Mapping
---------------------------------------------------------------------------------
INFO: [Synth 8-3886] merging instance 'inst/clock_gen_v1_0_S00_AXI_inst/count_upto_3_reg[1]' (FDC_1) to 'inst/clock_gen_v1_0_S00_AXI_inst/count_upto_9_1_reg[1]'
INFO: [Synth 8-3886] merging instance 'inst/clock_gen_v1_0_S00_AXI_inst/count_upto_2_reg[0]' (FDC_1) to 'inst/clock_gen_v1_0_S00_AXI_inst/count_upto_9_1_reg[1]'
INFO: [Common 17-14] Message 'Synth 8-3886' appears 100 times and further instances of the messages will be disabled. Use the Tcl command set_msg_config to change the current settings.
---------------------------------------------------------------------------------
Finished Technology Mapping : Time (s): cpu = 00:00:53 ; elapsed = 00:00:54 . Memory (MB): peak = 926.637 ; gain = 594.141
---------------------------------------------------------------------------------

Report RTL Partitions: 
+-+--------------+------------+----------+
| |RTL Partition |Replication |Instances |
+-+--------------+------------+----------+
+-+--------------+------------+----------+
---------------------------------------------------------------------------------
Start IO Insertion
---------------------------------------------------------------------------------
---------------------------------------------------------------------------------
Start Flattening Before IO Insertion
---------------------------------------------------------------------------------
---------------------------------------------------------------------------------
Finished Flattening Before IO Insertion
---------------------------------------------------------------------------------
---------------------------------------------------------------------------------
Start Final Netlist Cleanup
---------------------------------------------------------------------------------
---------------------------------------------------------------------------------
Finished Final Netlist Cleanup
---------------------------------------------------------------------------------
---------------------------------------------------------------------------------
Finished IO Insertion : Time (s): cpu = 00:00:54 ; elapsed = 00:00:55 . Memory (MB): peak = 926.637 ; gain = 594.141
---------------------------------------------------------------------------------

Report Check Netlist: 
+------+------------------+-------+---------+-------+------------------+
|      |Item              |Errors |Warnings |Status |Description       |
+------+------------------+-------+---------+-------+------------------+
|1     |multi_driven_nets |      0|        0|Passed |Multi driven nets |
+------+------------------+-------+---------+-------+------------------+
---------------------------------------------------------------------------------
Start Renaming Generated Instances
---------------------------------------------------------------------------------
---------------------------------------------------------------------------------
Finished Renaming Generated Instances : Time (s): cpu = 00:00:54 ; elapsed = 00:00:55 . Memory (MB): peak = 926.637 ; gain = 594.141
---------------------------------------------------------------------------------

Report RTL Partitions: 
+-+--------------+------------+----------+
| |RTL Partition |Replication |Instances |
+-+--------------+------------+----------+
+-+--------------+------------+----------+
---------------------------------------------------------------------------------
Start Rebuilding User Hierarchy
---------------------------------------------------------------------------------
---------------------------------------------------------------------------------
Finished Rebuilding User Hierarchy : Time (s): cpu = 00:00:54 ; elapsed = 00:00:56 . Memory (MB): peak = 926.637 ; gain = 594.141
---------------------------------------------------------------------------------
---------------------------------------------------------------------------------
Start Renaming Generated Ports
---------------------------------------------------------------------------------
---------------------------------------------------------------------------------
Finished Renaming Generated Ports : Time (s): cpu = 00:00:54 ; elapsed = 00:00:56 . Memory (MB): peak = 926.637 ; gain = 594.141
---------------------------------------------------------------------------------
---------------------------------------------------------------------------------
Start Handling Custom Attributes
---------------------------------------------------------------------------------
---------------------------------------------------------------------------------
Finished Handling Custom Attributes : Time (s): cpu = 00:00:54 ; elapsed = 00:00:56 . Memory (MB): peak = 926.637 ; gain = 594.141
---------------------------------------------------------------------------------
---------------------------------------------------------------------------------
Start Renaming Generated Nets
---------------------------------------------------------------------------------
---------------------------------------------------------------------------------
Finished Renaming Generated Nets : Time (s): cpu = 00:00:54 ; elapsed = 00:00:56 . Memory (MB): peak = 926.637 ; gain = 594.141
---------------------------------------------------------------------------------
---------------------------------------------------------------------------------
Start Writing Synthesis Report
---------------------------------------------------------------------------------

Report BlackBoxes: 
+-+--------------+----------+
| |BlackBox name |Instances |
+-+--------------+----------+
+-+--------------+----------+

Report Cell Usage: 
+------+-------+------+
|      |Cell   |Count |
+------+-------+------+
|1     |CARRY4 |   385|
|2     |LUT1   |   107|
|3     |LUT2   |   637|
|4     |LUT3   |   452|
|5     |LUT4   |   994|
|6     |LUT5   |    45|
|7     |LUT6   |   115|
|8     |FDCE   |   728|
|9     |FDPE   |    10|
|10    |FDRE   |   209|
|11    |FDSE   |     1|
+------+-------+------+

Report Instance Areas: 
+------+--------------------------------+-----------------------+------+
|      |Instance                        |Module                 |Cells |
+------+--------------------------------+-----------------------+------+
|1     |top                             |                       |  3683|
|2     |  inst                          |clk_gen_v3             |  3682|
|3     |    clock_gen_v1_0_S00_AXI_inst |clock_gen_v1_0_S00_AXI |  3677|
+------+--------------------------------+-----------------------+------+
---------------------------------------------------------------------------------
Finished Writing Synthesis Report : Time (s): cpu = 00:00:54 ; elapsed = 00:00:56 . Memory (MB): peak = 926.637 ; gain = 594.141
---------------------------------------------------------------------------------
Synthesis finished with 0 errors, 0 critical warnings and 48 warnings.
Synthesis Optimization Runtime : Time (s): cpu = 00:00:35 ; elapsed = 00:00:45 . Memory (MB): peak = 926.637 ; gain = 216.707
Synthesis Optimization Complete : Time (s): cpu = 00:00:55 ; elapsed = 00:00:56 . Memory (MB): peak = 926.637 ; gain = 594.141
INFO: [Project 1-571] Translating synthesized netlist
INFO: [Netlist 29-17] Analyzing 385 Unisim elements for replacement
INFO: [Netlist 29-28] Unisim Transformation completed in 0 CPU seconds
WARNING: [Netlist 29-101] Netlist 'design_1_clk_gen_0_0' is not ideal for floorplanning, since the cellview 'clock_gen_v1_0_S00_AXI' contains a large number of primitives.  Please consider enabling hierarchy in synthesis if you want to do floorplanning.
INFO: [Project 1-570] Preparing netlist for logic optimization
INFO: [Opt 31-138] Pushed 0 inverter(s) to 0 load pin(s).
INFO: [Project 1-111] Unisim Transformation Summary:
No Unisim elements were transformed.

INFO: [Common 17-83] Releasing license: Synthesis
131 Infos, 61 Warnings, 0 Critical Warnings and 0 Errors encountered.
synth_design completed successfully
synth_design: Time (s): cpu = 00:00:58 ; elapsed = 00:01:00 . Memory (MB): peak = 926.637 ; gain = 605.613
INFO: [Common 17-1381] The checkpoint 'D:/AlienWare/Course/ECE532/MileStone2/MicroBlazeServer_UDP/MicroBlazeServer.runs/design_1_clk_gen_0_0_synth_1/design_1_clk_gen_0_0.dcp' has been generated.
