
*** Running vivado
    with args -log design_1_clk_gen_0_0.vds -m64 -product Vivado -mode batch -messageDb vivado.pb -notrace -source design_1_clk_gen_0_0.tcl


****** Vivado v2017.4 (64-bit)
  **** SW Build 2086221 on Fri Dec 15 20:55:39 MST 2017
  **** IP Build 2085800 on Fri Dec 15 22:25:07 MST 2017
    ** Copyright 1986-2017 Xilinx, Inc. All Rights Reserved.

source design_1_clk_gen_0_0.tcl -notrace
Command: synth_design -top design_1_clk_gen_0_0 -part xc7a200tsbg484-1 -mode out_of_context
Starting synth_design
Attempting to get a license for feature 'Synthesis' and/or device 'xc7a200t'
INFO: [Common 17-349] Got license for feature 'Synthesis' and/or device 'xc7a200t'
INFO: Launching helper process for spawning children vivado processes
INFO: Helper process launched with PID 17280 
---------------------------------------------------------------------------------
Starting RTL Elaboration : Time (s): cpu = 00:00:06 ; elapsed = 00:00:05 . Memory (MB): peak = 433.672 ; gain = 101.465
---------------------------------------------------------------------------------
INFO: [Synth 8-638] synthesizing module 'design_1_clk_gen_0_0' [d:/AlienWare/Course/ECE532/Milestone4/right/MicroBlazeServer_UDP/MicroBlazeServer.srcs/sources_1/bd/design_1/ip/design_1_clk_gen_0_0/synth/design_1_clk_gen_0_0.v:57]
INFO: [Synth 8-638] synthesizing module 'clk_gen_v3' [d:/AlienWare/Course/ECE532/Milestone4/right/MicroBlazeServer_UDP/MicroBlazeServer.srcs/sources_1/bd/design_1/ipshared/6885/hdl/clk_gen_v3.v:4]
	Parameter C_S00_AXI_DATA_WIDTH bound to: 32 - type: integer 
	Parameter C_S00_AXI_ADDR_WIDTH bound to: 4 - type: integer 
INFO: [Synth 8-638] synthesizing module 'clock_gen_v1_0_S00_AXI' [d:/AlienWare/Course/ECE532/Milestone4/right/MicroBlazeServer_UDP/MicroBlazeServer.srcs/sources_1/bd/design_1/ipshared/6885/hdl/clk_gen_v3_S00_AXI.v:4]
	Parameter C_S_AXI_DATA_WIDTH bound to: 32 - type: integer 
	Parameter C_S_AXI_ADDR_WIDTH bound to: 4 - type: integer 
	Parameter ADDR_LSB bound to: 2 - type: integer 
	Parameter OPT_MEM_ADDR_BITS bound to: 1 - type: integer 
INFO: [Synth 8-226] default block is never used [d:/AlienWare/Course/ECE532/Milestone4/right/MicroBlazeServer_UDP/MicroBlazeServer.srcs/sources_1/bd/design_1/ipshared/6885/hdl/clk_gen_v3_S00_AXI.v:253]
INFO: [Synth 8-226] default block is never used [d:/AlienWare/Course/ECE532/Milestone4/right/MicroBlazeServer_UDP/MicroBlazeServer.srcs/sources_1/bd/design_1/ipshared/6885/hdl/clk_gen_v3_S00_AXI.v:394]
WARNING: [Synth 8-3848] Net in_sample in module/entity clock_gen_v1_0_S00_AXI does not have driver. [d:/AlienWare/Course/ECE532/Milestone4/right/MicroBlazeServer_UDP/MicroBlazeServer.srcs/sources_1/bd/design_1/ipshared/6885/hdl/clk_gen_v3_S00_AXI.v:38]
WARNING: [Synth 8-3848] Net sample_tr in module/entity clock_gen_v1_0_S00_AXI does not have driver. [d:/AlienWare/Course/ECE532/Milestone4/right/MicroBlazeServer_UDP/MicroBlazeServer.srcs/sources_1/bd/design_1/ipshared/6885/hdl/clk_gen_v3_S00_AXI.v:39]
INFO: [Synth 8-256] done synthesizing module 'clock_gen_v1_0_S00_AXI' (1#1) [d:/AlienWare/Course/ECE532/Milestone4/right/MicroBlazeServer_UDP/MicroBlazeServer.srcs/sources_1/bd/design_1/ipshared/6885/hdl/clk_gen_v3_S00_AXI.v:4]
INFO: [Synth 8-256] done synthesizing module 'clk_gen_v3' (2#1) [d:/AlienWare/Course/ECE532/Milestone4/right/MicroBlazeServer_UDP/MicroBlazeServer.srcs/sources_1/bd/design_1/ipshared/6885/hdl/clk_gen_v3.v:4]
INFO: [Synth 8-256] done synthesizing module 'design_1_clk_gen_0_0' (3#1) [d:/AlienWare/Course/ECE532/Milestone4/right/MicroBlazeServer_UDP/MicroBlazeServer.srcs/sources_1/bd/design_1/ip/design_1_clk_gen_0_0/synth/design_1_clk_gen_0_0.v:57]
WARNING: [Synth 8-3331] design clock_gen_v1_0_S00_AXI has unconnected port in_sample
WARNING: [Synth 8-3331] design clock_gen_v1_0_S00_AXI has unconnected port sample_tr
WARNING: [Synth 8-3331] design clock_gen_v1_0_S00_AXI has unconnected port S_AXI_AWPROT[2]
WARNING: [Synth 8-3331] design clock_gen_v1_0_S00_AXI has unconnected port S_AXI_AWPROT[1]
WARNING: [Synth 8-3331] design clock_gen_v1_0_S00_AXI has unconnected port S_AXI_AWPROT[0]
WARNING: [Synth 8-3331] design clock_gen_v1_0_S00_AXI has unconnected port S_AXI_ARPROT[2]
WARNING: [Synth 8-3331] design clock_gen_v1_0_S00_AXI has unconnected port S_AXI_ARPROT[1]
WARNING: [Synth 8-3331] design clock_gen_v1_0_S00_AXI has unconnected port S_AXI_ARPROT[0]
---------------------------------------------------------------------------------
Finished RTL Elaboration : Time (s): cpu = 00:00:07 ; elapsed = 00:00:06 . Memory (MB): peak = 486.254 ; gain = 154.047
---------------------------------------------------------------------------------

Report Check Netlist: 
+------+------------------+-------+---------+-------+------------------+
|      |Item              |Errors |Warnings |Status |Description       |
+------+------------------+-------+---------+-------+------------------+
|1     |multi_driven_nets |      0|        0|Passed |Multi driven nets |
+------+------------------+-------+---------+-------+------------------+
---------------------------------------------------------------------------------
Finished RTL Optimization Phase 1 : Time (s): cpu = 00:00:07 ; elapsed = 00:00:07 . Memory (MB): peak = 486.254 ; gain = 154.047
---------------------------------------------------------------------------------
INFO: [Device 21-403] Loading part xc7a200tsbg484-1
INFO: [Project 1-570] Preparing netlist for logic optimization

Processing XDC Constraints
Initializing timing engine
Completed Processing XDC Constraints

INFO: [Project 1-111] Unisim Transformation Summary:
No Unisim elements were transformed.

Constraint Validation Runtime : Time (s): cpu = 00:00:00 ; elapsed = 00:00:00.036 . Memory (MB): peak = 862.195 ; gain = 0.000
---------------------------------------------------------------------------------
Finished Constraint Validation : Time (s): cpu = 00:00:19 ; elapsed = 00:00:19 . Memory (MB): peak = 862.195 ; gain = 529.988
---------------------------------------------------------------------------------
---------------------------------------------------------------------------------
Start Loading Part and Timing Information
---------------------------------------------------------------------------------
Loading part: xc7a200tsbg484-1
---------------------------------------------------------------------------------
Finished Loading Part and Timing Information : Time (s): cpu = 00:00:19 ; elapsed = 00:00:19 . Memory (MB): peak = 862.195 ; gain = 529.988
---------------------------------------------------------------------------------
---------------------------------------------------------------------------------
Start Applying 'set_property' XDC Constraints
---------------------------------------------------------------------------------
---------------------------------------------------------------------------------
Finished applying 'set_property' XDC Constraints : Time (s): cpu = 00:00:19 ; elapsed = 00:00:19 . Memory (MB): peak = 862.195 ; gain = 529.988
---------------------------------------------------------------------------------
WARNING: [Synth 8-6014] Unused sequential element counter_1_ns_reg was removed.  [d:/AlienWare/Course/ECE532/Milestone4/right/MicroBlazeServer_UDP/MicroBlazeServer.srcs/sources_1/bd/design_1/ipshared/6885/hdl/clk_gen_v3_S00_AXI.v:631]
WARNING: [Synth 8-6014] Unused sequential element counter_buffer_10_reg was removed.  [d:/AlienWare/Course/ECE532/Milestone4/right/MicroBlazeServer_UDP/MicroBlazeServer.srcs/sources_1/bd/design_1/ipshared/6885/hdl/clk_gen_v3_S00_AXI.v:851]
WARNING: [Synth 8-327] inferring latch for variable 'count_all_half_reg' [d:/AlienWare/Course/ECE532/Milestone4/right/MicroBlazeServer_UDP/MicroBlazeServer.srcs/sources_1/bd/design_1/ipshared/6885/hdl/clk_gen_v3_S00_AXI.v:542]
---------------------------------------------------------------------------------
Finished RTL Optimization Phase 2 : Time (s): cpu = 00:00:19 ; elapsed = 00:00:20 . Memory (MB): peak = 862.195 ; gain = 529.988
---------------------------------------------------------------------------------

Report RTL Partitions: 
+-+--------------+------------+----------+
| |RTL Partition |Replication |Instances |
+-+--------------+------------+----------+
+-+--------------+------------+----------+
---------------------------------------------------------------------------------
Start RTL Component Statistics 
---------------------------------------------------------------------------------
Detailed RTL Component Info : 
+---Adders : 
	   2 Input     32 Bit       Adders := 17    
	   3 Input     32 Bit       Adders := 8     
+---Registers : 
	               32 Bit    Registers := 15    
	                4 Bit    Registers := 2     
	                2 Bit    Registers := 2     
	                1 Bit    Registers := 30    
+---Multipliers : 
	                 7x32  Multipliers := 2     
	                 4x32  Multipliers := 2     
	                 3x32  Multipliers := 3     
	                 2x32  Multipliers := 1     
	                 5x32  Multipliers := 2     
	                 6x32  Multipliers := 3     
+---Muxes : 
	   2 Input     32 Bit        Muxes := 18    
	   4 Input     32 Bit        Muxes := 5     
	   2 Input     12 Bit        Muxes := 1     
	   2 Input      8 Bit        Muxes := 1     
	   2 Input      1 Bit        Muxes := 6     
---------------------------------------------------------------------------------
Finished RTL Component Statistics 
---------------------------------------------------------------------------------
---------------------------------------------------------------------------------
Start RTL Hierarchical Component Statistics 
---------------------------------------------------------------------------------
Hierarchical RTL Component report 
Module clock_gen_v1_0_S00_AXI 
Detailed RTL Component Info : 
+---Adders : 
	   2 Input     32 Bit       Adders := 17    
	   3 Input     32 Bit       Adders := 8     
+---Registers : 
	               32 Bit    Registers := 15    
	                4 Bit    Registers := 2     
	                2 Bit    Registers := 2     
	                1 Bit    Registers := 30    
+---Multipliers : 
	                 7x32  Multipliers := 2     
	                 4x32  Multipliers := 2     
	                 3x32  Multipliers := 3     
	                 2x32  Multipliers := 1     
	                 5x32  Multipliers := 2     
	                 6x32  Multipliers := 3     
+---Muxes : 
	   2 Input     32 Bit        Muxes := 18    
	   4 Input     32 Bit        Muxes := 5     
	   2 Input     12 Bit        Muxes := 1     
	   2 Input      8 Bit        Muxes := 1     
	   2 Input      1 Bit        Muxes := 6     
---------------------------------------------------------------------------------
Finished RTL Hierarchical Component Statistics
---------------------------------------------------------------------------------
---------------------------------------------------------------------------------
Start Part Resource Summary
---------------------------------------------------------------------------------
Part Resources:
DSPs: 740 (col length:100)
BRAMs: 730 (col length: RAMB18 100 RAMB36 50)
---------------------------------------------------------------------------------
Finished Part Resource Summary
---------------------------------------------------------------------------------
---------------------------------------------------------------------------------
Start Cross Boundary and Area Optimization
---------------------------------------------------------------------------------
WARNING: [Synth 8-6014] Unused sequential element counter_1_ns_reg was removed.  [d:/AlienWare/Course/ECE532/Milestone4/right/MicroBlazeServer_UDP/MicroBlazeServer.srcs/sources_1/bd/design_1/ipshared/6885/hdl/clk_gen_v3_S00_AXI.v:631]
WARNING: [Synth 8-6014] Unused sequential element counter_buffer_10_reg was removed.  [d:/AlienWare/Course/ECE532/Milestone4/right/MicroBlazeServer_UDP/MicroBlazeServer.srcs/sources_1/bd/design_1/ipshared/6885/hdl/clk_gen_v3_S00_AXI.v:851]
WARNING: [Synth 8-3331] design clock_gen_v1_0_S00_AXI has unconnected port in_sample
WARNING: [Synth 8-3331] design clock_gen_v1_0_S00_AXI has unconnected port sample_tr
WARNING: [Synth 8-3331] design clock_gen_v1_0_S00_AXI has unconnected port S_AXI_AWPROT[2]
WARNING: [Synth 8-3331] design clock_gen_v1_0_S00_AXI has unconnected port S_AXI_AWPROT[1]
WARNING: [Synth 8-3331] design clock_gen_v1_0_S00_AXI has unconnected port S_AXI_AWPROT[0]
WARNING: [Synth 8-3331] design clock_gen_v1_0_S00_AXI has unconnected port S_AXI_ARPROT[2]
WARNING: [Synth 8-3331] design clock_gen_v1_0_S00_AXI has unconnected port S_AXI_ARPROT[1]
WARNING: [Synth 8-3331] design clock_gen_v1_0_S00_AXI has unconnected port S_AXI_ARPROT[0]
WARNING: [Synth 8-3331] design design_1_clk_gen_0_0 has unconnected port in_sample
WARNING: [Synth 8-3331] design design_1_clk_gen_0_0 has unconnected port sample_tr
INFO: [Synth 8-3333] propagating constant 0 across sequential element (\inst/clock_gen_v1_0_S00_AXI_inst /null_reg)
INFO: [Synth 8-3333] propagating constant 1 across sequential element (\inst/clock_gen_v1_0_S00_AXI_inst /enable_reg)
INFO: [Synth 8-3333] propagating constant 0 across sequential element (\inst/clock_gen_v1_0_S00_AXI_inst /\count_all_half_reg[0] )
INFO: [Synth 8-3886] merging instance 'inst/clock_gen_v1_0_S00_AXI_inst/count_all_half_reg[19]' (LD) to 'inst/clock_gen_v1_0_S00_AXI_inst/count_all_half_reg[20]'
INFO: [Synth 8-3886] merging instance 'inst/clock_gen_v1_0_S00_AXI_inst/count_all_half_reg[20]' (LD) to 'inst/clock_gen_v1_0_S00_AXI_inst/count_all_half_reg[21]'
INFO: [Synth 8-3886] merging instance 'inst/clock_gen_v1_0_S00_AXI_inst/count_all_half_reg[21]' (LD) to 'inst/clock_gen_v1_0_S00_AXI_inst/count_all_half_reg[22]'
INFO: [Synth 8-3886] merging instance 'inst/clock_gen_v1_0_S00_AXI_inst/count_all_half_reg[22]' (LD) to 'inst/clock_gen_v1_0_S00_AXI_inst/count_all_half_reg[23]'
INFO: [Synth 8-3886] merging instance 'inst/clock_gen_v1_0_S00_AXI_inst/count_all_half_reg[23]' (LD) to 'inst/clock_gen_v1_0_S00_AXI_inst/count_all_half_reg[24]'
INFO: [Synth 8-3886] merging instance 'inst/clock_gen_v1_0_S00_AXI_inst/count_all_half_reg[24]' (LD) to 'inst/clock_gen_v1_0_S00_AXI_inst/count_all_half_reg[25]'
INFO: [Synth 8-3886] merging instance 'inst/clock_gen_v1_0_S00_AXI_inst/count_all_half_reg[25]' (LD) to 'inst/clock_gen_v1_0_S00_AXI_inst/count_all_half_reg[26]'
INFO: [Synth 8-3886] merging instance 'inst/clock_gen_v1_0_S00_AXI_inst/count_all_half_reg[26]' (LD) to 'inst/clock_gen_v1_0_S00_AXI_inst/count_all_half_reg[27]'
INFO: [Synth 8-3886] merging instance 'inst/clock_gen_v1_0_S00_AXI_inst/count_all_half_reg[27]' (LD) to 'inst/clock_gen_v1_0_S00_AXI_inst/count_all_half_reg[28]'
INFO: [Synth 8-3886] merging instance 'inst/clock_gen_v1_0_S00_AXI_inst/count_all_half_reg[28]' (LD) to 'inst/clock_gen_v1_0_S00_AXI_inst/count_all_half_reg[29]'
INFO: [Synth 8-3886] merging instance 'inst/clock_gen_v1_0_S00_AXI_inst/count_all_half_reg[29]' (LD) to 'inst/clock_gen_v1_0_S00_AXI_inst/count_all_half_reg[30]'
INFO: [Synth 8-3886] merging instance 'inst/clock_gen_v1_0_S00_AXI_inst/count_all_half_reg[30]' (LD) to 'inst/clock_gen_v1_0_S00_AXI_inst/count_all_half_reg[31]'
INFO: [Synth 8-3886] merging instance 'inst/clock_gen_v1_0_S00_AXI_inst/axi_rresp_reg[0]' (FDRE) to 'inst/clock_gen_v1_0_S00_AXI_inst/axi_rresp_reg[1]'
INFO: [Synth 8-3333] propagating constant 0 across sequential element (\inst/clock_gen_v1_0_S00_AXI_inst /\axi_rresp_reg[1] )
INFO: [Synth 8-3886] merging instance 'inst/clock_gen_v1_0_S00_AXI_inst/axi_bresp_reg[0]' (FDRE) to 'inst/clock_gen_v1_0_S00_AXI_inst/axi_bresp_reg[1]'
INFO: [Synth 8-3333] propagating constant 0 across sequential element (\inst/clock_gen_v1_0_S00_AXI_inst /\axi_bresp_reg[1] )
WARNING: [Synth 8-3332] Sequential element (count_all_half_reg[0]) is unused and will be removed from module clock_gen_v1_0_S00_AXI.
WARNING: [Synth 8-3332] Sequential element (axi_awaddr_reg[1]) is unused and will be removed from module clock_gen_v1_0_S00_AXI.
WARNING: [Synth 8-3332] Sequential element (axi_awaddr_reg[0]) is unused and will be removed from module clock_gen_v1_0_S00_AXI.
WARNING: [Synth 8-3332] Sequential element (enable_reg) is unused and will be removed from module clock_gen_v1_0_S00_AXI.
WARNING: [Synth 8-3332] Sequential element (null_reg) is unused and will be removed from module clock_gen_v1_0_S00_AXI.
WARNING: [Synth 8-3332] Sequential element (counter_buffer_1_reg[31]) is unused and will be removed from module clock_gen_v1_0_S00_AXI.
WARNING: [Synth 8-3332] Sequential element (counter_buffer_1_reg[30]) is unused and will be removed from module clock_gen_v1_0_S00_AXI.
WARNING: [Synth 8-3332] Sequential element (counter_buffer_1_reg[29]) is unused and will be removed from module clock_gen_v1_0_S00_AXI.
WARNING: [Synth 8-3332] Sequential element (counter_buffer_1_reg[28]) is unused and will be removed from module clock_gen_v1_0_S00_AXI.
WARNING: [Synth 8-3332] Sequential element (counter_buffer_1_reg[27]) is unused and will be removed from module clock_gen_v1_0_S00_AXI.
WARNING: [Synth 8-3332] Sequential element (counter_buffer_1_reg[26]) is unused and will be removed from module clock_gen_v1_0_S00_AXI.
WARNING: [Synth 8-3332] Sequential element (counter_buffer_1_reg[25]) is unused and will be removed from module clock_gen_v1_0_S00_AXI.
WARNING: [Synth 8-3332] Sequential element (counter_buffer_1_reg[24]) is unused and will be removed from module clock_gen_v1_0_S00_AXI.
WARNING: [Synth 8-3332] Sequential element (counter_buffer_1_reg[23]) is unused and will be removed from module clock_gen_v1_0_S00_AXI.
WARNING: [Synth 8-3332] Sequential element (counter_buffer_1_reg[22]) is unused and will be removed from module clock_gen_v1_0_S00_AXI.
WARNING: [Synth 8-3332] Sequential element (counter_buffer_1_reg[21]) is unused and will be removed from module clock_gen_v1_0_S00_AXI.
WARNING: [Synth 8-3332] Sequential element (counter_buffer_1_reg[20]) is unused and will be removed from module clock_gen_v1_0_S00_AXI.
WARNING: [Synth 8-3332] Sequential element (counter_buffer_1_reg[19]) is unused and will be removed from module clock_gen_v1_0_S00_AXI.
WARNING: [Synth 8-3332] Sequential element (counter_buffer_1_reg[18]) is unused and will be removed from module clock_gen_v1_0_S00_AXI.
WARNING: [Synth 8-3332] Sequential element (counter_buffer_1_reg[17]) is unused and will be removed from module clock_gen_v1_0_S00_AXI.
WARNING: [Synth 8-3332] Sequential element (counter_buffer_1_reg[16]) is unused and will be removed from module clock_gen_v1_0_S00_AXI.
WARNING: [Synth 8-3332] Sequential element (counter_buffer_1_reg[15]) is unused and will be removed from module clock_gen_v1_0_S00_AXI.
WARNING: [Synth 8-3332] Sequential element (counter_buffer_1_reg[14]) is unused and will be removed from module clock_gen_v1_0_S00_AXI.
WARNING: [Synth 8-3332] Sequential element (counter_buffer_1_reg[13]) is unused and will be removed from module clock_gen_v1_0_S00_AXI.
WARNING: [Synth 8-3332] Sequential element (counter_buffer_1_reg[12]) is unused and will be removed from module clock_gen_v1_0_S00_AXI.
WARNING: [Synth 8-3332] Sequential element (counter_buffer_2_reg[31]) is unused and will be removed from module clock_gen_v1_0_S00_AXI.
WARNING: [Synth 8-3332] Sequential element (counter_buffer_2_reg[30]) is unused and will be removed from module clock_gen_v1_0_S00_AXI.
WARNING: [Synth 8-3332] Sequential element (counter_buffer_2_reg[29]) is unused and will be removed from module clock_gen_v1_0_S00_AXI.
WARNING: [Synth 8-3332] Sequential element (counter_buffer_2_reg[28]) is unused and will be removed from module clock_gen_v1_0_S00_AXI.
WARNING: [Synth 8-3332] Sequential element (counter_buffer_2_reg[27]) is unused and will be removed from module clock_gen_v1_0_S00_AXI.
WARNING: [Synth 8-3332] Sequential element (counter_buffer_2_reg[26]) is unused and will be removed from module clock_gen_v1_0_S00_AXI.
WARNING: [Synth 8-3332] Sequential element (counter_buffer_2_reg[25]) is unused and will be removed from module clock_gen_v1_0_S00_AXI.
WARNING: [Synth 8-3332] Sequential element (counter_buffer_2_reg[24]) is unused and will be removed from module clock_gen_v1_0_S00_AXI.
WARNING: [Synth 8-3332] Sequential element (counter_buffer_2_reg[23]) is unused and will be removed from module clock_gen_v1_0_S00_AXI.
WARNING: [Synth 8-3332] Sequential element (counter_buffer_2_reg[22]) is unused and will be removed from module clock_gen_v1_0_S00_AXI.
WARNING: [Synth 8-3332] Sequential element (counter_buffer_2_reg[21]) is unused and will be removed from module clock_gen_v1_0_S00_AXI.
WARNING: [Synth 8-3332] Sequential element (counter_buffer_2_reg[20]) is unused and will be removed from module clock_gen_v1_0_S00_AXI.
WARNING: [Synth 8-3332] Sequential element (counter_buffer_2_reg[19]) is unused and will be removed from module clock_gen_v1_0_S00_AXI.
WARNING: [Synth 8-3332] Sequential element (counter_buffer_2_reg[18]) is unused and will be removed from module clock_gen_v1_0_S00_AXI.
WARNING: [Synth 8-3332] Sequential element (counter_buffer_2_reg[17]) is unused and will be removed from module clock_gen_v1_0_S00_AXI.
WARNING: [Synth 8-3332] Sequential element (counter_buffer_2_reg[16]) is unused and will be removed from module clock_gen_v1_0_S00_AXI.
WARNING: [Synth 8-3332] Sequential element (counter_buffer_2_reg[15]) is unused and will be removed from module clock_gen_v1_0_S00_AXI.
WARNING: [Synth 8-3332] Sequential element (counter_buffer_2_reg[14]) is unused and will be removed from module clock_gen_v1_0_S00_AXI.
WARNING: [Synth 8-3332] Sequential element (counter_buffer_2_reg[13]) is unused and will be removed from module clock_gen_v1_0_S00_AXI.
WARNING: [Synth 8-3332] Sequential element (counter_buffer_2_reg[12]) is unused and will be removed from module clock_gen_v1_0_S00_AXI.
WARNING: [Synth 8-3332] Sequential element (counter_buffer_3_reg[31]) is unused and will be removed from module clock_gen_v1_0_S00_AXI.
WARNING: [Synth 8-3332] Sequential element (counter_buffer_3_reg[30]) is unused and will be removed from module clock_gen_v1_0_S00_AXI.
WARNING: [Synth 8-3332] Sequential element (counter_buffer_3_reg[29]) is unused and will be removed from module clock_gen_v1_0_S00_AXI.
WARNING: [Synth 8-3332] Sequential element (counter_buffer_3_reg[28]) is unused and will be removed from module clock_gen_v1_0_S00_AXI.
WARNING: [Synth 8-3332] Sequential element (counter_buffer_3_reg[27]) is unused and will be removed from module clock_gen_v1_0_S00_AXI.
WARNING: [Synth 8-3332] Sequential element (counter_buffer_3_reg[26]) is unused and will be removed from module clock_gen_v1_0_S00_AXI.
WARNING: [Synth 8-3332] Sequential element (counter_buffer_3_reg[25]) is unused and will be removed from module clock_gen_v1_0_S00_AXI.
WARNING: [Synth 8-3332] Sequential element (counter_buffer_3_reg[24]) is unused and will be removed from module clock_gen_v1_0_S00_AXI.
WARNING: [Synth 8-3332] Sequential element (counter_buffer_3_reg[23]) is unused and will be removed from module clock_gen_v1_0_S00_AXI.
WARNING: [Synth 8-3332] Sequential element (counter_buffer_3_reg[22]) is unused and will be removed from module clock_gen_v1_0_S00_AXI.
WARNING: [Synth 8-3332] Sequential element (counter_buffer_3_reg[21]) is unused and will be removed from module clock_gen_v1_0_S00_AXI.
WARNING: [Synth 8-3332] Sequential element (counter_buffer_3_reg[20]) is unused and will be removed from module clock_gen_v1_0_S00_AXI.
WARNING: [Synth 8-3332] Sequential element (counter_buffer_3_reg[19]) is unused and will be removed from module clock_gen_v1_0_S00_AXI.
WARNING: [Synth 8-3332] Sequential element (counter_buffer_3_reg[18]) is unused and will be removed from module clock_gen_v1_0_S00_AXI.
WARNING: [Synth 8-3332] Sequential element (counter_buffer_3_reg[17]) is unused and will be removed from module clock_gen_v1_0_S00_AXI.
WARNING: [Synth 8-3332] Sequential element (counter_buffer_3_reg[16]) is unused and will be removed from module clock_gen_v1_0_S00_AXI.
WARNING: [Synth 8-3332] Sequential element (counter_buffer_3_reg[15]) is unused and will be removed from module clock_gen_v1_0_S00_AXI.
WARNING: [Synth 8-3332] Sequential element (counter_buffer_3_reg[14]) is unused and will be removed from module clock_gen_v1_0_S00_AXI.
WARNING: [Synth 8-3332] Sequential element (counter_buffer_3_reg[13]) is unused and will be removed from module clock_gen_v1_0_S00_AXI.
WARNING: [Synth 8-3332] Sequential element (counter_buffer_3_reg[12]) is unused and will be removed from module clock_gen_v1_0_S00_AXI.
WARNING: [Synth 8-3332] Sequential element (counter_buffer_4_reg[31]) is unused and will be removed from module clock_gen_v1_0_S00_AXI.
WARNING: [Synth 8-3332] Sequential element (counter_buffer_4_reg[30]) is unused and will be removed from module clock_gen_v1_0_S00_AXI.
WARNING: [Synth 8-3332] Sequential element (counter_buffer_4_reg[29]) is unused and will be removed from module clock_gen_v1_0_S00_AXI.
WARNING: [Synth 8-3332] Sequential element (counter_buffer_4_reg[28]) is unused and will be removed from module clock_gen_v1_0_S00_AXI.
WARNING: [Synth 8-3332] Sequential element (counter_buffer_4_reg[27]) is unused and will be removed from module clock_gen_v1_0_S00_AXI.
WARNING: [Synth 8-3332] Sequential element (counter_buffer_4_reg[26]) is unused and will be removed from module clock_gen_v1_0_S00_AXI.
WARNING: [Synth 8-3332] Sequential element (counter_buffer_4_reg[25]) is unused and will be removed from module clock_gen_v1_0_S00_AXI.
WARNING: [Synth 8-3332] Sequential element (counter_buffer_4_reg[24]) is unused and will be removed from module clock_gen_v1_0_S00_AXI.
WARNING: [Synth 8-3332] Sequential element (counter_buffer_4_reg[23]) is unused and will be removed from module clock_gen_v1_0_S00_AXI.
WARNING: [Synth 8-3332] Sequential element (counter_buffer_4_reg[22]) is unused and will be removed from module clock_gen_v1_0_S00_AXI.
WARNING: [Synth 8-3332] Sequential element (counter_buffer_4_reg[21]) is unused and will be removed from module clock_gen_v1_0_S00_AXI.
WARNING: [Synth 8-3332] Sequential element (counter_buffer_4_reg[20]) is unused and will be removed from module clock_gen_v1_0_S00_AXI.
WARNING: [Synth 8-3332] Sequential element (counter_buffer_4_reg[19]) is unused and will be removed from module clock_gen_v1_0_S00_AXI.
WARNING: [Synth 8-3332] Sequential element (counter_buffer_4_reg[18]) is unused and will be removed from module clock_gen_v1_0_S00_AXI.
WARNING: [Synth 8-3332] Sequential element (counter_buffer_4_reg[17]) is unused and will be removed from module clock_gen_v1_0_S00_AXI.
WARNING: [Synth 8-3332] Sequential element (counter_buffer_4_reg[16]) is unused and will be removed from module clock_gen_v1_0_S00_AXI.
WARNING: [Synth 8-3332] Sequential element (counter_buffer_4_reg[15]) is unused and will be removed from module clock_gen_v1_0_S00_AXI.
WARNING: [Synth 8-3332] Sequential element (counter_buffer_4_reg[14]) is unused and will be removed from module clock_gen_v1_0_S00_AXI.
WARNING: [Synth 8-3332] Sequential element (counter_buffer_4_reg[13]) is unused and will be removed from module clock_gen_v1_0_S00_AXI.
WARNING: [Synth 8-3332] Sequential element (counter_buffer_4_reg[12]) is unused and will be removed from module clock_gen_v1_0_S00_AXI.
WARNING: [Synth 8-3332] Sequential element (counter_buffer_5_reg[31]) is unused and will be removed from module clock_gen_v1_0_S00_AXI.
WARNING: [Synth 8-3332] Sequential element (counter_buffer_5_reg[30]) is unused and will be removed from module clock_gen_v1_0_S00_AXI.
WARNING: [Synth 8-3332] Sequential element (counter_buffer_5_reg[29]) is unused and will be removed from module clock_gen_v1_0_S00_AXI.
WARNING: [Synth 8-3332] Sequential element (counter_buffer_5_reg[28]) is unused and will be removed from module clock_gen_v1_0_S00_AXI.
WARNING: [Synth 8-3332] Sequential element (counter_buffer_5_reg[27]) is unused and will be removed from module clock_gen_v1_0_S00_AXI.
WARNING: [Synth 8-3332] Sequential element (counter_buffer_5_reg[26]) is unused and will be removed from module clock_gen_v1_0_S00_AXI.
WARNING: [Synth 8-3332] Sequential element (counter_buffer_5_reg[25]) is unused and will be removed from module clock_gen_v1_0_S00_AXI.
WARNING: [Synth 8-3332] Sequential element (counter_buffer_5_reg[24]) is unused and will be removed from module clock_gen_v1_0_S00_AXI.
WARNING: [Synth 8-3332] Sequential element (counter_buffer_5_reg[23]) is unused and will be removed from module clock_gen_v1_0_S00_AXI.
WARNING: [Synth 8-3332] Sequential element (counter_buffer_5_reg[22]) is unused and will be removed from module clock_gen_v1_0_S00_AXI.
WARNING: [Synth 8-3332] Sequential element (counter_buffer_5_reg[21]) is unused and will be removed from module clock_gen_v1_0_S00_AXI.
WARNING: [Synth 8-3332] Sequential element (counter_buffer_5_reg[20]) is unused and will be removed from module clock_gen_v1_0_S00_AXI.
WARNING: [Synth 8-3332] Sequential element (counter_buffer_5_reg[19]) is unused and will be removed from module clock_gen_v1_0_S00_AXI.
WARNING: [Synth 8-3332] Sequential element (counter_buffer_5_reg[18]) is unused and will be removed from module clock_gen_v1_0_S00_AXI.
WARNING: [Synth 8-3332] Sequential element (counter_buffer_5_reg[17]) is unused and will be removed from module clock_gen_v1_0_S00_AXI.
INFO: [Common 17-14] Message 'Synth 8-3332' appears 100 times and further instances of the messages will be disabled. Use the Tcl command set_msg_config to change the current settings.
---------------------------------------------------------------------------------
Finished Cross Boundary and Area Optimization : Time (s): cpu = 00:00:23 ; elapsed = 00:00:24 . Memory (MB): peak = 862.195 ; gain = 529.988
---------------------------------------------------------------------------------

Report RTL Partitions: 
+-+--------------+------------+----------+
| |RTL Partition |Replication |Instances |
+-+--------------+------------+----------+
+-+--------------+------------+----------+
---------------------------------------------------------------------------------
Start Applying XDC Timing Constraints
---------------------------------------------------------------------------------
---------------------------------------------------------------------------------
Finished Applying XDC Timing Constraints : Time (s): cpu = 00:00:33 ; elapsed = 00:00:34 . Memory (MB): peak = 883.105 ; gain = 550.898
---------------------------------------------------------------------------------
---------------------------------------------------------------------------------
Start Timing Optimization
---------------------------------------------------------------------------------
---------------------------------------------------------------------------------
Finished Timing Optimization : Time (s): cpu = 00:00:33 ; elapsed = 00:00:34 . Memory (MB): peak = 884.469 ; gain = 552.262
---------------------------------------------------------------------------------

Report RTL Partitions: 
+-+--------------+------------+----------+
| |RTL Partition |Replication |Instances |
+-+--------------+------------+----------+
+-+--------------+------------+----------+
---------------------------------------------------------------------------------
Start Technology Mapping
---------------------------------------------------------------------------------
---------------------------------------------------------------------------------
Finished Technology Mapping : Time (s): cpu = 00:00:33 ; elapsed = 00:00:34 . Memory (MB): peak = 913.918 ; gain = 581.711
---------------------------------------------------------------------------------

Report RTL Partitions: 
+-+--------------+------------+----------+
| |RTL Partition |Replication |Instances |
+-+--------------+------------+----------+
+-+--------------+------------+----------+
---------------------------------------------------------------------------------
Start IO Insertion
---------------------------------------------------------------------------------
---------------------------------------------------------------------------------
Start Flattening Before IO Insertion
---------------------------------------------------------------------------------
---------------------------------------------------------------------------------
Finished Flattening Before IO Insertion
---------------------------------------------------------------------------------
---------------------------------------------------------------------------------
Start Final Netlist Cleanup
---------------------------------------------------------------------------------
---------------------------------------------------------------------------------
Finished Final Netlist Cleanup
---------------------------------------------------------------------------------
---------------------------------------------------------------------------------
Finished IO Insertion : Time (s): cpu = 00:00:34 ; elapsed = 00:00:35 . Memory (MB): peak = 913.918 ; gain = 581.711
---------------------------------------------------------------------------------

Report Check Netlist: 
+------+------------------+-------+---------+-------+------------------+
|      |Item              |Errors |Warnings |Status |Description       |
+------+------------------+-------+---------+-------+------------------+
|1     |multi_driven_nets |      0|        0|Passed |Multi driven nets |
+------+------------------+-------+---------+-------+------------------+
---------------------------------------------------------------------------------
Start Renaming Generated Instances
---------------------------------------------------------------------------------
---------------------------------------------------------------------------------
Finished Renaming Generated Instances : Time (s): cpu = 00:00:34 ; elapsed = 00:00:35 . Memory (MB): peak = 913.918 ; gain = 581.711
---------------------------------------------------------------------------------

Report RTL Partitions: 
+-+--------------+------------+----------+
| |RTL Partition |Replication |Instances |
+-+--------------+------------+----------+
+-+--------------+------------+----------+
---------------------------------------------------------------------------------
Start Rebuilding User Hierarchy
---------------------------------------------------------------------------------
---------------------------------------------------------------------------------
Finished Rebuilding User Hierarchy : Time (s): cpu = 00:00:35 ; elapsed = 00:00:36 . Memory (MB): peak = 913.918 ; gain = 581.711
---------------------------------------------------------------------------------
---------------------------------------------------------------------------------
Start Renaming Generated Ports
---------------------------------------------------------------------------------
---------------------------------------------------------------------------------
Finished Renaming Generated Ports : Time (s): cpu = 00:00:35 ; elapsed = 00:00:36 . Memory (MB): peak = 913.918 ; gain = 581.711
---------------------------------------------------------------------------------
---------------------------------------------------------------------------------
Start Handling Custom Attributes
---------------------------------------------------------------------------------
---------------------------------------------------------------------------------
Finished Handling Custom Attributes : Time (s): cpu = 00:00:35 ; elapsed = 00:00:36 . Memory (MB): peak = 913.918 ; gain = 581.711
---------------------------------------------------------------------------------
---------------------------------------------------------------------------------
Start Renaming Generated Nets
---------------------------------------------------------------------------------
---------------------------------------------------------------------------------
Finished Renaming Generated Nets : Time (s): cpu = 00:00:35 ; elapsed = 00:00:36 . Memory (MB): peak = 913.918 ; gain = 581.711
---------------------------------------------------------------------------------
---------------------------------------------------------------------------------
Start Writing Synthesis Report
---------------------------------------------------------------------------------

Report BlackBoxes: 
+-+--------------+----------+
| |BlackBox name |Instances |
+-+--------------+----------+
+-+--------------+----------+

Report Cell Usage: 
+------+-------+------+
|      |Cell   |Count |
+------+-------+------+
|1     |CARRY4 |   283|
|2     |LUT1   |   164|
|3     |LUT2   |   454|
|4     |LUT3   |   399|
|5     |LUT4   |   227|
|6     |LUT5   |   208|
|7     |LUT6   |    69|
|8     |FDCE   |   178|
|9     |FDPE   |     8|
|10    |FDRE   |   169|
|11    |FDSE   |     1|
|12    |LD     |    19|
+------+-------+------+

Report Instance Areas: 
+------+--------------------------------+-----------------------+------+
|      |Instance                        |Module                 |Cells |
+------+--------------------------------+-----------------------+------+
|1     |top                             |                       |  2179|
|2     |  inst                          |clk_gen_v3             |  2001|
|3     |    clock_gen_v1_0_S00_AXI_inst |clock_gen_v1_0_S00_AXI |  1996|
+------+--------------------------------+-----------------------+------+
---------------------------------------------------------------------------------
Finished Writing Synthesis Report : Time (s): cpu = 00:00:35 ; elapsed = 00:00:36 . Memory (MB): peak = 913.918 ; gain = 581.711
---------------------------------------------------------------------------------
Synthesis finished with 0 errors, 0 critical warnings and 224 warnings.
Synthesis Optimization Runtime : Time (s): cpu = 00:00:22 ; elapsed = 00:00:28 . Memory (MB): peak = 913.918 ; gain = 205.770
Synthesis Optimization Complete : Time (s): cpu = 00:00:35 ; elapsed = 00:00:36 . Memory (MB): peak = 913.918 ; gain = 581.711
INFO: [Project 1-571] Translating synthesized netlist
INFO: [Netlist 29-17] Analyzing 302 Unisim elements for replacement
INFO: [Netlist 29-28] Unisim Transformation completed in 0 CPU seconds
WARNING: [Netlist 29-101] Netlist 'design_1_clk_gen_0_0' is not ideal for floorplanning, since the cellview 'clock_gen_v1_0_S00_AXI' contains a large number of primitives.  Please consider enabling hierarchy in synthesis if you want to do floorplanning.
INFO: [Project 1-570] Preparing netlist for logic optimization
INFO: [Opt 31-138] Pushed 1 inverter(s) to 19 load pin(s).
INFO: [Project 1-111] Unisim Transformation Summary:
  A total of 19 instances were transformed.
  LD => LDCE (inverted pins: G): 19 instances

INFO: [Common 17-83] Releasing license: Synthesis
39 Infos, 126 Warnings, 0 Critical Warnings and 0 Errors encountered.
synth_design completed successfully
synth_design: Time (s): cpu = 00:00:37 ; elapsed = 00:00:39 . Memory (MB): peak = 913.918 ; gain = 593.184
INFO: [Common 17-1381] The checkpoint 'D:/AlienWare/Course/ECE532/Milestone4/right/MicroBlazeServer_UDP/MicroBlazeServer.runs/design_1_clk_gen_0_0_synth_1/design_1_clk_gen_0_0.dcp' has been generated.
