
*** Running vivado
    with args -log design_1_axi_smc_0.vds -m64 -product Vivado -mode batch -messageDb vivado.pb -notrace -source design_1_axi_smc_0.tcl


****** Vivado v2017.1 (64-bit)
  **** SW Build 1846317 on Fri Apr 14 18:55:03 MDT 2017
  **** IP Build 1846188 on Fri Apr 14 20:52:08 MDT 2017
    ** Copyright 1986-2017 Xilinx, Inc. All Rights Reserved.

source design_1_axi_smc_0.tcl -notrace
Starting RTL Elaboration : Time (s): cpu = 00:00:18 ; elapsed = 00:00:19 . Memory (MB): peak = 421.195 ; gain = 91.852
INFO: [Synth 8-638] synthesizing module 'design_1_axi_smc_0' [c:/Users/Jaimin/XilinxProjects/MicroBlazeServer/MicroBlazeServer.srcs/sources_1/bd/design_1/ip/design_1_axi_smc_0/synth/design_1_axi_smc_0.v:57]
INFO: [Synth 8-638] synthesizing module 'bd_afc3' [c:/Users/Jaimin/XilinxProjects/MicroBlazeServer/MicroBlazeServer.srcs/sources_1/bd/design_1/ip/design_1_axi_smc_0/bd_0/hdl/bd_afc3.v:13]
INFO: [Synth 8-638] synthesizing module 'clk_map_imp_5Y9LOC' [c:/Users/Jaimin/XilinxProjects/MicroBlazeServer/MicroBlazeServer.srcs/sources_1/bd/design_1/ip/design_1_axi_smc_0/bd_0/hdl/bd_afc3.v:2052]
INFO: [Synth 8-638] synthesizing module 'bd_afc3_one_0' [c:/Users/Jaimin/XilinxProjects/MicroBlazeServer/MicroBlazeServer.srcs/sources_1/bd/design_1/ip/design_1_axi_smc_0/bd_0/ip/ip_0/synth/bd_afc3_one_0.v:57]
INFO: [Synth 8-638] synthesizing module 'xlconstant_v1_1_3_xlconstant' [c:/Users/Jaimin/XilinxProjects/MicroBlazeServer/MicroBlazeServer.srcs/sources_1/bd/design_1/ipshared/45df/hdl/xlconstant_v1_1_vl_rfs.v:23]
INFO: [Synth 8-256] done synthesizing module 'xlconstant_v1_1_3_xlconstant' (1#1) [c:/Users/Jaimin/XilinxProjects/MicroBlazeServer/MicroBlazeServer.srcs/sources_1/bd/design_1/ipshared/45df/hdl/xlconstant_v1_1_vl_rfs.v:23]
INFO: [Synth 8-256] done synthesizing module 'bd_afc3_one_0' (2#1) [c:/Users/Jaimin/XilinxProjects/MicroBlazeServer/MicroBlazeServer.srcs/sources_1/bd/design_1/ip/design_1_axi_smc_0/bd_0/ip/ip_0/synth/bd_afc3_one_0.v:57]
INFO: [Synth 8-638] synthesizing module 'bd_afc3_psr0_0' [c:/Users/Jaimin/XilinxProjects/MicroBlazeServer/MicroBlazeServer.srcs/sources_1/bd/design_1/ip/design_1_axi_smc_0/bd_0/ip/ip_1/synth/bd_afc3_psr0_0.vhd:74]
INFO: [Synth 8-638] synthesizing module 'proc_sys_reset' [c:/Users/Jaimin/XilinxProjects/MicroBlazeServer/MicroBlazeServer.srcs/sources_1/bd/design_1/ipshared/5db7/hdl/proc_sys_reset_v5_0_vh_rfs.vhd:1323]
INFO: [Synth 8-638] synthesizing module 'lpf' [c:/Users/Jaimin/XilinxProjects/MicroBlazeServer/MicroBlazeServer.srcs/sources_1/bd/design_1/ipshared/5db7/hdl/proc_sys_reset_v5_0_vh_rfs.vhd:816]
INFO: [Synth 8-638] synthesizing module 'SRL16' [C:/Xilinx/Vivado/2017.1/scripts/rt/data/unisim_comp.v:43657]
INFO: [Synth 8-256] done synthesizing module 'SRL16' (3#1) [C:/Xilinx/Vivado/2017.1/scripts/rt/data/unisim_comp.v:43657]
INFO: [Synth 8-638] synthesizing module 'cdc_sync' [c:/Users/Jaimin/XilinxProjects/MicroBlazeServer/MicroBlazeServer.srcs/sources_1/bd/design_1/ipshared/52cb/hdl/lib_cdc_v1_0_rfs.vhd:106]
INFO: [Synth 8-256] done synthesizing module 'cdc_sync' (4#1) [c:/Users/Jaimin/XilinxProjects/MicroBlazeServer/MicroBlazeServer.srcs/sources_1/bd/design_1/ipshared/52cb/hdl/lib_cdc_v1_0_rfs.vhd:106]
INFO: [Synth 8-256] done synthesizing module 'lpf' (5#1) [c:/Users/Jaimin/XilinxProjects/MicroBlazeServer/MicroBlazeServer.srcs/sources_1/bd/design_1/ipshared/5db7/hdl/proc_sys_reset_v5_0_vh_rfs.vhd:816]
INFO: [Synth 8-638] synthesizing module 'sequence_psr' [c:/Users/Jaimin/XilinxProjects/MicroBlazeServer/MicroBlazeServer.srcs/sources_1/bd/design_1/ipshared/5db7/hdl/proc_sys_reset_v5_0_vh_rfs.vhd:301]
INFO: [Synth 8-638] synthesizing module 'upcnt_n' [c:/Users/Jaimin/XilinxProjects/MicroBlazeServer/MicroBlazeServer.srcs/sources_1/bd/design_1/ipshared/5db7/hdl/proc_sys_reset_v5_0_vh_rfs.vhd:125]
INFO: [Synth 8-256] done synthesizing module 'upcnt_n' (6#1) [c:/Users/Jaimin/XilinxProjects/MicroBlazeServer/MicroBlazeServer.srcs/sources_1/bd/design_1/ipshared/5db7/hdl/proc_sys_reset_v5_0_vh_rfs.vhd:125]
INFO: [Synth 8-256] done synthesizing module 'sequence_psr' (7#1) [c:/Users/Jaimin/XilinxProjects/MicroBlazeServer/MicroBlazeServer.srcs/sources_1/bd/design_1/ipshared/5db7/hdl/proc_sys_reset_v5_0_vh_rfs.vhd:301]
INFO: [Synth 8-256] done synthesizing module 'proc_sys_reset' (8#1) [c:/Users/Jaimin/XilinxProjects/MicroBlazeServer/MicroBlazeServer.srcs/sources_1/bd/design_1/ipshared/5db7/hdl/proc_sys_reset_v5_0_vh_rfs.vhd:1323]
INFO: [Synth 8-256] done synthesizing module 'bd_afc3_psr0_0' (9#1) [c:/Users/Jaimin/XilinxProjects/MicroBlazeServer/MicroBlazeServer.srcs/sources_1/bd/design_1/ip/design_1_axi_smc_0/bd_0/ip/ip_1/synth/bd_afc3_psr0_0.vhd:74]
INFO: [Synth 8-638] synthesizing module 'bd_afc3_psr_aclk_0' [c:/Users/Jaimin/XilinxProjects/MicroBlazeServer/MicroBlazeServer.srcs/sources_1/bd/design_1/ip/design_1_axi_smc_0/bd_0/ip/ip_2/synth/bd_afc3_psr_aclk_0.vhd:74]
INFO: [Synth 8-256] done synthesizing module 'bd_afc3_psr_aclk_0' (10#1) [c:/Users/Jaimin/XilinxProjects/MicroBlazeServer/MicroBlazeServer.srcs/sources_1/bd/design_1/ip/design_1_axi_smc_0/bd_0/ip/ip_2/synth/bd_afc3_psr_aclk_0.vhd:74]
INFO: [Synth 8-638] synthesizing module 'bd_afc3_psr_aclk1_0' [c:/Users/Jaimin/XilinxProjects/MicroBlazeServer/MicroBlazeServer.srcs/sources_1/bd/design_1/ip/design_1_axi_smc_0/bd_0/ip/ip_3/synth/bd_afc3_psr_aclk1_0.vhd:74]
INFO: [Synth 8-256] done synthesizing module 'bd_afc3_psr_aclk1_0' (11#1) [c:/Users/Jaimin/XilinxProjects/MicroBlazeServer/MicroBlazeServer.srcs/sources_1/bd/design_1/ip/design_1_axi_smc_0/bd_0/ip/ip_3/synth/bd_afc3_psr_aclk1_0.vhd:74]
INFO: [Synth 8-256] done synthesizing module 'clk_map_imp_5Y9LOC' (12#1) [c:/Users/Jaimin/XilinxProjects/MicroBlazeServer/MicroBlazeServer.srcs/sources_1/bd/design_1/ip/design_1_axi_smc_0/bd_0/hdl/bd_afc3.v:2052]
INFO: [Synth 8-638] synthesizing module 'm00_exit_pipeline_imp_1TZX5BB' [c:/Users/Jaimin/XilinxProjects/MicroBlazeServer/MicroBlazeServer.srcs/sources_1/bd/design_1/ip/design_1_axi_smc_0/bd_0/hdl/bd_afc3.v:2140]
INFO: [Synth 8-638] synthesizing module 'bd_afc3_m00e_0' [c:/Users/Jaimin/XilinxProjects/MicroBlazeServer/MicroBlazeServer.srcs/sources_1/bd/design_1/ip/design_1_axi_smc_0/bd_0/ip/ip_52/synth/bd_afc3_m00e_0.sv:58]
INFO: [Synth 8-256] done synthesizing module 'bd_afc3_m00e_0' (22#1) [c:/Users/Jaimin/XilinxProjects/MicroBlazeServer/MicroBlazeServer.srcs/sources_1/bd/design_1/ip/design_1_axi_smc_0/bd_0/ip/ip_52/synth/bd_afc3_m00e_0.sv:58]
INFO: [Synth 8-256] done synthesizing module 'm00_exit_pipeline_imp_1TZX5BB' (23#1) [c:/Users/Jaimin/XilinxProjects/MicroBlazeServer/MicroBlazeServer.srcs/sources_1/bd/design_1/ip/design_1_axi_smc_0/bd_0/hdl/bd_afc3.v:2140]
INFO: [Synth 8-638] synthesizing module 'm00_nodes_imp_1GOYQYZ' [c:/Users/Jaimin/XilinxProjects/MicroBlazeServer/MicroBlazeServer.srcs/sources_1/bd/design_1/ip/design_1_axi_smc_0/bd_0/hdl/bd_afc3.v:2511]
INFO: [Synth 8-638] synthesizing module 'bd_afc3_m00arn_0' [c:/Users/Jaimin/XilinxProjects/MicroBlazeServer/MicroBlazeServer.srcs/sources_1/bd/design_1/ip/design_1_axi_smc_0/bd_0/ip/ip_47/synth/bd_afc3_m00arn_0.sv:58]
INFO: [Synth 8-638] synthesizing module 'xpm_memory_base' [C:/Xilinx/Vivado/2017.1/data/ip/xpm/xpm_memory/hdl/xpm_memory.sv:58]
INFO: [Synth 8-256] done synthesizing module 'xpm_memory_base' (31#1) [C:/Xilinx/Vivado/2017.1/data/ip/xpm/xpm_memory/hdl/xpm_memory.sv:58]
INFO: [Synth 8-638] synthesizing module 'xpm_cdc_gray' [C:/Xilinx/Vivado/2017.1/data/ip/xpm/xpm_cdc/hdl/xpm_cdc.sv:204]
INFO: [Synth 8-256] done synthesizing module 'xpm_cdc_gray' (32#1) [C:/Xilinx/Vivado/2017.1/data/ip/xpm/xpm_cdc/hdl/xpm_cdc.sv:204]
INFO: [Synth 8-256] done synthesizing module 'bd_afc3_m00arn_0' (40#1) [c:/Users/Jaimin/XilinxProjects/MicroBlazeServer/MicroBlazeServer.srcs/sources_1/bd/design_1/ip/design_1_axi_smc_0/bd_0/ip/ip_47/synth/bd_afc3_m00arn_0.sv:58]
INFO: [Synth 8-638] synthesizing module 'bd_afc3_m00awn_0' [c:/Users/Jaimin/XilinxProjects/MicroBlazeServer/MicroBlazeServer.srcs/sources_1/bd/design_1/ip/design_1_axi_smc_0/bd_0/ip/ip_49/synth/bd_afc3_m00awn_0.sv:58]
INFO: [Synth 8-256] done synthesizing module 'bd_afc3_m00awn_0' (41#1) [c:/Users/Jaimin/XilinxProjects/MicroBlazeServer/MicroBlazeServer.srcs/sources_1/bd/design_1/ip/design_1_axi_smc_0/bd_0/ip/ip_49/synth/bd_afc3_m00awn_0.sv:58]
INFO: [Synth 8-638] synthesizing module 'bd_afc3_m00bn_0' [c:/Users/Jaimin/XilinxProjects/MicroBlazeServer/MicroBlazeServer.srcs/sources_1/bd/design_1/ip/design_1_axi_smc_0/bd_0/ip/ip_51/synth/bd_afc3_m00bn_0.sv:58]
INFO: [Synth 8-638] synthesizing module 'xpm_memory_base__parameterized0' [C:/Xilinx/Vivado/2017.1/data/ip/xpm/xpm_memory/hdl/xpm_memory.sv:58]
INFO: [Synth 8-256] done synthesizing module 'xpm_memory_base__parameterized0' (41#1) [C:/Xilinx/Vivado/2017.1/data/ip/xpm/xpm_memory/hdl/xpm_memory.sv:58]
INFO: [Synth 8-638] synthesizing module 'xpm_memory_base__parameterized1' [C:/Xilinx/Vivado/2017.1/data/ip/xpm/xpm_memory/hdl/xpm_memory.sv:58]
INFO: [Synth 8-256] done synthesizing module 'xpm_memory_base__parameterized1' (41#1) [C:/Xilinx/Vivado/2017.1/data/ip/xpm/xpm_memory/hdl/xpm_memory.sv:58]
INFO: [Synth 8-256] done synthesizing module 'bd_afc3_m00bn_0' (42#1) [c:/Users/Jaimin/XilinxProjects/MicroBlazeServer/MicroBlazeServer.srcs/sources_1/bd/design_1/ip/design_1_axi_smc_0/bd_0/ip/ip_51/synth/bd_afc3_m00bn_0.sv:58]
INFO: [Synth 8-638] synthesizing module 'bd_afc3_m00rn_0' [c:/Users/Jaimin/XilinxProjects/MicroBlazeServer/MicroBlazeServer.srcs/sources_1/bd/design_1/ip/design_1_axi_smc_0/bd_0/ip/ip_48/synth/bd_afc3_m00rn_0.sv:58]
INFO: [Synth 8-638] synthesizing module 'xpm_memory_base__parameterized2' [C:/Xilinx/Vivado/2017.1/data/ip/xpm/xpm_memory/hdl/xpm_memory.sv:58]
INFO: [Synth 8-256] done synthesizing module 'xpm_memory_base__parameterized2' (42#1) [C:/Xilinx/Vivado/2017.1/data/ip/xpm/xpm_memory/hdl/xpm_memory.sv:58]
INFO: [Synth 8-256] done synthesizing module 'bd_afc3_m00rn_0' (43#1) [c:/Users/Jaimin/XilinxProjects/MicroBlazeServer/MicroBlazeServer.srcs/sources_1/bd/design_1/ip/design_1_axi_smc_0/bd_0/ip/ip_48/synth/bd_afc3_m00rn_0.sv:58]
INFO: [Synth 8-638] synthesizing module 'bd_afc3_m00wn_0' [c:/Users/Jaimin/XilinxProjects/MicroBlazeServer/MicroBlazeServer.srcs/sources_1/bd/design_1/ip/design_1_axi_smc_0/bd_0/ip/ip_50/synth/bd_afc3_m00wn_0.sv:58]
INFO: [Synth 8-638] synthesizing module 'xpm_memory_base__parameterized3' [C:/Xilinx/Vivado/2017.1/data/ip/xpm/xpm_memory/hdl/xpm_memory.sv:58]
INFO: [Synth 8-256] done synthesizing module 'xpm_memory_base__parameterized3' (43#1) [C:/Xilinx/Vivado/2017.1/data/ip/xpm/xpm_memory/hdl/xpm_memory.sv:58]
INFO: [Synth 8-638] synthesizing module 'xpm_memory_base__parameterized4' [C:/Xilinx/Vivado/2017.1/data/ip/xpm/xpm_memory/hdl/xpm_memory.sv:58]
INFO: [Synth 8-256] done synthesizing module 'xpm_memory_base__parameterized4' (43#1) [C:/Xilinx/Vivado/2017.1/data/ip/xpm/xpm_memory/hdl/xpm_memory.sv:58]
INFO: [Synth 8-256] done synthesizing module 'bd_afc3_m00wn_0' (44#1) [c:/Users/Jaimin/XilinxProjects/MicroBlazeServer/MicroBlazeServer.srcs/sources_1/bd/design_1/ip/design_1_axi_smc_0/bd_0/ip/ip_50/synth/bd_afc3_m00wn_0.sv:58]
INFO: [Synth 8-256] done synthesizing module 'm00_nodes_imp_1GOYQYZ' (45#1) [c:/Users/Jaimin/XilinxProjects/MicroBlazeServer/MicroBlazeServer.srcs/sources_1/bd/design_1/ip/design_1_axi_smc_0/bd_0/hdl/bd_afc3.v:2511]
INFO: [Synth 8-638] synthesizing module 'bd_afc3_m00s2a_0' [c:/Users/Jaimin/XilinxProjects/MicroBlazeServer/MicroBlazeServer.srcs/sources_1/bd/design_1/ip/design_1_axi_smc_0/bd_0/ip/ip_46/synth/bd_afc3_m00s2a_0.sv:58]
INFO: [Synth 8-256] done synthesizing module 'bd_afc3_m00s2a_0' (47#1) [c:/Users/Jaimin/XilinxProjects/MicroBlazeServer/MicroBlazeServer.srcs/sources_1/bd/design_1/ip/design_1_axi_smc_0/bd_0/ip/ip_46/synth/bd_afc3_m00s2a_0.sv:58]
INFO: [Synth 8-638] synthesizing module 'bd_afc3_s00a2s_0' [c:/Users/Jaimin/XilinxProjects/MicroBlazeServer/MicroBlazeServer.srcs/sources_1/bd/design_1/ip/design_1_axi_smc_0/bd_0/ip/ip_12/synth/bd_afc3_s00a2s_0.sv:58]
INFO: [Synth 8-256] done synthesizing module 'bd_afc3_s00a2s_0' (49#1) [c:/Users/Jaimin/XilinxProjects/MicroBlazeServer/MicroBlazeServer.srcs/sources_1/bd/design_1/ip/design_1_axi_smc_0/bd_0/ip/ip_12/synth/bd_afc3_s00a2s_0.sv:58]
INFO: [Synth 8-638] synthesizing module 's00_entry_pipeline_imp_USCCV8' [c:/Users/Jaimin/XilinxProjects/MicroBlazeServer/MicroBlazeServer.srcs/sources_1/bd/design_1/ip/design_1_axi_smc_0/bd_0/hdl/bd_afc3.v:2816]
INFO: [Synth 8-638] synthesizing module 'bd_afc3_s00mmu_0' [c:/Users/Jaimin/XilinxProjects/MicroBlazeServer/MicroBlazeServer.srcs/sources_1/bd/design_1/ip/design_1_axi_smc_0/bd_0/ip/ip_9/synth/bd_afc3_s00mmu_0.sv:58]
INFO: [Synth 8-256] done synthesizing module 'bd_afc3_s00mmu_0' (53#1) [c:/Users/Jaimin/XilinxProjects/MicroBlazeServer/MicroBlazeServer.srcs/sources_1/bd/design_1/ip/design_1_axi_smc_0/bd_0/ip/ip_9/synth/bd_afc3_s00mmu_0.sv:58]
INFO: [Synth 8-638] synthesizing module 'bd_afc3_s00sic_0' [c:/Users/Jaimin/XilinxProjects/MicroBlazeServer/MicroBlazeServer.srcs/sources_1/bd/design_1/ip/design_1_axi_smc_0/bd_0/ip/ip_11/synth/bd_afc3_s00sic_0.sv:58]
INFO: [Synth 8-256] done synthesizing module 'bd_afc3_s00sic_0' (58#1) [c:/Users/Jaimin/XilinxProjects/MicroBlazeServer/MicroBlazeServer.srcs/sources_1/bd/design_1/ip/design_1_axi_smc_0/bd_0/ip/ip_11/synth/bd_afc3_s00sic_0.sv:58]
INFO: [Synth 8-638] synthesizing module 'bd_afc3_s00tr_0' [c:/Users/Jaimin/XilinxProjects/MicroBlazeServer/MicroBlazeServer.srcs/sources_1/bd/design_1/ip/design_1_axi_smc_0/bd_0/ip/ip_10/synth/bd_afc3_s00tr_0.sv:58]
INFO: [Synth 8-256] done synthesizing module 'bd_afc3_s00tr_0' (61#1) [c:/Users/Jaimin/XilinxProjects/MicroBlazeServer/MicroBlazeServer.srcs/sources_1/bd/design_1/ip/design_1_axi_smc_0/bd_0/ip/ip_10/synth/bd_afc3_s00tr_0.sv:58]
INFO: [Synth 8-256] done synthesizing module 's00_entry_pipeline_imp_USCCV8' (62#1) [c:/Users/Jaimin/XilinxProjects/MicroBlazeServer/MicroBlazeServer.srcs/sources_1/bd/design_1/ip/design_1_axi_smc_0/bd_0/hdl/bd_afc3.v:2816]
INFO: [Synth 8-638] synthesizing module 's00_nodes_imp_Y7M43I' [c:/Users/Jaimin/XilinxProjects/MicroBlazeServer/MicroBlazeServer.srcs/sources_1/bd/design_1/ip/design_1_axi_smc_0/bd_0/hdl/bd_afc3.v:3427]
INFO: [Synth 8-638] synthesizing module 'bd_afc3_sarn_0' [c:/Users/Jaimin/XilinxProjects/MicroBlazeServer/MicroBlazeServer.srcs/sources_1/bd/design_1/ip/design_1_axi_smc_0/bd_0/ip/ip_13/synth/bd_afc3_sarn_0.sv:58]
INFO: [Synth 8-638] synthesizing module 'xpm_memory_base__parameterized5' [C:/Xilinx/Vivado/2017.1/data/ip/xpm/xpm_memory/hdl/xpm_memory.sv:58]
INFO: [Synth 8-256] done synthesizing module 'xpm_memory_base__parameterized5' (62#1) [C:/Xilinx/Vivado/2017.1/data/ip/xpm/xpm_memory/hdl/xpm_memory.sv:58]
INFO: [Synth 8-638] synthesizing module 'xpm_memory_base__parameterized6' [C:/Xilinx/Vivado/2017.1/data/ip/xpm/xpm_memory/hdl/xpm_memory.sv:58]
INFO: [Synth 8-256] done synthesizing module 'xpm_memory_base__parameterized6' (62#1) [C:/Xilinx/Vivado/2017.1/data/ip/xpm/xpm_memory/hdl/xpm_memory.sv:58]
INFO: [Synth 8-256] done synthesizing module 'bd_afc3_sarn_0' (63#1) [c:/Users/Jaimin/XilinxProjects/MicroBlazeServer/MicroBlazeServer.srcs/sources_1/bd/design_1/ip/design_1_axi_smc_0/bd_0/ip/ip_13/synth/bd_afc3_sarn_0.sv:58]
INFO: [Synth 8-638] synthesizing module 'bd_afc3_sawn_0' [c:/Users/Jaimin/XilinxProjects/MicroBlazeServer/MicroBlazeServer.srcs/sources_1/bd/design_1/ip/design_1_axi_smc_0/bd_0/ip/ip_15/synth/bd_afc3_sawn_0.sv:58]
INFO: [Synth 8-256] done synthesizing module 'bd_afc3_sawn_0' (64#1) [c:/Users/Jaimin/XilinxProjects/MicroBlazeServer/MicroBlazeServer.srcs/sources_1/bd/design_1/ip/design_1_axi_smc_0/bd_0/ip/ip_15/synth/bd_afc3_sawn_0.sv:58]
INFO: [Synth 8-638] synthesizing module 'bd_afc3_sbn_0' [c:/Users/Jaimin/XilinxProjects/MicroBlazeServer/MicroBlazeServer.srcs/sources_1/bd/design_1/ip/design_1_axi_smc_0/bd_0/ip/ip_17/synth/bd_afc3_sbn_0.sv:58]
INFO: [Synth 8-638] synthesizing module 'xpm_memory_base__parameterized7' [C:/Xilinx/Vivado/2017.1/data/ip/xpm/xpm_memory/hdl/xpm_memory.sv:58]
INFO: [Synth 8-256] done synthesizing module 'xpm_memory_base__parameterized7' (64#1) [C:/Xilinx/Vivado/2017.1/data/ip/xpm/xpm_memory/hdl/xpm_memory.sv:58]
INFO: [Synth 8-638] synthesizing module 'xpm_memory_base__parameterized8' [C:/Xilinx/Vivado/2017.1/data/ip/xpm/xpm_memory/hdl/xpm_memory.sv:58]
INFO: [Synth 8-256] done synthesizing module 'xpm_memory_base__parameterized8' (64#1) [C:/Xilinx/Vivado/2017.1/data/ip/xpm/xpm_memory/hdl/xpm_memory.sv:58]
INFO: [Synth 8-256] done synthesizing module 'bd_afc3_sbn_0' (65#1) [c:/Users/Jaimin/XilinxProjects/MicroBlazeServer/MicroBlazeServer.srcs/sources_1/bd/design_1/ip/design_1_axi_smc_0/bd_0/ip/ip_17/synth/bd_afc3_sbn_0.sv:58]
INFO: [Synth 8-638] synthesizing module 'bd_afc3_srn_0' [c:/Users/Jaimin/XilinxProjects/MicroBlazeServer/MicroBlazeServer.srcs/sources_1/bd/design_1/ip/design_1_axi_smc_0/bd_0/ip/ip_14/synth/bd_afc3_srn_0.sv:58]
INFO: [Synth 8-638] synthesizing module 'xpm_memory_base__parameterized9' [C:/Xilinx/Vivado/2017.1/data/ip/xpm/xpm_memory/hdl/xpm_memory.sv:58]
INFO: [Synth 8-256] done synthesizing module 'xpm_memory_base__parameterized9' (65#1) [C:/Xilinx/Vivado/2017.1/data/ip/xpm/xpm_memory/hdl/xpm_memory.sv:58]
INFO: [Synth 8-256] done synthesizing module 'bd_afc3_srn_0' (66#1) [c:/Users/Jaimin/XilinxProjects/MicroBlazeServer/MicroBlazeServer.srcs/sources_1/bd/design_1/ip/design_1_axi_smc_0/bd_0/ip/ip_14/synth/bd_afc3_srn_0.sv:58]
INFO: [Synth 8-638] synthesizing module 'bd_afc3_swn_0' [c:/Users/Jaimin/XilinxProjects/MicroBlazeServer/MicroBlazeServer.srcs/sources_1/bd/design_1/ip/design_1_axi_smc_0/bd_0/ip/ip_16/synth/bd_afc3_swn_0.sv:58]
INFO: [Synth 8-638] synthesizing module 'xpm_memory_base__parameterized10' [C:/Xilinx/Vivado/2017.1/data/ip/xpm/xpm_memory/hdl/xpm_memory.sv:58]
INFO: [Synth 8-256] done synthesizing module 'xpm_memory_base__parameterized10' (66#1) [C:/Xilinx/Vivado/2017.1/data/ip/xpm/xpm_memory/hdl/xpm_memory.sv:58]
INFO: [Synth 8-256] done synthesizing module 'bd_afc3_swn_0' (67#1) [c:/Users/Jaimin/XilinxProjects/MicroBlazeServer/MicroBlazeServer.srcs/sources_1/bd/design_1/ip/design_1_axi_smc_0/bd_0/ip/ip_16/synth/bd_afc3_swn_0.sv:58]
INFO: [Synth 8-256] done synthesizing module 's00_nodes_imp_Y7M43I' (68#1) [c:/Users/Jaimin/XilinxProjects/MicroBlazeServer/MicroBlazeServer.srcs/sources_1/bd/design_1/ip/design_1_axi_smc_0/bd_0/hdl/bd_afc3.v:3427]
INFO: [Synth 8-638] synthesizing module 'bd_afc3_s01a2s_0' [c:/Users/Jaimin/XilinxProjects/MicroBlazeServer/MicroBlazeServer.srcs/sources_1/bd/design_1/ip/design_1_axi_smc_0/bd_0/ip/ip_21/synth/bd_afc3_s01a2s_0.sv:58]
INFO: [Synth 8-256] done synthesizing module 'bd_afc3_s01a2s_0' (69#1) [c:/Users/Jaimin/XilinxProjects/MicroBlazeServer/MicroBlazeServer.srcs/sources_1/bd/design_1/ip/design_1_axi_smc_0/bd_0/ip/ip_21/synth/bd_afc3_s01a2s_0.sv:58]
INFO: [Synth 8-638] synthesizing module 's01_entry_pipeline_imp_1W4H5O0' [c:/Users/Jaimin/XilinxProjects/MicroBlazeServer/MicroBlazeServer.srcs/sources_1/bd/design_1/ip/design_1_axi_smc_0/bd_0/hdl/bd_afc3.v:3723]
INFO: [Synth 8-638] synthesizing module 'bd_afc3_s01mmu_0' [c:/Users/Jaimin/XilinxProjects/MicroBlazeServer/MicroBlazeServer.srcs/sources_1/bd/design_1/ip/design_1_axi_smc_0/bd_0/ip/ip_18/synth/bd_afc3_s01mmu_0.sv:58]
INFO: [Synth 8-256] done synthesizing module 'bd_afc3_s01mmu_0' (70#1) [c:/Users/Jaimin/XilinxProjects/MicroBlazeServer/MicroBlazeServer.srcs/sources_1/bd/design_1/ip/design_1_axi_smc_0/bd_0/ip/ip_18/synth/bd_afc3_s01mmu_0.sv:58]
INFO: [Synth 8-638] synthesizing module 'bd_afc3_s01sic_0' [c:/Users/Jaimin/XilinxProjects/MicroBlazeServer/MicroBlazeServer.srcs/sources_1/bd/design_1/ip/design_1_axi_smc_0/bd_0/ip/ip_20/synth/bd_afc3_s01sic_0.sv:58]
INFO: [Synth 8-256] done synthesizing module 'bd_afc3_s01sic_0' (71#1) [c:/Users/Jaimin/XilinxProjects/MicroBlazeServer/MicroBlazeServer.srcs/sources_1/bd/design_1/ip/design_1_axi_smc_0/bd_0/ip/ip_20/synth/bd_afc3_s01sic_0.sv:58]
INFO: [Synth 8-638] synthesizing module 'bd_afc3_s01tr_0' [c:/Users/Jaimin/XilinxProjects/MicroBlazeServer/MicroBlazeServer.srcs/sources_1/bd/design_1/ip/design_1_axi_smc_0/bd_0/ip/ip_19/synth/bd_afc3_s01tr_0.sv:58]
INFO: [Synth 8-256] done synthesizing module 'bd_afc3_s01tr_0' (72#1) [c:/Users/Jaimin/XilinxProjects/MicroBlazeServer/MicroBlazeServer.srcs/sources_1/bd/design_1/ip/design_1_axi_smc_0/bd_0/ip/ip_19/synth/bd_afc3_s01tr_0.sv:58]
INFO: [Synth 8-256] done synthesizing module 's01_entry_pipeline_imp_1W4H5O0' (73#1) [c:/Users/Jaimin/XilinxProjects/MicroBlazeServer/MicroBlazeServer.srcs/sources_1/bd/design_1/ip/design_1_axi_smc_0/bd_0/hdl/bd_afc3.v:3723]
INFO: [Synth 8-638] synthesizing module 's01_nodes_imp_1RW0SI0' [c:/Users/Jaimin/XilinxProjects/MicroBlazeServer/MicroBlazeServer.srcs/sources_1/bd/design_1/ip/design_1_axi_smc_0/bd_0/hdl/bd_afc3.v:4010]
INFO: [Synth 8-638] synthesizing module 'bd_afc3_sarn_1' [c:/Users/Jaimin/XilinxProjects/MicroBlazeServer/MicroBlazeServer.srcs/sources_1/bd/design_1/ip/design_1_axi_smc_0/bd_0/ip/ip_22/synth/bd_afc3_sarn_1.sv:58]
INFO: [Synth 8-256] done synthesizing module 'bd_afc3_sarn_1' (74#1) [c:/Users/Jaimin/XilinxProjects/MicroBlazeServer/MicroBlazeServer.srcs/sources_1/bd/design_1/ip/design_1_axi_smc_0/bd_0/ip/ip_22/synth/bd_afc3_sarn_1.sv:58]
INFO: [Synth 8-638] synthesizing module 'bd_afc3_srn_1' [c:/Users/Jaimin/XilinxProjects/MicroBlazeServer/MicroBlazeServer.srcs/sources_1/bd/design_1/ip/design_1_axi_smc_0/bd_0/ip/ip_23/synth/bd_afc3_srn_1.sv:58]
INFO: [Synth 8-256] done synthesizing module 'bd_afc3_srn_1' (75#1) [c:/Users/Jaimin/XilinxProjects/MicroBlazeServer/MicroBlazeServer.srcs/sources_1/bd/design_1/ip/design_1_axi_smc_0/bd_0/ip/ip_23/synth/bd_afc3_srn_1.sv:58]
INFO: [Synth 8-256] done synthesizing module 's01_nodes_imp_1RW0SI0' (76#1) [c:/Users/Jaimin/XilinxProjects/MicroBlazeServer/MicroBlazeServer.srcs/sources_1/bd/design_1/ip/design_1_axi_smc_0/bd_0/hdl/bd_afc3.v:4010]
INFO: [Synth 8-638] synthesizing module 'bd_afc3_s02a2s_0' [c:/Users/Jaimin/XilinxProjects/MicroBlazeServer/MicroBlazeServer.srcs/sources_1/bd/design_1/ip/design_1_axi_smc_0/bd_0/ip/ip_27/synth/bd_afc3_s02a2s_0.sv:58]
INFO: [Synth 8-256] done synthesizing module 'bd_afc3_s02a2s_0' (77#1) [c:/Users/Jaimin/XilinxProjects/MicroBlazeServer/MicroBlazeServer.srcs/sources_1/bd/design_1/ip/design_1_axi_smc_0/bd_0/ip/ip_27/synth/bd_afc3_s02a2s_0.sv:58]
INFO: [Synth 8-638] synthesizing module 's02_entry_pipeline_imp_10GEI8D' [c:/Users/Jaimin/XilinxProjects/MicroBlazeServer/MicroBlazeServer.srcs/sources_1/bd/design_1/ip/design_1_axi_smc_0/bd_0/hdl/bd_afc3.v:4141]
INFO: [Synth 8-638] synthesizing module 'bd_afc3_s02mmu_0' [c:/Users/Jaimin/XilinxProjects/MicroBlazeServer/MicroBlazeServer.srcs/sources_1/bd/design_1/ip/design_1_axi_smc_0/bd_0/ip/ip_24/synth/bd_afc3_s02mmu_0.sv:58]
INFO: [Synth 8-256] done synthesizing module 'bd_afc3_s02mmu_0' (78#1) [c:/Users/Jaimin/XilinxProjects/MicroBlazeServer/MicroBlazeServer.srcs/sources_1/bd/design_1/ip/design_1_axi_smc_0/bd_0/ip/ip_24/synth/bd_afc3_s02mmu_0.sv:58]
INFO: [Synth 8-638] synthesizing module 'bd_afc3_s02sic_0' [c:/Users/Jaimin/XilinxProjects/MicroBlazeServer/MicroBlazeServer.srcs/sources_1/bd/design_1/ip/design_1_axi_smc_0/bd_0/ip/ip_26/synth/bd_afc3_s02sic_0.sv:58]
INFO: [Synth 8-256] done synthesizing module 'bd_afc3_s02sic_0' (79#1) [c:/Users/Jaimin/XilinxProjects/MicroBlazeServer/MicroBlazeServer.srcs/sources_1/bd/design_1/ip/design_1_axi_smc_0/bd_0/ip/ip_26/synth/bd_afc3_s02sic_0.sv:58]
INFO: [Synth 8-638] synthesizing module 'bd_afc3_s02tr_0' [c:/Users/Jaimin/XilinxProjects/MicroBlazeServer/MicroBlazeServer.srcs/sources_1/bd/design_1/ip/design_1_axi_smc_0/bd_0/ip/ip_25/synth/bd_afc3_s02tr_0.sv:58]
INFO: [Synth 8-256] done synthesizing module 'bd_afc3_s02tr_0' (80#1) [c:/Users/Jaimin/XilinxProjects/MicroBlazeServer/MicroBlazeServer.srcs/sources_1/bd/design_1/ip/design_1_axi_smc_0/bd_0/ip/ip_25/synth/bd_afc3_s02tr_0.sv:58]
INFO: [Synth 8-256] done synthesizing module 's02_entry_pipeline_imp_10GEI8D' (81#1) [c:/Users/Jaimin/XilinxProjects/MicroBlazeServer/MicroBlazeServer.srcs/sources_1/bd/design_1/ip/design_1_axi_smc_0/bd_0/hdl/bd_afc3.v:4141]
INFO: [Synth 8-638] synthesizing module 's02_nodes_imp_16RLGGJ' [c:/Users/Jaimin/XilinxProjects/MicroBlazeServer/MicroBlazeServer.srcs/sources_1/bd/design_1/ip/design_1_axi_smc_0/bd_0/hdl/bd_afc3.v:4746]
INFO: [Synth 8-638] synthesizing module 'bd_afc3_sarn_2' [c:/Users/Jaimin/XilinxProjects/MicroBlazeServer/MicroBlazeServer.srcs/sources_1/bd/design_1/ip/design_1_axi_smc_0/bd_0/ip/ip_28/synth/bd_afc3_sarn_2.sv:58]
INFO: [Synth 8-256] done synthesizing module 'bd_afc3_sarn_2' (82#1) [c:/Users/Jaimin/XilinxProjects/MicroBlazeServer/MicroBlazeServer.srcs/sources_1/bd/design_1/ip/design_1_axi_smc_0/bd_0/ip/ip_28/synth/bd_afc3_sarn_2.sv:58]
INFO: [Synth 8-638] synthesizing module 'bd_afc3_sawn_1' [c:/Users/Jaimin/XilinxProjects/MicroBlazeServer/MicroBlazeServer.srcs/sources_1/bd/design_1/ip/design_1_axi_smc_0/bd_0/ip/ip_30/synth/bd_afc3_sawn_1.sv:58]
INFO: [Synth 8-256] done synthesizing module 'bd_afc3_sawn_1' (83#1) [c:/Users/Jaimin/XilinxProjects/MicroBlazeServer/MicroBlazeServer.srcs/sources_1/bd/design_1/ip/design_1_axi_smc_0/bd_0/ip/ip_30/synth/bd_afc3_sawn_1.sv:58]
INFO: [Synth 8-638] synthesizing module 'bd_afc3_sbn_1' [c:/Users/Jaimin/XilinxProjects/MicroBlazeServer/MicroBlazeServer.srcs/sources_1/bd/design_1/ip/design_1_axi_smc_0/bd_0/ip/ip_32/synth/bd_afc3_sbn_1.sv:58]
INFO: [Synth 8-256] done synthesizing module 'bd_afc3_sbn_1' (84#1) [c:/Users/Jaimin/XilinxProjects/MicroBlazeServer/MicroBlazeServer.srcs/sources_1/bd/design_1/ip/design_1_axi_smc_0/bd_0/ip/ip_32/synth/bd_afc3_sbn_1.sv:58]
INFO: [Synth 8-638] synthesizing module 'bd_afc3_srn_2' [c:/Users/Jaimin/XilinxProjects/MicroBlazeServer/MicroBlazeServer.srcs/sources_1/bd/design_1/ip/design_1_axi_smc_0/bd_0/ip/ip_29/synth/bd_afc3_srn_2.sv:58]
INFO: [Synth 8-256] done synthesizing module 'bd_afc3_srn_2' (85#1) [c:/Users/Jaimin/XilinxProjects/MicroBlazeServer/MicroBlazeServer.srcs/sources_1/bd/design_1/ip/design_1_axi_smc_0/bd_0/ip/ip_29/synth/bd_afc3_srn_2.sv:58]
INFO: [Synth 8-638] synthesizing module 'bd_afc3_swn_1' [c:/Users/Jaimin/XilinxProjects/MicroBlazeServer/MicroBlazeServer.srcs/sources_1/bd/design_1/ip/design_1_axi_smc_0/bd_0/ip/ip_31/synth/bd_afc3_swn_1.sv:58]
INFO: [Synth 8-256] done synthesizing module 'bd_afc3_swn_1' (86#1) [c:/Users/Jaimin/XilinxProjects/MicroBlazeServer/MicroBlazeServer.srcs/sources_1/bd/design_1/ip/design_1_axi_smc_0/bd_0/ip/ip_31/synth/bd_afc3_swn_1.sv:58]
INFO: [Synth 8-256] done synthesizing module 's02_nodes_imp_16RLGGJ' (87#1) [c:/Users/Jaimin/XilinxProjects/MicroBlazeServer/MicroBlazeServer.srcs/sources_1/bd/design_1/ip/design_1_axi_smc_0/bd_0/hdl/bd_afc3.v:4746]
INFO: [Synth 8-638] synthesizing module 'bd_afc3_s03a2s_0' [c:/Users/Jaimin/XilinxProjects/MicroBlazeServer/MicroBlazeServer.srcs/sources_1/bd/design_1/ip/design_1_axi_smc_0/bd_0/ip/ip_36/synth/bd_afc3_s03a2s_0.sv:58]
INFO: [Synth 8-256] done synthesizing module 'bd_afc3_s03a2s_0' (88#1) [c:/Users/Jaimin/XilinxProjects/MicroBlazeServer/MicroBlazeServer.srcs/sources_1/bd/design_1/ip/design_1_axi_smc_0/bd_0/ip/ip_36/synth/bd_afc3_s03a2s_0.sv:58]
INFO: [Synth 8-638] synthesizing module 's03_entry_pipeline_imp_6ODKIH' [c:/Users/Jaimin/XilinxProjects/MicroBlazeServer/MicroBlazeServer.srcs/sources_1/bd/design_1/ip/design_1_axi_smc_0/bd_0/hdl/bd_afc3.v:5042]
INFO: [Synth 8-638] synthesizing module 'bd_afc3_s03mmu_0' [c:/Users/Jaimin/XilinxProjects/MicroBlazeServer/MicroBlazeServer.srcs/sources_1/bd/design_1/ip/design_1_axi_smc_0/bd_0/ip/ip_33/synth/bd_afc3_s03mmu_0.sv:58]
INFO: [Synth 8-256] done synthesizing module 'bd_afc3_s03mmu_0' (89#1) [c:/Users/Jaimin/XilinxProjects/MicroBlazeServer/MicroBlazeServer.srcs/sources_1/bd/design_1/ip/design_1_axi_smc_0/bd_0/ip/ip_33/synth/bd_afc3_s03mmu_0.sv:58]
INFO: [Synth 8-638] synthesizing module 'bd_afc3_s03sic_0' [c:/Users/Jaimin/XilinxProjects/MicroBlazeServer/MicroBlazeServer.srcs/sources_1/bd/design_1/ip/design_1_axi_smc_0/bd_0/ip/ip_35/synth/bd_afc3_s03sic_0.sv:58]
INFO: [Synth 8-256] done synthesizing module 'bd_afc3_s03sic_0' (90#1) [c:/Users/Jaimin/XilinxProjects/MicroBlazeServer/MicroBlazeServer.srcs/sources_1/bd/design_1/ip/design_1_axi_smc_0/bd_0/ip/ip_35/synth/bd_afc3_s03sic_0.sv:58]
INFO: [Synth 8-638] synthesizing module 'bd_afc3_s03tr_0' [c:/Users/Jaimin/XilinxProjects/MicroBlazeServer/MicroBlazeServer.srcs/sources_1/bd/design_1/ip/design_1_axi_smc_0/bd_0/ip/ip_34/synth/bd_afc3_s03tr_0.sv:58]
INFO: [Synth 8-256] done synthesizing module 'bd_afc3_s03tr_0' (91#1) [c:/Users/Jaimin/XilinxProjects/MicroBlazeServer/MicroBlazeServer.srcs/sources_1/bd/design_1/ip/design_1_axi_smc_0/bd_0/ip/ip_34/synth/bd_afc3_s03tr_0.sv:58]
INFO: [Synth 8-256] done synthesizing module 's03_entry_pipeline_imp_6ODKIH' (92#1) [c:/Users/Jaimin/XilinxProjects/MicroBlazeServer/MicroBlazeServer.srcs/sources_1/bd/design_1/ip/design_1_axi_smc_0/bd_0/hdl/bd_afc3.v:5042]
INFO: [Synth 8-638] synthesizing module 's03_nodes_imp_1ZPGX1' [c:/Users/Jaimin/XilinxProjects/MicroBlazeServer/MicroBlazeServer.srcs/sources_1/bd/design_1/ip/design_1_axi_smc_0/bd_0/hdl/bd_afc3.v:5326]
INFO: [Synth 8-638] synthesizing module 'bd_afc3_sarn_3' [c:/Users/Jaimin/XilinxProjects/MicroBlazeServer/MicroBlazeServer.srcs/sources_1/bd/design_1/ip/design_1_axi_smc_0/bd_0/ip/ip_37/synth/bd_afc3_sarn_3.sv:58]
INFO: [Synth 8-256] done synthesizing module 'bd_afc3_sarn_3' (93#1) [c:/Users/Jaimin/XilinxProjects/MicroBlazeServer/MicroBlazeServer.srcs/sources_1/bd/design_1/ip/design_1_axi_smc_0/bd_0/ip/ip_37/synth/bd_afc3_sarn_3.sv:58]
INFO: [Synth 8-638] synthesizing module 'bd_afc3_srn_3' [c:/Users/Jaimin/XilinxProjects/MicroBlazeServer/MicroBlazeServer.srcs/sources_1/bd/design_1/ip/design_1_axi_smc_0/bd_0/ip/ip_38/synth/bd_afc3_srn_3.sv:58]
INFO: [Synth 8-256] done synthesizing module 'bd_afc3_srn_3' (94#1) [c:/Users/Jaimin/XilinxProjects/MicroBlazeServer/MicroBlazeServer.srcs/sources_1/bd/design_1/ip/design_1_axi_smc_0/bd_0/ip/ip_38/synth/bd_afc3_srn_3.sv:58]
INFO: [Synth 8-256] done synthesizing module 's03_nodes_imp_1ZPGX1' (95#1) [c:/Users/Jaimin/XilinxProjects/MicroBlazeServer/MicroBlazeServer.srcs/sources_1/bd/design_1/ip/design_1_axi_smc_0/bd_0/hdl/bd_afc3.v:5326]
INFO: [Synth 8-638] synthesizing module 'bd_afc3_s04a2s_0' [c:/Users/Jaimin/XilinxProjects/MicroBlazeServer/MicroBlazeServer.srcs/sources_1/bd/design_1/ip/design_1_axi_smc_0/bd_0/ip/ip_42/synth/bd_afc3_s04a2s_0.sv:58]
INFO: [Synth 8-256] done synthesizing module 'bd_afc3_s04a2s_0' (96#1) [c:/Users/Jaimin/XilinxProjects/MicroBlazeServer/MicroBlazeServer.srcs/sources_1/bd/design_1/ip/design_1_axi_smc_0/bd_0/ip/ip_42/synth/bd_afc3_s04a2s_0.sv:58]
INFO: [Synth 8-638] synthesizing module 's04_entry_pipeline_imp_UPCQEV' [c:/Users/Jaimin/XilinxProjects/MicroBlazeServer/MicroBlazeServer.srcs/sources_1/bd/design_1/ip/design_1_axi_smc_0/bd_0/hdl/bd_afc3.v:5457]
INFO: [Synth 8-638] synthesizing module 'bd_afc3_s04mmu_0' [c:/Users/Jaimin/XilinxProjects/MicroBlazeServer/MicroBlazeServer.srcs/sources_1/bd/design_1/ip/design_1_axi_smc_0/bd_0/ip/ip_39/synth/bd_afc3_s04mmu_0.sv:58]
INFO: [Synth 8-256] done synthesizing module 'bd_afc3_s04mmu_0' (97#1) [c:/Users/Jaimin/XilinxProjects/MicroBlazeServer/MicroBlazeServer.srcs/sources_1/bd/design_1/ip/design_1_axi_smc_0/bd_0/ip/ip_39/synth/bd_afc3_s04mmu_0.sv:58]
INFO: [Synth 8-638] synthesizing module 'bd_afc3_s04sic_0' [c:/Users/Jaimin/XilinxProjects/MicroBlazeServer/MicroBlazeServer.srcs/sources_1/bd/design_1/ip/design_1_axi_smc_0/bd_0/ip/ip_41/synth/bd_afc3_s04sic_0.sv:58]
INFO: [Synth 8-256] done synthesizing module 'bd_afc3_s04sic_0' (98#1) [c:/Users/Jaimin/XilinxProjects/MicroBlazeServer/MicroBlazeServer.srcs/sources_1/bd/design_1/ip/design_1_axi_smc_0/bd_0/ip/ip_41/synth/bd_afc3_s04sic_0.sv:58]
INFO: [Synth 8-638] synthesizing module 'bd_afc3_s04tr_0' [c:/Users/Jaimin/XilinxProjects/MicroBlazeServer/MicroBlazeServer.srcs/sources_1/bd/design_1/ip/design_1_axi_smc_0/bd_0/ip/ip_40/synth/bd_afc3_s04tr_0.sv:58]
INFO: [Synth 8-256] done synthesizing module 'bd_afc3_s04tr_0' (99#1) [c:/Users/Jaimin/XilinxProjects/MicroBlazeServer/MicroBlazeServer.srcs/sources_1/bd/design_1/ip/design_1_axi_smc_0/bd_0/ip/ip_40/synth/bd_afc3_s04tr_0.sv:58]
INFO: [Synth 8-256] done synthesizing module 's04_entry_pipeline_imp_UPCQEV' (100#1) [c:/Users/Jaimin/XilinxProjects/MicroBlazeServer/MicroBlazeServer.srcs/sources_1/bd/design_1/ip/design_1_axi_smc_0/bd_0/hdl/bd_afc3.v:5457]
INFO: [Synth 8-638] synthesizing module 's04_nodes_imp_RFNE3P' [c:/Users/Jaimin/XilinxProjects/MicroBlazeServer/MicroBlazeServer.srcs/sources_1/bd/design_1/ip/design_1_axi_smc_0/bd_0/hdl/bd_afc3.v:5800]
INFO: [Synth 8-638] synthesizing module 'bd_afc3_sawn_2' [c:/Users/Jaimin/XilinxProjects/MicroBlazeServer/MicroBlazeServer.srcs/sources_1/bd/design_1/ip/design_1_axi_smc_0/bd_0/ip/ip_43/synth/bd_afc3_sawn_2.sv:58]
INFO: [Synth 8-256] done synthesizing module 'bd_afc3_sawn_2' (101#1) [c:/Users/Jaimin/XilinxProjects/MicroBlazeServer/MicroBlazeServer.srcs/sources_1/bd/design_1/ip/design_1_axi_smc_0/bd_0/ip/ip_43/synth/bd_afc3_sawn_2.sv:58]
INFO: [Synth 8-638] synthesizing module 'bd_afc3_sbn_2' [c:/Users/Jaimin/XilinxProjects/MicroBlazeServer/MicroBlazeServer.srcs/sources_1/bd/design_1/ip/design_1_axi_smc_0/bd_0/ip/ip_45/synth/bd_afc3_sbn_2.sv:58]
INFO: [Synth 8-256] done synthesizing module 'bd_afc3_sbn_2' (102#1) [c:/Users/Jaimin/XilinxProjects/MicroBlazeServer/MicroBlazeServer.srcs/sources_1/bd/design_1/ip/design_1_axi_smc_0/bd_0/ip/ip_45/synth/bd_afc3_sbn_2.sv:58]
INFO: [Synth 8-638] synthesizing module 'bd_afc3_swn_2' [c:/Users/Jaimin/XilinxProjects/MicroBlazeServer/MicroBlazeServer.srcs/sources_1/bd/design_1/ip/design_1_axi_smc_0/bd_0/ip/ip_44/synth/bd_afc3_swn_2.sv:58]
INFO: [Synth 8-256] done synthesizing module 'bd_afc3_swn_2' (103#1) [c:/Users/Jaimin/XilinxProjects/MicroBlazeServer/MicroBlazeServer.srcs/sources_1/bd/design_1/ip/design_1_axi_smc_0/bd_0/ip/ip_44/synth/bd_afc3_swn_2.sv:58]
INFO: [Synth 8-256] done synthesizing module 's04_nodes_imp_RFNE3P' (104#1) [c:/Users/Jaimin/XilinxProjects/MicroBlazeServer/MicroBlazeServer.srcs/sources_1/bd/design_1/ip/design_1_axi_smc_0/bd_0/hdl/bd_afc3.v:5800]
INFO: [Synth 8-638] synthesizing module 'switchboards_imp_4N4PBE' [c:/Users/Jaimin/XilinxProjects/MicroBlazeServer/MicroBlazeServer.srcs/sources_1/bd/design_1/ip/design_1_axi_smc_0/bd_0/hdl/bd_afc3.v:5986]
INFO: [Synth 8-638] synthesizing module 'bd_afc3_arsw_0' [c:/Users/Jaimin/XilinxProjects/MicroBlazeServer/MicroBlazeServer.srcs/sources_1/bd/design_1/ip/design_1_axi_smc_0/bd_0/ip/ip_4/synth/bd_afc3_arsw_0.sv:57]
INFO: [Synth 8-256] done synthesizing module 'bd_afc3_arsw_0' (107#1) [c:/Users/Jaimin/XilinxProjects/MicroBlazeServer/MicroBlazeServer.srcs/sources_1/bd/design_1/ip/design_1_axi_smc_0/bd_0/ip/ip_4/synth/bd_afc3_arsw_0.sv:57]
INFO: [Synth 8-638] synthesizing module 'bd_afc3_awsw_0' [c:/Users/Jaimin/XilinxProjects/MicroBlazeServer/MicroBlazeServer.srcs/sources_1/bd/design_1/ip/design_1_axi_smc_0/bd_0/ip/ip_6/synth/bd_afc3_awsw_0.sv:57]
INFO: [Synth 8-256] done synthesizing module 'bd_afc3_awsw_0' (108#1) [c:/Users/Jaimin/XilinxProjects/MicroBlazeServer/MicroBlazeServer.srcs/sources_1/bd/design_1/ip/design_1_axi_smc_0/bd_0/ip/ip_6/synth/bd_afc3_awsw_0.sv:57]
INFO: [Synth 8-638] synthesizing module 'bd_afc3_bsw_0' [c:/Users/Jaimin/XilinxProjects/MicroBlazeServer/MicroBlazeServer.srcs/sources_1/bd/design_1/ip/design_1_axi_smc_0/bd_0/ip/ip_8/synth/bd_afc3_bsw_0.sv:57]
INFO: [Synth 8-256] done synthesizing module 'bd_afc3_bsw_0' (109#1) [c:/Users/Jaimin/XilinxProjects/MicroBlazeServer/MicroBlazeServer.srcs/sources_1/bd/design_1/ip/design_1_axi_smc_0/bd_0/ip/ip_8/synth/bd_afc3_bsw_0.sv:57]
INFO: [Synth 8-638] synthesizing module 'bd_afc3_rsw_0' [c:/Users/Jaimin/XilinxProjects/MicroBlazeServer/MicroBlazeServer.srcs/sources_1/bd/design_1/ip/design_1_axi_smc_0/bd_0/ip/ip_5/synth/bd_afc3_rsw_0.sv:57]
INFO: [Synth 8-256] done synthesizing module 'bd_afc3_rsw_0' (110#1) [c:/Users/Jaimin/XilinxProjects/MicroBlazeServer/MicroBlazeServer.srcs/sources_1/bd/design_1/ip/design_1_axi_smc_0/bd_0/ip/ip_5/synth/bd_afc3_rsw_0.sv:57]
INFO: [Synth 8-638] synthesizing module 'bd_afc3_wsw_0' [c:/Users/Jaimin/XilinxProjects/MicroBlazeServer/MicroBlazeServer.srcs/sources_1/bd/design_1/ip/design_1_axi_smc_0/bd_0/ip/ip_7/synth/bd_afc3_wsw_0.sv:57]
INFO: [Synth 8-256] done synthesizing module 'bd_afc3_wsw_0' (111#1) [c:/Users/Jaimin/XilinxProjects/MicroBlazeServer/MicroBlazeServer.srcs/sources_1/bd/design_1/ip/design_1_axi_smc_0/bd_0/ip/ip_7/synth/bd_afc3_wsw_0.sv:57]
INFO: [Synth 8-256] done synthesizing module 'switchboards_imp_4N4PBE' (112#1) [c:/Users/Jaimin/XilinxProjects/MicroBlazeServer/MicroBlazeServer.srcs/sources_1/bd/design_1/ip/design_1_axi_smc_0/bd_0/hdl/bd_afc3.v:5986]
INFO: [Synth 8-256] done synthesizing module 'bd_afc3' (113#1) [c:/Users/Jaimin/XilinxProjects/MicroBlazeServer/MicroBlazeServer.srcs/sources_1/bd/design_1/ip/design_1_axi_smc_0/bd_0/hdl/bd_afc3.v:13]
INFO: [Synth 8-256] done synthesizing module 'design_1_axi_smc_0' (114#1) [c:/Users/Jaimin/XilinxProjects/MicroBlazeServer/MicroBlazeServer.srcs/sources_1/bd/design_1/ip/design_1_axi_smc_0/synth/design_1_axi_smc_0.v:57]
Finished RTL Elaboration : Time (s): cpu = 00:01:09 ; elapsed = 00:01:16 . Memory (MB): peak = 597.078 ; gain = 267.734
Finished RTL Optimization Phase 1 : Time (s): cpu = 00:01:16 ; elapsed = 00:01:25 . Memory (MB): peak = 597.078 ; gain = 267.734
INFO: [Device 21-403] Loading part xc7a200tsbg484-1
Constraint Validation Runtime : Time (s): cpu = 00:00:05 ; elapsed = 00:00:04 . Memory (MB): peak = 1825.648 ; gain = 7.266
Finished Constraint Validation : Time (s): cpu = 00:04:52 ; elapsed = 00:05:16 . Memory (MB): peak = 1825.648 ; gain = 1496.305
Finished Loading Part and Timing Information : Time (s): cpu = 00:04:52 ; elapsed = 00:05:17 . Memory (MB): peak = 1825.648 ; gain = 1496.305
Finished applying 'set_property' XDC Constraints : Time (s): cpu = 00:04:52 ; elapsed = 00:05:18 . Memory (MB): peak = 1825.648 ; gain = 1496.305
Finished RTL Optimization Phase 2 : Time (s): cpu = 00:05:01 ; elapsed = 00:05:28 . Memory (MB): peak = 1825.648 ; gain = 1496.305
Finished Cross Boundary and Area Optimization : Time (s): cpu = 00:06:28 ; elapsed = 00:07:05 . Memory (MB): peak = 1825.648 ; gain = 1496.305
---------------------------------------------------------------------------------
Start ROM, RAM, DSP and Shift Register Reporting
---------------------------------------------------------------------------------

Distributed RAM: Preliminary Mapping  Report (see note below)
+-----------------------------------------------------------------------------------------------------------------------------------------------------------------------------------+----------------------------------+----------------+----------------------+----------------+
|Module Name                                                                                                                                                                        | RTL Object                       | Inference      | Size (Depth x Width) | Primitives     | 
+-----------------------------------------------------------------------------------------------------------------------------------------------------------------------------------+----------------------------------+----------------+----------------------+----------------+
|inst/i_3/\m00_nodes/m00_ar_node/inst /\inst_mi_handler/gen_normal_area.inst_fifo_node_payld/gen_xpm_memory_fifo.inst_fifo/gen_mem_rep[0].inst_xpm_memory                           | gen_wr_a.gen_word_narrow.mem_reg | User Attribute | 32 x 162             | RAM32M x 27    | 
|inst/i_3/\m00_nodes/m00_aw_node/inst /\inst_mi_handler/gen_normal_area.inst_fifo_node_payld/gen_xpm_memory_fifo.inst_fifo/gen_mem_rep[0].inst_xpm_memory                           | gen_wr_a.gen_word_narrow.mem_reg | User Attribute | 32 x 162             | RAM32M x 27    | 
|inst/i_3/\m00_nodes/m00_b_node/inst /\inst_mi_handler/gen_normal_area.gen_fifo_req.inst_fifo_req/gen_xpm_memory_fifo.inst_fifo/gen_mem_rep[0].inst_xpm_memory                      | gen_wr_a.gen_word_narrow.mem_reg | User Attribute | 32 x 22              | RAM32M x 4     | 
|inst/i_3/\m00_nodes/m00_b_node/inst /\inst_mi_handler/gen_normal_area.inst_fifo_node_payld/gen_xpm_memory_fifo.inst_fifo/gen_mem_rep[0].inst_xpm_memory                            | gen_wr_a.gen_word_narrow.mem_reg | User Attribute | 32 x 11              | RAM32M x 2     | 
|inst/i_3/\m00_nodes/m00_r_node/inst /\inst_mi_handler/gen_normal_area.gen_fifo_req.inst_fifo_req/gen_xpm_memory_fifo.inst_fifo/gen_mem_rep[0].inst_xpm_memory                      | gen_wr_a.gen_word_narrow.mem_reg | User Attribute | 32 x 22              | RAM32M x 4     | 
|inst/i_3/\m00_nodes/m00_r_node/inst /\inst_mi_handler/gen_normal_area.inst_fifo_node_payld/gen_xpm_memory_fifo.inst_fifo/gen_mem_rep[0].inst_xpm_memory                            | gen_wr_a.gen_word_narrow.mem_reg | User Attribute | 32 x 57              | RAM32M x 10    | 
|inst/i_3/\m00_nodes/m00_w_node/inst /\inst_si_handler/gen_si_handler.gen_request_fifos.gen_req_fifo[0].inst_req_fifo/gen_xpm_memory_fifo.inst_fifo/gen_mem_rep[0].inst_xpm_memory  | gen_wr_a.gen_word_narrow.mem_reg | User Attribute | 4 x 1                | RAM16X1D x 1   | 
|inst/i_3/\m00_nodes/m00_w_node/inst /\inst_si_handler/gen_si_handler.gen_request_fifos.gen_req_fifo[1].inst_req_fifo/gen_xpm_memory_fifo.inst_fifo/gen_mem_rep[0].inst_xpm_memory  | gen_wr_a.gen_word_narrow.mem_reg | User Attribute | 4 x 1                | RAM16X1D x 1   | 
|inst/i_3/\m00_nodes/m00_w_node/inst /\inst_si_handler/gen_si_handler.gen_request_fifos.gen_req_fifo[2].inst_req_fifo/gen_xpm_memory_fifo.inst_fifo/gen_mem_rep[0].inst_xpm_memory  | gen_wr_a.gen_word_narrow.mem_reg | User Attribute | 4 x 1                | RAM16X1D x 1   | 
|inst/i_3/\m00_nodes/m00_w_node/inst /\inst_si_handler/gen_si_handler.gen_request_fifos.gen_req_fifo[3].inst_req_fifo/gen_xpm_memory_fifo.inst_fifo/gen_mem_rep[0].inst_xpm_memory  | gen_wr_a.gen_word_narrow.mem_reg | User Attribute | 4 x 1                | RAM16X1D x 1   | 
|inst/i_3/\m00_nodes/m00_w_node/inst /\inst_si_handler/gen_si_handler.gen_request_fifos.gen_req_fifo[4].inst_req_fifo/gen_xpm_memory_fifo.inst_fifo/gen_mem_rep[0].inst_xpm_memory  | gen_wr_a.gen_word_narrow.mem_reg | User Attribute | 4 x 1                | RAM16X1D x 1   | 
|inst/i_3/\m00_nodes/m00_w_node/inst /\inst_mi_handler/gen_normal_area.inst_fifo_node_payld/gen_xpm_memory_fifo.inst_fifo/gen_mem_rep[0].inst_xpm_memory                            | gen_wr_a.gen_word_narrow.mem_reg | User Attribute | 32 x 72              | RAM32M x 12    | 
|inst/i_3/\s00_nodes/s00_ar_node/inst /\inst_mi_handler/gen_normal_area.gen_fifo_req.inst_fifo_req/gen_xpm_memory_fifo.inst_fifo/gen_mem_rep[0].inst_xpm_memory                     | gen_wr_a.gen_word_narrow.mem_reg | User Attribute | 32 x 18              | RAM32M x 3     | 
|inst/i_3/\s00_nodes/s00_ar_node/inst /\inst_mi_handler/gen_normal_area.inst_fifo_node_payld/gen_xpm_memory_fifo.inst_fifo/gen_mem_rep[0].inst_xpm_memory                           | gen_wr_a.gen_word_narrow.mem_reg | User Attribute | 32 x 142             | RAM32M x 24    | 
|inst/i_3/\s00_nodes/s00_aw_node/inst /\inst_mi_handler/gen_normal_area.gen_fifo_req.inst_fifo_req/gen_xpm_memory_fifo.inst_fifo/gen_mem_rep[0].inst_xpm_memory                     | gen_wr_a.gen_word_narrow.mem_reg | User Attribute | 32 x 18              | RAM32M x 3     | 
|inst/i_3/\s00_nodes/s00_aw_node/inst /\inst_mi_handler/gen_normal_area.inst_fifo_node_payld/gen_xpm_memory_fifo.inst_fifo/gen_mem_rep[0].inst_xpm_memory                           | gen_wr_a.gen_word_narrow.mem_reg | User Attribute | 32 x 142             | RAM32M x 24    | 
|inst/i_3/\s00_nodes/s00_b_node/inst /\inst_mi_handler/gen_normal_area.gen_node_prog_full.inst_node_prog_full/gen_xpm_memory_fifo.inst_fifo/gen_mem_rep[0].inst_xpm_memory          | gen_wr_a.gen_word_narrow.mem_reg | User Attribute | 32 x 1               | RAM32X1D x 1   | 
|inst/i_3/\s00_nodes/s00_b_node/inst /\inst_mi_handler/gen_normal_area.inst_fifo_node_payld/gen_xpm_memory_fifo.inst_fifo/gen_mem_rep[0].inst_xpm_memory                            | gen_wr_a.gen_word_narrow.mem_reg | User Attribute | 32 x 29              | RAM32M x 5     | 
|inst/i_3/\s00_nodes/s00_r_node/inst /\inst_mi_handler/gen_normal_area.gen_node_prog_full.inst_node_prog_full/gen_xpm_memory_fifo.inst_fifo/gen_mem_rep[0].inst_xpm_memory          | gen_wr_a.gen_word_narrow.mem_reg | User Attribute | 32 x 1               | RAM32X1D x 1   | 
|inst/i_3/\s00_nodes/s00_r_node/inst /\inst_mi_handler/gen_normal_area.inst_fifo_node_payld/gen_xpm_memory_fifo.inst_fifo/gen_mem_rep[0].inst_xpm_memory                            | gen_wr_a.gen_word_narrow.mem_reg | User Attribute | 32 x 75              | RAM32M x 13    | 
|inst/i_3/\s00_nodes/s00_w_node/inst /\inst_mi_handler/gen_normal_area.gen_fifo_req.inst_fifo_req/gen_xpm_memory_fifo.inst_fifo/gen_mem_rep[0].inst_xpm_memory                      | gen_wr_a.gen_word_narrow.mem_reg | User Attribute | 32 x 18              | RAM32M x 3     | 
|inst/i_3/\s00_nodes/s00_w_node/inst /\inst_mi_handler/gen_normal_area.inst_fifo_node_payld/gen_xpm_memory_fifo.inst_fifo/gen_mem_rep[0].inst_xpm_memory                            | gen_wr_a.gen_word_narrow.mem_reg | User Attribute | 32 x 52              | RAM32M x 9     | 
|inst/i_3/\s01_nodes/s01_ar_node/inst /\inst_mi_handler/gen_normal_area.gen_fifo_req.inst_fifo_req/gen_xpm_memory_fifo.inst_fifo/gen_mem_rep[0].inst_xpm_memory                     | gen_wr_a.gen_word_narrow.mem_reg | User Attribute | 32 x 18              | RAM32M x 3     | 
|inst/i_3/\s01_nodes/s01_ar_node/inst /\inst_mi_handler/gen_normal_area.inst_fifo_node_payld/gen_xpm_memory_fifo.inst_fifo/gen_mem_rep[0].inst_xpm_memory                           | gen_wr_a.gen_word_narrow.mem_reg | User Attribute | 32 x 142             | RAM32M x 24    | 
|inst/i_3/\s01_nodes/s01_r_node/inst /\inst_mi_handler/gen_normal_area.gen_node_prog_full.inst_node_prog_full/gen_xpm_memory_fifo.inst_fifo/gen_mem_rep[0].inst_xpm_memory          | gen_wr_a.gen_word_narrow.mem_reg | User Attribute | 32 x 1               | RAM32X1D x 1   | 
|inst/i_3/\s01_nodes/s01_r_node/inst /\inst_mi_handler/gen_normal_area.inst_fifo_node_payld/gen_xpm_memory_fifo.inst_fifo/gen_mem_rep[0].inst_xpm_memory                            | gen_wr_a.gen_word_narrow.mem_reg | User Attribute | 32 x 75              | RAM32M x 13    | 
|inst/i_3/\s02_nodes/s02_ar_node/inst /\inst_mi_handler/gen_normal_area.gen_fifo_req.inst_fifo_req/gen_xpm_memory_fifo.inst_fifo/gen_mem_rep[0].inst_xpm_memory                     | gen_wr_a.gen_word_narrow.mem_reg | User Attribute | 32 x 18              | RAM32M x 3     | 
|inst/i_3/\s02_nodes/s02_ar_node/inst /\inst_mi_handler/gen_normal_area.inst_fifo_node_payld/gen_xpm_memory_fifo.inst_fifo/gen_mem_rep[0].inst_xpm_memory                           | gen_wr_a.gen_word_narrow.mem_reg | User Attribute | 32 x 142             | RAM32M x 24    | 
|inst/i_3/\s02_nodes/s02_aw_node/inst /\inst_mi_handler/gen_normal_area.gen_fifo_req.inst_fifo_req/gen_xpm_memory_fifo.inst_fifo/gen_mem_rep[0].inst_xpm_memory                     | gen_wr_a.gen_word_narrow.mem_reg | User Attribute | 32 x 18              | RAM32M x 3     | 
|inst/i_3/\s02_nodes/s02_aw_node/inst /\inst_mi_handler/gen_normal_area.inst_fifo_node_payld/gen_xpm_memory_fifo.inst_fifo/gen_mem_rep[0].inst_xpm_memory                           | gen_wr_a.gen_word_narrow.mem_reg | User Attribute | 32 x 142             | RAM32M x 24    | 
|inst/i_3/\s02_nodes/s02_b_node/inst /\inst_mi_handler/gen_normal_area.gen_node_prog_full.inst_node_prog_full/gen_xpm_memory_fifo.inst_fifo/gen_mem_rep[0].inst_xpm_memory          | gen_wr_a.gen_word_narrow.mem_reg | User Attribute | 32 x 1               | RAM32X1D x 1   | 
|inst/i_3/\s02_nodes/s02_b_node/inst /\inst_mi_handler/gen_normal_area.inst_fifo_node_payld/gen_xpm_memory_fifo.inst_fifo/gen_mem_rep[0].inst_xpm_memory                            | gen_wr_a.gen_word_narrow.mem_reg | User Attribute | 32 x 29              | RAM32M x 5     | 
|inst/i_3/\s02_nodes/s02_r_node/inst /\inst_mi_handler/gen_normal_area.gen_node_prog_full.inst_node_prog_full/gen_xpm_memory_fifo.inst_fifo/gen_mem_rep[0].inst_xpm_memory          | gen_wr_a.gen_word_narrow.mem_reg | User Attribute | 32 x 1               | RAM32X1D x 1   | 
|inst/i_3/\s02_nodes/s02_r_node/inst /\inst_mi_handler/gen_normal_area.inst_fifo_node_payld/gen_xpm_memory_fifo.inst_fifo/gen_mem_rep[0].inst_xpm_memory                            | gen_wr_a.gen_word_narrow.mem_reg | User Attribute | 32 x 75              | RAM32M x 13    | 
|inst/i_3/\s02_nodes/s02_w_node/inst /\inst_mi_handler/gen_normal_area.gen_fifo_req.inst_fifo_req/gen_xpm_memory_fifo.inst_fifo/gen_mem_rep[0].inst_xpm_memory                      | gen_wr_a.gen_word_narrow.mem_reg | User Attribute | 32 x 18              | RAM32M x 3     | 
|inst/i_3/\s02_nodes/s02_w_node/inst /\inst_mi_handler/gen_normal_area.inst_fifo_node_payld/gen_xpm_memory_fifo.inst_fifo/gen_mem_rep[0].inst_xpm_memory                            | gen_wr_a.gen_word_narrow.mem_reg | User Attribute | 32 x 52              | RAM32M x 9     | 
|inst/i_3/\s03_nodes/s03_ar_node/inst /\inst_mi_handler/gen_normal_area.gen_fifo_req.inst_fifo_req/gen_xpm_memory_fifo.inst_fifo/gen_mem_rep[0].inst_xpm_memory                     | gen_wr_a.gen_word_narrow.mem_reg | User Attribute | 32 x 18              | RAM32M x 3     | 
|inst/i_3/\s03_nodes/s03_ar_node/inst /\inst_mi_handler/gen_normal_area.inst_fifo_node_payld/gen_xpm_memory_fifo.inst_fifo/gen_mem_rep[0].inst_xpm_memory                           | gen_wr_a.gen_word_narrow.mem_reg | User Attribute | 32 x 142             | RAM32M x 24    | 
|inst/i_3/\s03_nodes/s03_r_node/inst /\inst_mi_handler/gen_normal_area.gen_node_prog_full.inst_node_prog_full/gen_xpm_memory_fifo.inst_fifo/gen_mem_rep[0].inst_xpm_memory          | gen_wr_a.gen_word_narrow.mem_reg | User Attribute | 32 x 1               | RAM32X1D x 1   | 
|inst/i_3/\s03_nodes/s03_r_node/inst /\inst_mi_handler/gen_normal_area.inst_fifo_node_payld/gen_xpm_memory_fifo.inst_fifo/gen_mem_rep[0].inst_xpm_memory                            | gen_wr_a.gen_word_narrow.mem_reg | User Attribute | 32 x 75              | RAM32M x 13    | 
|inst/i_3/\s04_nodes/s04_aw_node/inst /\inst_mi_handler/gen_normal_area.gen_fifo_req.inst_fifo_req/gen_xpm_memory_fifo.inst_fifo/gen_mem_rep[0].inst_xpm_memory                     | gen_wr_a.gen_word_narrow.mem_reg | User Attribute | 32 x 18              | RAM32M x 3     | 
|inst/i_3/\s04_nodes/s04_aw_node/inst /\inst_mi_handler/gen_normal_area.inst_fifo_node_payld/gen_xpm_memory_fifo.inst_fifo/gen_mem_rep[0].inst_xpm_memory                           | gen_wr_a.gen_word_narrow.mem_reg | User Attribute | 32 x 142             | RAM32M x 24    | 
|inst/i_3/\s04_nodes/s04_b_node/inst /\inst_mi_handler/gen_normal_area.gen_node_prog_full.inst_node_prog_full/gen_xpm_memory_fifo.inst_fifo/gen_mem_rep[0].inst_xpm_memory          | gen_wr_a.gen_word_narrow.mem_reg | User Attribute | 32 x 1               | RAM32X1D x 1   | 
|inst/i_3/\s04_nodes/s04_b_node/inst /\inst_mi_handler/gen_normal_area.inst_fifo_node_payld/gen_xpm_memory_fifo.inst_fifo/gen_mem_rep[0].inst_xpm_memory                            | gen_wr_a.gen_word_narrow.mem_reg | User Attribute | 32 x 29              | RAM32M x 5     | 
|inst/i_3/\s04_nodes/s04_w_node/inst /\inst_mi_handler/gen_normal_area.gen_fifo_req.inst_fifo_req/gen_xpm_memory_fifo.inst_fifo/gen_mem_rep[0].inst_xpm_memory                      | gen_wr_a.gen_word_narrow.mem_reg | User Attribute | 32 x 18              | RAM32M x 3     | 
|inst/i_3/\s04_nodes/s04_w_node/inst /\inst_mi_handler/gen_normal_area.inst_fifo_node_payld/gen_xpm_memory_fifo.inst_fifo/gen_mem_rep[0].inst_xpm_memory                            | gen_wr_a.gen_word_narrow.mem_reg | User Attribute | 32 x 52              | RAM32M x 9     | 
+-----------------------------------------------------------------------------------------------------------------------------------------------------------------------------------+----------------------------------+----------------+----------------------+----------------+

Note: The table above is a preliminary report that shows the Distributed RAMs at the current stage of the synthesis flow. Some Distributed RAMs may be reimplemented as non Distributed RAM primitives later in the synthesis flow. Multiple instantiated RAMs are reported only once.
---------------------------------------------------------------------------------
Finished ROM, RAM, DSP and Shift Register Reporting
---------------------------------------------------------------------------------
Finished Applying XDC Timing Constraints : Time (s): cpu = 00:06:45 ; elapsed = 00:07:23 . Memory (MB): peak = 1825.648 ; gain = 1496.305
Finished Timing Optimization : Time (s): cpu = 00:07:08 ; elapsed = 00:07:45 . Memory (MB): peak = 1825.648 ; gain = 1496.305
Finished Technology Mapping : Time (s): cpu = 00:07:23 ; elapsed = 00:08:02 . Memory (MB): peak = 1825.648 ; gain = 1496.305
Finished IO Insertion : Time (s): cpu = 00:07:26 ; elapsed = 00:08:04 . Memory (MB): peak = 1825.648 ; gain = 1496.305
Finished Renaming Generated Instances : Time (s): cpu = 00:07:26 ; elapsed = 00:08:05 . Memory (MB): peak = 1825.648 ; gain = 1496.305
Finished Rebuilding User Hierarchy : Time (s): cpu = 00:07:29 ; elapsed = 00:08:08 . Memory (MB): peak = 1825.648 ; gain = 1496.305
Finished Renaming Generated Ports : Time (s): cpu = 00:07:29 ; elapsed = 00:08:08 . Memory (MB): peak = 1825.648 ; gain = 1496.305
Finished Handling Custom Attributes : Time (s): cpu = 00:07:30 ; elapsed = 00:08:09 . Memory (MB): peak = 1825.648 ; gain = 1496.305
Finished Renaming Generated Nets : Time (s): cpu = 00:07:31 ; elapsed = 00:08:09 . Memory (MB): peak = 1825.648 ; gain = 1496.305

Report Cell Usage: 
+------+---------+------+
|      |Cell     |Count |
+------+---------+------+
|1     |CARRY4   |     6|
|2     |LUT1     |   305|
|3     |LUT2     |   742|
|4     |LUT3     |   592|
|5     |LUT4     |  1907|
|6     |LUT5     |   773|
|7     |LUT6     |  1852|
|8     |RAM16X1D |     5|
|9     |RAM32M   |   378|
|10    |RAM32X1D |     7|
|11    |SRL16    |     3|
|12    |SRLC32E  |   247|
|13    |FDR      |    20|
|14    |FDRE     |  5940|
|15    |FDSE     |   258|
+------+---------+------+
Finished Writing Synthesis Report : Time (s): cpu = 00:07:31 ; elapsed = 00:08:09 . Memory (MB): peak = 1825.648 ; gain = 1496.305
synth_design: Time (s): cpu = 00:07:53 ; elapsed = 00:08:53 . Memory (MB): peak = 1825.648 ; gain = 1500.059
write_checkpoint: Time (s): cpu = 00:00:08 ; elapsed = 00:00:20 . Memory (MB): peak = 1825.648 ; gain = 0.000
write_vhdl: Time (s): cpu = 00:00:05 ; elapsed = 00:00:06 . Memory (MB): peak = 1825.648 ; gain = 0.000
