
*** Running vivado
    with args -log design_1_ilmb_v10_1.vds -m64 -product Vivado -mode batch -messageDb vivado.pb -notrace -source design_1_ilmb_v10_1.tcl


****** Vivado v2017.1 (64-bit)
  **** SW Build 1846317 on Fri Apr 14 18:55:03 MDT 2017
  **** IP Build 1846188 on Fri Apr 14 20:52:08 MDT 2017
    ** Copyright 1986-2017 Xilinx, Inc. All Rights Reserved.

source design_1_ilmb_v10_1.tcl -notrace
Starting RTL Elaboration : Time (s): cpu = 00:00:05 ; elapsed = 00:00:06 . Memory (MB): peak = 371.113 ; gain = 80.770
INFO: [Synth 8-638] synthesizing module 'design_1_ilmb_v10_1' [c:/Users/Jaimin/XilinxProjects/MicroBlazeServer/MicroBlazeServer.srcs/sources_1/bd/design_1/ip/design_1_ilmb_v10_1/synth/design_1_ilmb_v10_1.vhd:89]
INFO: [Synth 8-638] synthesizing module 'lmb_v10' [c:/Users/Jaimin/XilinxProjects/MicroBlazeServer/MicroBlazeServer.srcs/sources_1/bd/design_1/ipshared/162e/hdl/lmb_v10_v3_0_vh_rfs.vhd:140]
INFO: [Synth 8-638] synthesizing module 'FDS' [C:/Xilinx/Vivado/2017.1/scripts/rt/data/unisim_comp.v:4087]
INFO: [Synth 8-256] done synthesizing module 'FDS' (1#1) [C:/Xilinx/Vivado/2017.1/scripts/rt/data/unisim_comp.v:4087]
INFO: [Synth 8-256] done synthesizing module 'lmb_v10' (2#1) [c:/Users/Jaimin/XilinxProjects/MicroBlazeServer/MicroBlazeServer.srcs/sources_1/bd/design_1/ipshared/162e/hdl/lmb_v10_v3_0_vh_rfs.vhd:140]
INFO: [Synth 8-256] done synthesizing module 'design_1_ilmb_v10_1' (3#1) [c:/Users/Jaimin/XilinxProjects/MicroBlazeServer/MicroBlazeServer.srcs/sources_1/bd/design_1/ip/design_1_ilmb_v10_1/synth/design_1_ilmb_v10_1.vhd:89]
Finished RTL Elaboration : Time (s): cpu = 00:00:07 ; elapsed = 00:00:07 . Memory (MB): peak = 412.195 ; gain = 121.852
Finished RTL Optimization Phase 1 : Time (s): cpu = 00:00:07 ; elapsed = 00:00:07 . Memory (MB): peak = 412.195 ; gain = 121.852
INFO: [Device 21-403] Loading part xc7a200tsbg484-1
Constraint Validation Runtime : Time (s): cpu = 00:00:00 ; elapsed = 00:00:00.033 . Memory (MB): peak = 657.020 ; gain = 0.000
Finished Constraint Validation : Time (s): cpu = 00:00:24 ; elapsed = 00:00:25 . Memory (MB): peak = 657.020 ; gain = 366.676
Finished Loading Part and Timing Information : Time (s): cpu = 00:00:24 ; elapsed = 00:00:25 . Memory (MB): peak = 657.020 ; gain = 366.676
Finished applying 'set_property' XDC Constraints : Time (s): cpu = 00:00:24 ; elapsed = 00:00:26 . Memory (MB): peak = 657.020 ; gain = 366.676
Finished RTL Optimization Phase 2 : Time (s): cpu = 00:00:24 ; elapsed = 00:00:26 . Memory (MB): peak = 657.020 ; gain = 366.676
Finished Cross Boundary and Area Optimization : Time (s): cpu = 00:00:25 ; elapsed = 00:00:26 . Memory (MB): peak = 657.020 ; gain = 366.676
Finished Applying XDC Timing Constraints : Time (s): cpu = 00:00:40 ; elapsed = 00:00:42 . Memory (MB): peak = 683.965 ; gain = 393.621
Finished Timing Optimization : Time (s): cpu = 00:00:40 ; elapsed = 00:00:42 . Memory (MB): peak = 683.965 ; gain = 393.621
Finished Technology Mapping : Time (s): cpu = 00:00:40 ; elapsed = 00:00:42 . Memory (MB): peak = 694.109 ; gain = 403.766
Finished IO Insertion : Time (s): cpu = 00:00:41 ; elapsed = 00:00:43 . Memory (MB): peak = 694.109 ; gain = 403.766
Finished Renaming Generated Instances : Time (s): cpu = 00:00:41 ; elapsed = 00:00:43 . Memory (MB): peak = 694.109 ; gain = 403.766
Finished Rebuilding User Hierarchy : Time (s): cpu = 00:00:41 ; elapsed = 00:00:43 . Memory (MB): peak = 694.109 ; gain = 403.766
Finished Renaming Generated Ports : Time (s): cpu = 00:00:41 ; elapsed = 00:00:43 . Memory (MB): peak = 694.109 ; gain = 403.766
Finished Handling Custom Attributes : Time (s): cpu = 00:00:41 ; elapsed = 00:00:43 . Memory (MB): peak = 694.109 ; gain = 403.766
Finished Renaming Generated Nets : Time (s): cpu = 00:00:41 ; elapsed = 00:00:43 . Memory (MB): peak = 694.109 ; gain = 403.766

Report Cell Usage: 
+------+-----+------+
|      |Cell |Count |
+------+-----+------+
|1     |FDS  |     1|
+------+-----+------+
Finished Writing Synthesis Report : Time (s): cpu = 00:00:41 ; elapsed = 00:00:43 . Memory (MB): peak = 694.109 ; gain = 403.766
synth_design: Time (s): cpu = 00:00:44 ; elapsed = 00:00:46 . Memory (MB): peak = 712.324 ; gain = 421.980
