#-----------------------------------------------------------
# Vivado v2017.4 (64-bit)
# SW Build 2086221 on Fri Dec 15 20:55:39 MST 2017
# IP Build 2085800 on Fri Dec 15 22:25:07 MST 2017
# Start of session at: Sun Mar 25 19:31:34 2018
# Process ID: 4980
# Current directory: D:/AlienWare/Course/ECE532/MileStone8/MileStone7/Nexys-Video-HDMI/proj
# Command line: vivado.exe -gui_launcher_event rodinguilauncherevent17488 D:\AlienWare\Course\ECE532\MileStone8\MileStone7\Nexys-Video-HDMI\proj\HDMI.xpr
# Log file: D:/AlienWare/Course/ECE532/MileStone8/MileStone7/Nexys-Video-HDMI/proj/vivado.log
# Journal file: D:/AlienWare/Course/ECE532/MileStone8/MileStone7/Nexys-Video-HDMI/proj\vivado.jou
#-----------------------------------------------------------
start_gui
open_project D:/AlienWare/Course/ECE532/MileStone8/MileStone7/Nexys-Video-HDMI/proj/HDMI.xpr
Scanning sources...
Finished scanning sources
INFO: [IP_Flow 19-234] Refreshing IP repositories
INFO: [IP_Flow 19-1700] Loaded user IP repository 'd:/AlienWare/Course/ECE532/MileStone8/MileStone7/Nexys-Video-HDMI/repo'.
INFO: [IP_Flow 19-1700] Loaded user IP repository 'd:/AlienWare/Course/ECE532/MileStone8/MileStone7/IPs'.
INFO: [IP_Flow 19-2313] Loaded Vivado IP repository 'C:/Xilinx/Vivado/2017.4/data/ip'.
open_project: Time (s): cpu = 00:00:32 ; elapsed = 00:00:28 . Memory (MB): peak = 977.723 ; gain = 247.176
update_compile_order -fileset sources_1
exit
INFO: [Common 17-206] Exiting Vivado at Sun Mar 25 21:08:38 2018...
