
*** Running vivado
    with args -log design_1_counter_0_0.vds -m64 -product Vivado -mode batch -messageDb vivado.pb -notrace -source design_1_counter_0_0.tcl


****** Vivado v2017.4 (64-bit)
  **** SW Build 2086221 on Fri Dec 15 20:55:39 MST 2017
  **** IP Build 2085800 on Fri Dec 15 22:25:07 MST 2017
    ** Copyright 1986-2017 Xilinx, Inc. All Rights Reserved.

source design_1_counter_0_0.tcl -notrace
Command: synth_design -top design_1_counter_0_0 -part xc7a200tsbg484-1 -mode out_of_context
Starting synth_design
Attempting to get a license for feature 'Synthesis' and/or device 'xc7a200t'
INFO: [Common 17-349] Got license for feature 'Synthesis' and/or device 'xc7a200t'
INFO: Launching helper process for spawning children vivado processes
INFO: Helper process launched with PID 15284 
---------------------------------------------------------------------------------
Starting RTL Elaboration : Time (s): cpu = 00:00:06 ; elapsed = 00:00:06 . Memory (MB): peak = 432.805 ; gain = 100.625
---------------------------------------------------------------------------------
INFO: [Synth 8-638] synthesizing module 'design_1_counter_0_0' [d:/AlienWare/Course/ECE532/MileStone5/MileStone5/MBS_V1/MicroBlazeServer.srcs/sources_1/bd/design_1/ip/design_1_counter_0_0/synth/design_1_counter_0_0.v:57]
INFO: [Synth 8-638] synthesizing module 'counter_v1' [d:/AlienWare/Course/ECE532/MileStone5/MileStone5/MBS_V1/MicroBlazeServer.srcs/sources_1/bd/design_1/ipshared/7a8c/hdl/counter_v1.v:4]
	Parameter C_S00_AXI_DATA_WIDTH bound to: 32 - type: integer 
	Parameter C_S00_AXI_ADDR_WIDTH bound to: 4 - type: integer 
INFO: [Synth 8-638] synthesizing module 'counter_v1_S00_AXI' [d:/AlienWare/Course/ECE532/MileStone5/MileStone5/MBS_V1/MicroBlazeServer.srcs/sources_1/bd/design_1/ipshared/7a8c/hdl/counter_v1_S00_AXI.v:4]
	Parameter C_S_AXI_DATA_WIDTH bound to: 32 - type: integer 
	Parameter C_S_AXI_ADDR_WIDTH bound to: 4 - type: integer 
	Parameter ADDR_LSB bound to: 2 - type: integer 
	Parameter OPT_MEM_ADDR_BITS bound to: 1 - type: integer 
INFO: [Synth 8-226] default block is never used [d:/AlienWare/Course/ECE532/MileStone5/MileStone5/MBS_V1/MicroBlazeServer.srcs/sources_1/bd/design_1/ipshared/7a8c/hdl/counter_v1_S00_AXI.v:233]
INFO: [Synth 8-226] default block is never used [d:/AlienWare/Course/ECE532/MileStone5/MileStone5/MBS_V1/MicroBlazeServer.srcs/sources_1/bd/design_1/ipshared/7a8c/hdl/counter_v1_S00_AXI.v:374]
INFO: [Synth 8-256] done synthesizing module 'counter_v1_S00_AXI' (1#1) [d:/AlienWare/Course/ECE532/MileStone5/MileStone5/MBS_V1/MicroBlazeServer.srcs/sources_1/bd/design_1/ipshared/7a8c/hdl/counter_v1_S00_AXI.v:4]
INFO: [Synth 8-256] done synthesizing module 'counter_v1' (2#1) [d:/AlienWare/Course/ECE532/MileStone5/MileStone5/MBS_V1/MicroBlazeServer.srcs/sources_1/bd/design_1/ipshared/7a8c/hdl/counter_v1.v:4]
INFO: [Synth 8-256] done synthesizing module 'design_1_counter_0_0' (3#1) [d:/AlienWare/Course/ECE532/MileStone5/MileStone5/MBS_V1/MicroBlazeServer.srcs/sources_1/bd/design_1/ip/design_1_counter_0_0/synth/design_1_counter_0_0.v:57]
WARNING: [Synth 8-3331] design counter_v1_S00_AXI has unconnected port S_AXI_AWPROT[2]
WARNING: [Synth 8-3331] design counter_v1_S00_AXI has unconnected port S_AXI_AWPROT[1]
WARNING: [Synth 8-3331] design counter_v1_S00_AXI has unconnected port S_AXI_AWPROT[0]
WARNING: [Synth 8-3331] design counter_v1_S00_AXI has unconnected port S_AXI_ARPROT[2]
WARNING: [Synth 8-3331] design counter_v1_S00_AXI has unconnected port S_AXI_ARPROT[1]
WARNING: [Synth 8-3331] design counter_v1_S00_AXI has unconnected port S_AXI_ARPROT[0]
---------------------------------------------------------------------------------
Finished RTL Elaboration : Time (s): cpu = 00:00:07 ; elapsed = 00:00:07 . Memory (MB): peak = 485.063 ; gain = 152.883
---------------------------------------------------------------------------------

Report Check Netlist: 
+------+------------------+-------+---------+-------+------------------+
|      |Item              |Errors |Warnings |Status |Description       |
+------+------------------+-------+---------+-------+------------------+
|1     |multi_driven_nets |      0|        0|Passed |Multi driven nets |
+------+------------------+-------+---------+-------+------------------+
---------------------------------------------------------------------------------
Finished RTL Optimization Phase 1 : Time (s): cpu = 00:00:07 ; elapsed = 00:00:08 . Memory (MB): peak = 485.063 ; gain = 152.883
---------------------------------------------------------------------------------
INFO: [Device 21-403] Loading part xc7a200tsbg484-1
INFO: [Project 1-570] Preparing netlist for logic optimization

Processing XDC Constraints
Initializing timing engine
Completed Processing XDC Constraints

INFO: [Project 1-111] Unisim Transformation Summary:
No Unisim elements were transformed.

Constraint Validation Runtime : Time (s): cpu = 00:00:00 ; elapsed = 00:00:00.017 . Memory (MB): peak = 857.582 ; gain = 0.000
---------------------------------------------------------------------------------
Finished Constraint Validation : Time (s): cpu = 00:00:21 ; elapsed = 00:00:22 . Memory (MB): peak = 857.582 ; gain = 525.402
---------------------------------------------------------------------------------
---------------------------------------------------------------------------------
Start Loading Part and Timing Information
---------------------------------------------------------------------------------
Loading part: xc7a200tsbg484-1
---------------------------------------------------------------------------------
Finished Loading Part and Timing Information : Time (s): cpu = 00:00:21 ; elapsed = 00:00:22 . Memory (MB): peak = 857.582 ; gain = 525.402
---------------------------------------------------------------------------------
---------------------------------------------------------------------------------
Start Applying 'set_property' XDC Constraints
---------------------------------------------------------------------------------
---------------------------------------------------------------------------------
Finished applying 'set_property' XDC Constraints : Time (s): cpu = 00:00:21 ; elapsed = 00:00:22 . Memory (MB): peak = 857.582 ; gain = 525.402
---------------------------------------------------------------------------------
WARNING: [Synth 8-6014] Unused sequential element counter_buffer_reg was removed.  [d:/AlienWare/Course/ECE532/MileStone5/MileStone5/MBS_V1/MicroBlazeServer.srcs/sources_1/bd/design_1/ipshared/7a8c/hdl/counter_v1_S00_AXI.v:406]
WARNING: [Synth 8-6014] Unused sequential element counter_out_reg was removed.  [d:/AlienWare/Course/ECE532/MileStone5/MileStone5/MBS_V1/MicroBlazeServer.srcs/sources_1/bd/design_1/ipshared/7a8c/hdl/counter_v1_S00_AXI.v:418]
---------------------------------------------------------------------------------
Finished RTL Optimization Phase 2 : Time (s): cpu = 00:00:21 ; elapsed = 00:00:22 . Memory (MB): peak = 857.582 ; gain = 525.402
---------------------------------------------------------------------------------

Report RTL Partitions: 
+-+--------------+------------+----------+
| |RTL Partition |Replication |Instances |
+-+--------------+------------+----------+
+-+--------------+------------+----------+
---------------------------------------------------------------------------------
Start RTL Component Statistics 
---------------------------------------------------------------------------------
Detailed RTL Component Info : 
+---Adders : 
	   2 Input      8 Bit       Adders := 1     
+---Registers : 
	               32 Bit    Registers := 5     
	                8 Bit    Registers := 1     
	                4 Bit    Registers := 2     
	                2 Bit    Registers := 2     
	                1 Bit    Registers := 6     
+---Muxes : 
	   2 Input     32 Bit        Muxes := 4     
	   4 Input     32 Bit        Muxes := 5     
	   2 Input      8 Bit        Muxes := 1     
	   2 Input      1 Bit        Muxes := 5     
---------------------------------------------------------------------------------
Finished RTL Component Statistics 
---------------------------------------------------------------------------------
---------------------------------------------------------------------------------
Start RTL Hierarchical Component Statistics 
---------------------------------------------------------------------------------
Hierarchical RTL Component report 
Module counter_v1_S00_AXI 
Detailed RTL Component Info : 
+---Adders : 
	   2 Input      8 Bit       Adders := 1     
+---Registers : 
	               32 Bit    Registers := 5     
	                8 Bit    Registers := 1     
	                4 Bit    Registers := 2     
	                2 Bit    Registers := 2     
	                1 Bit    Registers := 6     
+---Muxes : 
	   2 Input     32 Bit        Muxes := 4     
	   4 Input     32 Bit        Muxes := 5     
	   2 Input      8 Bit        Muxes := 1     
	   2 Input      1 Bit        Muxes := 5     
---------------------------------------------------------------------------------
Finished RTL Hierarchical Component Statistics
---------------------------------------------------------------------------------
---------------------------------------------------------------------------------
Start Part Resource Summary
---------------------------------------------------------------------------------
Part Resources:
DSPs: 740 (col length:100)
BRAMs: 730 (col length: RAMB18 100 RAMB36 50)
---------------------------------------------------------------------------------
Finished Part Resource Summary
---------------------------------------------------------------------------------
---------------------------------------------------------------------------------
Start Cross Boundary and Area Optimization
---------------------------------------------------------------------------------
WARNING: [Synth 8-6014] Unused sequential element inst/counter_v1_S00_AXI_inst/counter_buffer_reg was removed.  [d:/AlienWare/Course/ECE532/MileStone5/MileStone5/MBS_V1/MicroBlazeServer.srcs/sources_1/bd/design_1/ipshared/7a8c/hdl/counter_v1_S00_AXI.v:406]
WARNING: [Synth 8-6014] Unused sequential element inst/counter_v1_S00_AXI_inst/counter_out_reg was removed.  [d:/AlienWare/Course/ECE532/MileStone5/MileStone5/MBS_V1/MicroBlazeServer.srcs/sources_1/bd/design_1/ipshared/7a8c/hdl/counter_v1_S00_AXI.v:418]
WARNING: [Synth 8-3331] design design_1_counter_0_0 has unconnected port s00_axi_awprot[2]
WARNING: [Synth 8-3331] design design_1_counter_0_0 has unconnected port s00_axi_awprot[1]
WARNING: [Synth 8-3331] design design_1_counter_0_0 has unconnected port s00_axi_awprot[0]
WARNING: [Synth 8-3331] design design_1_counter_0_0 has unconnected port s00_axi_arprot[2]
WARNING: [Synth 8-3331] design design_1_counter_0_0 has unconnected port s00_axi_arprot[1]
WARNING: [Synth 8-3331] design design_1_counter_0_0 has unconnected port s00_axi_arprot[0]
INFO: [Synth 8-3886] merging instance 'inst/counter_v1_S00_AXI_inst/axi_rresp_reg[0]' (FDRE) to 'inst/counter_v1_S00_AXI_inst/axi_rresp_reg[1]'
INFO: [Synth 8-3333] propagating constant 0 across sequential element (\inst/counter_v1_S00_AXI_inst/axi_rresp_reg[1] )
INFO: [Synth 8-3886] merging instance 'inst/counter_v1_S00_AXI_inst/axi_bresp_reg[0]' (FDRE) to 'inst/counter_v1_S00_AXI_inst/axi_bresp_reg[1]'
INFO: [Synth 8-3333] propagating constant 0 across sequential element (\inst/counter_v1_S00_AXI_inst/axi_bresp_reg[1] )
INFO: [Synth 8-3332] Sequential element (inst/counter_v1_S00_AXI_inst/axi_bresp_reg[1]) is unused and will be removed from module design_1_counter_0_0.
INFO: [Synth 8-3332] Sequential element (inst/counter_v1_S00_AXI_inst/axi_araddr_reg[1]) is unused and will be removed from module design_1_counter_0_0.
INFO: [Synth 8-3332] Sequential element (inst/counter_v1_S00_AXI_inst/axi_araddr_reg[0]) is unused and will be removed from module design_1_counter_0_0.
INFO: [Synth 8-3332] Sequential element (inst/counter_v1_S00_AXI_inst/axi_awaddr_reg[1]) is unused and will be removed from module design_1_counter_0_0.
INFO: [Synth 8-3332] Sequential element (inst/counter_v1_S00_AXI_inst/axi_awaddr_reg[0]) is unused and will be removed from module design_1_counter_0_0.
INFO: [Synth 8-3332] Sequential element (inst/counter_v1_S00_AXI_inst/axi_rresp_reg[1]) is unused and will be removed from module design_1_counter_0_0.
INFO: [Synth 8-3886] merging instance 'counter_v1_S00_AXI_insti_3/inst/counter_v1_S00_AXI_inst/counter_buffer_reg[25]' (FDC) to 'counter_v1_S00_AXI_insti_3/inst/counter_v1_S00_AXI_inst/counter_buffer_reg[15]'
INFO: [Synth 8-3886] merging instance 'counter_v1_S00_AXI_insti_3/inst/counter_v1_S00_AXI_inst/counter_buffer_reg[23]' (FDC) to 'counter_v1_S00_AXI_insti_3/inst/counter_v1_S00_AXI_inst/counter_buffer_reg[15]'
INFO: [Synth 8-3886] merging instance 'counter_v1_S00_AXI_insti_3/inst/counter_v1_S00_AXI_inst/counter_buffer_reg[24]' (FDC) to 'counter_v1_S00_AXI_insti_3/inst/counter_v1_S00_AXI_inst/counter_buffer_reg[15]'
INFO: [Synth 8-3886] merging instance 'counter_v1_S00_AXI_insti_3/inst/counter_v1_S00_AXI_inst/counter_buffer_reg[26]' (FDC) to 'counter_v1_S00_AXI_insti_3/inst/counter_v1_S00_AXI_inst/counter_buffer_reg[15]'
INFO: [Synth 8-3886] merging instance 'counter_v1_S00_AXI_insti_3/inst/counter_v1_S00_AXI_inst/counter_buffer_reg[27]' (FDC) to 'counter_v1_S00_AXI_insti_3/inst/counter_v1_S00_AXI_inst/counter_buffer_reg[15]'
INFO: [Synth 8-3886] merging instance 'counter_v1_S00_AXI_insti_3/inst/counter_v1_S00_AXI_inst/counter_buffer_reg[31]' (FDC) to 'counter_v1_S00_AXI_insti_3/inst/counter_v1_S00_AXI_inst/counter_buffer_reg[15]'
INFO: [Synth 8-3886] merging instance 'counter_v1_S00_AXI_insti_3/inst/counter_v1_S00_AXI_inst/counter_buffer_reg[30]' (FDC) to 'counter_v1_S00_AXI_insti_3/inst/counter_v1_S00_AXI_inst/counter_buffer_reg[15]'
INFO: [Synth 8-3886] merging instance 'counter_v1_S00_AXI_insti_3/inst/counter_v1_S00_AXI_inst/counter_buffer_reg[28]' (FDC) to 'counter_v1_S00_AXI_insti_3/inst/counter_v1_S00_AXI_inst/counter_buffer_reg[15]'
INFO: [Synth 8-3886] merging instance 'counter_v1_S00_AXI_insti_3/inst/counter_v1_S00_AXI_inst/counter_buffer_reg[29]' (FDC) to 'counter_v1_S00_AXI_insti_3/inst/counter_v1_S00_AXI_inst/counter_buffer_reg[15]'
INFO: [Synth 8-3886] merging instance 'counter_v1_S00_AXI_insti_3/inst/counter_v1_S00_AXI_inst/counter_buffer_reg[19]' (FDC) to 'counter_v1_S00_AXI_insti_3/inst/counter_v1_S00_AXI_inst/counter_buffer_reg[15]'
INFO: [Synth 8-3886] merging instance 'counter_v1_S00_AXI_insti_3/inst/counter_v1_S00_AXI_inst/counter_buffer_reg[20]' (FDC) to 'counter_v1_S00_AXI_insti_3/inst/counter_v1_S00_AXI_inst/counter_buffer_reg[15]'
INFO: [Synth 8-3886] merging instance 'counter_v1_S00_AXI_insti_3/inst/counter_v1_S00_AXI_inst/counter_buffer_reg[21]' (FDC) to 'counter_v1_S00_AXI_insti_3/inst/counter_v1_S00_AXI_inst/counter_buffer_reg[15]'
INFO: [Synth 8-3886] merging instance 'counter_v1_S00_AXI_insti_3/inst/counter_v1_S00_AXI_inst/counter_buffer_reg[22]' (FDC) to 'counter_v1_S00_AXI_insti_3/inst/counter_v1_S00_AXI_inst/counter_buffer_reg[15]'
INFO: [Synth 8-3886] merging instance 'counter_v1_S00_AXI_insti_3/inst/counter_v1_S00_AXI_inst/counter_buffer_reg[17]' (FDC) to 'counter_v1_S00_AXI_insti_3/inst/counter_v1_S00_AXI_inst/counter_buffer_reg[15]'
INFO: [Synth 8-3886] merging instance 'counter_v1_S00_AXI_insti_3/inst/counter_v1_S00_AXI_inst/counter_buffer_reg[18]' (FDC) to 'counter_v1_S00_AXI_insti_3/inst/counter_v1_S00_AXI_inst/counter_buffer_reg[15]'
INFO: [Synth 8-3886] merging instance 'counter_v1_S00_AXI_insti_3/inst/counter_v1_S00_AXI_inst/counter_buffer_reg[16]' (FDC) to 'counter_v1_S00_AXI_insti_3/inst/counter_v1_S00_AXI_inst/counter_buffer_reg[15]'
INFO: [Synth 8-3333] propagating constant 0 across sequential element (counter_v1_S00_AXI_insti_3/\inst/counter_v1_S00_AXI_inst/counter_buffer_reg[15] )
INFO: [Synth 8-3332] Sequential element (inst/counter_v1_S00_AXI_inst/counter_buffer_reg[15]) is unused and will be removed from module design_1_counter_0_0.
---------------------------------------------------------------------------------
Finished Cross Boundary and Area Optimization : Time (s): cpu = 00:00:22 ; elapsed = 00:00:23 . Memory (MB): peak = 857.582 ; gain = 525.402
---------------------------------------------------------------------------------

Report RTL Partitions: 
+-+--------------+------------+----------+
| |RTL Partition |Replication |Instances |
+-+--------------+------------+----------+
+-+--------------+------------+----------+
---------------------------------------------------------------------------------
Start Applying XDC Timing Constraints
---------------------------------------------------------------------------------
---------------------------------------------------------------------------------
Finished Applying XDC Timing Constraints : Time (s): cpu = 00:00:33 ; elapsed = 00:00:35 . Memory (MB): peak = 857.582 ; gain = 525.402
---------------------------------------------------------------------------------
---------------------------------------------------------------------------------
Start Timing Optimization
---------------------------------------------------------------------------------
---------------------------------------------------------------------------------
Finished Timing Optimization : Time (s): cpu = 00:00:33 ; elapsed = 00:00:35 . Memory (MB): peak = 857.582 ; gain = 525.402
---------------------------------------------------------------------------------

Report RTL Partitions: 
+-+--------------+------------+----------+
| |RTL Partition |Replication |Instances |
+-+--------------+------------+----------+
+-+--------------+------------+----------+
---------------------------------------------------------------------------------
Start Technology Mapping
---------------------------------------------------------------------------------
---------------------------------------------------------------------------------
Finished Technology Mapping : Time (s): cpu = 00:00:33 ; elapsed = 00:00:35 . Memory (MB): peak = 878.082 ; gain = 545.902
---------------------------------------------------------------------------------

Report RTL Partitions: 
+-+--------------+------------+----------+
| |RTL Partition |Replication |Instances |
+-+--------------+------------+----------+
+-+--------------+------------+----------+
---------------------------------------------------------------------------------
Start IO Insertion
---------------------------------------------------------------------------------
---------------------------------------------------------------------------------
Start Flattening Before IO Insertion
---------------------------------------------------------------------------------
---------------------------------------------------------------------------------
Finished Flattening Before IO Insertion
---------------------------------------------------------------------------------
---------------------------------------------------------------------------------
Start Final Netlist Cleanup
---------------------------------------------------------------------------------
---------------------------------------------------------------------------------
Finished Final Netlist Cleanup
---------------------------------------------------------------------------------
---------------------------------------------------------------------------------
Finished IO Insertion : Time (s): cpu = 00:00:35 ; elapsed = 00:00:36 . Memory (MB): peak = 878.082 ; gain = 545.902
---------------------------------------------------------------------------------

Report Check Netlist: 
+------+------------------+-------+---------+-------+------------------+
|      |Item              |Errors |Warnings |Status |Description       |
+------+------------------+-------+---------+-------+------------------+
|1     |multi_driven_nets |      0|        0|Passed |Multi driven nets |
+------+------------------+-------+---------+-------+------------------+
---------------------------------------------------------------------------------
Start Renaming Generated Instances
---------------------------------------------------------------------------------
---------------------------------------------------------------------------------
Finished Renaming Generated Instances : Time (s): cpu = 00:00:35 ; elapsed = 00:00:36 . Memory (MB): peak = 878.082 ; gain = 545.902
---------------------------------------------------------------------------------

Report RTL Partitions: 
+-+--------------+------------+----------+
| |RTL Partition |Replication |Instances |
+-+--------------+------------+----------+
+-+--------------+------------+----------+
---------------------------------------------------------------------------------
Start Rebuilding User Hierarchy
---------------------------------------------------------------------------------
---------------------------------------------------------------------------------
Finished Rebuilding User Hierarchy : Time (s): cpu = 00:00:35 ; elapsed = 00:00:36 . Memory (MB): peak = 878.082 ; gain = 545.902
---------------------------------------------------------------------------------
---------------------------------------------------------------------------------
Start Renaming Generated Ports
---------------------------------------------------------------------------------
---------------------------------------------------------------------------------
Finished Renaming Generated Ports : Time (s): cpu = 00:00:35 ; elapsed = 00:00:36 . Memory (MB): peak = 878.082 ; gain = 545.902
---------------------------------------------------------------------------------
---------------------------------------------------------------------------------
Start Handling Custom Attributes
---------------------------------------------------------------------------------
---------------------------------------------------------------------------------
Finished Handling Custom Attributes : Time (s): cpu = 00:00:35 ; elapsed = 00:00:36 . Memory (MB): peak = 878.082 ; gain = 545.902
---------------------------------------------------------------------------------
---------------------------------------------------------------------------------
Start Renaming Generated Nets
---------------------------------------------------------------------------------
---------------------------------------------------------------------------------
Finished Renaming Generated Nets : Time (s): cpu = 00:00:35 ; elapsed = 00:00:36 . Memory (MB): peak = 878.082 ; gain = 545.902
---------------------------------------------------------------------------------
---------------------------------------------------------------------------------
Start Writing Synthesis Report
---------------------------------------------------------------------------------

Report BlackBoxes: 
+-+--------------+----------+
| |BlackBox name |Instances |
+-+--------------+----------+
+-+--------------+----------+

Report Cell Usage: 
+------+-------+------+
|      |Cell   |Count |
+------+-------+------+
|1     |CARRY4 |     4|
|2     |LUT1   |     1|
|3     |LUT2   |     2|
|4     |LUT3   |     7|
|5     |LUT4   |    25|
|6     |LUT5   |     4|
|7     |LUT6   |    53|
|8     |FDCE   |    20|
|9     |FDPE   |     3|
|10    |FDRE   |   169|
|11    |FDSE   |     1|
+------+-------+------+

Report Instance Areas: 
+------+----------------------------+-------------------+------+
|      |Instance                    |Module             |Cells |
+------+----------------------------+-------------------+------+
|1     |top                         |                   |   289|
|2     |  inst                      |counter_v1         |   289|
|3     |    counter_v1_S00_AXI_inst |counter_v1_S00_AXI |   289|
+------+----------------------------+-------------------+------+
---------------------------------------------------------------------------------
Finished Writing Synthesis Report : Time (s): cpu = 00:00:35 ; elapsed = 00:00:36 . Memory (MB): peak = 878.082 ; gain = 545.902
---------------------------------------------------------------------------------
Synthesis finished with 0 errors, 0 critical warnings and 10 warnings.
Synthesis Optimization Runtime : Time (s): cpu = 00:00:20 ; elapsed = 00:00:28 . Memory (MB): peak = 878.082 ; gain = 173.383
Synthesis Optimization Complete : Time (s): cpu = 00:00:35 ; elapsed = 00:00:36 . Memory (MB): peak = 878.082 ; gain = 545.902
INFO: [Project 1-571] Translating synthesized netlist
INFO: [Netlist 29-17] Analyzing 4 Unisim elements for replacement
INFO: [Netlist 29-28] Unisim Transformation completed in 0 CPU seconds
INFO: [Project 1-570] Preparing netlist for logic optimization
INFO: [Opt 31-138] Pushed 0 inverter(s) to 0 load pin(s).
INFO: [Project 1-111] Unisim Transformation Summary:
No Unisim elements were transformed.

INFO: [Common 17-83] Releasing license: Synthesis
47 Infos, 16 Warnings, 0 Critical Warnings and 0 Errors encountered.
synth_design completed successfully
synth_design: Time (s): cpu = 00:00:37 ; elapsed = 00:00:39 . Memory (MB): peak = 884.496 ; gain = 563.789
INFO: [Common 17-1381] The checkpoint 'D:/AlienWare/Course/ECE532/MileStone5/MileStone5/MBS_V1/MicroBlazeServer.runs/design_1_counter_0_0_synth_1/design_1_counter_0_0.dcp' has been generated.
