
*** Running vivado
    with args -log design_1_clock_gen_0_0.vds -m64 -product Vivado -mode batch -messageDb vivado.pb -notrace -source design_1_clock_gen_0_0.tcl


****** Vivado v2017.4 (64-bit)
  **** SW Build 2086221 on Fri Dec 15 20:55:39 MST 2017
  **** IP Build 2085800 on Fri Dec 15 22:25:07 MST 2017
    ** Copyright 1986-2017 Xilinx, Inc. All Rights Reserved.

source design_1_clock_gen_0_0.tcl -notrace
Command: synth_design -top design_1_clock_gen_0_0 -part xc7a200tsbg484-1 -mode out_of_context
Starting synth_design
Attempting to get a license for feature 'Synthesis' and/or device 'xc7a200t'
INFO: [Common 17-349] Got license for feature 'Synthesis' and/or device 'xc7a200t'
INFO: Launching helper process for spawning children vivado processes
INFO: Helper process launched with PID 22128 
---------------------------------------------------------------------------------
Starting RTL Elaboration : Time (s): cpu = 00:00:06 ; elapsed = 00:00:06 . Memory (MB): peak = 432.648 ; gain = 100.895
---------------------------------------------------------------------------------
INFO: [Synth 8-638] synthesizing module 'design_1_clock_gen_0_0' [d:/AlienWare/Course/ECE532/MileStone2/MicroBlazeServer_UDP/MicroBlazeServer.srcs/sources_1/bd/design_1/ip/design_1_clock_gen_0_0/synth/design_1_clock_gen_0_0.v:57]
INFO: [Synth 8-638] synthesizing module 'clock_gen_v1_0' [d:/AlienWare/Course/ECE532/MileStone2/MicroBlazeServer_UDP/MicroBlazeServer.srcs/sources_1/bd/design_1/ipshared/9802/hdl/clock_gen_v1_0.v:4]
	Parameter C_S00_AXI_DATA_WIDTH bound to: 32 - type: integer 
	Parameter C_S00_AXI_ADDR_WIDTH bound to: 4 - type: integer 
INFO: [Synth 8-638] synthesizing module 'clock_gen_v1_0_S00_AXI' [d:/AlienWare/Course/ECE532/MileStone2/MicroBlazeServer_UDP/MicroBlazeServer.srcs/sources_1/bd/design_1/ipshared/9802/hdl/clock_gen_v1_0_S00_AXI.v:4]
	Parameter C_S_AXI_DATA_WIDTH bound to: 32 - type: integer 
	Parameter C_S_AXI_ADDR_WIDTH bound to: 4 - type: integer 
	Parameter ADDR_LSB bound to: 2 - type: integer 
	Parameter OPT_MEM_ADDR_BITS bound to: 1 - type: integer 
INFO: [Synth 8-226] default block is never used [d:/AlienWare/Course/ECE532/MileStone2/MicroBlazeServer_UDP/MicroBlazeServer.srcs/sources_1/bd/design_1/ipshared/9802/hdl/clock_gen_v1_0_S00_AXI.v:253]
INFO: [Synth 8-226] default block is never used [d:/AlienWare/Course/ECE532/MileStone2/MicroBlazeServer_UDP/MicroBlazeServer.srcs/sources_1/bd/design_1/ipshared/9802/hdl/clock_gen_v1_0_S00_AXI.v:394]
WARNING: [Synth 8-5788] Register count_all_half_reg in module clock_gen_v1_0_S00_AXI is has both Set and reset with same priority. This may cause simulation mismatches. Consider rewriting code  [d:/AlienWare/Course/ECE532/MileStone2/MicroBlazeServer_UDP/MicroBlazeServer.srcs/sources_1/bd/design_1/ipshared/9802/hdl/clock_gen_v1_0_S00_AXI.v:539]
WARNING: [Synth 8-3848] Net in_sample in module/entity clock_gen_v1_0_S00_AXI does not have driver. [d:/AlienWare/Course/ECE532/MileStone2/MicroBlazeServer_UDP/MicroBlazeServer.srcs/sources_1/bd/design_1/ipshared/9802/hdl/clock_gen_v1_0_S00_AXI.v:38]
WARNING: [Synth 8-3848] Net sample_tr in module/entity clock_gen_v1_0_S00_AXI does not have driver. [d:/AlienWare/Course/ECE532/MileStone2/MicroBlazeServer_UDP/MicroBlazeServer.srcs/sources_1/bd/design_1/ipshared/9802/hdl/clock_gen_v1_0_S00_AXI.v:39]
INFO: [Synth 8-256] done synthesizing module 'clock_gen_v1_0_S00_AXI' (1#1) [d:/AlienWare/Course/ECE532/MileStone2/MicroBlazeServer_UDP/MicroBlazeServer.srcs/sources_1/bd/design_1/ipshared/9802/hdl/clock_gen_v1_0_S00_AXI.v:4]
INFO: [Synth 8-256] done synthesizing module 'clock_gen_v1_0' (2#1) [d:/AlienWare/Course/ECE532/MileStone2/MicroBlazeServer_UDP/MicroBlazeServer.srcs/sources_1/bd/design_1/ipshared/9802/hdl/clock_gen_v1_0.v:4]
INFO: [Synth 8-256] done synthesizing module 'design_1_clock_gen_0_0' (3#1) [d:/AlienWare/Course/ECE532/MileStone2/MicroBlazeServer_UDP/MicroBlazeServer.srcs/sources_1/bd/design_1/ip/design_1_clock_gen_0_0/synth/design_1_clock_gen_0_0.v:57]
WARNING: [Synth 8-3331] design clock_gen_v1_0_S00_AXI has unconnected port in_sample
WARNING: [Synth 8-3331] design clock_gen_v1_0_S00_AXI has unconnected port sample_tr
WARNING: [Synth 8-3331] design clock_gen_v1_0_S00_AXI has unconnected port clk_in_sys
WARNING: [Synth 8-3331] design clock_gen_v1_0_S00_AXI has unconnected port S_AXI_AWPROT[2]
WARNING: [Synth 8-3331] design clock_gen_v1_0_S00_AXI has unconnected port S_AXI_AWPROT[1]
WARNING: [Synth 8-3331] design clock_gen_v1_0_S00_AXI has unconnected port S_AXI_AWPROT[0]
WARNING: [Synth 8-3331] design clock_gen_v1_0_S00_AXI has unconnected port S_AXI_ARPROT[2]
WARNING: [Synth 8-3331] design clock_gen_v1_0_S00_AXI has unconnected port S_AXI_ARPROT[1]
WARNING: [Synth 8-3331] design clock_gen_v1_0_S00_AXI has unconnected port S_AXI_ARPROT[0]
---------------------------------------------------------------------------------
Finished RTL Elaboration : Time (s): cpu = 00:00:07 ; elapsed = 00:00:07 . Memory (MB): peak = 485.059 ; gain = 153.305
---------------------------------------------------------------------------------

Report Check Netlist: 
+------+------------------+-------+---------+-------+------------------+
|      |Item              |Errors |Warnings |Status |Description       |
+------+------------------+-------+---------+-------+------------------+
|1     |multi_driven_nets |      0|        0|Passed |Multi driven nets |
+------+------------------+-------+---------+-------+------------------+
---------------------------------------------------------------------------------
Finished RTL Optimization Phase 1 : Time (s): cpu = 00:00:07 ; elapsed = 00:00:07 . Memory (MB): peak = 485.059 ; gain = 153.305
---------------------------------------------------------------------------------
INFO: [Device 21-403] Loading part xc7a200tsbg484-1
INFO: [Project 1-570] Preparing netlist for logic optimization

Processing XDC Constraints
Initializing timing engine
Completed Processing XDC Constraints

INFO: [Project 1-111] Unisim Transformation Summary:
No Unisim elements were transformed.

Constraint Validation Runtime : Time (s): cpu = 00:00:00 ; elapsed = 00:00:00.042 . Memory (MB): peak = 862.266 ; gain = 0.000
---------------------------------------------------------------------------------
Finished Constraint Validation : Time (s): cpu = 00:00:19 ; elapsed = 00:00:20 . Memory (MB): peak = 862.266 ; gain = 530.512
---------------------------------------------------------------------------------
---------------------------------------------------------------------------------
Start Loading Part and Timing Information
---------------------------------------------------------------------------------
Loading part: xc7a200tsbg484-1
---------------------------------------------------------------------------------
Finished Loading Part and Timing Information : Time (s): cpu = 00:00:19 ; elapsed = 00:00:20 . Memory (MB): peak = 862.266 ; gain = 530.512
---------------------------------------------------------------------------------
---------------------------------------------------------------------------------
Start Applying 'set_property' XDC Constraints
---------------------------------------------------------------------------------
---------------------------------------------------------------------------------
Finished applying 'set_property' XDC Constraints : Time (s): cpu = 00:00:19 ; elapsed = 00:00:20 . Memory (MB): peak = 862.266 ; gain = 530.512
---------------------------------------------------------------------------------
INFO: [Synth 8-4471] merging register 'count_upto_1_reg[31:0]' into 'count_upto_2_1_reg[31:0]' [d:/AlienWare/Course/ECE532/MileStone2/MicroBlazeServer_UDP/MicroBlazeServer.srcs/sources_1/bd/design_1/ipshared/9802/hdl/clock_gen_v1_0_S00_AXI.v:516]
INFO: [Synth 8-4471] merging register 'count_upto_3_1_reg[31:0]' into 'count_upto_2_1_reg[31:0]' [d:/AlienWare/Course/ECE532/MileStone2/MicroBlazeServer_UDP/MicroBlazeServer.srcs/sources_1/bd/design_1/ipshared/9802/hdl/clock_gen_v1_0_S00_AXI.v:519]
INFO: [Synth 8-4471] merging register 'count_upto_5_reg[31:0]' into 'count_upto_4_reg[31:0]' [d:/AlienWare/Course/ECE532/MileStone2/MicroBlazeServer_UDP/MicroBlazeServer.srcs/sources_1/bd/design_1/ipshared/9802/hdl/clock_gen_v1_0_S00_AXI.v:524]
INFO: [Synth 8-4471] merging register 'count_upto_6_reg[31:0]' into 'count_upto_4_reg[31:0]' [d:/AlienWare/Course/ECE532/MileStone2/MicroBlazeServer_UDP/MicroBlazeServer.srcs/sources_1/bd/design_1/ipshared/9802/hdl/clock_gen_v1_0_S00_AXI.v:526]
INFO: [Synth 8-4471] merging register 'count_upto_9_reg[31:0]' into 'count_upto_8_reg[31:0]' [d:/AlienWare/Course/ECE532/MileStone2/MicroBlazeServer_UDP/MicroBlazeServer.srcs/sources_1/bd/design_1/ipshared/9802/hdl/clock_gen_v1_0_S00_AXI.v:532]
INFO: [Synth 8-4471] merging register 'count_upto_10_reg[31:0]' into 'count_upto_8_reg[31:0]' [d:/AlienWare/Course/ECE532/MileStone2/MicroBlazeServer_UDP/MicroBlazeServer.srcs/sources_1/bd/design_1/ipshared/9802/hdl/clock_gen_v1_0_S00_AXI.v:534]
WARNING: [Synth 8-6014] Unused sequential element count_upto_1_reg was removed.  [d:/AlienWare/Course/ECE532/MileStone2/MicroBlazeServer_UDP/MicroBlazeServer.srcs/sources_1/bd/design_1/ipshared/9802/hdl/clock_gen_v1_0_S00_AXI.v:516]
WARNING: [Synth 8-6014] Unused sequential element count_upto_3_1_reg was removed.  [d:/AlienWare/Course/ECE532/MileStone2/MicroBlazeServer_UDP/MicroBlazeServer.srcs/sources_1/bd/design_1/ipshared/9802/hdl/clock_gen_v1_0_S00_AXI.v:519]
WARNING: [Synth 8-6014] Unused sequential element count_upto_5_reg was removed.  [d:/AlienWare/Course/ECE532/MileStone2/MicroBlazeServer_UDP/MicroBlazeServer.srcs/sources_1/bd/design_1/ipshared/9802/hdl/clock_gen_v1_0_S00_AXI.v:524]
WARNING: [Synth 8-6014] Unused sequential element count_upto_6_reg was removed.  [d:/AlienWare/Course/ECE532/MileStone2/MicroBlazeServer_UDP/MicroBlazeServer.srcs/sources_1/bd/design_1/ipshared/9802/hdl/clock_gen_v1_0_S00_AXI.v:526]
WARNING: [Synth 8-6014] Unused sequential element count_upto_9_reg was removed.  [d:/AlienWare/Course/ECE532/MileStone2/MicroBlazeServer_UDP/MicroBlazeServer.srcs/sources_1/bd/design_1/ipshared/9802/hdl/clock_gen_v1_0_S00_AXI.v:532]
WARNING: [Synth 8-6014] Unused sequential element count_upto_10_reg was removed.  [d:/AlienWare/Course/ECE532/MileStone2/MicroBlazeServer_UDP/MicroBlazeServer.srcs/sources_1/bd/design_1/ipshared/9802/hdl/clock_gen_v1_0_S00_AXI.v:534]
WARNING: [Synth 8-6014] Unused sequential element counter_1_ns_reg was removed.  [d:/AlienWare/Course/ECE532/MileStone2/MicroBlazeServer_UDP/MicroBlazeServer.srcs/sources_1/bd/design_1/ipshared/9802/hdl/clock_gen_v1_0_S00_AXI.v:600]
WARNING: [Synth 8-6014] Unused sequential element counter_buffer_1_reg was removed.  [d:/AlienWare/Course/ECE532/MileStone2/MicroBlazeServer_UDP/MicroBlazeServer.srcs/sources_1/bd/design_1/ipshared/9802/hdl/clock_gen_v1_0_S00_AXI.v:617]
WARNING: [Synth 8-6014] Unused sequential element counter_buffer_2_reg was removed.  [d:/AlienWare/Course/ECE532/MileStone2/MicroBlazeServer_UDP/MicroBlazeServer.srcs/sources_1/bd/design_1/ipshared/9802/hdl/clock_gen_v1_0_S00_AXI.v:633]
WARNING: [Synth 8-6014] Unused sequential element counter_buffer_3_reg was removed.  [d:/AlienWare/Course/ECE532/MileStone2/MicroBlazeServer_UDP/MicroBlazeServer.srcs/sources_1/bd/design_1/ipshared/9802/hdl/clock_gen_v1_0_S00_AXI.v:649]
WARNING: [Synth 8-6014] Unused sequential element counter_buffer_4_reg was removed.  [d:/AlienWare/Course/ECE532/MileStone2/MicroBlazeServer_UDP/MicroBlazeServer.srcs/sources_1/bd/design_1/ipshared/9802/hdl/clock_gen_v1_0_S00_AXI.v:666]
WARNING: [Synth 8-6014] Unused sequential element counter_buffer_5_reg was removed.  [d:/AlienWare/Course/ECE532/MileStone2/MicroBlazeServer_UDP/MicroBlazeServer.srcs/sources_1/bd/design_1/ipshared/9802/hdl/clock_gen_v1_0_S00_AXI.v:682]
WARNING: [Synth 8-6014] Unused sequential element counter_buffer_6_reg was removed.  [d:/AlienWare/Course/ECE532/MileStone2/MicroBlazeServer_UDP/MicroBlazeServer.srcs/sources_1/bd/design_1/ipshared/9802/hdl/clock_gen_v1_0_S00_AXI.v:699]
WARNING: [Synth 8-6014] Unused sequential element counter_buffer_7_reg was removed.  [d:/AlienWare/Course/ECE532/MileStone2/MicroBlazeServer_UDP/MicroBlazeServer.srcs/sources_1/bd/design_1/ipshared/9802/hdl/clock_gen_v1_0_S00_AXI.v:715]
WARNING: [Synth 8-6014] Unused sequential element counter_buffer_8_reg was removed.  [d:/AlienWare/Course/ECE532/MileStone2/MicroBlazeServer_UDP/MicroBlazeServer.srcs/sources_1/bd/design_1/ipshared/9802/hdl/clock_gen_v1_0_S00_AXI.v:732]
WARNING: [Synth 8-6014] Unused sequential element counter_buffer_9_reg was removed.  [d:/AlienWare/Course/ECE532/MileStone2/MicroBlazeServer_UDP/MicroBlazeServer.srcs/sources_1/bd/design_1/ipshared/9802/hdl/clock_gen_v1_0_S00_AXI.v:749]
WARNING: [Synth 8-6014] Unused sequential element counter_buffer_10_reg was removed.  [d:/AlienWare/Course/ECE532/MileStone2/MicroBlazeServer_UDP/MicroBlazeServer.srcs/sources_1/bd/design_1/ipshared/9802/hdl/clock_gen_v1_0_S00_AXI.v:766]
---------------------------------------------------------------------------------
Finished RTL Optimization Phase 2 : Time (s): cpu = 00:00:20 ; elapsed = 00:00:20 . Memory (MB): peak = 862.266 ; gain = 530.512
---------------------------------------------------------------------------------

Report RTL Partitions: 
+-+--------------+------------+----------+
| |RTL Partition |Replication |Instances |
+-+--------------+------------+----------+
+-+--------------+------------+----------+
---------------------------------------------------------------------------------
Start RTL Component Statistics 
---------------------------------------------------------------------------------
Detailed RTL Component Info : 
+---Adders : 
	   2 Input     32 Bit       Adders := 4     
	   3 Input     32 Bit       Adders := 9     
+---Registers : 
	               32 Bit    Registers := 6     
	                4 Bit    Registers := 2     
	                2 Bit    Registers := 2     
	                1 Bit    Registers := 16    
+---Muxes : 
	   2 Input     32 Bit        Muxes := 4     
	   4 Input     32 Bit        Muxes := 5     
	   2 Input      6 Bit        Muxes := 1     
	   2 Input      1 Bit        Muxes := 5     
---------------------------------------------------------------------------------
Finished RTL Component Statistics 
---------------------------------------------------------------------------------
---------------------------------------------------------------------------------
Start RTL Hierarchical Component Statistics 
---------------------------------------------------------------------------------
Hierarchical RTL Component report 
Module clock_gen_v1_0_S00_AXI 
Detailed RTL Component Info : 
+---Adders : 
	   2 Input     32 Bit       Adders := 4     
	   3 Input     32 Bit       Adders := 9     
+---Registers : 
	               32 Bit    Registers := 6     
	                4 Bit    Registers := 2     
	                2 Bit    Registers := 2     
	                1 Bit    Registers := 16    
+---Muxes : 
	   2 Input     32 Bit        Muxes := 4     
	   4 Input     32 Bit        Muxes := 5     
	   2 Input      6 Bit        Muxes := 1     
	   2 Input      1 Bit        Muxes := 5     
---------------------------------------------------------------------------------
Finished RTL Hierarchical Component Statistics
---------------------------------------------------------------------------------
---------------------------------------------------------------------------------
Start Part Resource Summary
---------------------------------------------------------------------------------
Part Resources:
DSPs: 740 (col length:100)
BRAMs: 730 (col length: RAMB18 100 RAMB36 50)
---------------------------------------------------------------------------------
Finished Part Resource Summary
---------------------------------------------------------------------------------
---------------------------------------------------------------------------------
Start Cross Boundary and Area Optimization
---------------------------------------------------------------------------------
WARNING: [Synth 8-6014] Unused sequential element counter_1_ns_reg was removed.  [d:/AlienWare/Course/ECE532/MileStone2/MicroBlazeServer_UDP/MicroBlazeServer.srcs/sources_1/bd/design_1/ipshared/9802/hdl/clock_gen_v1_0_S00_AXI.v:600]
WARNING: [Synth 8-6014] Unused sequential element counter_buffer_1_reg was removed.  [d:/AlienWare/Course/ECE532/MileStone2/MicroBlazeServer_UDP/MicroBlazeServer.srcs/sources_1/bd/design_1/ipshared/9802/hdl/clock_gen_v1_0_S00_AXI.v:617]
WARNING: [Synth 8-6014] Unused sequential element counter_buffer_2_reg was removed.  [d:/AlienWare/Course/ECE532/MileStone2/MicroBlazeServer_UDP/MicroBlazeServer.srcs/sources_1/bd/design_1/ipshared/9802/hdl/clock_gen_v1_0_S00_AXI.v:633]
WARNING: [Synth 8-6014] Unused sequential element counter_buffer_3_reg was removed.  [d:/AlienWare/Course/ECE532/MileStone2/MicroBlazeServer_UDP/MicroBlazeServer.srcs/sources_1/bd/design_1/ipshared/9802/hdl/clock_gen_v1_0_S00_AXI.v:649]
WARNING: [Synth 8-6014] Unused sequential element counter_buffer_4_reg was removed.  [d:/AlienWare/Course/ECE532/MileStone2/MicroBlazeServer_UDP/MicroBlazeServer.srcs/sources_1/bd/design_1/ipshared/9802/hdl/clock_gen_v1_0_S00_AXI.v:666]
WARNING: [Synth 8-6014] Unused sequential element counter_buffer_5_reg was removed.  [d:/AlienWare/Course/ECE532/MileStone2/MicroBlazeServer_UDP/MicroBlazeServer.srcs/sources_1/bd/design_1/ipshared/9802/hdl/clock_gen_v1_0_S00_AXI.v:682]
WARNING: [Synth 8-6014] Unused sequential element counter_buffer_6_reg was removed.  [d:/AlienWare/Course/ECE532/MileStone2/MicroBlazeServer_UDP/MicroBlazeServer.srcs/sources_1/bd/design_1/ipshared/9802/hdl/clock_gen_v1_0_S00_AXI.v:699]
WARNING: [Synth 8-6014] Unused sequential element counter_buffer_7_reg was removed.  [d:/AlienWare/Course/ECE532/MileStone2/MicroBlazeServer_UDP/MicroBlazeServer.srcs/sources_1/bd/design_1/ipshared/9802/hdl/clock_gen_v1_0_S00_AXI.v:715]
WARNING: [Synth 8-6014] Unused sequential element counter_buffer_8_reg was removed.  [d:/AlienWare/Course/ECE532/MileStone2/MicroBlazeServer_UDP/MicroBlazeServer.srcs/sources_1/bd/design_1/ipshared/9802/hdl/clock_gen_v1_0_S00_AXI.v:732]
WARNING: [Synth 8-6014] Unused sequential element counter_buffer_9_reg was removed.  [d:/AlienWare/Course/ECE532/MileStone2/MicroBlazeServer_UDP/MicroBlazeServer.srcs/sources_1/bd/design_1/ipshared/9802/hdl/clock_gen_v1_0_S00_AXI.v:749]
WARNING: [Synth 8-6014] Unused sequential element counter_buffer_10_reg was removed.  [d:/AlienWare/Course/ECE532/MileStone2/MicroBlazeServer_UDP/MicroBlazeServer.srcs/sources_1/bd/design_1/ipshared/9802/hdl/clock_gen_v1_0_S00_AXI.v:766]
WARNING: [Synth 8-3331] design clock_gen_v1_0_S00_AXI has unconnected port in_sample
WARNING: [Synth 8-3331] design clock_gen_v1_0_S00_AXI has unconnected port sample_tr
WARNING: [Synth 8-3331] design clock_gen_v1_0_S00_AXI has unconnected port clk_in_sys
WARNING: [Synth 8-3331] design clock_gen_v1_0_S00_AXI has unconnected port S_AXI_AWPROT[2]
WARNING: [Synth 8-3331] design clock_gen_v1_0_S00_AXI has unconnected port S_AXI_AWPROT[1]
WARNING: [Synth 8-3331] design clock_gen_v1_0_S00_AXI has unconnected port S_AXI_AWPROT[0]
WARNING: [Synth 8-3331] design clock_gen_v1_0_S00_AXI has unconnected port S_AXI_ARPROT[2]
WARNING: [Synth 8-3331] design clock_gen_v1_0_S00_AXI has unconnected port S_AXI_ARPROT[1]
WARNING: [Synth 8-3331] design clock_gen_v1_0_S00_AXI has unconnected port S_AXI_ARPROT[0]
WARNING: [Synth 8-3331] design design_1_clock_gen_0_0 has unconnected port in_sample
WARNING: [Synth 8-3331] design design_1_clock_gen_0_0 has unconnected port sample_tr
INFO: [Synth 8-3886] merging instance 'inst/clock_gen_v1_0_S00_AXI_inst/count_upto_1_1_reg[0]' (FDC_1) to 'inst/clock_gen_v1_0_S00_AXI_inst/count_upto_9_1_reg[31]'
INFO: [Synth 8-3886] merging instance 'inst/clock_gen_v1_0_S00_AXI_inst/count_upto_1_1_reg[1]' (FDC_1) to 'inst/clock_gen_v1_0_S00_AXI_inst/count_upto_9_1_reg[31]'
INFO: [Synth 8-3886] merging instance 'inst/clock_gen_v1_0_S00_AXI_inst/count_upto_10_1_reg[0]' (FDC_1) to 'inst/clock_gen_v1_0_S00_AXI_inst/count_upto_9_1_reg[31]'
INFO: [Synth 8-3886] merging instance 'inst/clock_gen_v1_0_S00_AXI_inst/count_upto_10_1_reg[1]' (FDC_1) to 'inst/clock_gen_v1_0_S00_AXI_inst/count_upto_9_1_reg[5]'
INFO: [Synth 8-3886] merging instance 'inst/clock_gen_v1_0_S00_AXI_inst/count_upto_10_1_reg[2]' (FDC_1) to 'inst/clock_gen_v1_0_S00_AXI_inst/count_upto_9_1_reg[5]'
INFO: [Synth 8-3886] merging instance 'inst/clock_gen_v1_0_S00_AXI_inst/count_upto_10_1_reg[3]' (FDC_1) to 'inst/clock_gen_v1_0_S00_AXI_inst/count_upto_9_1_reg[31]'
INFO: [Synth 8-3886] merging instance 'inst/clock_gen_v1_0_S00_AXI_inst/count_upto_10_1_reg[4]' (FDC_1) to 'inst/clock_gen_v1_0_S00_AXI_inst/count_upto_9_1_reg[31]'
INFO: [Synth 8-3886] merging instance 'inst/clock_gen_v1_0_S00_AXI_inst/count_upto_10_1_reg[5]' (FDC_1) to 'inst/clock_gen_v1_0_S00_AXI_inst/count_upto_9_1_reg[31]'
INFO: [Synth 8-3886] merging instance 'inst/clock_gen_v1_0_S00_AXI_inst/count_upto_10_1_reg[6]' (FDC_1) to 'inst/clock_gen_v1_0_S00_AXI_inst/count_upto_9_1_reg[5]'
INFO: [Synth 8-3886] merging instance 'inst/clock_gen_v1_0_S00_AXI_inst/count_upto_10_1_reg[7]' (FDC_1) to 'inst/clock_gen_v1_0_S00_AXI_inst/count_upto_9_1_reg[31]'
INFO: [Synth 8-3886] merging instance 'inst/clock_gen_v1_0_S00_AXI_inst/count_upto_10_1_reg[8]' (FDC_1) to 'inst/clock_gen_v1_0_S00_AXI_inst/count_upto_9_1_reg[31]'
INFO: [Synth 8-3886] merging instance 'inst/clock_gen_v1_0_S00_AXI_inst/count_upto_10_1_reg[9]' (FDC_1) to 'inst/clock_gen_v1_0_S00_AXI_inst/count_upto_9_1_reg[31]'
INFO: [Synth 8-3886] merging instance 'inst/clock_gen_v1_0_S00_AXI_inst/count_upto_10_1_reg[10]' (FDC_1) to 'inst/clock_gen_v1_0_S00_AXI_inst/count_upto_9_1_reg[31]'
INFO: [Synth 8-3886] merging instance 'inst/clock_gen_v1_0_S00_AXI_inst/count_upto_10_1_reg[11]' (FDC_1) to 'inst/clock_gen_v1_0_S00_AXI_inst/count_upto_9_1_reg[31]'
INFO: [Synth 8-3886] merging instance 'inst/clock_gen_v1_0_S00_AXI_inst/count_upto_10_1_reg[12]' (FDC_1) to 'inst/clock_gen_v1_0_S00_AXI_inst/count_upto_9_1_reg[31]'
INFO: [Synth 8-3886] merging instance 'inst/clock_gen_v1_0_S00_AXI_inst/count_upto_10_1_reg[13]' (FDC_1) to 'inst/clock_gen_v1_0_S00_AXI_inst/count_upto_9_1_reg[31]'
INFO: [Synth 8-3886] merging instance 'inst/clock_gen_v1_0_S00_AXI_inst/count_upto_10_1_reg[14]' (FDC_1) to 'inst/clock_gen_v1_0_S00_AXI_inst/count_upto_9_1_reg[31]'
INFO: [Synth 8-3886] merging instance 'inst/clock_gen_v1_0_S00_AXI_inst/count_upto_10_1_reg[15]' (FDC_1) to 'inst/clock_gen_v1_0_S00_AXI_inst/count_upto_9_1_reg[31]'
INFO: [Synth 8-3886] merging instance 'inst/clock_gen_v1_0_S00_AXI_inst/count_upto_10_1_reg[16]' (FDC_1) to 'inst/clock_gen_v1_0_S00_AXI_inst/count_upto_9_1_reg[31]'
INFO: [Synth 8-3886] merging instance 'inst/clock_gen_v1_0_S00_AXI_inst/count_upto_10_1_reg[17]' (FDC_1) to 'inst/clock_gen_v1_0_S00_AXI_inst/count_upto_9_1_reg[31]'
INFO: [Synth 8-3886] merging instance 'inst/clock_gen_v1_0_S00_AXI_inst/count_upto_10_1_reg[18]' (FDC_1) to 'inst/clock_gen_v1_0_S00_AXI_inst/count_upto_9_1_reg[31]'
INFO: [Synth 8-3886] merging instance 'inst/clock_gen_v1_0_S00_AXI_inst/count_upto_10_1_reg[19]' (FDC_1) to 'inst/clock_gen_v1_0_S00_AXI_inst/count_upto_9_1_reg[31]'
INFO: [Synth 8-3886] merging instance 'inst/clock_gen_v1_0_S00_AXI_inst/count_upto_10_1_reg[20]' (FDC_1) to 'inst/clock_gen_v1_0_S00_AXI_inst/count_upto_9_1_reg[31]'
INFO: [Synth 8-3886] merging instance 'inst/clock_gen_v1_0_S00_AXI_inst/count_upto_10_1_reg[21]' (FDC_1) to 'inst/clock_gen_v1_0_S00_AXI_inst/count_upto_9_1_reg[31]'
INFO: [Synth 8-3886] merging instance 'inst/clock_gen_v1_0_S00_AXI_inst/count_upto_10_1_reg[22]' (FDC_1) to 'inst/clock_gen_v1_0_S00_AXI_inst/count_upto_9_1_reg[31]'
INFO: [Synth 8-3886] merging instance 'inst/clock_gen_v1_0_S00_AXI_inst/count_upto_10_1_reg[23]' (FDC_1) to 'inst/clock_gen_v1_0_S00_AXI_inst/count_upto_9_1_reg[31]'
INFO: [Synth 8-3886] merging instance 'inst/clock_gen_v1_0_S00_AXI_inst/count_upto_10_1_reg[24]' (FDC_1) to 'inst/clock_gen_v1_0_S00_AXI_inst/count_upto_9_1_reg[31]'
INFO: [Synth 8-3886] merging instance 'inst/clock_gen_v1_0_S00_AXI_inst/count_upto_10_1_reg[25]' (FDC_1) to 'inst/clock_gen_v1_0_S00_AXI_inst/count_upto_9_1_reg[31]'
INFO: [Synth 8-3886] merging instance 'inst/clock_gen_v1_0_S00_AXI_inst/count_upto_10_1_reg[26]' (FDC_1) to 'inst/clock_gen_v1_0_S00_AXI_inst/count_upto_9_1_reg[31]'
INFO: [Synth 8-3886] merging instance 'inst/clock_gen_v1_0_S00_AXI_inst/count_upto_10_1_reg[27]' (FDC_1) to 'inst/clock_gen_v1_0_S00_AXI_inst/count_upto_9_1_reg[31]'
INFO: [Synth 8-3886] merging instance 'inst/clock_gen_v1_0_S00_AXI_inst/count_upto_10_1_reg[28]' (FDC_1) to 'inst/clock_gen_v1_0_S00_AXI_inst/count_upto_9_1_reg[31]'
INFO: [Synth 8-3886] merging instance 'inst/clock_gen_v1_0_S00_AXI_inst/count_upto_10_1_reg[29]' (FDC_1) to 'inst/clock_gen_v1_0_S00_AXI_inst/count_upto_9_1_reg[31]'
INFO: [Synth 8-3886] merging instance 'inst/clock_gen_v1_0_S00_AXI_inst/count_upto_10_1_reg[30]' (FDC_1) to 'inst/clock_gen_v1_0_S00_AXI_inst/count_upto_9_1_reg[31]'
INFO: [Synth 8-3886] merging instance 'inst/clock_gen_v1_0_S00_AXI_inst/count_upto_10_1_reg[31]' (FDC_1) to 'inst/clock_gen_v1_0_S00_AXI_inst/count_upto_9_1_reg[31]'
INFO: [Synth 8-3886] merging instance 'inst/clock_gen_v1_0_S00_AXI_inst/count_upto_9_1_reg[0]' (FDC_1) to 'inst/clock_gen_v1_0_S00_AXI_inst/count_upto_9_1_reg[31]'
INFO: [Synth 8-3886] merging instance 'inst/clock_gen_v1_0_S00_AXI_inst/count_upto_9_1_reg[1]' (FDC_1) to 'inst/clock_gen_v1_0_S00_AXI_inst/count_upto_9_1_reg[5]'
INFO: [Synth 8-3886] merging instance 'inst/clock_gen_v1_0_S00_AXI_inst/count_upto_9_1_reg[2]' (FDC_1) to 'inst/clock_gen_v1_0_S00_AXI_inst/count_upto_9_1_reg[5]'
INFO: [Synth 8-3886] merging instance 'inst/clock_gen_v1_0_S00_AXI_inst/count_upto_9_1_reg[3]' (FDC_1) to 'inst/clock_gen_v1_0_S00_AXI_inst/count_upto_9_1_reg[5]'
INFO: [Synth 8-3886] merging instance 'inst/clock_gen_v1_0_S00_AXI_inst/count_upto_9_1_reg[4]' (FDC_1) to 'inst/clock_gen_v1_0_S00_AXI_inst/count_upto_9_1_reg[31]'
INFO: [Synth 8-3886] merging instance 'inst/clock_gen_v1_0_S00_AXI_inst/count_upto_9_1_reg[5]' (FDC_1) to 'inst/clock_gen_v1_0_S00_AXI_inst/count_upto_8_reg[3]'
INFO: [Synth 8-3886] merging instance 'inst/clock_gen_v1_0_S00_AXI_inst/count_upto_9_1_reg[6]' (FDC_1) to 'inst/clock_gen_v1_0_S00_AXI_inst/count_upto_9_1_reg[31]'
INFO: [Synth 8-3886] merging instance 'inst/clock_gen_v1_0_S00_AXI_inst/count_upto_9_1_reg[7]' (FDC_1) to 'inst/clock_gen_v1_0_S00_AXI_inst/count_upto_9_1_reg[31]'
INFO: [Synth 8-3886] merging instance 'inst/clock_gen_v1_0_S00_AXI_inst/count_upto_9_1_reg[8]' (FDC_1) to 'inst/clock_gen_v1_0_S00_AXI_inst/count_upto_9_1_reg[31]'
INFO: [Synth 8-3886] merging instance 'inst/clock_gen_v1_0_S00_AXI_inst/count_upto_9_1_reg[9]' (FDC_1) to 'inst/clock_gen_v1_0_S00_AXI_inst/count_upto_9_1_reg[31]'
INFO: [Synth 8-3886] merging instance 'inst/clock_gen_v1_0_S00_AXI_inst/count_upto_9_1_reg[10]' (FDC_1) to 'inst/clock_gen_v1_0_S00_AXI_inst/count_upto_9_1_reg[31]'
INFO: [Synth 8-3886] merging instance 'inst/clock_gen_v1_0_S00_AXI_inst/count_upto_9_1_reg[11]' (FDC_1) to 'inst/clock_gen_v1_0_S00_AXI_inst/count_upto_9_1_reg[31]'
INFO: [Synth 8-3886] merging instance 'inst/clock_gen_v1_0_S00_AXI_inst/count_upto_9_1_reg[12]' (FDC_1) to 'inst/clock_gen_v1_0_S00_AXI_inst/count_upto_9_1_reg[31]'
INFO: [Synth 8-3886] merging instance 'inst/clock_gen_v1_0_S00_AXI_inst/count_upto_9_1_reg[13]' (FDC_1) to 'inst/clock_gen_v1_0_S00_AXI_inst/count_upto_9_1_reg[31]'
INFO: [Synth 8-3886] merging instance 'inst/clock_gen_v1_0_S00_AXI_inst/count_upto_9_1_reg[14]' (FDC_1) to 'inst/clock_gen_v1_0_S00_AXI_inst/count_upto_9_1_reg[31]'
INFO: [Synth 8-3886] merging instance 'inst/clock_gen_v1_0_S00_AXI_inst/count_upto_9_1_reg[15]' (FDC_1) to 'inst/clock_gen_v1_0_S00_AXI_inst/count_upto_9_1_reg[31]'
INFO: [Synth 8-3886] merging instance 'inst/clock_gen_v1_0_S00_AXI_inst/count_upto_9_1_reg[16]' (FDC_1) to 'inst/clock_gen_v1_0_S00_AXI_inst/count_upto_9_1_reg[31]'
INFO: [Synth 8-3886] merging instance 'inst/clock_gen_v1_0_S00_AXI_inst/count_upto_9_1_reg[17]' (FDC_1) to 'inst/clock_gen_v1_0_S00_AXI_inst/count_upto_9_1_reg[31]'
INFO: [Synth 8-3886] merging instance 'inst/clock_gen_v1_0_S00_AXI_inst/count_upto_9_1_reg[18]' (FDC_1) to 'inst/clock_gen_v1_0_S00_AXI_inst/count_upto_9_1_reg[31]'
INFO: [Synth 8-3886] merging instance 'inst/clock_gen_v1_0_S00_AXI_inst/count_upto_9_1_reg[19]' (FDC_1) to 'inst/clock_gen_v1_0_S00_AXI_inst/count_upto_9_1_reg[31]'
INFO: [Synth 8-3886] merging instance 'inst/clock_gen_v1_0_S00_AXI_inst/count_upto_9_1_reg[20]' (FDC_1) to 'inst/clock_gen_v1_0_S00_AXI_inst/count_upto_9_1_reg[31]'
INFO: [Synth 8-3886] merging instance 'inst/clock_gen_v1_0_S00_AXI_inst/count_upto_9_1_reg[21]' (FDC_1) to 'inst/clock_gen_v1_0_S00_AXI_inst/count_upto_9_1_reg[31]'
INFO: [Synth 8-3886] merging instance 'inst/clock_gen_v1_0_S00_AXI_inst/count_upto_9_1_reg[22]' (FDC_1) to 'inst/clock_gen_v1_0_S00_AXI_inst/count_upto_9_1_reg[31]'
INFO: [Synth 8-3886] merging instance 'inst/clock_gen_v1_0_S00_AXI_inst/count_upto_9_1_reg[23]' (FDC_1) to 'inst/clock_gen_v1_0_S00_AXI_inst/count_upto_9_1_reg[31]'
INFO: [Synth 8-3886] merging instance 'inst/clock_gen_v1_0_S00_AXI_inst/count_upto_9_1_reg[24]' (FDC_1) to 'inst/clock_gen_v1_0_S00_AXI_inst/count_upto_9_1_reg[31]'
INFO: [Synth 8-3886] merging instance 'inst/clock_gen_v1_0_S00_AXI_inst/count_upto_9_1_reg[25]' (FDC_1) to 'inst/clock_gen_v1_0_S00_AXI_inst/count_upto_9_1_reg[31]'
INFO: [Synth 8-3886] merging instance 'inst/clock_gen_v1_0_S00_AXI_inst/count_upto_9_1_reg[26]' (FDC_1) to 'inst/clock_gen_v1_0_S00_AXI_inst/count_upto_9_1_reg[31]'
INFO: [Synth 8-3886] merging instance 'inst/clock_gen_v1_0_S00_AXI_inst/count_upto_9_1_reg[27]' (FDC_1) to 'inst/clock_gen_v1_0_S00_AXI_inst/count_upto_9_1_reg[31]'
INFO: [Synth 8-3886] merging instance 'inst/clock_gen_v1_0_S00_AXI_inst/count_upto_9_1_reg[28]' (FDC_1) to 'inst/clock_gen_v1_0_S00_AXI_inst/count_upto_9_1_reg[31]'
INFO: [Synth 8-3886] merging instance 'inst/clock_gen_v1_0_S00_AXI_inst/count_upto_9_1_reg[29]' (FDC_1) to 'inst/clock_gen_v1_0_S00_AXI_inst/count_upto_9_1_reg[31]'
INFO: [Synth 8-3886] merging instance 'inst/clock_gen_v1_0_S00_AXI_inst/count_upto_9_1_reg[30]' (FDC_1) to 'inst/clock_gen_v1_0_S00_AXI_inst/count_upto_9_1_reg[31]'
INFO: [Synth 8-3886] merging instance 'inst/clock_gen_v1_0_S00_AXI_inst/count_upto_9_1_reg[31]' (FDC_1) to 'inst/clock_gen_v1_0_S00_AXI_inst/count_upto_8_reg[31]'
INFO: [Synth 8-3886] merging instance 'inst/clock_gen_v1_0_S00_AXI_inst/count_upto_8_1_reg[0]' (FDC_1) to 'inst/clock_gen_v1_0_S00_AXI_inst/count_upto_8_reg[31]'
INFO: [Synth 8-3886] merging instance 'inst/clock_gen_v1_0_S00_AXI_inst/count_upto_8_reg[0]' (FDC_1) to 'inst/clock_gen_v1_0_S00_AXI_inst/count_upto_8_reg[31]'
INFO: [Synth 8-3886] merging instance 'inst/clock_gen_v1_0_S00_AXI_inst/count_upto_8_reg[1]' (FDC_1) to 'inst/clock_gen_v1_0_S00_AXI_inst/count_upto_8_reg[3]'
INFO: [Synth 8-3886] merging instance 'inst/clock_gen_v1_0_S00_AXI_inst/count_upto_8_1_reg[1]' (FDC_1) to 'inst/clock_gen_v1_0_S00_AXI_inst/count_upto_8_reg[3]'
INFO: [Synth 8-3886] merging instance 'inst/clock_gen_v1_0_S00_AXI_inst/count_upto_8_1_reg[2]' (FDC_1) to 'inst/clock_gen_v1_0_S00_AXI_inst/count_upto_8_reg[31]'
INFO: [Synth 8-3886] merging instance 'inst/clock_gen_v1_0_S00_AXI_inst/count_upto_8_reg[2]' (FDC_1) to 'inst/clock_gen_v1_0_S00_AXI_inst/count_upto_8_reg[31]'
INFO: [Synth 8-3886] merging instance 'inst/clock_gen_v1_0_S00_AXI_inst/count_upto_8_1_reg[3]' (FDC_1) to 'inst/clock_gen_v1_0_S00_AXI_inst/count_upto_8_reg[31]'
INFO: [Synth 8-3886] merging instance 'inst/clock_gen_v1_0_S00_AXI_inst/count_upto_8_reg[3]' (FDC_1) to 'inst/clock_gen_v1_0_S00_AXI_inst/count_upto_7_reg[4]'
INFO: [Synth 8-3886] merging instance 'inst/clock_gen_v1_0_S00_AXI_inst/count_upto_8_1_reg[4]' (FDC_1) to 'inst/clock_gen_v1_0_S00_AXI_inst/count_upto_8_reg[31]'
INFO: [Synth 8-3886] merging instance 'inst/clock_gen_v1_0_S00_AXI_inst/count_upto_8_reg[4]' (FDC_1) to 'inst/clock_gen_v1_0_S00_AXI_inst/count_upto_8_reg[31]'
INFO: [Synth 8-3886] merging instance 'inst/clock_gen_v1_0_S00_AXI_inst/count_upto_8_1_reg[5]' (FDC_1) to 'inst/clock_gen_v1_0_S00_AXI_inst/count_upto_7_reg[4]'
INFO: [Synth 8-3886] merging instance 'inst/clock_gen_v1_0_S00_AXI_inst/count_upto_8_reg[5]' (FDC_1) to 'inst/clock_gen_v1_0_S00_AXI_inst/count_upto_8_reg[31]'
INFO: [Synth 8-3886] merging instance 'inst/clock_gen_v1_0_S00_AXI_inst/count_upto_8_1_reg[6]' (FDC_1) to 'inst/clock_gen_v1_0_S00_AXI_inst/count_upto_8_reg[31]'
INFO: [Synth 8-3886] merging instance 'inst/clock_gen_v1_0_S00_AXI_inst/count_upto_8_reg[6]' (FDC_1) to 'inst/clock_gen_v1_0_S00_AXI_inst/count_upto_8_reg[31]'
INFO: [Synth 8-3886] merging instance 'inst/clock_gen_v1_0_S00_AXI_inst/count_upto_8_1_reg[7]' (FDC_1) to 'inst/clock_gen_v1_0_S00_AXI_inst/count_upto_8_reg[31]'
INFO: [Synth 8-3886] merging instance 'inst/clock_gen_v1_0_S00_AXI_inst/count_upto_8_reg[7]' (FDC_1) to 'inst/clock_gen_v1_0_S00_AXI_inst/count_upto_8_reg[31]'
INFO: [Synth 8-3886] merging instance 'inst/clock_gen_v1_0_S00_AXI_inst/count_upto_8_1_reg[8]' (FDC_1) to 'inst/clock_gen_v1_0_S00_AXI_inst/count_upto_8_reg[31]'
INFO: [Synth 8-3886] merging instance 'inst/clock_gen_v1_0_S00_AXI_inst/count_upto_8_reg[8]' (FDC_1) to 'inst/clock_gen_v1_0_S00_AXI_inst/count_upto_8_reg[31]'
INFO: [Synth 8-3886] merging instance 'inst/clock_gen_v1_0_S00_AXI_inst/count_upto_8_1_reg[9]' (FDC_1) to 'inst/clock_gen_v1_0_S00_AXI_inst/count_upto_8_reg[31]'
INFO: [Synth 8-3886] merging instance 'inst/clock_gen_v1_0_S00_AXI_inst/count_upto_8_reg[9]' (FDC_1) to 'inst/clock_gen_v1_0_S00_AXI_inst/count_upto_8_reg[31]'
INFO: [Synth 8-3886] merging instance 'inst/clock_gen_v1_0_S00_AXI_inst/count_upto_8_1_reg[10]' (FDC_1) to 'inst/clock_gen_v1_0_S00_AXI_inst/count_upto_8_reg[31]'
INFO: [Synth 8-3886] merging instance 'inst/clock_gen_v1_0_S00_AXI_inst/count_upto_8_reg[10]' (FDC_1) to 'inst/clock_gen_v1_0_S00_AXI_inst/count_upto_8_reg[31]'
INFO: [Synth 8-3886] merging instance 'inst/clock_gen_v1_0_S00_AXI_inst/count_upto_8_1_reg[11]' (FDC_1) to 'inst/clock_gen_v1_0_S00_AXI_inst/count_upto_8_reg[31]'
INFO: [Synth 8-3886] merging instance 'inst/clock_gen_v1_0_S00_AXI_inst/count_upto_8_reg[11]' (FDC_1) to 'inst/clock_gen_v1_0_S00_AXI_inst/count_upto_8_reg[31]'
INFO: [Synth 8-3886] merging instance 'inst/clock_gen_v1_0_S00_AXI_inst/count_upto_8_1_reg[12]' (FDC_1) to 'inst/clock_gen_v1_0_S00_AXI_inst/count_upto_8_reg[31]'
INFO: [Synth 8-3886] merging instance 'inst/clock_gen_v1_0_S00_AXI_inst/count_upto_8_reg[12]' (FDC_1) to 'inst/clock_gen_v1_0_S00_AXI_inst/count_upto_8_reg[31]'
INFO: [Synth 8-3886] merging instance 'inst/clock_gen_v1_0_S00_AXI_inst/count_upto_8_1_reg[13]' (FDC_1) to 'inst/clock_gen_v1_0_S00_AXI_inst/count_upto_8_reg[31]'
INFO: [Synth 8-3886] merging instance 'inst/clock_gen_v1_0_S00_AXI_inst/count_upto_8_reg[13]' (FDC_1) to 'inst/clock_gen_v1_0_S00_AXI_inst/count_upto_8_reg[31]'
INFO: [Synth 8-3886] merging instance 'inst/clock_gen_v1_0_S00_AXI_inst/count_upto_8_1_reg[14]' (FDC_1) to 'inst/clock_gen_v1_0_S00_AXI_inst/count_upto_8_reg[31]'
INFO: [Synth 8-3886] merging instance 'inst/clock_gen_v1_0_S00_AXI_inst/count_upto_8_reg[14]' (FDC_1) to 'inst/clock_gen_v1_0_S00_AXI_inst/count_upto_8_reg[31]'
INFO: [Synth 8-3886] merging instance 'inst/clock_gen_v1_0_S00_AXI_inst/count_upto_8_1_reg[15]' (FDC_1) to 'inst/clock_gen_v1_0_S00_AXI_inst/count_upto_8_reg[31]'
INFO: [Synth 8-3886] merging instance 'inst/clock_gen_v1_0_S00_AXI_inst/count_upto_8_reg[15]' (FDC_1) to 'inst/clock_gen_v1_0_S00_AXI_inst/count_upto_8_reg[31]'
INFO: [Synth 8-3886] merging instance 'inst/clock_gen_v1_0_S00_AXI_inst/count_upto_8_1_reg[16]' (FDC_1) to 'inst/clock_gen_v1_0_S00_AXI_inst/count_upto_8_reg[31]'
INFO: [Synth 8-3886] merging instance 'inst/clock_gen_v1_0_S00_AXI_inst/count_upto_8_reg[16]' (FDC_1) to 'inst/clock_gen_v1_0_S00_AXI_inst/count_upto_8_reg[31]'
INFO: [Common 17-14] Message 'Synth 8-3886' appears 100 times and further instances of the messages will be disabled. Use the Tcl command set_msg_config to change the current settings.
INFO: [Synth 8-3333] propagating constant 0 across sequential element (\inst/clock_gen_v1_0_S00_AXI_inst /\count_all_half_reg[3] )
INFO: [Synth 8-3333] propagating constant 1 across sequential element (\inst/clock_gen_v1_0_S00_AXI_inst /\count_all_half_reg[5] )
INFO: [Synth 8-3333] propagating constant 0 across sequential element (\inst/clock_gen_v1_0_S00_AXI_inst /\count_all_half_reg[31] )
INFO: [Synth 8-3333] propagating constant 0 across sequential element (\inst/clock_gen_v1_0_S00_AXI_inst /\axi_rresp_reg[1] )
INFO: [Synth 8-3333] propagating constant 0 across sequential element (\inst/clock_gen_v1_0_S00_AXI_inst /\axi_bresp_reg[1] )
INFO: [Synth 8-3333] propagating constant 0 across sequential element (\inst/clock_gen_v1_0_S00_AXI_inst /\led_reg[7] )
WARNING: [Synth 8-3332] Sequential element (count_all_half_reg[31]) is unused and will be removed from module clock_gen_v1_0_S00_AXI.
WARNING: [Synth 8-3332] Sequential element (count_all_half_reg[5]) is unused and will be removed from module clock_gen_v1_0_S00_AXI.
WARNING: [Synth 8-3332] Sequential element (count_all_half_reg[3]) is unused and will be removed from module clock_gen_v1_0_S00_AXI.
WARNING: [Synth 8-3332] Sequential element (axi_bresp_reg[1]) is unused and will be removed from module clock_gen_v1_0_S00_AXI.
WARNING: [Synth 8-3332] Sequential element (axi_araddr_reg[1]) is unused and will be removed from module clock_gen_v1_0_S00_AXI.
WARNING: [Synth 8-3332] Sequential element (axi_araddr_reg[0]) is unused and will be removed from module clock_gen_v1_0_S00_AXI.
WARNING: [Synth 8-3332] Sequential element (axi_awaddr_reg[1]) is unused and will be removed from module clock_gen_v1_0_S00_AXI.
WARNING: [Synth 8-3332] Sequential element (axi_awaddr_reg[0]) is unused and will be removed from module clock_gen_v1_0_S00_AXI.
WARNING: [Synth 8-3332] Sequential element (axi_rresp_reg[1]) is unused and will be removed from module clock_gen_v1_0_S00_AXI.
WARNING: [Synth 8-3332] Sequential element (led_reg[7]) is unused and will be removed from module clock_gen_v1_0_S00_AXI.
---------------------------------------------------------------------------------
Finished Cross Boundary and Area Optimization : Time (s): cpu = 00:00:23 ; elapsed = 00:00:23 . Memory (MB): peak = 862.266 ; gain = 530.512
---------------------------------------------------------------------------------

Report RTL Partitions: 
+-+--------------+------------+----------+
| |RTL Partition |Replication |Instances |
+-+--------------+------------+----------+
+-+--------------+------------+----------+
---------------------------------------------------------------------------------
Start Applying XDC Timing Constraints
---------------------------------------------------------------------------------
---------------------------------------------------------------------------------
Finished Applying XDC Timing Constraints : Time (s): cpu = 00:00:33 ; elapsed = 00:00:34 . Memory (MB): peak = 865.930 ; gain = 534.176
---------------------------------------------------------------------------------
---------------------------------------------------------------------------------
Start Timing Optimization
---------------------------------------------------------------------------------
---------------------------------------------------------------------------------
Finished Timing Optimization : Time (s): cpu = 00:00:33 ; elapsed = 00:00:34 . Memory (MB): peak = 866.602 ; gain = 534.848
---------------------------------------------------------------------------------

Report RTL Partitions: 
+-+--------------+------------+----------+
| |RTL Partition |Replication |Instances |
+-+--------------+------------+----------+
+-+--------------+------------+----------+
---------------------------------------------------------------------------------
Start Technology Mapping
---------------------------------------------------------------------------------
---------------------------------------------------------------------------------
Finished Technology Mapping : Time (s): cpu = 00:00:33 ; elapsed = 00:00:34 . Memory (MB): peak = 891.039 ; gain = 559.285
---------------------------------------------------------------------------------

Report RTL Partitions: 
+-+--------------+------------+----------+
| |RTL Partition |Replication |Instances |
+-+--------------+------------+----------+
+-+--------------+------------+----------+
---------------------------------------------------------------------------------
Start IO Insertion
---------------------------------------------------------------------------------
---------------------------------------------------------------------------------
Start Flattening Before IO Insertion
---------------------------------------------------------------------------------
---------------------------------------------------------------------------------
Finished Flattening Before IO Insertion
---------------------------------------------------------------------------------
---------------------------------------------------------------------------------
Start Final Netlist Cleanup
---------------------------------------------------------------------------------
---------------------------------------------------------------------------------
Finished Final Netlist Cleanup
---------------------------------------------------------------------------------
---------------------------------------------------------------------------------
Finished IO Insertion : Time (s): cpu = 00:00:34 ; elapsed = 00:00:35 . Memory (MB): peak = 891.039 ; gain = 559.285
---------------------------------------------------------------------------------

Report Check Netlist: 
+------+------------------+-------+---------+-------+------------------+
|      |Item              |Errors |Warnings |Status |Description       |
+------+------------------+-------+---------+-------+------------------+
|1     |multi_driven_nets |      0|        0|Passed |Multi driven nets |
+------+------------------+-------+---------+-------+------------------+
---------------------------------------------------------------------------------
Start Renaming Generated Instances
---------------------------------------------------------------------------------
---------------------------------------------------------------------------------
Finished Renaming Generated Instances : Time (s): cpu = 00:00:34 ; elapsed = 00:00:35 . Memory (MB): peak = 891.039 ; gain = 559.285
---------------------------------------------------------------------------------

Report RTL Partitions: 
+-+--------------+------------+----------+
| |RTL Partition |Replication |Instances |
+-+--------------+------------+----------+
+-+--------------+------------+----------+
---------------------------------------------------------------------------------
Start Rebuilding User Hierarchy
---------------------------------------------------------------------------------
---------------------------------------------------------------------------------
Finished Rebuilding User Hierarchy : Time (s): cpu = 00:00:34 ; elapsed = 00:00:35 . Memory (MB): peak = 891.039 ; gain = 559.285
---------------------------------------------------------------------------------
---------------------------------------------------------------------------------
Start Renaming Generated Ports
---------------------------------------------------------------------------------
---------------------------------------------------------------------------------
Finished Renaming Generated Ports : Time (s): cpu = 00:00:34 ; elapsed = 00:00:35 . Memory (MB): peak = 891.039 ; gain = 559.285
---------------------------------------------------------------------------------
---------------------------------------------------------------------------------
Start Handling Custom Attributes
---------------------------------------------------------------------------------
---------------------------------------------------------------------------------
Finished Handling Custom Attributes : Time (s): cpu = 00:00:34 ; elapsed = 00:00:35 . Memory (MB): peak = 891.039 ; gain = 559.285
---------------------------------------------------------------------------------
---------------------------------------------------------------------------------
Start Renaming Generated Nets
---------------------------------------------------------------------------------
---------------------------------------------------------------------------------
Finished Renaming Generated Nets : Time (s): cpu = 00:00:34 ; elapsed = 00:00:35 . Memory (MB): peak = 891.039 ; gain = 559.285
---------------------------------------------------------------------------------
---------------------------------------------------------------------------------
Start Writing Synthesis Report
---------------------------------------------------------------------------------

Report BlackBoxes: 
+-+--------------+----------+
| |BlackBox name |Instances |
+-+--------------+----------+
+-+--------------+----------+

Report Cell Usage: 
+------+-------+------+
|      |Cell   |Count |
+------+-------+------+
|1     |CARRY4 |   179|
|2     |LUT1   |     4|
|3     |LUT2   |   378|
|4     |LUT3   |   680|
|5     |LUT4   |    26|
|6     |LUT6   |    96|
|7     |FDCE   |   347|
|8     |FDPE   |    10|
|9     |FDRE   |   178|
|10    |FDSE   |     1|
+------+-------+------+

Report Instance Areas: 
+------+--------------------------------+-----------------------+------+
|      |Instance                        |Module                 |Cells |
+------+--------------------------------+-----------------------+------+
|1     |top                             |                       |  1899|
|2     |  inst                          |clock_gen_v1_0         |  1898|
|3     |    clock_gen_v1_0_S00_AXI_inst |clock_gen_v1_0_S00_AXI |  1893|
+------+--------------------------------+-----------------------+------+
---------------------------------------------------------------------------------
Finished Writing Synthesis Report : Time (s): cpu = 00:00:34 ; elapsed = 00:00:35 . Memory (MB): peak = 891.039 ; gain = 559.285
---------------------------------------------------------------------------------
Synthesis finished with 0 errors, 0 critical warnings and 49 warnings.
Synthesis Optimization Runtime : Time (s): cpu = 00:00:20 ; elapsed = 00:00:28 . Memory (MB): peak = 891.039 ; gain = 182.078
Synthesis Optimization Complete : Time (s): cpu = 00:00:34 ; elapsed = 00:00:35 . Memory (MB): peak = 891.039 ; gain = 559.285
INFO: [Project 1-571] Translating synthesized netlist
INFO: [Netlist 29-17] Analyzing 179 Unisim elements for replacement
INFO: [Netlist 29-28] Unisim Transformation completed in 0 CPU seconds
WARNING: [Netlist 29-101] Netlist 'design_1_clock_gen_0_0' is not ideal for floorplanning, since the cellview 'clock_gen_v1_0_S00_AXI' contains a large number of primitives.  Please consider enabling hierarchy in synthesis if you want to do floorplanning.
INFO: [Project 1-570] Preparing netlist for logic optimization
INFO: [Opt 31-138] Pushed 0 inverter(s) to 0 load pin(s).
INFO: [Project 1-111] Unisim Transformation Summary:
No Unisim elements were transformed.

INFO: [Common 17-83] Releasing license: Synthesis
132 Infos, 62 Warnings, 0 Critical Warnings and 0 Errors encountered.
synth_design completed successfully
synth_design: Time (s): cpu = 00:00:37 ; elapsed = 00:00:38 . Memory (MB): peak = 892.105 ; gain = 571.824
INFO: [Common 17-1381] The checkpoint 'D:/AlienWare/Course/ECE532/MileStone2/MicroBlazeServer_UDP/MicroBlazeServer.runs/design_1_clock_gen_0_0_synth_1/design_1_clock_gen_0_0.dcp' has been generated.
