#-----------------------------------------------------------
# Vivado v2017.4 (64-bit)
# SW Build 2086221 on Fri Dec 15 20:55:39 MST 2017
# IP Build 2085800 on Fri Dec 15 22:25:07 MST 2017
# Start of session at: Sat Mar 24 14:21:01 2018
# Process ID: 13084
# Current directory: D:/AlienWare/Course/ECE532/MileStone7/IPs/UDP_V2/ip_repo
# Command line: vivado.exe -gui_launcher_event rodinguilauncherevent16564 D:\AlienWare\Course\ECE532\MileStone7\IPs\UDP_V2\ip_repo\edit_UDP_v2.xpr
# Log file: D:/AlienWare/Course/ECE532/MileStone7/IPs/UDP_V2/ip_repo/vivado.log
# Journal file: D:/AlienWare/Course/ECE532/MileStone7/IPs/UDP_V2/ip_repo\vivado.jou
#-----------------------------------------------------------
start_gui
open_project D:/AlienWare/Course/ECE532/MileStone7/IPs/UDP_V2/ip_repo/edit_UDP_v2.xpr
INFO: [Project 1-313] Project file moved from 'D:/AlienWare/Course/ECE532/Sources/UDP_V2/ip_repo' since last save.
Scanning sources...
Finished scanning sources
INFO: [IP_Flow 19-234] Refreshing IP repositories
INFO: [IP_Flow 19-1700] Loaded user IP repository 'd:/AlienWare/Course/ECE532/MileStone7/IPs/UDP_V2/ip_repo/UDP_2'.
INFO: [IP_Flow 19-2313] Loaded Vivado IP repository 'C:/Xilinx/Vivado/2017.4/data/ip'.
open_project: Time (s): cpu = 00:00:11 ; elapsed = 00:00:06 . Memory (MB): peak = 843.246 ; gain = 108.352
update_compile_order -fileset sources_1
exit
INFO: [Common 17-206] Exiting Vivado at Sat Mar 24 18:15:09 2018...
