#-----------------------------------------------------------
# Vivado v2017.4 (64-bit)
# SW Build 2086221 on Fri Dec 15 20:55:39 MST 2017
# IP Build 2085800 on Fri Dec 15 22:25:07 MST 2017
# Start of session at: Sun Feb 25 16:56:52 2018
# Process ID: 20420
# Current directory: D:/AlienWare/Course/ECE532/Sources/UDP_V2/ip_repo
# Command line: vivado.exe -gui_launcher_event rodinguilauncherevent11108 D:\AlienWare\Course\ECE532\Sources\UDP_V2\ip_repo\edit_UDP_v2.xpr
# Log file: D:/AlienWare/Course/ECE532/Sources/UDP_V2/ip_repo/vivado.log
# Journal file: D:/AlienWare/Course/ECE532/Sources/UDP_V2/ip_repo\vivado.jou
#-----------------------------------------------------------
start_gui
open_project D:/AlienWare/Course/ECE532/Sources/UDP_V2/ip_repo/edit_UDP_v2.xpr
Scanning sources...
Finished scanning sources
INFO: [IP_Flow 19-234] Refreshing IP repositories
INFO: [IP_Flow 19-1700] Loaded user IP repository 'd:/AlienWare/Course/ECE532/Sources/UDP_V2/ip_repo/UDP_2'.
INFO: [IP_Flow 19-2313] Loaded Vivado IP repository 'C:/Xilinx/Vivado/2017.4/data/ip'.
open_project: Time (s): cpu = 00:00:13 ; elapsed = 00:00:07 . Memory (MB): peak = 832.465 ; gain = 106.402
update_compile_order -fileset sources_1
exit
INFO: [Common 17-206] Exiting Vivado at Sun Feb 25 16:58:11 2018...
